key trace size: 120000000
Randomize the trace...------------------------------------------------
HashType:              CCEH buflog
Init Capacity:         16777216
Entries:               120000000
Trace size:            120000000
Read:                  120000000 
Write:                 1000000 
Thread:                6 
Report interval:       0 s
Stats interval:        10000000 records
benchmarks:            load,readall
------------------------------------------------
[32mStart IPMWatcher for load
[0m2021/09/10-17:48:30  ... thread 3: (10000000,10000000) ops and ( 1178189.5,1178189.5 ) ops/second in (8.4876,8.4876) seconds
2021/09/10-17:48:30  ... thread 4: (10000000,10000000) ops and ( 1176807.2,1176807.2 ) ops/second in (8.4976,8.4976) seconds
2021/09/10-17:48:30  ... thread 5: (10000000,10000000) ops and ( 1157146.4,1157146.4 ) ops/second in (8.6419,8.6419) seconds
2021/09/10-17:48:30  ... thread 1: (10000000,10000000) ops and ( 1154861.9,1154861.9 ) ops/second in (8.6590,8.6590) seconds
2021/09/10-17:48:30  ... thread 2: (10000000,10000000) ops and ( 1154844.7,1154844.7 ) ops/second in (8.6592,8.6592) seconds
2021/09/10-17:48:30  ... thread 0: (10000000,10000000) ops and ( 1151060.3,1151060.3 ) ops/second in (8.6876,8.6876) seconds
2021/09/10-17:48:40  ... thread 3: (10000000,20000000) ops and ( 948042.8,1050660.4 ) ops/second in (10.5480,19.0356) seconds
2021/09/10-17:48:40  ... thread 4: (10000000,20000000) ops and ( 948792.8,1050570.4 ) ops/second in (10.5397,19.0373) seconds
2021/09/10-17:48:40  ... thread 2: (10000000,20000000) ops and ( 946684.8,1040455.5 ) ops/second in (10.5632,19.2224) seconds
2021/09/10-17:48:41  ... thread 1: (10000000,20000000) ops and ( 943534.1,1038556.7 ) ops/second in (10.5985,19.2575) seconds
2021/09/10-17:48:41  ... thread 0: (10000000,20000000) ops and ( 944151.5,1037389.5 ) ops/second in (10.5915,19.2792) seconds
2021/09/10-17:48:41  ... thread 5: (10000000,20000000) ops and ( 939036.3,1036744.0 ) ops/second in (10.6492,19.2912) seconds
Average Load Factor : 0.71 
# of key left : 15294531 
load         :       0.161 micros/op 5.932289 Mops/s;
120000000 operations, 19.29 real_elapsed 
DIMM0 | Read from IMC | Write from IMC |  Read DIMM  |  Write DIMM  |   RA   |   WA   |
  MB  |      14463.72 |       10274.52 |    38735.52 |     10727.68 |   2.68 |   1.04 |
DIMM1 | Read from IMC | Write from IMC |  Read DIMM  |  Write DIMM  |   RA   |   WA   |
  MB  |       4433.59 |       10125.37 |     6322.95 |     10455.37 |   1.43 |   1.03 |
*SUM* | DIMM-R:  1993.1 MB/s. User-R:   835.9 MB/s   | DIMM-W:   937.0 MB/s, User-W:   902.4 MB/s. Time:  22.61s
[32mDestroy IPMWatcher.
[0m
Randomize the trace...[32mStart IPMWatcher for readall
[0m2021/09/10-17:49:03  ... thread 1: (10000000,10000000) ops and ( 728559.1,728559.1 ) ops/second in (13.7257,13.7257) seconds
2021/09/10-17:49:03  ... thread 0: (10000000,10000000) ops and ( 727970.4,727970.4 ) ops/second in (13.7368,13.7368) seconds
2021/09/10-17:49:03  ... thread 2: (10000000,10000000) ops and ( 727213.9,727213.9 ) ops/second in (13.7511,13.7511) seconds
2021/09/10-17:49:04  ... thread 5: (10000000,10000000) ops and ( 724738.1,724738.1 ) ops/second in (13.7981,13.7981) seconds
2021/09/10-17:49:04  ... thread 3: (10000000,10000000) ops and ( 723922.3,723922.3 ) ops/second in (13.8136,13.8136) seconds
2021/09/10-17:49:04  ... thread 4: (10000000,10000000) ops and ( 723773.9,723773.9 ) ops/second in (13.8165,13.8165) seconds
2021/09/10-17:49:17  ... thread 0: (10000000,20000000) ops and ( 724701.9,726332.4 ) ops/second in (13.7988,27.5356) seconds
2021/09/10-17:49:17  ... thread 1: (10000000,20000000) ops and ( 723571.1,726056.5 ) ops/second in (13.8203,27.5461) seconds
2021/09/10-17:49:17  ... thread 2: (10000000,20000000) ops and ( 724201.3,725704.5 ) ops/second in (13.8083,27.5594) seconds
2021/09/10-17:49:17  ... thread 5: (10000000,20000000) ops and ( 722563.5,723649.1 ) ops/second in (13.8396,27.6377) seconds
2021/09/10-17:49:17  ... thread 3: (10000000,20000000) ops and ( 722771.9,723346.6 ) ops/second in (13.8356,27.6493) seconds
2021/09/10-17:49:17  ... thread 4: (10000000,20000000) ops and ( 721837.2,722804.2 ) ops/second in (13.8535,27.6700) seconds
readall      :       0.231 micros/op 4.135913 Mops/s; (num: 20000000, not find: 0)
120000000 operations, 27.67 real_elapsed 
DIMM0 | Read from IMC | Write from IMC |  Read DIMM  |  Write DIMM  |   RA   |   WA   |
  MB  |      23925.11 |        6080.02 |    58037.55 |     24669.77 |   2.43 |   4.06 |
DIMM1 | Read from IMC | Write from IMC |  Read DIMM  |  Write DIMM  |   RA   |   WA   |
  MB  |      14704.22 |           0.01 |    25166.25 |        27.88 |   1.71 | 2909.48 |
*SUM* | DIMM-R:  2983.9 MB/s. User-R:  1385.4 MB/s   | DIMM-W:   885.7 MB/s, User-W:   218.0 MB/s. Time:  27.88s
[32mDestroy IPMWatcher.
[0m
