key trace size: 120000000
Randomize the trace...------------------------------------------------
HashType:              CCEH buflog
Init Capacity:         16777216
Entries:               120000000
Trace size:            120000000
Read:                  120000000 
Write:                 1000000 
Thread:                4 
Report interval:       0 s
Stats interval:        10000000 records
benchmarks:            load,readall
------------------------------------------------
[32mStart IPMWatcher for load
[0m2021/09/10-17:45:59  ... thread 3: (10000000,10000000) ops and ( 1392228.3,1392228.3 ) ops/second in (7.1827,7.1827) seconds
2021/09/10-17:45:59  ... thread 0: (10000000,10000000) ops and ( 1389985.8,1389985.8 ) ops/second in (7.1943,7.1943) seconds
2021/09/10-17:45:59  ... thread 2: (10000000,10000000) ops and ( 1387604.8,1387604.8 ) ops/second in (7.2067,7.2067) seconds
2021/09/10-17:45:59  ... thread 1: (10000000,10000000) ops and ( 1383472.8,1383472.8 ) ops/second in (7.2282,7.2282) seconds
2021/09/10-17:46:08  ... thread 3: (10000000,20000000) ops and ( 1087180.0,1220938.7 ) ops/second in (9.1981,16.3808) seconds
2021/09/10-17:46:08  ... thread 0: (10000000,20000000) ops and ( 1087298.5,1220150.2 ) ops/second in (9.1971,16.3914) seconds
2021/09/10-17:46:08  ... thread 2: (10000000,20000000) ops and ( 1085729.3,1218244.8 ) ops/second in (9.2104,16.4171) seconds
2021/09/10-17:46:08  ... thread 1: (10000000,20000000) ops and ( 1081075.6,1213722.3 ) ops/second in (9.2500,16.4782) seconds
2021/09/10-17:46:18  ... thread 0: (10000000,30000000) ops and ( 987175.9,1131164.9 ) ops/second in (10.1299,26.5213) seconds
2021/09/10-17:46:18  ... thread 3: (10000000,30000000) ops and ( 982096.0,1129384.4 ) ops/second in (10.1823,26.5631) seconds
2021/09/10-17:46:18  ... thread 2: (10000000,30000000) ops and ( 975737.7,1125040.0 ) ops/second in (10.2487,26.6657) seconds
2021/09/10-17:46:18  ... thread 1: (10000000,30000000) ops and ( 961962.6,1116335.2 ) ops/second in (10.3954,26.8736) seconds
Average Load Factor : 0.71 
# of key left : 15305488 
load         :       0.224 micros/op 4.258476 Mops/s;
120000000 operations, 26.87 real_elapsed 
DIMM0 | Read from IMC | Write from IMC |  Read DIMM  |  Write DIMM  |   RA   |   WA   |
  MB  |      14693.39 |       10271.60 |    39422.46 |     10686.94 |   2.68 |   1.04 |
DIMM1 | Read from IMC | Write from IMC |  Read DIMM  |  Write DIMM  |   RA   |   WA   |
  MB  |       4481.40 |       10125.48 |     6529.73 |     10460.20 |   1.46 |   1.03 |
*SUM* | DIMM-R:  1527.8 MB/s. User-R:   637.5 MB/s   | DIMM-W:   703.1 MB/s, User-W:   678.2 MB/s. Time:  30.08s
[32mDestroy IPMWatcher.
[0m
Randomize the trace...[32mStart IPMWatcher for readall
[0m2021/09/10-17:46:40  ... thread 3: (10000000,10000000) ops and ( 822830.9,822830.9 ) ops/second in (12.1532,12.1532) seconds
2021/09/10-17:46:40  ... thread 0: (10000000,10000000) ops and ( 822801.1,822801.1 ) ops/second in (12.1536,12.1536) seconds
2021/09/10-17:46:40  ... thread 2: (10000000,10000000) ops and ( 822665.5,822665.5 ) ops/second in (12.1556,12.1556) seconds
2021/09/10-17:46:40  ... thread 1: (10000000,10000000) ops and ( 821154.9,821154.9 ) ops/second in (12.1780,12.1780) seconds
2021/09/10-17:46:52  ... thread 2: (10000000,20000000) ops and ( 821287.4,821975.9 ) ops/second in (12.1760,24.3316) seconds
2021/09/10-17:46:52  ... thread 3: (10000000,20000000) ops and ( 821074.6,821951.8 ) ops/second in (12.1792,24.3323) seconds
2021/09/10-17:46:52  ... thread 0: (10000000,20000000) ops and ( 818281.4,820535.0 ) ops/second in (12.2207,24.3743) seconds
2021/09/10-17:46:52  ... thread 1: (10000000,20000000) ops and ( 819428.9,820290.9 ) ops/second in (12.2036,24.3816) seconds
2021/09/10-17:47:04  ... thread 2: (10000000,30000000) ops and ( 820237.9,821395.7 ) ops/second in (12.1916,36.5232) seconds
2021/09/10-17:47:04  ... thread 3: (10000000,30000000) ops and ( 819115.4,821004.2 ) ops/second in (12.2083,36.5406) seconds
2021/09/10-17:47:04  ... thread 1: (10000000,30000000) ops and ( 818366.2,819648.4 ) ops/second in (12.2195,36.6011) seconds
2021/09/10-17:47:04  ... thread 0: (10000000,30000000) ops and ( 817724.7,819596.1 ) ops/second in (12.2291,36.6034) seconds
readall      :       0.305 micros/op 3.126509 Mops/s; (num: 30000000, not find: 0)
120000000 operations, 36.60 real_elapsed 
DIMM0 | Read from IMC | Write from IMC |  Read DIMM  |  Write DIMM  |   RA   |   WA   |
  MB  |      23970.31 |        6109.24 |    58347.01 |     24915.88 |   2.43 |   4.08 |
DIMM1 | Read from IMC | Write from IMC |  Read DIMM  |  Write DIMM  |   RA   |   WA   |
  MB  |      14751.21 |           0.01 |    25308.47 |        34.51 |   1.72 | 2501.72 |
*SUM* | DIMM-R:  2272.9 MB/s. User-R:  1052.0 MB/s   | DIMM-W:   677.9 MB/s, User-W:   166.0 MB/s. Time:  36.81s
[32mDestroy IPMWatcher.
[0m
