key trace size: 120000000
Randomize the trace...------------------------------------------------
HashType:              CCEH buflog
Init Capacity:         16777216
Entries:               120000000
Trace size:            120000000
Read:                  120000000 
Write:                 1000000 
Thread:                2 
Report interval:       0 s
Stats interval:        10000000 records
benchmarks:            load,readall
------------------------------------------------
[32mStart IPMWatcher for load
[0m2021/09/10-17:42:09  ... thread 0: (10000000,10000000) ops and ( 1738286.7,1738286.7 ) ops/second in (5.7528,5.7528) seconds
2021/09/10-17:42:09  ... thread 1: (10000000,10000000) ops and ( 1725184.9,1725184.9 ) ops/second in (5.7965,5.7965) seconds
2021/09/10-17:42:17  ... thread 0: (10000000,20000000) ops and ( 1311921.4,1495304.9 ) ops/second in (7.6224,13.3752) seconds
2021/09/10-17:42:17  ... thread 1: (10000000,20000000) ops and ( 1300016.3,1482723.6 ) ops/second in (7.6922,13.4887) seconds
2021/09/10-17:42:25  ... thread 0: (10000000,30000000) ops and ( 1171111.4,1368981.9 ) ops/second in (8.5389,21.9141) seconds
2021/09/10-17:42:26  ... thread 1: (10000000,30000000) ops and ( 1127745.6,1341925.3 ) ops/second in (8.8672,22.3559) seconds
2021/09/10-17:42:34  ... thread 0: (10000000,40000000) ops and ( 1146261.7,1305563.7 ) ops/second in (8.7240,30.6381) seconds
2021/09/10-17:42:34  ... thread 1: (10000000,40000000) ops and ( 1173052.9,1295307.3 ) ops/second in (8.5248,30.8807) seconds
2021/09/10-17:42:43  ... thread 0: (10000000,50000000) ops and ( 1085945.5,1254809.9 ) ops/second in (9.2086,39.8467) seconds
2021/09/10-17:42:44  ... thread 1: (10000000,50000000) ops and ( 1075423.2,1244419.7 ) ops/second in (9.2987,40.1794) seconds
2021/09/10-17:42:53  ... thread 0: (10000000,60000000) ops and ( 1003176.3,1204456.2 ) ops/second in (9.9683,49.8150) seconds
2021/09/10-17:42:54  ... thread 1: (10000000,60000000) ops and ( 950726.6,1183487.0 ) ops/second in (10.5183,50.6976) seconds
Average Load Factor : 0.71 
# of key left : 15263238 
load         :       0.422 micros/op 2.257321 Mops/s;
120000000 operations, 50.70 real_elapsed 
DIMM0 | Read from IMC | Write from IMC |  Read DIMM  |  Write DIMM  |   RA   |   WA   |
  MB  |      14857.65 |       10271.42 |    40359.43 |     10668.47 |   2.72 |   1.04 |
DIMM1 | Read from IMC | Write from IMC |  Read DIMM  |  Write DIMM  |   RA   |   WA   |
  MB  |       4686.10 |       10127.36 |     7332.89 |     10469.15 |   1.56 |   1.03 |
*SUM* | DIMM-R:   884.1 MB/s. User-R:   362.3 MB/s   | DIMM-W:   391.9 MB/s, User-W:   378.2 MB/s. Time:  53.94s
[32mDestroy IPMWatcher.
[0m
Randomize the trace...[32mStart IPMWatcher for readall
[0m2021/09/10-17:43:14  ... thread 0: (10000000,10000000) ops and ( 920412.7,920412.7 ) ops/second in (10.8647,10.8647) seconds
2021/09/10-17:43:14  ... thread 1: (10000000,10000000) ops and ( 916205.8,916205.8 ) ops/second in (10.9146,10.9146) seconds
2021/09/10-17:43:25  ... thread 0: (10000000,20000000) ops and ( 911569.1,915969.5 ) ops/second in (10.9701,21.8348) seconds
2021/09/10-17:43:25  ... thread 1: (10000000,20000000) ops and ( 907433.0,911798.3 ) ops/second in (11.0201,21.9347) seconds
2021/09/10-17:43:36  ... thread 0: (10000000,30000000) ops and ( 926100.9,919321.9 ) ops/second in (10.7980,32.6327) seconds
2021/09/10-17:43:36  ... thread 1: (10000000,30000000) ops and ( 922296.1,915270.9 ) ops/second in (10.8425,32.7772) seconds
2021/09/10-17:43:47  ... thread 0: (10000000,40000000) ops and ( 908920.4,916699.3 ) ops/second in (11.0021,43.6348) seconds
2021/09/10-17:43:47  ... thread 1: (10000000,40000000) ops and ( 903602.2,912325.6 ) ops/second in (11.0668,43.8440) seconds
2021/09/10-17:43:58  ... thread 0: (10000000,50000000) ops and ( 911137.7,915581.5 ) ops/second in (10.9753,54.6101) seconds
2021/09/10-17:43:58  ... thread 1: (10000000,50000000) ops and ( 908070.0,911471.3 ) ops/second in (11.0124,54.8564) seconds
2021/09/10-17:44:08  ... thread 0: (10000000,60000000) ops and ( 927502.9,917547.1 ) ops/second in (10.7816,65.3917) seconds
2021/09/10-17:44:09  ... thread 1: (10000000,60000000) ops and ( 926626.7,913962.7 ) ops/second in (10.7918,65.6482) seconds
readall      :       0.547 micros/op 1.743244 Mops/s; (num: 60000000, not find: 0)
120000000 operations, 65.65 real_elapsed 
DIMM0 | Read from IMC | Write from IMC |  Read DIMM  |  Write DIMM  |   RA   |   WA   |
  MB  |      24409.24 |        6166.29 |    59787.14 |     24938.05 |   2.45 |   4.04 |
DIMM1 | Read from IMC | Write from IMC |  Read DIMM  |  Write DIMM  |   RA   |   WA   |
  MB  |      15183.12 |           0.01 |    26932.85 |        57.17 |   1.77 | 5928.78 |
*SUM* | DIMM-R:  1316.6 MB/s. User-R:   601.1 MB/s   | DIMM-W:   379.5 MB/s, User-W:    93.6 MB/s. Time:  65.87s
[32mDestroy IPMWatcher.
[0m
