key trace size: 120000000
Randomize the trace...------------------------------------------------
HashType:              CCEH buflog
Init Capacity:         16777216
Entries:               120000000
Trace size:            120000000
Read:                  120000000 
Write:                 1000000 
Thread:                9 
Report interval:       0 s
Stats interval:        10000000 records
benchmarks:            load,readall
------------------------------------------------
[32mStart IPMWatcher for load
[0m2021/09/10-17:51:30  ... thread 7: (10000000,10000000) ops and ( 1002286.0,1002286.0 ) ops/second in (9.9772,9.9772) seconds
2021/09/10-17:51:30  ... thread 3: (10000000,10000000) ops and ( 994531.2,994531.2 ) ops/second in (10.0550,10.0550) seconds
2021/09/10-17:51:30  ... thread 5: (10000000,10000000) ops and ( 990875.0,990875.0 ) ops/second in (10.0921,10.0921) seconds
2021/09/10-17:51:30  ... thread 1: (10000000,10000000) ops and ( 977824.6,977824.6 ) ops/second in (10.2268,10.2268) seconds
2021/09/10-17:51:30  ... thread 4: (10000000,10000000) ops and ( 974073.4,974073.4 ) ops/second in (10.2662,10.2662) seconds
2021/09/10-17:51:30  ... thread 0: (10000000,10000000) ops and ( 964178.2,964178.2 ) ops/second in (10.3715,10.3715) seconds
2021/09/10-17:51:30  ... thread 6: (10000000,10000000) ops and ( 956470.1,956470.1 ) ops/second in (10.4551,10.4551) seconds
2021/09/10-17:51:31  ... thread 8: (10000000,10000000) ops and ( 929139.5,929139.5 ) ops/second in (10.7626,10.7626) seconds
2021/09/10-17:51:31  ... thread 2: (10000000,10000000) ops and ( 914695.4,914695.4 ) ops/second in (10.9326,10.9326) seconds
Average Load Factor : 0.71 
# of key left : 15372912 
load         :       0.126 micros/op 7.572316 Mops/s;
119999997 operations, 15.11 real_elapsed 
DIMM0 | Read from IMC | Write from IMC |  Read DIMM  |  Write DIMM  |   RA   |   WA   |
  MB  |      14072.92 |       10283.09 |    37845.20 |     10784.32 |   2.69 |   1.05 |
DIMM1 | Read from IMC | Write from IMC |  Read DIMM  |  Write DIMM  |   RA   |   WA   |
  MB  |       4469.56 |       10125.78 |     6432.68 |     10452.52 |   1.44 |   1.03 |
*SUM* | DIMM-R:  2417.3 MB/s. User-R:  1012.3 MB/s   | DIMM-W:  1159.4 MB/s, User-W:  1114.2 MB/s. Time:  18.32s
[32mDestroy IPMWatcher.
[0m
Randomize the trace...[32mStart IPMWatcher for readall
[0m2021/09/10-17:52:01  ... thread 4: (10000000,10000000) ops and ( 601638.9,601638.9 ) ops/second in (16.6213,16.6213) seconds
2021/09/10-17:52:01  ... thread 3: (10000000,10000000) ops and ( 601214.1,601214.1 ) ops/second in (16.6330,16.6330) seconds
2021/09/10-17:52:01  ... thread 7: (10000000,10000000) ops and ( 600903.3,600903.3 ) ops/second in (16.6416,16.6416) seconds
2021/09/10-17:52:01  ... thread 1: (10000000,10000000) ops and ( 600215.4,600215.4 ) ops/second in (16.6607,16.6607) seconds
2021/09/10-17:52:01  ... thread 2: (10000000,10000000) ops and ( 599798.6,599798.6 ) ops/second in (16.6723,16.6723) seconds
2021/09/10-17:52:01  ... thread 0: (10000000,10000000) ops and ( 599316.2,599316.2 ) ops/second in (16.6857,16.6857) seconds
2021/09/10-17:52:01  ... thread 6: (10000000,10000000) ops and ( 598994.8,598994.8 ) ops/second in (16.6946,16.6946) seconds
2021/09/10-17:52:03  ... thread 8: (10000000,10000000) ops and ( 537301.0,537301.0 ) ops/second in (18.6115,18.6115) seconds
2021/09/10-17:52:03  ... thread 5: (10000000,10000000) ops and ( 537037.1,537037.1 ) ops/second in (18.6207,18.6207) seconds
thread  3 num: 13333333, not find: 1
thread  1 num: 13333333, not find: 1
thread  5 num: 13333333, not find: 1
readall      :       0.198 micros/op 4.815127 Mops/s; (num: 13333333, not find: 0)
119999997 operations, 23.77 real_elapsed 
DIMM0 | Read from IMC | Write from IMC |  Read DIMM  |  Write DIMM  |   RA   |   WA   |
  MB  |      23343.09 |        6053.53 |    57805.34 |     24476.11 |   2.48 |   4.04 |
DIMM1 | Read from IMC | Write from IMC |  Read DIMM  |  Write DIMM  |   RA   |   WA   |
  MB  |      14505.45 |           0.01 |    25845.57 |        24.93 |   1.78 | 2585.52 |
*SUM* | DIMM-R:  3489.8 MB/s. User-R:  1579.0 MB/s   | DIMM-W:  1022.2 MB/s, User-W:   252.5 MB/s. Time:  23.97s
[32mDestroy IPMWatcher.
[0m
