key trace size: 120000000
Randomize the trace...------------------------------------------------
HashType:              CCEH buflog
Init Capacity:         16777216
Entries:               120000000
Trace size:            120000000
Read:                  120000000 
Write:                 1000000 
Thread:                1 
Report interval:       0 s
Stats interval:        10000000 records
benchmarks:            load,readall
------------------------------------------------
[32mStart IPMWatcher for load
[0m2021/09/10-17:38:07  ... thread 0: (10000000,10000000) ops and ( 2067102.3,2067102.3 ) ops/second in (4.8377,4.8377) seconds
2021/09/10-17:38:13  ... thread 0: (10000000,20000000) ops and ( 1577779.6,1789595.3 ) ops/second in (6.3380,11.1757) seconds
2021/09/10-17:38:21  ... thread 0: (10000000,30000000) ops and ( 1345742.5,1612335.2 ) ops/second in (7.4308,18.6066) seconds
2021/09/10-17:38:28  ... thread 0: (10000000,40000000) ops and ( 1420910.3,1559801.1 ) ops/second in (7.0377,25.6443) seconds
2021/09/10-17:38:35  ... thread 0: (10000000,50000000) ops and ( 1307213.6,1501765.1 ) ops/second in (7.6499,33.2942) seconds
2021/09/10-17:38:44  ... thread 0: (10000000,60000000) ops and ( 1151159.0,1429216.2 ) ops/second in (8.6869,41.9811) seconds
2021/09/10-17:38:53  ... thread 0: (10000000,70000000) ops and ( 1088590.1,1368062.7 ) ops/second in (9.1862,51.1672) seconds
2021/09/10-17:39:00  ... thread 0: (10000000,80000000) ops and ( 1465436.6,1379520.8 ) ops/second in (6.8239,57.9911) seconds
2021/09/10-17:39:09  ... thread 0: (10000000,90000000) ops and ( 1144027.7,1348674.3 ) ops/second in (8.7410,66.7322) seconds
2021/09/10-17:39:18  ... thread 0: (10000000,100000000) ops and ( 1113886.3,1320833.4 ) ops/second in (8.9776,75.7098) seconds
2021/09/10-17:39:25  ... thread 0: (10000000,110000000) ops and ( 1338868.4,1322452.9 ) ops/second in (7.4690,83.1788) seconds
2021/09/10-17:39:38  ... thread 0: (10000000,120000000) ops and ( 820844.3,1258371.5 ) ops/second in (12.1826,95.3613) seconds
Average Load Factor : 0.71 
# of key left : 15258767 
load         :       0.795 micros/op 1.200076 Mops/s;
120000000 operations, 95.36 real_elapsed 
DIMM0 | Read from IMC | Write from IMC |  Read DIMM  |  Write DIMM  |   RA   |   WA   |
  MB  |      14951.87 |       10264.27 |    40680.45 |     10682.48 |   2.72 |   1.04 |
DIMM1 | Read from IMC | Write from IMC |  Read DIMM  |  Write DIMM  |   RA   |   WA   |
  MB  |       4679.35 |       10120.48 |     7349.65 |     10498.58 |   1.57 |   1.04 |
*SUM* | DIMM-R:   486.6 MB/s. User-R:   198.9 MB/s   | DIMM-W:   214.6 MB/s, User-W:   206.5 MB/s. Time:  98.70s
[32mDestroy IPMWatcher.
[0m
Randomize the trace...[32mStart IPMWatcher for readall
[0m2021/09/10-17:39:57  ... thread 0: (10000000,10000000) ops and ( 928126.0,928126.0 ) ops/second in (10.7744,10.7744) seconds
2021/09/10-17:40:08  ... thread 0: (10000000,20000000) ops and ( 933300.5,930706.0 ) ops/second in (10.7147,21.4891) seconds
2021/09/10-17:40:19  ... thread 0: (10000000,30000000) ops and ( 935056.1,932151.6 ) ops/second in (10.6945,32.1836) seconds
2021/09/10-17:40:30  ... thread 0: (10000000,40000000) ops and ( 919805.9,929034.2 ) ops/second in (10.8719,43.0555) seconds
2021/09/10-17:40:40  ... thread 0: (10000000,50000000) ops and ( 923886.4,928000.0 ) ops/second in (10.8238,53.8793) seconds
2021/09/10-17:40:51  ... thread 0: (10000000,60000000) ops and ( 929440.3,928239.8 ) ops/second in (10.7592,64.6385) seconds
2021/09/10-17:41:02  ... thread 0: (10000000,70000000) ops and ( 934383.1,929112.4 ) ops/second in (10.7022,75.3407) seconds
2021/09/10-17:41:13  ... thread 0: (10000000,80000000) ops and ( 933465.9,929654.4 ) ops/second in (10.7128,86.0535) seconds
2021/09/10-17:41:23  ... thread 0: (10000000,90000000) ops and ( 927879.5,929456.9 ) ops/second in (10.7773,96.8307) seconds
2021/09/10-17:41:34  ... thread 0: (10000000,100000000) ops and ( 924061.1,928914.5 ) ops/second in (10.8218,107.6525) seconds
2021/09/10-17:41:45  ... thread 0: (10000000,110000000) ops and ( 907963.1,926969.9 ) ops/second in (11.0137,118.6662) seconds
2021/09/10-17:41:56  ... thread 0: (10000000,120000000) ops and ( 908523.3,925404.1 ) ops/second in (11.0069,129.6731) seconds
readall      :       1.081 micros/op 0.882534 Mops/s; (num: 120000000, not find: 0)
120000000 operations, 129.67 real_elapsed 
DIMM0 | Read from IMC | Write from IMC |  Read DIMM  |  Write DIMM  |   RA   |   WA   |
  MB  |      25123.74 |        6222.42 |    62573.07 |     25359.75 |   2.49 |   4.08 |
DIMM1 | Read from IMC | Write from IMC |  Read DIMM  |  Write DIMM  |   RA   |   WA   |
  MB  |      15898.62 |           0.01 |    29601.55 |       106.63 |   1.86 | 7530.24 |
*SUM* | DIMM-R:   709.7 MB/s. User-R:   315.8 MB/s   | DIMM-W:   196.1 MB/s, User-W:    47.9 MB/s. Time: 129.88s
[32mDestroy IPMWatcher.
[0m
