key trace size: 120000000
Randomize the trace...------------------------------------------------
HashType:              CCEH buflog
Init Capacity:         16777216
Entries:               120000000
Trace size:            120000000
Read:                  120000000 
Write:                 1000000 
Thread:                13 
Report interval:       0 s
Stats interval:        10000000 records
benchmarks:            load,readall
------------------------------------------------
[32mStart IPMWatcher for load
[0mAverage Load Factor : 0.71 
# of key left : 15326231 
load         :       0.104 micros/op 9.154750 Mops/s;
119999997 operations, 12.50 real_elapsed 
DIMM0 | Read from IMC | Write from IMC |  Read DIMM  |  Write DIMM  |   RA   |   WA   |
  MB  |      13264.72 |       10322.26 |    36140.45 |     10887.21 |   2.72 |   1.05 |
DIMM1 | Read from IMC | Write from IMC |  Read DIMM  |  Write DIMM  |   RA   |   WA   |
  MB  |       4507.39 |       10149.58 |     6491.99 |     10466.79 |   1.44 |   1.03 |
*SUM* | DIMM-R:  2712.0 MB/s. User-R:  1130.5 MB/s   | DIMM-W:  1358.4 MB/s, User-W:  1302.3 MB/s. Time:  15.72s
[32mDestroy IPMWatcher.
[0m
Randomize the trace...[32mStart IPMWatcher for readall
[0mthread  1 num: 9230769, not find: 1
thread  4 num: 9230769, not find: 1
thread  7 num: 9230769, not find: 1
readall      :       0.177 micros/op 5.398129 Mops/s; (num: 9230769, not find: 0)
119999997 operations, 21.20 real_elapsed 
DIMM0 | Read from IMC | Write from IMC |  Read DIMM  |  Write DIMM  |   RA   |   WA   |
  MB  |      21127.54 |        6052.71 |    54600.64 |     24544.70 |   2.58 |   4.06 |
DIMM1 | Read from IMC | Write from IMC |  Read DIMM  |  Write DIMM  |   RA   |   WA   |
  MB  |      13177.29 |           3.33 |    24029.29 |        25.93 |   1.82 |   7.78 |
*SUM* | DIMM-R:  3667.3 MB/s. User-R:  1600.0 MB/s   | DIMM-W:  1146.0 MB/s, User-W:   282.5 MB/s. Time:  21.44s
[32mDestroy IPMWatcher.
[0m
