key trace size: 120000000
Randomize the trace...------------------------------------------------
HashType:              CCEH buflog
Init Capacity:         16777216
Entries:               120000000
Trace size:            120000000
Read:                  120000000 
Write:                 1000000 
Thread:                16 
Report interval:       0 s
Stats interval:        10000000 records
benchmarks:            load,readall
------------------------------------------------
[32mStart IPMWatcher for load
[0mAverage Load Factor : 0.71 
# of key left : 15293884 
load         :       0.096 micros/op 9.902933 Mops/s;
120000000 operations, 11.56 real_elapsed 
DIMM0 | Read from IMC | Write from IMC |  Read DIMM  |  Write DIMM  |   RA   |   WA   |
  MB  |      12855.13 |       10356.98 |    35230.82 |     10975.64 |   2.74 |   1.06 |
DIMM1 | Read from IMC | Write from IMC |  Read DIMM  |  Write DIMM  |   RA   |   WA   |
  MB  |       4509.83 |       10166.25 |     6468.15 |     10485.24 |   1.43 |   1.03 |
*SUM* | DIMM-R:  2821.9 MB/s. User-R:  1175.1 MB/s   | DIMM-W:  1452.3 MB/s, User-W:  1388.9 MB/s. Time:  14.78s
[32mDestroy IPMWatcher.
[0m
Randomize the trace...[32mStart IPMWatcher for readall
[0mreadall      :       0.172 micros/op 5.538692 Mops/s; (num: 7500000, not find: 0)
120000000 operations, 20.66 real_elapsed 
DIMM0 | Read from IMC | Write from IMC |  Read DIMM  |  Write DIMM  |   RA   |   WA   |
  MB  |      19891.74 |        6051.04 |    52671.90 |     24488.96 |   2.65 |   4.05 |
DIMM1 | Read from IMC | Write from IMC |  Read DIMM  |  Write DIMM  |   RA   |   WA   |
  MB  |      12516.87 |           3.34 |    23351.71 |        25.25 |   1.87 |   7.57 |
*SUM* | DIMM-R:  3637.8 MB/s. User-R:  1550.8 MB/s   | DIMM-W:  1173.0 MB/s, User-W:   289.7 MB/s. Time:  20.90s
[32mDestroy IPMWatcher.
[0m
