key trace size: 120000000
Randomize the trace...------------------------------------------------
HashType:              CCEH buflog
Init Capacity:         16777216
Entries:               120000000
Trace size:            120000000
Read:                  120000000 
Write:                 1000000 
Thread:                14 
Report interval:       0 s
Stats interval:        10000000 records
benchmarks:            load,readall
------------------------------------------------
[32mStart IPMWatcher for load
[0mAverage Load Factor : 0.71 
# of key left : 15253278 
load         :       0.101 micros/op 9.432194 Mops/s;
119999992 operations, 12.13 real_elapsed 
DIMM0 | Read from IMC | Write from IMC |  Read DIMM  |  Write DIMM  |   RA   |   WA   |
  MB  |      13128.35 |       10347.27 |    35845.04 |     10930.92 |   2.73 |   1.06 |
DIMM1 | Read from IMC | Write from IMC |  Read DIMM  |  Write DIMM  |   RA   |   WA   |
  MB  |       4516.51 |       10168.59 |     6501.96 |     10484.76 |   1.44 |   1.03 |
*SUM* | DIMM-R:  2756.2 MB/s. User-R:  1148.5 MB/s   | DIMM-W:  1393.9 MB/s, User-W:  1335.3 MB/s. Time:  15.36s
[32mDestroy IPMWatcher.
[0m
Randomize the trace...[32mStart IPMWatcher for readall
[0mthread  5 num: 8571428, not find: 1
thread  7 num: 8571428, not find: 1
thread  4 num: 8571428, not find: 2
thread 10 num: 8571428, not find: 1
thread 11 num: 8571428, not find: 1
thread 13 num: 8571428, not find: 1
thread  1 num: 8571428, not find: 1
readall      :       0.171 micros/op 5.578532 Mops/s; (num: 8571428, not find: 0)
119999992 operations, 20.51 real_elapsed 
DIMM0 | Read from IMC | Write from IMC |  Read DIMM  |  Write DIMM  |   RA   |   WA   |
  MB  |      20675.48 |        6058.26 |    53787.49 |     24453.98 |   2.60 |   4.04 |
DIMM1 | Read from IMC | Write from IMC |  Read DIMM  |  Write DIMM  |   RA   |   WA   |
  MB  |      12973.86 |           3.34 |    23900.58 |        25.34 |   1.84 |   7.60 |
*SUM* | DIMM-R:  3746.4 MB/s. User-R:  1622.7 MB/s   | DIMM-W:  1180.5 MB/s, User-W:   292.3 MB/s. Time:  20.74s
[32mDestroy IPMWatcher.
[0m
