key trace size: 120000000
Randomize the trace...------------------------------------------------
HashType:              CCEH buflog
Init Capacity:         16777216
Entries:               120000000
Trace size:            120000000
Read:                  120000000 
Write:                 1000000 
Thread:                15 
Report interval:       0 s
Stats interval:        10000000 records
benchmarks:            load,readall
------------------------------------------------
[32mStart IPMWatcher for load
[0mAverage Load Factor : 0.71 
# of key left : 15314469 
load         :       0.098 micros/op 9.753757 Mops/s;
120000000 operations, 11.73 real_elapsed 
DIMM0 | Read from IMC | Write from IMC |  Read DIMM  |  Write DIMM  |   RA   |   WA   |
  MB  |      12977.80 |       10343.84 |    35470.89 |     10945.36 |   2.73 |   1.06 |
DIMM1 | Read from IMC | Write from IMC |  Read DIMM  |  Write DIMM  |   RA   |   WA   |
  MB  |       4498.79 |       10158.90 |     6427.32 |     10474.00 |   1.43 |   1.03 |
*SUM* | DIMM-R:  2789.7 MB/s. User-R:  1163.6 MB/s   | DIMM-W:  1426.2 MB/s, User-W:  1365.1 MB/s. Time:  15.02s
[32mDestroy IPMWatcher.
[0m
Randomize the trace...[32mStart IPMWatcher for readall
[0mreadall      :       0.173 micros/op 5.517046 Mops/s; (num: 8000000, not find: 0)
120000000 operations, 20.74 real_elapsed 
DIMM0 | Read from IMC | Write from IMC |  Read DIMM  |  Write DIMM  |   RA   |   WA   |
  MB  |      20275.65 |        6049.37 |    53220.63 |     24487.47 |   2.62 |   4.05 |
DIMM1 | Read from IMC | Write from IMC |  Read DIMM  |  Write DIMM  |   RA   |   WA   |
  MB  |      12752.24 |           3.34 |    23601.84 |        25.47 |   1.85 |   7.63 |
*SUM* | DIMM-R:  3664.8 MB/s. User-R:  1575.6 MB/s   | DIMM-W:  1169.4 MB/s, User-W:   288.7 MB/s. Time:  20.96s
[32mDestroy IPMWatcher.
[0m
