key trace size: 120000000
Randomize the trace...------------------------------------------------
HashType:              CCEH buflog
Init Capacity:         16777216
Entries:               120000000
Trace size:            120000000
Read:                  120000000 
Write:                 1000000 
Thread:                5 
Report interval:       0 s
Stats interval:        10000000 records
benchmarks:            load,readall
------------------------------------------------
[32mStart IPMWatcher for load
[0m2021/09/07-16:14:32  ... thread 1: (10000000,10000000) ops and ( 1158184.4,1158184.4 ) ops/second in (8.6342,8.6342) seconds
2021/09/07-16:14:32  ... thread 3: (10000000,10000000) ops and ( 1153954.5,1153954.5 ) ops/second in (8.6659,8.6659) seconds
2021/09/07-16:14:32  ... thread 2: (10000000,10000000) ops and ( 1153140.9,1153140.9 ) ops/second in (8.6720,8.6720) seconds
2021/09/07-16:14:32  ... thread 4: (10000000,10000000) ops and ( 1146910.7,1146910.7 ) ops/second in (8.7191,8.7191) seconds
2021/09/07-16:14:32  ... thread 0: (10000000,10000000) ops and ( 1138056.0,1138056.0 ) ops/second in (8.7869,8.7869) seconds
2021/09/07-16:14:43  ... thread 1: (10000000,20000000) ops and ( 900403.2,1013153.8 ) ops/second in (11.1061,19.7403) seconds
2021/09/07-16:14:43  ... thread 2: (10000000,20000000) ops and ( 894043.5,1007196.2 ) ops/second in (11.1851,19.8571) seconds
2021/09/07-16:14:43  ... thread 4: (10000000,20000000) ops and ( 897441.1,1006954.6 ) ops/second in (11.1428,19.8619) seconds
2021/09/07-16:14:43  ... thread 3: (10000000,20000000) ops and ( 891829.9,1006099.3 ) ops/second in (11.2129,19.8788) seconds
2021/09/07-16:14:43  ... thread 0: (10000000,20000000) ops and ( 889223.6,998368.7 ) ops/second in (11.2458,20.0327) seconds
load         :       0.213 micros/op 4.477424 Mops/s;
DIMM0 | Read from IMC | Write from IMC |  Read DIMM  |  Write DIMM  |   RA   |   WA   |
  MB  |      17279.20 |       13045.35 |    44615.15 |     13596.86 |   2.58 |   1.04 |
DIMM1 | Read from IMC | Write from IMC |  Read DIMM  |  Write DIMM  |   RA   |   WA   |
  MB  |       6030.43 |       12858.29 |     9857.82 |     13282.90 |   1.63 |   1.03 |
*SUM* | DIMM-R:  2110.8 MB/s. User-R:   903.2 MB/s   | DIMM-W:  1041.6 MB/s, User-W:  1003.7 MB/s. Time:  25.81s
[32mDestroy IPMWatcher.
[0m
Randomize the trace...[32mStart IPMWatcher for readall
[0m2021/09/07-16:15:08  ... thread 1: (10000000,10000000) ops and ( 781999.7,781999.7 ) ops/second in (12.7877,12.7877) seconds
2021/09/07-16:15:08  ... thread 3: (10000000,10000000) ops and ( 780324.5,780324.5 ) ops/second in (12.8152,12.8152) seconds
2021/09/07-16:15:08  ... thread 2: (10000000,10000000) ops and ( 780117.4,780117.4 ) ops/second in (12.8186,12.8186) seconds
2021/09/07-16:15:08  ... thread 4: (10000000,10000000) ops and ( 778438.2,778438.2 ) ops/second in (12.8462,12.8462) seconds
2021/09/07-16:15:08  ... thread 0: (10000000,10000000) ops and ( 778001.5,778001.5 ) ops/second in (12.8534,12.8534) seconds
2021/09/07-16:15:21  ... thread 1: (10000000,20000000) ops and ( 775469.0,778720.7 ) ops/second in (12.8954,25.6832) seconds
2021/09/07-16:15:21  ... thread 3: (10000000,20000000) ops and ( 773920.3,777109.2 ) ops/second in (12.9212,25.7364) seconds
2021/09/07-16:15:21  ... thread 2: (10000000,20000000) ops and ( 773891.7,776992.1 ) ops/second in (12.9217,25.7403) seconds
2021/09/07-16:15:21  ... thread 4: (10000000,20000000) ops and ( 771762.9,775086.2 ) ops/second in (12.9573,25.8036) seconds
2021/09/07-16:15:21  ... thread 0: (10000000,20000000) ops and ( 771379.2,774676.2 ) ops/second in (12.9638,25.8172) seconds
thread  1 num: 24000000, not find: 89733
thread  3 num: 24000000, not find: 89483
thread  2 num: 24000000, not find: 89672
thread  4 num: 24000000, not find: 89332
thread  0 num: 24000000, not find: 89441
readall      :       0.258 micros/op 3.692579 Mops/s; (num: 24000000, not find: 89441)
DIMM0 | Read from IMC | Write from IMC |  Read DIMM  |  Write DIMM  |   RA   |   WA   |
  MB  |      21384.55 |        6081.71 |    58650.17 |     24736.58 |   2.74 |   4.07 |
DIMM1 | Read from IMC | Write from IMC |  Read DIMM  |  Write DIMM  |   RA   |   WA   |
  MB  |      12167.23 |           0.01 |    25753.79 |        30.51 |   2.12 | 2221.42 |
*SUM* | DIMM-R:  2705.6 MB/s. User-R:  1075.5 MB/s   | DIMM-W:   793.9 MB/s, User-W:   195.0 MB/s. Time:  31.20s
[32mDestroy IPMWatcher.
[0m
