key trace size: 120000000
Randomize the trace...------------------------------------------------
HashType:              CCEH buflog
Init Capacity:         16777216
Entries:               120000000
Trace size:            120000000
Read:                  120000000 
Write:                 1000000 
Thread:                7 
Report interval:       0 s
Stats interval:        10000000 records
benchmarks:            load,readall
------------------------------------------------
[32mStart IPMWatcher for load
[0m2021/09/07-16:16:46  ... thread 0: (10000000,10000000) ops and ( 998404.9,998404.9 ) ops/second in (10.0160,10.0160) seconds
2021/09/07-16:16:46  ... thread 6: (10000000,10000000) ops and ( 997978.7,997978.7 ) ops/second in (10.0203,10.0203) seconds
2021/09/07-16:16:46  ... thread 5: (10000000,10000000) ops and ( 997301.0,997301.0 ) ops/second in (10.0271,10.0271) seconds
2021/09/07-16:16:46  ... thread 2: (10000000,10000000) ops and ( 995130.6,995130.6 ) ops/second in (10.0489,10.0489) seconds
2021/09/07-16:16:46  ... thread 4: (10000000,10000000) ops and ( 993896.2,993896.2 ) ops/second in (10.0614,10.0614) seconds
2021/09/07-16:16:46  ... thread 1: (10000000,10000000) ops and ( 993357.7,993357.7 ) ops/second in (10.0669,10.0669) seconds
2021/09/07-16:16:46  ... thread 3: (10000000,10000000) ops and ( 989189.5,989189.5 ) ops/second in (10.1093,10.1093) seconds
load         :       0.164 micros/op 5.818549 Mops/s;
DIMM0 | Read from IMC | Write from IMC |  Read DIMM  |  Write DIMM  |   RA   |   WA   |
  MB  |      16947.03 |       13051.18 |    43454.14 |     13655.35 |   2.56 |   1.05 |
DIMM1 | Read from IMC | Write from IMC |  Read DIMM  |  Write DIMM  |   RA   |   WA   |
  MB  |       5829.28 |       12858.05 |     9083.44 |     13281.59 |   1.56 |   1.03 |
*SUM* | DIMM-R:  2644.6 MB/s. User-R:  1146.5 MB/s   | DIMM-W:  1355.9 MB/s, User-W:  1304.2 MB/s. Time:  19.87s
[32mDestroy IPMWatcher.
[0m
Randomize the trace...[32mStart IPMWatcher for readall
[0m2021/09/07-16:17:16  ... thread 0: (10000000,10000000) ops and ( 686456.1,686456.1 ) ops/second in (14.5676,14.5676) seconds
2021/09/07-16:17:16  ... thread 6: (10000000,10000000) ops and ( 685711.7,685711.7 ) ops/second in (14.5834,14.5834) seconds
2021/09/07-16:17:16  ... thread 1: (10000000,10000000) ops and ( 684481.6,684481.6 ) ops/second in (14.6096,14.6096) seconds
2021/09/07-16:17:16  ... thread 3: (10000000,10000000) ops and ( 684342.7,684342.7 ) ops/second in (14.6126,14.6126) seconds
2021/09/07-16:17:16  ... thread 2: (10000000,10000000) ops and ( 683911.5,683911.5 ) ops/second in (14.6218,14.6218) seconds
2021/09/07-16:17:16  ... thread 4: (10000000,10000000) ops and ( 683456.4,683456.4 ) ops/second in (14.6315,14.6315) seconds
2021/09/07-16:17:16  ... thread 5: (10000000,10000000) ops and ( 683326.0,683326.0 ) ops/second in (14.6343,14.6343) seconds
thread  6 num: 17142857, not find: 184
thread  0 num: 17142857, not find: 149
thread  1 num: 17142857, not find: 153
thread  3 num: 17142857, not find: 151
thread  2 num: 17142857, not find: 154
thread  4 num: 17142857, not find: 142
thread  5 num: 17142857, not find: 156
readall      :       0.210 micros/op 4.547003 Mops/s; (num: 17142857, not find: 149)
DIMM0 | Read from IMC | Write from IMC |  Read DIMM  |  Write DIMM  |   RA   |   WA   |
  MB  |      20968.21 |        6047.40 |    57917.52 |     24559.03 |   2.76 |   4.06 |
DIMM1 | Read from IMC | Write from IMC |  Read DIMM  |  Write DIMM  |   RA   |   WA   |
  MB  |      11656.47 |           0.01 |    24866.14 |        25.78 |   2.13 | 2690.55 |
*SUM* | DIMM-R:  3258.8 MB/s. User-R:  1284.3 MB/s   | DIMM-W:   967.8 MB/s, User-W:   238.1 MB/s. Time:  25.40s
[32mDestroy IPMWatcher.
[0m
