key trace size: 120000000
Randomize the trace...------------------------------------------------
HashType:              CCEH buflog
Init Capacity:         16777216
Entries:               120000000
Trace size:            120000000
Read:                  120000000 
Write:                 1000000 
Thread:                4 
Report interval:       0 s
Stats interval:        10000000 records
benchmarks:            load,readall
------------------------------------------------
[32mStart IPMWatcher for load
[0m2021/09/07-16:13:11  ... thread 1: (10000000,10000000) ops and ( 1287232.1,1287232.1 ) ops/second in (7.7686,7.7686) seconds
2021/09/07-16:13:11  ... thread 2: (10000000,10000000) ops and ( 1285783.8,1285783.8 ) ops/second in (7.7774,7.7774) seconds
2021/09/07-16:13:11  ... thread 3: (10000000,10000000) ops and ( 1280533.5,1280533.5 ) ops/second in (7.8092,7.8092) seconds
2021/09/07-16:13:11  ... thread 0: (10000000,10000000) ops and ( 1279885.6,1279885.6 ) ops/second in (7.8132,7.8132) seconds
2021/09/07-16:13:22  ... thread 1: (10000000,20000000) ops and ( 990517.4,1119548.7 ) ops/second in (10.0957,17.8643) seconds
2021/09/07-16:13:22  ... thread 2: (10000000,20000000) ops and ( 990011.5,1118677.7 ) ops/second in (10.1009,17.8783) seconds
2021/09/07-16:13:22  ... thread 3: (10000000,20000000) ops and ( 989201.8,1116170.7 ) ops/second in (10.1092,17.9184) seconds
2021/09/07-16:13:22  ... thread 0: (10000000,20000000) ops and ( 986908.0,1114463.5 ) ops/second in (10.1327,17.9459) seconds
2021/09/07-16:13:33  ... thread 1: (10000000,30000000) ops and ( 851055.8,1013018.9 ) ops/second in (11.7501,29.6145) seconds
2021/09/07-16:13:33  ... thread 2: (10000000,30000000) ops and ( 847898.2,1011050.2 ) ops/second in (11.7939,29.6721) seconds
2021/09/07-16:13:33  ... thread 3: (10000000,30000000) ops and ( 845960.1,1008766.4 ) ops/second in (11.8209,29.7393) seconds
2021/09/07-16:13:33  ... thread 0: (10000000,30000000) ops and ( 844725.0,1007251.3 ) ops/second in (11.8382,29.7840) seconds
load         :       0.248 micros/op 3.842355 Mops/s;
DIMM0 | Read from IMC | Write from IMC |  Read DIMM  |  Write DIMM  |   RA   |   WA   |
  MB  |      17252.40 |       13037.66 |    44415.09 |     13570.10 |   2.57 |   1.04 |
DIMM1 | Read from IMC | Write from IMC |  Read DIMM  |  Write DIMM  |   RA   |   WA   |
  MB  |       5913.89 |       12850.50 |     9444.92 |     13278.21 |   1.60 |   1.03 |
*SUM* | DIMM-R:  1796.8 MB/s. User-R:   772.9 MB/s   | DIMM-W:   895.7 MB/s, User-W:   863.7 MB/s. Time:  29.98s
[32mDestroy IPMWatcher.
[0m
Randomize the trace...[32mStart IPMWatcher for readall
[0m2021/09/07-16:13:51  ... thread 3: (10000000,10000000) ops and ( 834485.1,834485.1 ) ops/second in (11.9834,11.9834) seconds
2021/09/07-16:13:52  ... thread 1: (10000000,10000000) ops and ( 834273.0,834273.0 ) ops/second in (11.9865,11.9865) seconds
2021/09/07-16:13:52  ... thread 0: (10000000,10000000) ops and ( 831132.9,831132.9 ) ops/second in (12.0318,12.0318) seconds
2021/09/07-16:13:52  ... thread 2: (10000000,10000000) ops and ( 829001.5,829001.5 ) ops/second in (12.0627,12.0627) seconds
2021/09/07-16:14:04  ... thread 1: (10000000,20000000) ops and ( 833188.5,833730.4 ) ops/second in (12.0021,23.9886) seconds
2021/09/07-16:14:04  ... thread 3: (10000000,20000000) ops and ( 831642.2,833061.2 ) ops/second in (12.0244,24.0078) seconds
2021/09/07-16:14:04  ... thread 0: (10000000,20000000) ops and ( 829157.6,830144.1 ) ops/second in (12.0604,24.0922) seconds
2021/09/07-16:14:04  ... thread 2: (10000000,20000000) ops and ( 827155.9,828077.7 ) ops/second in (12.0896,24.1523) seconds
2021/09/07-16:14:16  ... thread 1: (10000000,30000000) ops and ( 832298.2,833252.4 ) ops/second in (12.0149,36.0035) seconds
thread  1 num: 30000000, not find: 23
2021/09/07-16:14:16  ... thread 3: (10000000,30000000) ops and ( 829863.3,831992.5 ) ops/second in (12.0502,36.0580) seconds
thread  3 num: 30000000, not find: 19
2021/09/07-16:14:16  ... thread 0: (10000000,30000000) ops and ( 829416.4,829901.4 ) ops/second in (12.0567,36.1489) seconds
thread  0 num: 30000000, not find: 24
2021/09/07-16:14:16  ... thread 2: (10000000,30000000) ops and ( 828191.6,828115.6 ) ops/second in (12.0745,36.2268) seconds
thread  2 num: 30000000, not find: 22
readall      :       0.302 micros/op 3.159006 Mops/s; (num: 30000000, not find: 24)
DIMM0 | Read from IMC | Write from IMC |  Read DIMM  |  Write DIMM  |   RA   |   WA   |
  MB  |      21166.01 |        6088.26 |    58660.33 |     24681.28 |   2.77 |   4.05 |
DIMM1 | Read from IMC | Write from IMC |  Read DIMM  |  Write DIMM  |   RA   |   WA   |
  MB  |      11921.88 |           0.01 |    25765.81 |        34.45 |   2.16 | 2508.23 |
*SUM* | DIMM-R:  2318.6 MB/s. User-R:   908.7 MB/s   | DIMM-W:   678.8 MB/s, User-W:   167.2 MB/s. Time:  36.41s
[32mDestroy IPMWatcher.
[0m
