key trace size: 120000000
Randomize the trace...------------------------------------------------
HashType:              CCEH buflog
Init Capacity:         16777216
Entries:               120000000
Trace size:            120000000
Read:                  120000000 
Write:                 1000000 
Thread:                16 
Report interval:       0 s
Stats interval:        10000000 records
benchmarks:            load,readall
------------------------------------------------
[32mStart IPMWatcher for load
[0mload         :       0.115 micros/op 8.316639 Mops/s;
DIMM0 | Read from IMC | Write from IMC |  Read DIMM  |  Write DIMM  |   RA   |   WA   |
  MB  |      16281.68 |       13117.25 |    42002.11 |     13886.95 |   2.58 |   1.06 |
DIMM1 | Read from IMC | Write from IMC |  Read DIMM  |  Write DIMM  |   RA   |   WA   |
  MB  |       5951.40 |       12913.23 |     9383.17 |     13323.62 |   1.58 |   1.03 |
*SUM* | DIMM-R:  3673.0 MB/s. User-R:  1589.2 MB/s   | DIMM-W:  1945.0 MB/s, User-W:  1860.6 MB/s. Time:  13.99s
[32mDestroy IPMWatcher.
[0m
Randomize the trace...[32mStart IPMWatcher for readall
[0mthread  7 num: 7500000, not find: 98
thread 14 num: 7500000, not find: 109
thread  3 num: 7500000, not find: 94
thread  8 num: 7500000, not find: 87
thread  9 num: 7500000, not find: 84
thread  2 num: 7500000, not find: 97
thread 13 num: 7500000, not find: 91
thread  0 num: 7500000, not find: 93
thread  6 num: 7500000, not find: 96
thread  4 num: 7500000, not find: 110
thread 10 num: 7500000, not find: 95
thread 11 num: 7500000, not find: 101
thread  1 num: 7500000, not find: 82
thread  5 num: 7500000, not find: 96
thread 12 num: 7500000, not find: 98
thread 15 num: 7500000, not find: 109
readall      :       0.174 micros/op 5.496328 Mops/s; (num: 7500000, not find: 93)
DIMM0 | Read from IMC | Write from IMC |  Read DIMM  |  Write DIMM  |   RA   |   WA   |
  MB  |      18069.93 |        6042.86 |    52788.48 |     24482.41 |   2.92 |   4.05 |
DIMM1 | Read from IMC | Write from IMC |  Read DIMM  |  Write DIMM  |   RA   |   WA   |
  MB  |      10909.99 |           3.34 |    24142.30 |        25.65 |   2.21 |   7.69 |
*SUM* | DIMM-R:  3658.5 MB/s. User-R:  1378.2 MB/s   | DIMM-W:  1165.5 MB/s, User-W:   287.5 MB/s. Time:  21.03s
[32mDestroy IPMWatcher.
[0m
