key trace size: 120000000
Randomize the trace...------------------------------------------------
HashType:              CCEH buflog
Init Capacity:         16777216
Entries:               120000000
Trace size:            120000000
Read:                  120000000 
Write:                 1000000 
Thread:                12 
Report interval:       0 s
Stats interval:        10000000 records
benchmarks:            load,readall
------------------------------------------------
[32mStart IPMWatcher for load
[0m2021/09/07-16:21:19  ... thread 2: (10000000,10000000) ops and ( 700185.8,700185.8 ) ops/second in (14.2819,14.2819) seconds
2021/09/07-16:21:19  ... thread 6: (10000000,10000000) ops and ( 697098.0,697098.0 ) ops/second in (14.3452,14.3452) seconds
2021/09/07-16:21:20  ... thread 4: (10000000,10000000) ops and ( 677676.7,677676.7 ) ops/second in (14.7563,14.7563) seconds
2021/09/07-16:21:20  ... thread 10: (10000000,10000000) ops and ( 674487.4,674487.4 ) ops/second in (14.8261,14.8261) seconds
2021/09/07-16:21:20  ... thread 0: (10000000,10000000) ops and ( 673295.3,673295.3 ) ops/second in (14.8523,14.8523) seconds
2021/09/07-16:21:20  ... thread 9: (10000000,10000000) ops and ( 666668.4,666668.4 ) ops/second in (15.0000,15.0000) seconds
2021/09/07-16:21:20  ... thread 7: (10000000,10000000) ops and ( 663762.5,663762.5 ) ops/second in (15.0656,15.0656) seconds
2021/09/07-16:21:20  ... thread 3: (10000000,10000000) ops and ( 663069.4,663069.4 ) ops/second in (15.0814,15.0814) seconds
2021/09/07-16:21:20  ... thread 1: (10000000,10000000) ops and ( 659370.5,659370.5 ) ops/second in (15.1660,15.1660) seconds
2021/09/07-16:21:20  ... thread 8: (10000000,10000000) ops and ( 658403.0,658403.0 ) ops/second in (15.1883,15.1883) seconds
2021/09/07-16:21:20  ... thread 5: (10000000,10000000) ops and ( 658062.9,658062.9 ) ops/second in (15.1961,15.1961) seconds
2021/09/07-16:21:20  ... thread 11: (10000000,10000000) ops and ( 656573.6,656573.6 ) ops/second in (15.2306,15.2306) seconds
load         :       0.127 micros/op 7.513327 Mops/s;
DIMM0 | Read from IMC | Write from IMC |  Read DIMM  |  Write DIMM  |   RA   |   WA   |
  MB  |      16614.30 |       13097.42 |    42817.68 |     13796.48 |   2.58 |   1.05 |
DIMM1 | Read from IMC | Write from IMC |  Read DIMM  |  Write DIMM  |   RA   |   WA   |
  MB  |       5961.46 |       12883.51 |     9477.69 |     13293.91 |   1.59 |   1.03 |
*SUM* | DIMM-R:  3387.2 MB/s. User-R:  1462.3 MB/s   | DIMM-W:  1754.7 MB/s, User-W:  1682.8 MB/s. Time:  15.44s
[32mDestroy IPMWatcher.
[0m
Randomize the trace...[32mStart IPMWatcher for readall
[0m2021/09/07-16:21:45  ... thread 6: (10000000,10000000) ops and ( 530057.7,530057.7 ) ops/second in (18.8659,18.8659) seconds
thread  6 num: 10000000, not find: 286
2021/09/07-16:21:45  ... thread 7: (10000000,10000000) ops and ( 529530.3,529530.3 ) ops/second in (18.8847,18.8847) seconds
thread  7 num: 10000000, not find: 280
2021/09/07-16:21:45  ... thread 10: (10000000,10000000) ops and ( 529436.8,529436.8 ) ops/second in (18.8880,18.8880) seconds
thread 10 num: 10000000, not find: 328
2021/09/07-16:21:45  ... thread 3: (10000000,10000000) ops and ( 527972.6,527972.6 ) ops/second in (18.9404,18.9404) seconds
thread  3 num: 10000000, not find: 315
2021/09/07-16:21:47  ... thread 8: (10000000,10000000) ops and ( 466392.6,466392.6 ) ops/second in (21.4412,21.4412) seconds
thread  8 num: 10000000, not find: 274
2021/09/07-16:21:47  ... thread 4: (10000000,10000000) ops and ( 466342.5,466342.5 ) ops/second in (21.4435,21.4435) seconds
thread  4 num: 10000000, not find: 339
2021/09/07-16:21:47  ... thread 5: (10000000,10000000) ops and ( 466197.9,466197.9 ) ops/second in (21.4501,21.4501) seconds
thread  5 num: 10000000, not find: 325
2021/09/07-16:21:47  ... thread 0: (10000000,10000000) ops and ( 466152.4,466152.4 ) ops/second in (21.4522,21.4522) seconds
thread  0 num: 10000000, not find: 327
2021/09/07-16:21:47  ... thread 1: (10000000,10000000) ops and ( 466062.3,466062.3 ) ops/second in (21.4564,21.4564) seconds
thread  1 num: 10000000, not find: 311
2021/09/07-16:21:47  ... thread 11: (10000000,10000000) ops and ( 465962.3,465962.3 ) ops/second in (21.4610,21.4610) seconds
thread 11 num: 10000000, not find: 322
2021/09/07-16:21:47  ... thread 9: (10000000,10000000) ops and ( 465936.9,465936.9 ) ops/second in (21.4621,21.4621) seconds
thread  9 num: 10000000, not find: 334
2021/09/07-16:21:47  ... thread 2: (10000000,10000000) ops and ( 465882.2,465882.2 ) ops/second in (21.4647,21.4647) seconds
thread  2 num: 10000000, not find: 343
readall      :       0.179 micros/op 5.331578 Mops/s; (num: 10000000, not find: 327)
DIMM0 | Read from IMC | Write from IMC |  Read DIMM  |  Write DIMM  |   RA   |   WA   |
  MB  |      19429.13 |        6044.99 |    55224.32 |     24473.57 |   2.84 |   4.05 |
DIMM1 | Read from IMC | Write from IMC |  Read DIMM  |  Write DIMM  |   RA   |   WA   |
  MB  |      11323.21 |           3.34 |    24691.66 |        26.24 |   2.18 |   7.86 |
*SUM* | DIMM-R:  3689.9 MB/s. User-R:  1419.9 MB/s   | DIMM-W:  1131.2 MB/s, User-W:   279.3 MB/s. Time:  21.66s
[32mDestroy IPMWatcher.
[0m
