key trace size: 120000000
Randomize the trace...------------------------------------------------
HashType:              CCEH buflog
Init Capacity:         16777216
Entries:               120000000
Trace size:            120000000
Read:                  120000000 
Write:                 1000000 
Thread:                8 
Report interval:       0 s
Stats interval:        10000000 records
benchmarks:            load,readall
------------------------------------------------
[32mStart IPMWatcher for load
[0m2021/09/07-16:17:45  ... thread 1: (10000000,10000000) ops and ( 916807.3,916807.3 ) ops/second in (10.9074,10.9074) seconds
2021/09/07-16:17:45  ... thread 6: (10000000,10000000) ops and ( 913837.7,913837.7 ) ops/second in (10.9429,10.9429) seconds
2021/09/07-16:17:45  ... thread 5: (10000000,10000000) ops and ( 912106.1,912106.1 ) ops/second in (10.9636,10.9636) seconds
2021/09/07-16:17:45  ... thread 4: (10000000,10000000) ops and ( 911677.8,911677.8 ) ops/second in (10.9688,10.9688) seconds
2021/09/07-16:17:45  ... thread 3: (10000000,10000000) ops and ( 910171.8,910171.8 ) ops/second in (10.9869,10.9869) seconds
2021/09/07-16:17:45  ... thread 2: (10000000,10000000) ops and ( 909468.6,909468.6 ) ops/second in (10.9954,10.9954) seconds
2021/09/07-16:17:45  ... thread 0: (10000000,10000000) ops and ( 909145.8,909145.8 ) ops/second in (10.9993,10.9993) seconds
2021/09/07-16:17:45  ... thread 7: (10000000,10000000) ops and ( 906588.8,906588.8 ) ops/second in (11.0304,11.0304) seconds
load         :       0.151 micros/op 6.328030 Mops/s;
DIMM0 | Read from IMC | Write from IMC |  Read DIMM  |  Write DIMM  |   RA   |   WA   |
  MB  |      16951.22 |       13039.52 |    43496.33 |     13663.60 |   2.57 |   1.05 |
DIMM1 | Read from IMC | Write from IMC |  Read DIMM  |  Write DIMM  |   RA   |   WA   |
  MB  |       5850.96 |       12842.72 |     9191.92 |     13259.07 |   1.57 |   1.03 |
*SUM* | DIMM-R:  2879.5 MB/s. User-R:  1246.2 MB/s   | DIMM-W:  1471.3 MB/s, User-W:  1414.5 MB/s. Time:  18.30s
[32mDestroy IPMWatcher.
[0m
Randomize the trace...[32mStart IPMWatcher for readall
[0m2021/09/07-16:18:13  ... thread 1: (10000000,10000000) ops and ( 654656.7,654656.7 ) ops/second in (15.2752,15.2752) seconds
2021/09/07-16:18:13  ... thread 0: (10000000,10000000) ops and ( 654017.3,654017.3 ) ops/second in (15.2901,15.2901) seconds
2021/09/07-16:18:13  ... thread 7: (10000000,10000000) ops and ( 652386.7,652386.7 ) ops/second in (15.3283,15.3283) seconds
2021/09/07-16:18:13  ... thread 2: (10000000,10000000) ops and ( 651662.3,651662.3 ) ops/second in (15.3454,15.3454) seconds
2021/09/07-16:18:13  ... thread 3: (10000000,10000000) ops and ( 651419.5,651419.5 ) ops/second in (15.3511,15.3511) seconds
2021/09/07-16:18:13  ... thread 4: (10000000,10000000) ops and ( 649514.8,649514.8 ) ops/second in (15.3961,15.3961) seconds
2021/09/07-16:18:13  ... thread 5: (10000000,10000000) ops and ( 648868.0,648868.0 ) ops/second in (15.4115,15.4115) seconds
2021/09/07-16:18:13  ... thread 6: (10000000,10000000) ops and ( 648777.5,648777.5 ) ops/second in (15.4136,15.4136) seconds
thread  1 num: 15000000, not find: 868
thread  0 num: 15000000, not find: 918
thread  7 num: 15000000, not find: 852
thread  3 num: 15000000, not find: 833
thread  2 num: 15000000, not find: 873
thread  4 num: 15000000, not find: 857
thread  6 num: 15000000, not find: 859
thread  5 num: 15000000, not find: 880
readall      :       0.193 micros/op 4.950843 Mops/s; (num: 15000000, not find: 918)
DIMM0 | Read from IMC | Write from IMC |  Read DIMM  |  Write DIMM  |   RA   |   WA   |
  MB  |      20000.71 |        6040.29 |    54597.15 |     24609.07 |   2.73 |   4.07 |
DIMM1 | Read from IMC | Write from IMC |  Read DIMM  |  Write DIMM  |   RA   |   WA   |
  MB  |      10518.12 |           3.34 |    20791.42 |        26.57 |   1.98 |   7.97 |
*SUM* | DIMM-R:  3230.3 MB/s. User-R:  1307.7 MB/s   | DIMM-W:  1055.6 MB/s, User-W:   259.0 MB/s. Time:  23.34s
[32mDestroy IPMWatcher.
[0m
