key trace size: 120000000
Randomize the trace...------------------------------------------------
HashType:              CCEH buflog
Init Capacity:         16777216
Entries:               120000000
Trace size:            120000000
Read:                  120000000 
Write:                 1000000 
Thread:                1 
Report interval:       0 s
Stats interval:        10000000 records
benchmarks:            load,readall
------------------------------------------------
[32mStart IPMWatcher for load
[0m2021/09/07-16:05:19  ... thread 0: (10000000,10000000) ops and ( 1988860.0,1988860.0 ) ops/second in (5.0280,5.0280) seconds
2021/09/07-16:05:25  ... thread 0: (10000000,20000000) ops and ( 1524167.7,1725779.8 ) ops/second in (6.5610,11.5890) seconds
2021/09/07-16:05:33  ... thread 0: (10000000,30000000) ops and ( 1237593.6,1525230.3 ) ops/second in (8.0802,19.6692) seconds
2021/09/07-16:05:41  ... thread 0: (10000000,40000000) ops and ( 1338221.2,1473743.4 ) ops/second in (7.4726,27.1418) seconds
2021/09/07-16:05:49  ... thread 0: (10000000,50000000) ops and ( 1204823.5,1410766.0 ) ops/second in (8.3000,35.4417) seconds
2021/09/07-16:05:59  ... thread 0: (10000000,60000000) ops and ( 1003145.9,1321283.9 ) ops/second in (9.9686,45.4104) seconds
2021/09/07-16:06:07  ... thread 0: (10000000,70000000) ops and ( 1169907.3,1297303.8 ) ops/second in (8.5477,53.9581) seconds
2021/09/07-16:06:17  ... thread 0: (10000000,80000000) ops and ( 1062199.2,1262377.3 ) ops/second in (9.4144,63.3725) seconds
2021/09/07-16:06:25  ... thread 0: (10000000,90000000) ops and ( 1174350.0,1251950.2 ) ops/second in (8.5153,71.8878) seconds
2021/09/07-16:06:36  ... thread 0: (10000000,100000000) ops and ( 906301.8,1205957.0 ) ops/second in (11.0339,82.9217) seconds
2021/09/07-16:06:48  ... thread 0: (10000000,110000000) ops and ( 847987.2,1161387.1 ) ops/second in (11.7926,94.7143) seconds
2021/09/07-16:06:58  ... thread 0: (10000000,120000000) ops and ( 994368.3,1145355.5 ) ops/second in (10.0566,104.7710) seconds
load         :       0.873 micros/op 1.092296 Mops/s;
DIMM0 | Read from IMC | Write from IMC |  Read DIMM  |  Write DIMM  |   RA   |   WA   |
  MB  |      17639.62 |       13023.99 |    45852.04 |     13544.16 |   2.60 |   1.04 |
DIMM1 | Read from IMC | Write from IMC |  Read DIMM  |  Write DIMM  |   RA   |   WA   |
  MB  |       6104.12 |       12842.12 |    10234.85 |     13318.97 |   1.68 |   1.04 |
*SUM* | DIMM-R:   534.3 MB/s. User-R:   226.2 MB/s   | DIMM-W:   255.9 MB/s, User-W:   246.4 MB/s. Time: 104.98s
[32mDestroy IPMWatcher.
[0m
Randomize the trace...[32mStart IPMWatcher for readall
[0m2021/09/07-16:07:15  ... thread 0: (10000000,10000000) ops and ( 948403.5,948403.5 ) ops/second in (10.5440,10.5440) seconds
2021/09/07-16:07:25  ... thread 0: (10000000,20000000) ops and ( 948643.3,948523.4 ) ops/second in (10.5414,21.0854) seconds
2021/09/07-16:07:36  ... thread 0: (10000000,30000000) ops and ( 950269.0,949104.6 ) ops/second in (10.5233,31.6087) seconds
2021/09/07-16:07:46  ... thread 0: (10000000,40000000) ops and ( 950401.2,949428.4 ) ops/second in (10.5219,42.1306) seconds
2021/09/07-16:07:57  ... thread 0: (10000000,50000000) ops and ( 951020.1,949746.3 ) ops/second in (10.5150,52.6456) seconds
2021/09/07-16:08:07  ... thread 0: (10000000,60000000) ops and ( 953178.3,950316.6 ) ops/second in (10.4912,63.1369) seconds
2021/09/07-16:08:18  ... thread 0: (10000000,70000000) ops and ( 951676.4,950510.6 ) ops/second in (10.5078,73.6446) seconds
2021/09/07-16:08:28  ... thread 0: (10000000,80000000) ops and ( 955014.2,951071.2 ) ops/second in (10.4710,84.1157) seconds
2021/09/07-16:08:39  ... thread 0: (10000000,90000000) ops and ( 958980.7,951943.6 ) ops/second in (10.4277,94.5434) seconds
2021/09/07-16:08:49  ... thread 0: (10000000,100000000) ops and ( 957059.6,952452.8 ) ops/second in (10.4487,104.9921) seconds
2021/09/07-16:09:00  ... thread 0: (10000000,110000000) ops and ( 957533.4,952912.4 ) ops/second in (10.4435,115.4356) seconds
2021/09/07-16:09:10  ... thread 0: (10000000,120000000) ops and ( 950409.7,952703.3 ) ops/second in (10.5218,125.9574) seconds
thread  0 num: 120000000, not find: 10821
readall      :       1.050 micros/op 0.908568 Mops/s; (num: 120000000, not find: 10821)
DIMM0 | Read from IMC | Write from IMC |  Read DIMM  |  Write DIMM  |   RA   |   WA   |
  MB  |      22550.89 |        6183.92 |    62921.52 |     25158.18 |   2.79 |   4.07 |
DIMM1 | Read from IMC | Write from IMC |  Read DIMM  |  Write DIMM  |   RA   |   WA   |
  MB  |      13272.99 |           0.01 |    29991.55 |       103.97 |   2.26 | 7471.07 |
*SUM* | DIMM-R:   736.4 MB/s. User-R:   283.9 MB/s   | DIMM-W:   200.2 MB/s, User-W:    49.0 MB/s. Time: 126.17s
[32mDestroy IPMWatcher.
[0m
