key trace size: 120000000
Randomize the trace...------------------------------------------------
HashType:              CCEH buflog
Init Capacity:         16777216
Entries:               120000000
Trace size:            120000000
Read:                  120000000 
Write:                 1000000 
Thread:                14 
Report interval:       0 s
Stats interval:        10000000 records
benchmarks:            load,readall
------------------------------------------------
[32mStart IPMWatcher for load
[0mload         :       0.119 micros/op 7.988044 Mops/s;
DIMM0 | Read from IMC | Write from IMC |  Read DIMM  |  Write DIMM  |   RA   |   WA   |
  MB  |      16412.87 |       13120.21 |    42301.62 |     13865.43 |   2.58 |   1.06 |
DIMM1 | Read from IMC | Write from IMC |  Read DIMM  |  Write DIMM  |   RA   |   WA   |
  MB  |       5970.02 |       12893.29 |     9471.15 |     13299.79 |   1.59 |   1.03 |
*SUM* | DIMM-R:  3561.0 MB/s. User-R:  1539.5 MB/s   | DIMM-W:  1868.4 MB/s, User-W:  1789.2 MB/s. Time:  14.54s
[32mDestroy IPMWatcher.
[0m
Randomize the trace...[32mStart IPMWatcher for readall
[0mthread  0 num: 8571428, not find: 149
thread  1 num: 8571428, not find: 162
thread 10 num: 8571428, not find: 193
thread  4 num: 8571428, not find: 168
thread  6 num: 8571428, not find: 178
thread  8 num: 8571428, not find: 158
thread  9 num: 8571428, not find: 160
thread  5 num: 8571428, not find: 158
thread 13 num: 8571428, not find: 168
thread 12 num: 8571428, not find: 162
thread  7 num: 8571428, not find: 163
thread  3 num: 8571428, not find: 162
thread 11 num: 8571428, not find: 185
thread  2 num: 8571428, not find: 149
readall      :       0.175 micros/op 5.456301 Mops/s; (num: 8571428, not find: 149)
DIMM0 | Read from IMC | Write from IMC |  Read DIMM  |  Write DIMM  |   RA   |   WA   |
  MB  |      18695.54 |        6043.08 |    53879.47 |     24474.56 |   2.88 |   4.05 |
DIMM1 | Read from IMC | Write from IMC |  Read DIMM  |  Write DIMM  |   RA   |   WA   |
  MB  |      11136.11 |           3.34 |    24463.41 |        25.81 |   2.20 |   7.73 |
*SUM* | DIMM-R:  3701.7 MB/s. User-R:  1409.5 MB/s   | DIMM-W:  1157.6 MB/s, User-W:   285.7 MB/s. Time:  21.16s
[32mDestroy IPMWatcher.
[0m
