key trace size: 120000000
Randomize the trace...------------------------------------------------
HashType:              CCEH buflog
Init Capacity:         16777216
Entries:               120000000
Trace size:            120000000
Read:                  120000000 
Write:                 1000000 
Thread:                11 
Report interval:       0 s
Stats interval:        10000000 records
benchmarks:            load,readall
------------------------------------------------
[32mStart IPMWatcher for load
[0m2021/09/07-16:20:28  ... thread 2: (10000000,10000000) ops and ( 756731.4,756731.4 ) ops/second in (13.2147,13.2147) seconds
2021/09/07-16:20:28  ... thread 5: (10000000,10000000) ops and ( 741587.5,741587.5 ) ops/second in (13.4846,13.4846) seconds
2021/09/07-16:20:28  ... thread 1: (10000000,10000000) ops and ( 734735.5,734735.5 ) ops/second in (13.6103,13.6103) seconds
2021/09/07-16:20:28  ... thread 4: (10000000,10000000) ops and ( 733863.4,733863.4 ) ops/second in (13.6265,13.6265) seconds
2021/09/07-16:20:28  ... thread 8: (10000000,10000000) ops and ( 727468.2,727468.2 ) ops/second in (13.7463,13.7463) seconds
2021/09/07-16:20:29  ... thread 6: (10000000,10000000) ops and ( 713183.3,713183.3 ) ops/second in (14.0216,14.0216) seconds
2021/09/07-16:20:29  ... thread 7: (10000000,10000000) ops and ( 697269.9,697269.9 ) ops/second in (14.3416,14.3416) seconds
2021/09/07-16:20:29  ... thread 3: (10000000,10000000) ops and ( 691359.5,691359.5 ) ops/second in (14.4643,14.4643) seconds
2021/09/07-16:20:29  ... thread 0: (10000000,10000000) ops and ( 685933.3,685933.3 ) ops/second in (14.5787,14.5787) seconds
2021/09/07-16:20:29  ... thread 9: (10000000,10000000) ops and ( 685867.5,685867.5 ) ops/second in (14.5801,14.5801) seconds
2021/09/07-16:20:29  ... thread 10: (10000000,10000000) ops and ( 683000.3,683000.3 ) ops/second in (14.6413,14.6413) seconds
load         :       0.132 micros/op 7.248680 Mops/s;
DIMM0 | Read from IMC | Write from IMC |  Read DIMM  |  Write DIMM  |   RA   |   WA   |
  MB  |      16598.62 |       13076.29 |    42619.19 |     13743.78 |   2.57 |   1.05 |
DIMM1 | Read from IMC | Write from IMC |  Read DIMM  |  Write DIMM  |   RA   |   WA   |
  MB  |       5851.49 |       12867.90 |     9105.72 |     13275.24 |   1.56 |   1.03 |
*SUM* | DIMM-R:  3234.4 MB/s. User-R:  1403.8 MB/s   | DIMM-W:  1689.5 MB/s, User-W:  1622.3 MB/s. Time:  15.99s
[32mDestroy IPMWatcher.
[0m
Randomize the trace...[32mStart IPMWatcher for readall
[0m2021/09/07-16:20:53  ... thread 5: (10000000,10000000) ops and ( 576416.4,576416.4 ) ops/second in (17.3486,17.3486) seconds
2021/09/07-16:20:54  ... thread 2: (10000000,10000000) ops and ( 576197.3,576197.3 ) ops/second in (17.3552,17.3552) seconds
2021/09/07-16:20:54  ... thread 4: (10000000,10000000) ops and ( 576003.4,576003.4 ) ops/second in (17.3610,17.3610) seconds
2021/09/07-16:20:54  ... thread 6: (10000000,10000000) ops and ( 575680.1,575680.1 ) ops/second in (17.3708,17.3708) seconds
2021/09/07-16:20:54  ... thread 8: (10000000,10000000) ops and ( 574428.2,574428.2 ) ops/second in (17.4086,17.4086) seconds
thread  2 num: 10909090, not find: 2
thread  6 num: 10909090, not find: 1
2021/09/07-16:20:56  ... thread 7: (10000000,10000000) ops and ( 498197.3,498197.3 ) ops/second in (20.0724,20.0724) seconds
2021/09/07-16:20:56  ... thread 9: (10000000,10000000) ops and ( 497975.1,497975.1 ) ops/second in (20.0813,20.0813) seconds
2021/09/07-16:20:56  ... thread 3: (10000000,10000000) ops and ( 497788.3,497788.3 ) ops/second in (20.0889,20.0889) seconds
2021/09/07-16:20:56  ... thread 0: (10000000,10000000) ops and ( 497757.5,497757.5 ) ops/second in (20.0901,20.0901) seconds
2021/09/07-16:20:56  ... thread 1: (10000000,10000000) ops and ( 497671.2,497671.2 ) ops/second in (20.0936,20.0936) seconds
2021/09/07-16:20:56  ... thread 10: (10000000,10000000) ops and ( 497609.4,497609.4 ) ops/second in (20.0961,20.0961) seconds
thread  7 num: 10909090, not find: 1
thread  3 num: 10909090, not find: 3
thread 10 num: 10909090, not find: 1
thread  1 num: 10909090, not find: 1
thread  9 num: 10909090, not find: 1
readall      :       0.177 micros/op 5.376374 Mops/s; (num: 10909090, not find: 0)
DIMM0 | Read from IMC | Write from IMC |  Read DIMM  |  Write DIMM  |   RA   |   WA   |
  MB  |      18656.44 |        6046.35 |    51853.46 |     24489.95 |   2.78 |   4.05 |
DIMM1 | Read from IMC | Write from IMC |  Read DIMM  |  Write DIMM  |   RA   |   WA   |
  MB  |      10218.61 |           3.34 |    20386.98 |        25.05 |   2.00 |   7.51 |
*SUM* | DIMM-R:  3357.5 MB/s. User-R:  1342.0 MB/s   | DIMM-W:  1139.4 MB/s, User-W:   281.2 MB/s. Time:  21.52s
[32mDestroy IPMWatcher.
[0m
