key trace size: 120000000
Randomize the trace...------------------------------------------------
HashType:              CCEH buflog
Init Capacity:         16777216
Entries:               120000000
Trace size:            120000000
Read:                  120000000 
Write:                 1000000 
Thread:                6 
Report interval:       0 s
Stats interval:        10000000 records
benchmarks:            load,readall
------------------------------------------------
[32mStart IPMWatcher for load
[0m2021/09/07-16:15:43  ... thread 3: (10000000,10000000) ops and ( 1046691.5,1046691.5 ) ops/second in (9.5539,9.5539) seconds
2021/09/07-16:15:43  ... thread 0: (10000000,10000000) ops and ( 1041621.4,1041621.4 ) ops/second in (9.6004,9.6004) seconds
2021/09/07-16:15:43  ... thread 2: (10000000,10000000) ops and ( 1041587.2,1041587.2 ) ops/second in (9.6007,9.6007) seconds
2021/09/07-16:15:43  ... thread 1: (10000000,10000000) ops and ( 1040420.1,1040420.1 ) ops/second in (9.6115,9.6115) seconds
2021/09/07-16:15:43  ... thread 5: (10000000,10000000) ops and ( 1038264.8,1038264.8 ) ops/second in (9.6315,9.6315) seconds
2021/09/07-16:15:43  ... thread 4: (10000000,10000000) ops and ( 1036121.3,1036121.3 ) ops/second in (9.6514,9.6514) seconds
2021/09/07-16:15:55  ... thread 3: (10000000,20000000) ops and ( 813984.2,915786.0 ) ops/second in (12.2853,21.8392) seconds
2021/09/07-16:15:55  ... thread 2: (10000000,20000000) ops and ( 813599.6,913584.5 ) ops/second in (12.2911,21.8918) seconds
2021/09/07-16:15:55  ... thread 0: (10000000,20000000) ops and ( 813518.7,913546.6 ) ops/second in (12.2923,21.8927) seconds
2021/09/07-16:15:55  ... thread 1: (10000000,20000000) ops and ( 811330.5,911704.4 ) ops/second in (12.3254,21.9369) seconds
2021/09/07-16:15:55  ... thread 5: (10000000,20000000) ops and ( 809890.4,909967.6 ) ops/second in (12.3474,21.9788) seconds
2021/09/07-16:15:55  ... thread 4: (10000000,20000000) ops and ( 809256.9,908744.1 ) ops/second in (12.3570,22.0084) seconds
load         :       0.183 micros/op 5.199870 Mops/s;
DIMM0 | Read from IMC | Write from IMC |  Read DIMM  |  Write DIMM  |   RA   |   WA   |
  MB  |      17093.31 |       13044.95 |    43960.27 |     13620.90 |   2.57 |   1.04 |
DIMM1 | Read from IMC | Write from IMC |  Read DIMM  |  Write DIMM  |   RA   |   WA   |
  MB  |       5894.32 |       12855.20 |     9346.88 |     13280.75 |   1.59 |   1.03 |
*SUM* | DIMM-R:  2398.8 MB/s. User-R:  1034.5 MB/s   | DIMM-W:  1210.6 MB/s, User-W:  1165.5 MB/s. Time:  22.22s
[32mDestroy IPMWatcher.
[0m
Randomize the trace...[32mStart IPMWatcher for readall
[0m2021/09/07-16:16:15  ... thread 1: (10000000,10000000) ops and ( 747218.5,747218.5 ) ops/second in (13.3830,13.3830) seconds
2021/09/07-16:16:15  ... thread 5: (10000000,10000000) ops and ( 745855.6,745855.6 ) ops/second in (13.4074,13.4074) seconds
2021/09/07-16:16:15  ... thread 3: (10000000,10000000) ops and ( 745079.6,745079.6 ) ops/second in (13.4214,13.4214) seconds
2021/09/07-16:16:15  ... thread 4: (10000000,10000000) ops and ( 742945.4,742945.4 ) ops/second in (13.4599,13.4599) seconds
2021/09/07-16:16:15  ... thread 0: (10000000,10000000) ops and ( 742864.8,742864.8 ) ops/second in (13.4614,13.4614) seconds
2021/09/07-16:16:15  ... thread 2: (10000000,10000000) ops and ( 742666.5,742666.5 ) ops/second in (13.4650,13.4650) seconds
2021/09/07-16:16:28  ... thread 1: (10000000,20000000) ops and ( 744473.7,745843.6 ) ops/second in (13.4323,26.8153) seconds
thread  1 num: 20000000, not find: 1743
2021/09/07-16:16:28  ... thread 5: (10000000,20000000) ops and ( 744064.6,744959.0 ) ops/second in (13.4397,26.8471) seconds
thread  5 num: 20000000, not find: 1841
2021/09/07-16:16:28  ... thread 3: (10000000,20000000) ops and ( 743594.4,744336.3 ) ops/second in (13.4482,26.8696) seconds
thread  3 num: 20000000, not find: 1822
2021/09/07-16:16:28  ... thread 0: (10000000,20000000) ops and ( 742776.3,742820.6 ) ops/second in (13.4630,26.9244) seconds
thread  0 num: 20000000, not find: 1843
2021/09/07-16:16:28  ... thread 4: (10000000,20000000) ops and ( 742588.9,742767.1 ) ops/second in (13.4664,26.9263) seconds
thread  4 num: 20000000, not find: 1786
2021/09/07-16:16:28  ... thread 2: (10000000,20000000) ops and ( 742443.1,742554.8 ) ops/second in (13.4690,26.9340) seconds
thread  2 num: 20000000, not find: 1769
readall      :       0.224 micros/op 4.248929 Mops/s; (num: 20000000, not find: 1843)
DIMM0 | Read from IMC | Write from IMC |  Read DIMM  |  Write DIMM  |   RA   |   WA   |
  MB  |      20834.63 |        6056.26 |    57457.34 |     24484.11 |   2.76 |   4.04 |
DIMM1 | Read from IMC | Write from IMC |  Read DIMM  |  Write DIMM  |   RA   |   WA   |
  MB  |      11521.63 |           0.01 |    24482.17 |        27.05 |   2.12 | 2805.01 |
*SUM* | DIMM-R:  3021.6 MB/s. User-R:  1193.2 MB/s   | DIMM-W:   903.9 MB/s, User-W:   223.3 MB/s. Time:  27.12s
[32mDestroy IPMWatcher.
[0m
