key trace size: 120000000
Randomize the trace...------------------------------------------------
HashType:              CCEH buflog
Init Capacity:         16777216
Entries:               120000000
Trace size:            120000000
Read:                  120000000 
Write:                 1000000 
Thread:                3 
Report interval:       0 s
Stats interval:        10000000 records
benchmarks:            load,readall
------------------------------------------------
[32mStart IPMWatcher for load
[0m2021/09/07-16:11:33  ... thread 0: (10000000,10000000) ops and ( 1393680.6,1393680.6 ) ops/second in (7.1752,7.1752) seconds
2021/09/07-16:11:33  ... thread 2: (10000000,10000000) ops and ( 1391378.7,1391378.7 ) ops/second in (7.1871,7.1871) seconds
2021/09/07-16:11:33  ... thread 1: (10000000,10000000) ops and ( 1373995.4,1373995.4 ) ops/second in (7.2780,7.2780) seconds
2021/09/07-16:11:43  ... thread 0: (10000000,20000000) ops and ( 1071361.8,1211448.7 ) ops/second in (9.3339,16.5092) seconds
2021/09/07-16:11:43  ... thread 2: (10000000,20000000) ops and ( 1069313.2,1209269.3 ) ops/second in (9.3518,16.5389) seconds
2021/09/07-16:11:43  ... thread 1: (10000000,20000000) ops and ( 1060466.2,1197041.4 ) ops/second in (9.4298,16.7079) seconds
2021/09/07-16:11:52  ... thread 0: (10000000,30000000) ops and ( 1070408.5,1160479.3 ) ops/second in (9.3422,25.8514) seconds
2021/09/07-16:11:52  ... thread 2: (10000000,30000000) ops and ( 1067803.4,1158125.3 ) ops/second in (9.3650,25.9039) seconds
2021/09/07-16:11:52  ... thread 1: (10000000,30000000) ops and ( 1067823.9,1150628.8 ) ops/second in (9.3648,26.0727) seconds
2021/09/07-16:12:04  ... thread 0: (10000000,40000000) ops and ( 821198.3,1051836.8 ) ops/second in (12.1773,38.0287) seconds
2021/09/07-16:12:04  ... thread 2: (10000000,40000000) ops and ( 820026.3,1049905.6 ) ops/second in (12.1947,38.0987) seconds
2021/09/07-16:12:05  ... thread 1: (10000000,40000000) ops and ( 813490.7,1042606.0 ) ops/second in (12.2927,38.3654) seconds
load         :       0.320 micros/op 2.982917 Mops/s;
DIMM0 | Read from IMC | Write from IMC |  Read DIMM  |  Write DIMM  |   RA   |   WA   |
  MB  |      17410.55 |       13036.24 |    44992.13 |     13549.77 |   2.58 |   1.04 |
DIMM1 | Read from IMC | Write from IMC |  Read DIMM  |  Write DIMM  |   RA   |   WA   |
  MB  |       5991.41 |       12851.61 |     9758.19 |     13283.55 |   1.63 |   1.03 |
*SUM* | DIMM-R:  1419.0 MB/s. User-R:   606.5 MB/s   | DIMM-W:   695.5 MB/s, User-W:   670.9 MB/s. Time:  38.58s
[32mDestroy IPMWatcher.
[0m
Randomize the trace...[32mStart IPMWatcher for readall
[0m2021/09/07-16:12:22  ... thread 1: (10000000,10000000) ops and ( 890155.7,890155.7 ) ops/second in (11.2340,11.2340) seconds
2021/09/07-16:12:22  ... thread 0: (10000000,10000000) ops and ( 885747.8,885747.8 ) ops/second in (11.2899,11.2899) seconds
2021/09/07-16:12:22  ... thread 2: (10000000,10000000) ops and ( 880294.6,880294.6 ) ops/second in (11.3598,11.3598) seconds
2021/09/07-16:12:33  ... thread 1: (10000000,20000000) ops and ( 880733.6,885419.6 ) ops/second in (11.3542,22.5882) seconds
2021/09/07-16:12:33  ... thread 0: (10000000,20000000) ops and ( 883774.9,884760.3 ) ops/second in (11.3151,22.6050) seconds
2021/09/07-16:12:33  ... thread 2: (10000000,20000000) ops and ( 878508.8,879400.8 ) ops/second in (11.3829,22.7428) seconds
2021/09/07-16:12:44  ... thread 0: (10000000,30000000) ops and ( 885598.4,885039.5 ) ops/second in (11.2918,33.8968) seconds
2021/09/07-16:12:44  ... thread 1: (10000000,30000000) ops and ( 883832.9,884890.1 ) ops/second in (11.3144,33.9025) seconds
2021/09/07-16:12:45  ... thread 2: (10000000,30000000) ops and ( 880030.0,879610.4 ) ops/second in (11.3632,34.1060) seconds
2021/09/07-16:12:56  ... thread 0: (10000000,40000000) ops and ( 878120.7,883299.6 ) ops/second in (11.3880,45.2847) seconds
thread  0 num: 40000000, not find: 356
2021/09/07-16:12:56  ... thread 1: (10000000,40000000) ops and ( 877599.4,883056.0 ) ops/second in (11.3947,45.2972) seconds
thread  1 num: 40000000, not find: 348
2021/09/07-16:12:56  ... thread 2: (10000000,40000000) ops and ( 874548.0,878339.4 ) ops/second in (11.4345,45.5405) seconds
thread  2 num: 40000000, not find: 358
readall      :       0.380 micros/op 2.512946 Mops/s; (num: 40000000, not find: 356)
DIMM0 | Read from IMC | Write from IMC |  Read DIMM  |  Write DIMM  |   RA   |   WA   |
  MB  |      21524.25 |        6109.31 |    59842.30 |     24774.39 |   2.78 |   4.06 |
DIMM1 | Read from IMC | Write from IMC |  Read DIMM  |  Write DIMM  |   RA   |   WA   |
  MB  |      12310.19 |           0.01 |    27075.68 |        41.73 |   2.20 | 3025.26 |
*SUM* | DIMM-R:  1900.2 MB/s. User-R:   739.7 MB/s   | DIMM-W:   542.5 MB/s, User-W:   133.6 MB/s. Time:  45.74s
[32mDestroy IPMWatcher.
[0m
