key trace size: 120000000
Randomize the trace...------------------------------------------------
HashType:              CCEH buflog
Init Capacity:         16777216
Entries:               120000000
Trace size:            120000000
Read:                  120000000 
Write:                 1000000 
Thread:                9 
Report interval:       0 s
Stats interval:        10000000 records
benchmarks:            load,readall
------------------------------------------------
[32mStart IPMWatcher for load
[0m2021/09/07-16:18:40  ... thread 7: (10000000,10000000) ops and ( 878129.3,878129.3 ) ops/second in (11.3878,11.3878) seconds
2021/09/07-16:18:40  ... thread 0: (10000000,10000000) ops and ( 877168.6,877168.6 ) ops/second in (11.4003,11.4003) seconds
2021/09/07-16:18:40  ... thread 3: (10000000,10000000) ops and ( 874943.2,874943.2 ) ops/second in (11.4293,11.4293) seconds
2021/09/07-16:18:40  ... thread 5: (10000000,10000000) ops and ( 872141.5,872141.5 ) ops/second in (11.4660,11.4660) seconds
2021/09/07-16:18:40  ... thread 4: (10000000,10000000) ops and ( 868627.6,868627.6 ) ops/second in (11.5124,11.5124) seconds
2021/09/07-16:18:40  ... thread 1: (10000000,10000000) ops and ( 862490.4,862490.4 ) ops/second in (11.5943,11.5943) seconds
2021/09/07-16:18:40  ... thread 8: (10000000,10000000) ops and ( 850283.7,850283.7 ) ops/second in (11.7608,11.7608) seconds
2021/09/07-16:18:40  ... thread 2: (10000000,10000000) ops and ( 836279.8,836279.8 ) ops/second in (11.9577,11.9577) seconds
2021/09/07-16:18:40  ... thread 6: (10000000,10000000) ops and ( 836113.2,836113.2 ) ops/second in (11.9601,11.9601) seconds
load         :       0.145 micros/op 6.586796 Mops/s;
DIMM0 | Read from IMC | Write from IMC |  Read DIMM  |  Write DIMM  |   RA   |   WA   |
  MB  |      16827.51 |       13044.62 |    43178.83 |     13676.54 |   2.57 |   1.05 |
DIMM1 | Read from IMC | Write from IMC |  Read DIMM  |  Write DIMM  |   RA   |   WA   |
  MB  |       5842.17 |       12879.80 |     9104.11 |     13290.05 |   1.56 |   1.03 |
*SUM* | DIMM-R:  2975.9 MB/s. User-R:  1290.3 MB/s   | DIMM-W:  1534.9 MB/s, User-W:  1475.6 MB/s. Time:  17.57s
[32mDestroy IPMWatcher.
[0m
Randomize the trace...[32mStart IPMWatcher for readall
[0m2021/09/07-16:19:08  ... thread 4: (10000000,10000000) ops and ( 626477.4,626477.4 ) ops/second in (15.9623,15.9623) seconds
2021/09/07-16:19:08  ... thread 0: (10000000,10000000) ops and ( 625855.2,625855.2 ) ops/second in (15.9781,15.9781) seconds
2021/09/07-16:19:08  ... thread 2: (10000000,10000000) ops and ( 624987.9,624987.9 ) ops/second in (16.0003,16.0003) seconds
2021/09/07-16:19:08  ... thread 6: (10000000,10000000) ops and ( 624306.4,624306.4 ) ops/second in (16.0178,16.0178) seconds
2021/09/07-16:19:08  ... thread 7: (10000000,10000000) ops and ( 623862.8,623862.8 ) ops/second in (16.0292,16.0292) seconds
2021/09/07-16:19:08  ... thread 5: (10000000,10000000) ops and ( 623715.7,623715.7 ) ops/second in (16.0329,16.0329) seconds
2021/09/07-16:19:08  ... thread 1: (10000000,10000000) ops and ( 622894.2,622894.2 ) ops/second in (16.0541,16.0541) seconds
2021/09/07-16:19:11  ... thread 3: (10000000,10000000) ops and ( 522571.3,522571.3 ) ops/second in (19.1361,19.1361) seconds
2021/09/07-16:19:11  ... thread 8: (10000000,10000000) ops and ( 522477.5,522477.5 ) ops/second in (19.1396,19.1396) seconds
thread  5 num: 13333333, not find: 1
thread  1 num: 13333333, not find: 1
thread  3 num: 13333333, not find: 1
readall      :       0.196 micros/op 4.862763 Mops/s; (num: 13333333, not find: 0)
DIMM0 | Read from IMC | Write from IMC |  Read DIMM  |  Write DIMM  |   RA   |   WA   |
  MB  |      19464.04 |        6050.55 |    53526.61 |     24600.99 |   2.75 |   4.07 |
DIMM1 | Read from IMC | Write from IMC |  Read DIMM  |  Write DIMM  |   RA   |   WA   |
  MB  |      10402.29 |           3.34 |    20672.69 |        26.85 |   1.99 |   8.04 |
*SUM* | DIMM-R:  3128.4 MB/s. User-R:  1259.2 MB/s   | DIMM-W:  1038.4 MB/s, User-W:   255.2 MB/s. Time:  23.72s
[32mDestroy IPMWatcher.
[0m
