key trace size: 120000000
Randomize the trace...------------------------------------------------
HashType:              CCEH buflog
Init Capacity:         16777216
Entries:               120000000
Trace size:            120000000
Read:                  120000000 
Write:                 1000000 
Thread:                2 
Report interval:       0 s
Stats interval:        10000000 records
benchmarks:            load,readall
------------------------------------------------
[32mStart IPMWatcher for load
[0m2021/09/10-18:34:43  ... thread 0: (10000000,10000000) ops and ( 1965624.8,1965624.8 ) ops/second in (5.0874,5.0874) seconds
2021/09/10-18:34:43  ... thread 1: (10000000,10000000) ops and ( 1964646.2,1964646.2 ) ops/second in (5.0900,5.0900) seconds
2021/09/10-18:34:47  ... thread 0: (10000000,20000000) ops and ( 2114329.0,2037266.9 ) ops/second in (4.7296,9.8171) seconds
2021/09/10-18:34:47  ... thread 1: (10000000,20000000) ops and ( 2107835.6,2033723.6 ) ops/second in (4.7442,9.8342) seconds
2021/09/10-18:34:55  ... thread 0: (10000000,30000000) ops and ( 1225774.6,1668967.9 ) ops/second in (8.1581,17.9752) seconds
2021/09/10-18:34:55  ... thread 1: (10000000,30000000) ops and ( 1221614.6,1664810.8 ) ops/second in (8.1859,18.0201) seconds
2021/09/10-18:35:01  ... thread 0: (10000000,40000000) ops and ( 1743347.5,1686961.4 ) ops/second in (5.7361,23.7113) seconds
2021/09/10-18:35:01  ... thread 1: (10000000,40000000) ops and ( 1737316.1,1682363.8 ) ops/second in (5.7560,23.7761) seconds
2021/09/10-18:35:07  ... thread 0: (10000000,50000000) ops and ( 1700250.6,1689602.6 ) ops/second in (5.8815,29.5928) seconds
2021/09/10-18:35:07  ... thread 1: (10000000,50000000) ops and ( 1686853.5,1683259.8 ) ops/second in (5.9282,29.7043) seconds
2021/09/10-18:35:20  ... thread 0: (10000000,60000000) ops and ( 781156.6,1415285.0 ) ops/second in (12.8015,42.3943) seconds
2021/09/10-18:35:20  ... thread 1: (10000000,60000000) ops and ( 779622.5,1410736.1 ) ops/second in (12.8267,42.5310) seconds
Average Load Factor : 0.73 
# of key left : 9010428 
load         :       0.354 micros/op 2.690764 Mops/s;
120000000 operations, 42.53 real_elapsed 
DIMM0 | Read from IMC | Write from IMC |  Read DIMM  |  Write DIMM  |   RA   |   WA   |
  MB  |      11007.45 |        3751.21 |    34292.44 |      3913.49 |   3.12 |   1.04 |
DIMM1 | Read from IMC | Write from IMC |  Read DIMM  |  Write DIMM  |   RA   |   WA   |
  MB  |       1424.27 |        3698.73 |     2791.57 |      3834.67 |   1.96 |   1.04 |
*SUM* | DIMM-R:   810.2 MB/s. User-R:   271.6 MB/s   | DIMM-W:   169.3 MB/s, User-W:   162.8 MB/s. Time:  45.77s
[32mDestroy IPMWatcher.
[0m
Randomize the trace...[32mStart IPMWatcher for readall
[0m2021/09/10-18:35:40  ... thread 1: (10000000,10000000) ops and ( 880546.6,880546.6 ) ops/second in (11.3566,11.3566) seconds
2021/09/10-18:35:41  ... thread 0: (10000000,10000000) ops and ( 873907.0,873907.0 ) ops/second in (11.4429,11.4429) seconds
2021/09/10-18:35:52  ... thread 1: (10000000,20000000) ops and ( 883092.7,881817.8 ) ops/second in (11.3238,22.6804) seconds
2021/09/10-18:35:52  ... thread 0: (10000000,20000000) ops and ( 879656.0,876772.1 ) ops/second in (11.3681,22.8109) seconds
2021/09/10-18:36:03  ... thread 1: (10000000,30000000) ops and ( 880258.0,881297.3 ) ops/second in (11.3603,34.0407) seconds
2021/09/10-18:36:03  ... thread 0: (10000000,30000000) ops and ( 876280.5,876608.2 ) ops/second in (11.4119,34.2228) seconds
2021/09/10-18:36:14  ... thread 1: (10000000,40000000) ops and ( 883464.3,881838.0 ) ops/second in (11.3191,45.3598) seconds
2021/09/10-18:36:15  ... thread 0: (10000000,40000000) ops and ( 879500.6,877329.5 ) ops/second in (11.3701,45.5929) seconds
2021/09/10-18:36:26  ... thread 1: (10000000,50000000) ops and ( 871994.1,879851.5 ) ops/second in (11.4680,56.8278) seconds
2021/09/10-18:36:26  ... thread 0: (10000000,50000000) ops and ( 868085.9,875465.1 ) ops/second in (11.5196,57.1125) seconds
2021/09/10-18:36:37  ... thread 1: (10000000,60000000) ops and ( 884826.6,880676.8 ) ops/second in (11.3017,68.1294) seconds
thread  1 num: 60000000, not find: 22654
2021/09/10-18:36:38  ... thread 0: (10000000,60000000) ops and ( 883672.7,876822.4 ) ops/second in (11.3164,68.4289) seconds
thread  0 num: 60000000, not find: 23019
readall      :       0.570 micros/op 1.672405 Mops/s; (num: 60000000, not find: 23019)
120000000 operations, 68.43 real_elapsed 
DIMM0 | Read from IMC | Write from IMC |  Read DIMM  |  Write DIMM  |   RA   |   WA   |
  MB  |      26126.13 |        6433.20 |    59587.55 |     26067.71 |   2.28 |   4.05 |
DIMM1 | Read from IMC | Write from IMC |  Read DIMM  |  Write DIMM  |   RA   |   WA   |
  MB  |      17640.49 |           0.01 |    28387.41 |        59.62 |   1.61 | 4341.07 |
*SUM* | DIMM-R:  1281.5 MB/s. User-R:   637.5 MB/s   | DIMM-W:   380.6 MB/s, User-W:    93.7 MB/s. Time:  68.65s
[32mDestroy IPMWatcher.
[0m
