key trace size: 120000000
Randomize the trace...------------------------------------------------
HashType:              CCEH buflog
Init Capacity:         16777216
Entries:               120000000
Trace size:            120000000
Read:                  120000000 
Write:                 1000000 
Thread:                8 
Report interval:       0 s
Stats interval:        10000000 records
benchmarks:            load,readall
------------------------------------------------
[32mStart IPMWatcher for load
[0m2021/09/10-18:42:45  ... thread 4: (10000000,10000000) ops and ( 1537449.4,1537449.4 ) ops/second in (6.5043,6.5043) seconds
2021/09/10-18:42:45  ... thread 7: (10000000,10000000) ops and ( 1534999.3,1534999.3 ) ops/second in (6.5147,6.5147) seconds
2021/09/10-18:42:45  ... thread 1: (10000000,10000000) ops and ( 1534682.2,1534682.2 ) ops/second in (6.5160,6.5160) seconds
2021/09/10-18:42:45  ... thread 3: (10000000,10000000) ops and ( 1533437.3,1533437.3 ) ops/second in (6.5213,6.5213) seconds
2021/09/10-18:42:45  ... thread 0: (10000000,10000000) ops and ( 1527909.6,1527909.6 ) ops/second in (6.5449,6.5449) seconds
2021/09/10-18:42:45  ... thread 5: (10000000,10000000) ops and ( 1527619.0,1527619.0 ) ops/second in (6.5461,6.5461) seconds
2021/09/10-18:42:45  ... thread 2: (10000000,10000000) ops and ( 1526198.0,1526198.0 ) ops/second in (6.5522,6.5522) seconds
2021/09/10-18:42:45  ... thread 6: (10000000,10000000) ops and ( 1526023.0,1526023.0 ) ops/second in (6.5530,6.5530) seconds
Average Load Factor : 0.73 
# of key left : 9045707 
load         :       0.100 micros/op 9.582590 Mops/s;
120000000 operations, 11.94 real_elapsed 
DIMM0 | Read from IMC | Write from IMC |  Read DIMM  |  Write DIMM  |   RA   |   WA   |
  MB  |      10119.72 |        3755.50 |    31770.12 |      3926.85 |   3.14 |   1.05 |
DIMM1 | Read from IMC | Write from IMC |  Read DIMM  |  Write DIMM  |   RA   |   WA   |
  MB  |       1340.51 |        3700.27 |     2450.41 |      3817.12 |   1.83 |   1.03 |
*SUM* | DIMM-R:  2232.8 MB/s. User-R:   747.8 MB/s   | DIMM-W:   505.3 MB/s, User-W:   486.5 MB/s. Time:  15.33s
[32mDestroy IPMWatcher.
[0m
Randomize the trace...[32mStart IPMWatcher for readall
[0m2021/09/10-18:43:16  ... thread 5: (10000000,10000000) ops and ( 612033.6,612033.6 ) ops/second in (16.3390,16.3390) seconds
2021/09/10-18:43:16  ... thread 2: (10000000,10000000) ops and ( 611981.5,611981.5 ) ops/second in (16.3404,16.3404) seconds
2021/09/10-18:43:16  ... thread 4: (10000000,10000000) ops and ( 611791.0,611791.0 ) ops/second in (16.3454,16.3454) seconds
2021/09/10-18:43:16  ... thread 1: (10000000,10000000) ops and ( 611357.3,611357.3 ) ops/second in (16.3570,16.3570) seconds
2021/09/10-18:43:16  ... thread 7: (10000000,10000000) ops and ( 610565.0,610565.0 ) ops/second in (16.3783,16.3783) seconds
2021/09/10-18:43:16  ... thread 0: (10000000,10000000) ops and ( 610095.9,610095.9 ) ops/second in (16.3909,16.3909) seconds
2021/09/10-18:43:16  ... thread 3: (10000000,10000000) ops and ( 609518.8,609518.8 ) ops/second in (16.4064,16.4064) seconds
2021/09/10-18:43:16  ... thread 6: (10000000,10000000) ops and ( 609240.6,609240.6 ) ops/second in (16.4139,16.4139) seconds
thread  2 num: 15000000, not find: 5701
thread  5 num: 15000000, not find: 5709
thread  4 num: 15000000, not find: 5609
thread  1 num: 15000000, not find: 5810
thread  7 num: 15000000, not find: 5599
thread  0 num: 15000000, not find: 5776
thread  3 num: 15000000, not find: 5653
thread  6 num: 15000000, not find: 5729
readall      :       0.205 micros/op 4.646974 Mops/s; (num: 15000000, not find: 5776)
120000000 operations, 24.63 real_elapsed 
DIMM0 | Read from IMC | Write from IMC |  Read DIMM  |  Write DIMM  |   RA   |   WA   |
  MB  |      25978.17 |        6273.34 |    59132.64 |     25386.52 |   2.28 |   4.05 |
DIMM1 | Read from IMC | Write from IMC |  Read DIMM  |  Write DIMM  |   RA   |   WA   |
  MB  |      17546.30 |           3.34 |    28277.22 |        29.60 |   1.61 |   8.87 |
*SUM* | DIMM-R:  3523.0 MB/s. User-R:  1754.2 MB/s   | DIMM-W:  1024.4 MB/s, User-W:   253.0 MB/s. Time:  24.81s
[32mDestroy IPMWatcher.
[0m
