key trace size: 120000000
Randomize the trace...------------------------------------------------
HashType:              CCEH buflog
Init Capacity:         16777216
Entries:               120000000
Trace size:            120000000
Read:                  120000000 
Write:                 1000000 
Thread:                9 
Report interval:       0 s
Stats interval:        10000000 records
benchmarks:            load,readall
------------------------------------------------
[32mStart IPMWatcher for load
[0m2021/09/10-18:43:38  ... thread 2: (10000000,10000000) ops and ( 1516338.2,1516338.2 ) ops/second in (6.5948,6.5948) seconds
2021/09/10-18:43:38  ... thread 0: (10000000,10000000) ops and ( 1513763.2,1513763.2 ) ops/second in (6.6061,6.6061) seconds
2021/09/10-18:43:38  ... thread 3: (10000000,10000000) ops and ( 1511908.2,1511908.2 ) ops/second in (6.6142,6.6142) seconds
2021/09/10-18:43:38  ... thread 6: (10000000,10000000) ops and ( 1511619.8,1511619.8 ) ops/second in (6.6154,6.6154) seconds
2021/09/10-18:43:38  ... thread 5: (10000000,10000000) ops and ( 1510897.4,1510897.4 ) ops/second in (6.6186,6.6186) seconds
2021/09/10-18:43:39  ... thread 7: (10000000,10000000) ops and ( 1474064.4,1474064.4 ) ops/second in (6.7840,6.7840) seconds
2021/09/10-18:43:39  ... thread 1: (10000000,10000000) ops and ( 1471211.8,1471211.8 ) ops/second in (6.7971,6.7971) seconds
2021/09/10-18:43:39  ... thread 4: (10000000,10000000) ops and ( 1445964.9,1445964.9 ) ops/second in (6.9158,6.9158) seconds
2021/09/10-18:43:39  ... thread 8: (10000000,10000000) ops and ( 1440677.4,1440677.4 ) ops/second in (6.9412,6.9412) seconds
Average Load Factor : 0.73 
# of key left : 9001007 
load         :       0.094 micros/op 10.129499 Mops/s;
119999997 operations, 11.30 real_elapsed 
DIMM0 | Read from IMC | Write from IMC |  Read DIMM  |  Write DIMM  |   RA   |   WA   |
  MB  |       9792.80 |        3762.97 |    31134.92 |      3929.97 |   3.18 |   1.04 |
DIMM1 | Read from IMC | Write from IMC |  Read DIMM  |  Write DIMM  |   RA   |   WA   |
  MB  |       1371.64 |        3707.96 |     2549.43 |      3822.55 |   1.86 |   1.03 |
*SUM* | DIMM-R:  2323.2 MB/s. User-R:   770.0 MB/s   | DIMM-W:   534.7 MB/s, User-W:   515.3 MB/s. Time:  14.50s
[32mDestroy IPMWatcher.
[0m
Randomize the trace...[32mStart IPMWatcher for readall
[0m2021/09/10-18:44:09  ... thread 0: (10000000,10000000) ops and ( 580223.8,580223.8 ) ops/second in (17.2347,17.2347) seconds
2021/09/10-18:44:09  ... thread 4: (10000000,10000000) ops and ( 580114.6,580114.6 ) ops/second in (17.2380,17.2380) seconds
2021/09/10-18:44:09  ... thread 1: (10000000,10000000) ops and ( 579327.6,579327.6 ) ops/second in (17.2614,17.2614) seconds
2021/09/10-18:44:09  ... thread 3: (10000000,10000000) ops and ( 578872.5,578872.5 ) ops/second in (17.2750,17.2750) seconds
2021/09/10-18:44:09  ... thread 7: (10000000,10000000) ops and ( 578233.6,578233.6 ) ops/second in (17.2940,17.2940) seconds
2021/09/10-18:44:09  ... thread 6: (10000000,10000000) ops and ( 577208.1,577208.1 ) ops/second in (17.3248,17.3248) seconds
2021/09/10-18:44:09  ... thread 2: (10000000,10000000) ops and ( 576985.4,576985.4 ) ops/second in (17.3315,17.3315) seconds
2021/09/10-18:44:11  ... thread 8: (10000000,10000000) ops and ( 541433.7,541433.7 ) ops/second in (18.4695,18.4695) seconds
2021/09/10-18:44:11  ... thread 5: (10000000,10000000) ops and ( 541431.6,541431.6 ) ops/second in (18.4696,18.4696) seconds
thread  4 num: 13333333, not find: 5028
thread  0 num: 13333333, not find: 5203
thread  1 num: 13333333, not find: 5023
thread  3 num: 13333333, not find: 5042
thread  7 num: 13333333, not find: 4944
thread  6 num: 13333333, not find: 5086
thread  2 num: 13333333, not find: 5088
thread  5 num: 13333333, not find: 5012
thread  8 num: 13333333, not find: 5215
readall      :       0.200 micros/op 4.759202 Mops/s; (num: 13333333, not find: 5203)
119999997 operations, 24.05 real_elapsed 
DIMM0 | Read from IMC | Write from IMC |  Read DIMM  |  Write DIMM  |   RA   |   WA   |
  MB  |      24920.21 |        6276.99 |    57741.60 |     25418.29 |   2.32 |   4.05 |
DIMM1 | Read from IMC | Write from IMC |  Read DIMM  |  Write DIMM  |   RA   |   WA   |
  MB  |      16802.40 |           3.34 |    27471.02 |        28.96 |   1.63 |   8.68 |
*SUM* | DIMM-R:  3516.8 MB/s. User-R:  1721.9 MB/s   | DIMM-W:  1050.2 MB/s, User-W:   259.2 MB/s. Time:  24.23s
[32mDestroy IPMWatcher.
[0m
