key trace size: 120000000
Randomize the trace...------------------------------------------------
HashType:              CCEH buflog
Init Capacity:         16777216
Entries:               120000000
Trace size:            120000000
Read:                  120000000 
Write:                 1000000 
Thread:                16 
Report interval:       0 s
Stats interval:        10000000 records
benchmarks:            load,readall
------------------------------------------------
[32mStart IPMWatcher for load
[0mAverage Load Factor : 0.73 
# of key left : 9031056 
load         :       0.063 micros/op 15.208902 Mops/s;
120000000 operations, 7.52 real_elapsed 
DIMM0 | Read from IMC | Write from IMC |  Read DIMM  |  Write DIMM  |   RA   |   WA   |
  MB  |       8316.47 |        3779.41 |    27858.75 |      3972.93 |   3.35 |   1.05 |
DIMM1 | Read from IMC | Write from IMC |  Read DIMM  |  Write DIMM  |   RA   |   WA   |
  MB  |       1327.22 |        3716.11 |     2345.72 |      3822.85 |   1.77 |   1.03 |
*SUM* | DIMM-R:  2767.2 MB/s. User-R:   883.5 MB/s   | DIMM-W:   714.2 MB/s, User-W:   686.7 MB/s. Time:  10.91s
[32mDestroy IPMWatcher.
[0m
Randomize the trace...[32mStart IPMWatcher for readall
[0mthread  1 num: 7500000, not find: 2942
thread  7 num: 7500000, not find: 2857
thread 14 num: 7500000, not find: 2790
thread  6 num: 7500000, not find: 2775
thread 11 num: 7500000, not find: 2813
thread 12 num: 7500000, not find: 2929
thread 10 num: 7500000, not find: 2855
thread  4 num: 7500000, not find: 2867
thread  9 num: 7500000, not find: 2839
thread  3 num: 7500000, not find: 2755
thread 13 num: 7500000, not find: 2696
thread  2 num: 7500000, not find: 2891
thread 15 num: 7500000, not find: 2807
thread  5 num: 7500000, not find: 2783
thread  8 num: 7500000, not find: 2822
thread  0 num: 7500000, not find: 2884
readall      :       0.176 micros/op 5.407612 Mops/s; (num: 7500000, not find: 2884)
120000000 operations, 21.16 real_elapsed 
DIMM0 | Read from IMC | Write from IMC |  Read DIMM  |  Write DIMM  |   RA   |   WA   |
  MB  |      21081.74 |        6258.40 |    52613.36 |     25341.45 |   2.50 |   4.05 |
DIMM1 | Read from IMC | Write from IMC |  Read DIMM  |  Write DIMM  |   RA   |   WA   |
  MB  |      13977.14 |           3.34 |    24423.04 |        26.02 |   1.75 |   7.79 |
*SUM* | DIMM-R:  3608.8 MB/s. User-R:  1642.3 MB/s   | DIMM-W:  1188.3 MB/s, User-W:   293.3 MB/s. Time:  21.35s
[32mDestroy IPMWatcher.
[0m
