key trace size: 120000000
Randomize the trace...------------------------------------------------
HashType:              CCEH buflog
Init Capacity:         16777216
Entries:               120000000
Trace size:            120000000
Read:                  120000000 
Write:                 1000000 
Thread:                11 
Report interval:       0 s
Stats interval:        10000000 records
benchmarks:            load,readall
------------------------------------------------
[32mStart IPMWatcher for load
[0m2021/09/10-18:45:21  ... thread 1: (10000000,10000000) ops and ( 1461919.5,1461919.5 ) ops/second in (6.8403,6.8403) seconds
2021/09/10-18:45:21  ... thread 4: (10000000,10000000) ops and ( 1400232.7,1400232.7 ) ops/second in (7.1417,7.1417) seconds
2021/09/10-18:45:22  ... thread 6: (10000000,10000000) ops and ( 1379654.2,1379654.2 ) ops/second in (7.2482,7.2482) seconds
2021/09/10-18:45:22  ... thread 10: (10000000,10000000) ops and ( 1314448.0,1314448.0 ) ops/second in (7.6078,7.6078) seconds
2021/09/10-18:45:22  ... thread 0: (10000000,10000000) ops and ( 1312036.5,1312036.5 ) ops/second in (7.6217,7.6217) seconds
2021/09/10-18:45:22  ... thread 9: (10000000,10000000) ops and ( 1291802.9,1291802.9 ) ops/second in (7.7411,7.7411) seconds
2021/09/10-18:45:22  ... thread 5: (10000000,10000000) ops and ( 1233441.8,1233441.8 ) ops/second in (8.1074,8.1074) seconds
2021/09/10-18:45:22  ... thread 8: (10000000,10000000) ops and ( 1230683.8,1230683.8 ) ops/second in (8.1256,8.1256) seconds
2021/09/10-18:45:23  ... thread 2: (10000000,10000000) ops and ( 1181439.6,1181439.6 ) ops/second in (8.4642,8.4642) seconds
2021/09/10-18:45:23  ... thread 3: (10000000,10000000) ops and ( 1136692.0,1136692.0 ) ops/second in (8.7975,8.7975) seconds
2021/09/10-18:45:23  ... thread 7: (10000000,10000000) ops and ( 1135466.1,1135466.1 ) ops/second in (8.8070,8.8070) seconds
Average Load Factor : 0.73 
# of key left : 9035345 
load         :       0.082 micros/op 11.592794 Mops/s;
119999990 operations, 9.87 real_elapsed 
DIMM0 | Read from IMC | Write from IMC |  Read DIMM  |  Write DIMM  |   RA   |   WA   |
  MB  |       9235.20 |        3766.96 |    29981.90 |      3936.51 |   3.25 |   1.05 |
DIMM1 | Read from IMC | Write from IMC |  Read DIMM  |  Write DIMM  |   RA   |   WA   |
  MB  |       1371.92 |        3710.36 |     2540.17 |      3822.17 |   1.85 |   1.03 |
*SUM* | DIMM-R:  2487.5 MB/s. User-R:   811.3 MB/s   | DIMM-W:   593.4 MB/s, User-W:   571.9 MB/s. Time:  13.07s
[32mDestroy IPMWatcher.
[0m
Randomize the trace...[32mStart IPMWatcher for readall
[0m2021/09/10-18:45:53  ... thread 2: (10000000,10000000) ops and ( 508049.3,508049.3 ) ops/second in (19.6831,19.6831) seconds
2021/09/10-18:45:53  ... thread 5: (10000000,10000000) ops and ( 506716.8,506716.8 ) ops/second in (19.7349,19.7349) seconds
2021/09/10-18:45:53  ... thread 1: (10000000,10000000) ops and ( 506460.2,506460.2 ) ops/second in (19.7449,19.7449) seconds
2021/09/10-18:45:53  ... thread 0: (10000000,10000000) ops and ( 505830.3,505830.3 ) ops/second in (19.7695,19.7695) seconds
2021/09/10-18:45:53  ... thread 10: (10000000,10000000) ops and ( 505712.2,505712.2 ) ops/second in (19.7741,19.7741) seconds
2021/09/10-18:45:54  ... thread 8: (10000000,10000000) ops and ( 476098.7,476098.7 ) ops/second in (21.0040,21.0040) seconds
2021/09/10-18:45:54  ... thread 3: (10000000,10000000) ops and ( 476064.3,476064.3 ) ops/second in (21.0056,21.0056) seconds
2021/09/10-18:45:54  ... thread 9: (10000000,10000000) ops and ( 476044.6,476044.6 ) ops/second in (21.0064,21.0064) seconds
2021/09/10-18:45:54  ... thread 6: (10000000,10000000) ops and ( 476007.4,476007.4 ) ops/second in (21.0081,21.0081) seconds
2021/09/10-18:45:54  ... thread 4: (10000000,10000000) ops and ( 474487.8,474487.8 ) ops/second in (21.0754,21.0754) seconds
2021/09/10-18:45:54  ... thread 7: (10000000,10000000) ops and ( 474267.1,474267.1 ) ops/second in (21.0852,21.0852) seconds
thread  2 num: 10909090, not find: 4168
thread  5 num: 10909090, not find: 4185
thread  1 num: 10909090, not find: 4125
thread  0 num: 10909090, not find: 4133
thread 10 num: 10909090, not find: 4209
thread  6 num: 10909090, not find: 4238
thread  3 num: 10909090, not find: 4202
thread  8 num: 10909090, not find: 4232
thread  9 num: 10909090, not find: 4308
thread  4 num: 10909090, not find: 4263
thread  7 num: 10909090, not find: 4232
readall      :       0.188 micros/op 5.074904 Mops/s; (num: 10909090, not find: 4133)
119999990 operations, 22.55 real_elapsed 
DIMM0 | Read from IMC | Write from IMC |  Read DIMM  |  Write DIMM  |   RA   |   WA   |
  MB  |      23447.93 |        6273.99 |    55856.01 |     25503.15 |   2.38 |   4.06 |
DIMM1 | Read from IMC | Write from IMC |  Read DIMM  |  Write DIMM  |   RA   |   WA   |
  MB  |      15738.52 |           3.33 |    26352.11 |        27.57 |   1.67 |   8.27 |
*SUM* | DIMM-R:  3608.9 MB/s. User-R:  1720.3 MB/s   | DIMM-W:  1120.8 MB/s, User-W:   275.6 MB/s. Time:  22.78s
[32mDestroy IPMWatcher.
[0m
