key trace size: 120000000
Randomize the trace...------------------------------------------------
HashType:              CCEH buflog
Init Capacity:         16777216
Entries:               120000000
Trace size:            120000000
Read:                  120000000 
Write:                 1000000 
Thread:                15 
Report interval:       0 s
Stats interval:        10000000 records
benchmarks:            load,readall
------------------------------------------------
[32mStart IPMWatcher for load
[0mAverage Load Factor : 0.73 
# of key left : 9018211 
load         :       0.065 micros/op 14.582629 Mops/s;
120000000 operations, 7.85 real_elapsed 
DIMM0 | Read from IMC | Write from IMC |  Read DIMM  |  Write DIMM  |   RA   |   WA   |
  MB  |       8477.98 |        3777.84 |    28248.42 |      3964.87 |   3.33 |   1.05 |
DIMM1 | Read from IMC | Write from IMC |  Read DIMM  |  Write DIMM  |   RA   |   WA   |
  MB  |       1336.25 |        3716.03 |     2384.86 |      3824.49 |   1.78 |   1.03 |
*SUM* | DIMM-R:  2725.4 MB/s. User-R:   873.2 MB/s   | DIMM-W:   693.0 MB/s, User-W:   666.7 MB/s. Time:  11.24s
[32mDestroy IPMWatcher.
[0m
Randomize the trace...[32mStart IPMWatcher for readall
[0mthread  7 num: 8000000, not find: 3077
thread  0 num: 8000000, not find: 3152
thread 12 num: 8000000, not find: 3017
thread 10 num: 8000000, not find: 2997
thread  2 num: 8000000, not find: 3093
thread  6 num: 8000000, not find: 3060
thread  8 num: 8000000, not find: 3034
thread 13 num: 8000000, not find: 3015
thread  1 num: 8000000, not find: 3140
thread 14 num: 8000000, not find: 2961
thread  4 num: 8000000, not find: 3172
thread 11 num: 8000000, not find: 3004
thread  9 num: 8000000, not find: 3005
thread  5 num: 8000000, not find: 2993
thread  3 num: 8000000, not find: 3029
readall      :       0.179 micros/op 5.340540 Mops/s; (num: 8000000, not find: 3152)
120000000 operations, 21.43 real_elapsed 
DIMM0 | Read from IMC | Write from IMC |  Read DIMM  |  Write DIMM  |   RA   |   WA   |
  MB  |      21449.15 |        6264.72 |    53138.00 |     25402.16 |   2.48 |   4.05 |
DIMM1 | Read from IMC | Write from IMC |  Read DIMM  |  Write DIMM  |   RA   |   WA   |
  MB  |      14262.85 |           3.34 |    24750.42 |        26.20 |   1.74 |   7.85 |
*SUM* | DIMM-R:  3601.6 MB/s. User-R:  1651.3 MB/s   | DIMM-W:  1175.8 MB/s, User-W:   289.8 MB/s. Time:  21.63s
[32mDestroy IPMWatcher.
[0m
