key trace size: 120000000
Randomize the trace...------------------------------------------------
HashType:              CCEH buflog
Init Capacity:         16777216
Entries:               120000000
Trace size:            120000000
Read:                  120000000 
Write:                 1000000 
Thread:                6 
Report interval:       0 s
Stats interval:        10000000 records
benchmarks:            load,readall
------------------------------------------------
[32mStart IPMWatcher for load
[0m2021/09/10-18:40:48  ... thread 4: (10000000,10000000) ops and ( 1551626.7,1551626.7 ) ops/second in (6.4448,6.4448) seconds
2021/09/10-18:40:48  ... thread 1: (10000000,10000000) ops and ( 1545990.3,1545990.3 ) ops/second in (6.4683,6.4683) seconds
2021/09/10-18:40:48  ... thread 0: (10000000,10000000) ops and ( 1543643.9,1543643.9 ) ops/second in (6.4782,6.4782) seconds
2021/09/10-18:40:48  ... thread 3: (10000000,10000000) ops and ( 1541638.3,1541638.3 ) ops/second in (6.4866,6.4866) seconds
2021/09/10-18:40:48  ... thread 5: (10000000,10000000) ops and ( 1538473.4,1538473.4 ) ops/second in (6.5000,6.5000) seconds
2021/09/10-18:40:48  ... thread 2: (10000000,10000000) ops and ( 1534175.1,1534175.1 ) ops/second in (6.5182,6.5182) seconds
2021/09/10-18:40:57  ... thread 4: (10000000,20000000) ops and ( 1146493.2,1318643.7 ) ops/second in (8.7223,15.1671) seconds
2021/09/10-18:40:57  ... thread 1: (10000000,20000000) ops and ( 1145274.0,1315799.8 ) ops/second in (8.7315,15.1999) seconds
2021/09/10-18:40:57  ... thread 0: (10000000,20000000) ops and ( 1143632.2,1313866.4 ) ops/second in (8.7441,15.2222) seconds
2021/09/10-18:40:57  ... thread 3: (10000000,20000000) ops and ( 1142741.4,1312552.0 ) ops/second in (8.7509,15.2375) seconds
2021/09/10-18:40:57  ... thread 5: (10000000,20000000) ops and ( 1136949.2,1307581.1 ) ops/second in (8.7955,15.2954) seconds
2021/09/10-18:40:57  ... thread 2: (10000000,20000000) ops and ( 1137246.3,1306222.2 ) ops/second in (8.7932,15.3113) seconds
Average Load Factor : 0.73 
# of key left : 9060216 
load         :       0.128 micros/op 7.474251 Mops/s;
120000000 operations, 15.31 real_elapsed 
DIMM0 | Read from IMC | Write from IMC |  Read DIMM  |  Write DIMM  |   RA   |   WA   |
  MB  |      10261.54 |        3749.57 |    32155.48 |      3912.05 |   3.13 |   1.04 |
DIMM1 | Read from IMC | Write from IMC |  Read DIMM  |  Write DIMM  |   RA   |   WA   |
  MB  |       1336.57 |        3695.63 |     2438.29 |      3813.07 |   1.82 |   1.03 |
*SUM* | DIMM-R:  1860.0 MB/s. User-R:   623.6 MB/s   | DIMM-W:   415.4 MB/s, User-W:   400.3 MB/s. Time:  18.60s
[32mDestroy IPMWatcher.
[0m
Randomize the trace...[32mStart IPMWatcher for readall
[0m2021/09/10-18:41:21  ... thread 0: (10000000,10000000) ops and ( 694655.9,694655.9 ) ops/second in (14.3956,14.3956) seconds
2021/09/10-18:41:21  ... thread 3: (10000000,10000000) ops and ( 692743.6,692743.6 ) ops/second in (14.4354,14.4354) seconds
2021/09/10-18:41:21  ... thread 4: (10000000,10000000) ops and ( 692742.5,692742.5 ) ops/second in (14.4354,14.4354) seconds
2021/09/10-18:41:21  ... thread 1: (10000000,10000000) ops and ( 691929.7,691929.7 ) ops/second in (14.4523,14.4523) seconds
2021/09/10-18:41:21  ... thread 2: (10000000,10000000) ops and ( 690603.0,690603.0 ) ops/second in (14.4801,14.4801) seconds
2021/09/10-18:41:21  ... thread 5: (10000000,10000000) ops and ( 689677.8,689677.8 ) ops/second in (14.4995,14.4995) seconds
2021/09/10-18:41:35  ... thread 3: (10000000,20000000) ops and ( 693458.9,693101.0 ) ops/second in (14.4205,28.8558) seconds
thread  3 num: 20000000, not find: 7605
2021/09/10-18:41:35  ... thread 4: (10000000,20000000) ops and ( 693269.2,693005.7 ) ops/second in (14.4244,28.8598) seconds
thread  4 num: 20000000, not find: 7645
2021/09/10-18:41:35  ... thread 1: (10000000,20000000) ops and ( 692701.0,692315.1 ) ops/second in (14.4362,28.8886) seconds
thread  1 num: 20000000, not find: 7640
2021/09/10-18:41:35  ... thread 0: (10000000,20000000) ops and ( 689654.1,692146.0 ) ops/second in (14.5000,28.8956) seconds
thread  0 num: 20000000, not find: 7671
2021/09/10-18:41:35  ... thread 2: (10000000,20000000) ops and ( 692013.6,691307.6 ) ops/second in (14.4506,28.9307) seconds
thread  2 num: 20000000, not find: 7712
2021/09/10-18:41:35  ... thread 5: (10000000,20000000) ops and ( 691438.4,690556.9 ) ops/second in (14.4626,28.9621) seconds
thread  5 num: 20000000, not find: 7805
readall      :       0.241 micros/op 3.951394 Mops/s; (num: 20000000, not find: 7671)
120000000 operations, 28.96 real_elapsed 
DIMM0 | Read from IMC | Write from IMC |  Read DIMM  |  Write DIMM  |   RA   |   WA   |
  MB  |      25968.05 |        6307.83 |    59193.22 |     25628.80 |   2.28 |   4.06 |
DIMM1 | Read from IMC | Write from IMC |  Read DIMM  |  Write DIMM  |   RA   |   WA   |
  MB  |      17508.40 |           3.34 |    28135.40 |        32.73 |   1.61 |   9.80 |
*SUM* | DIMM-R:  2995.3 MB/s. User-R:  1491.2 MB/s   | DIMM-W:   880.2 MB/s, User-W:   216.5 MB/s. Time:  29.16s
[32mDestroy IPMWatcher.
[0m
