key trace size: 120000000
Randomize the trace...------------------------------------------------
HashType:              CCEH buflog
Init Capacity:         16777216
Entries:               120000000
Trace size:            120000000
Read:                  120000000 
Write:                 1000000 
Thread:                12 
Report interval:       0 s
Stats interval:        10000000 records
benchmarks:            load,readall
------------------------------------------------
[32mStart IPMWatcher for load
[0m2021/09/10-18:46:12  ... thread 7: (10000000,10000000) ops and ( 1161645.8,1161645.8 ) ops/second in (8.6085,8.6085) seconds
2021/09/10-18:46:12  ... thread 4: (10000000,10000000) ops and ( 1156093.4,1156093.4 ) ops/second in (8.6498,8.6498) seconds
2021/09/10-18:46:12  ... thread 9: (10000000,10000000) ops and ( 1123733.1,1123733.1 ) ops/second in (8.8989,8.8989) seconds
2021/09/10-18:46:12  ... thread 2: (10000000,10000000) ops and ( 1113097.0,1113097.0 ) ops/second in (8.9839,8.9839) seconds
2021/09/10-18:46:12  ... thread 3: (10000000,10000000) ops and ( 1112886.0,1112886.0 ) ops/second in (8.9856,8.9856) seconds
2021/09/10-18:46:12  ... thread 0: (10000000,10000000) ops and ( 1105470.1,1105470.1 ) ops/second in (9.0459,9.0459) seconds
2021/09/10-18:46:12  ... thread 6: (10000000,10000000) ops and ( 1087201.5,1087201.5 ) ops/second in (9.1979,9.1979) seconds
2021/09/10-18:46:12  ... thread 10: (10000000,10000000) ops and ( 1086655.7,1086655.7 ) ops/second in (9.2025,9.2025) seconds
2021/09/10-18:46:12  ... thread 11: (10000000,10000000) ops and ( 1086098.6,1086098.6 ) ops/second in (9.2073,9.2073) seconds
2021/09/10-18:46:12  ... thread 1: (10000000,10000000) ops and ( 1084120.0,1084120.0 ) ops/second in (9.2241,9.2241) seconds
2021/09/10-18:46:12  ... thread 5: (10000000,10000000) ops and ( 1083769.1,1083769.1 ) ops/second in (9.2271,9.2271) seconds
2021/09/10-18:46:12  ... thread 8: (10000000,10000000) ops and ( 1078726.5,1078726.5 ) ops/second in (9.2702,9.2702) seconds
Average Load Factor : 0.73 
# of key left : 9072018 
load         :       0.077 micros/op 12.344940 Mops/s;
120000000 operations, 9.27 real_elapsed 
DIMM0 | Read from IMC | Write from IMC |  Read DIMM  |  Write DIMM  |   RA   |   WA   |
  MB  |       9036.79 |        3767.07 |    29535.76 |      3936.63 |   3.27 |   1.05 |
DIMM1 | Read from IMC | Write from IMC |  Read DIMM  |  Write DIMM  |   RA   |   WA   |
  MB  |       1371.18 |        3709.83 |     2530.27 |      3819.96 |   1.85 |   1.03 |
*SUM* | DIMM-R:  2570.0 MB/s. User-R:   834.2 MB/s   | DIMM-W:   621.7 MB/s, User-W:   599.3 MB/s. Time:  12.48s
[32mDestroy IPMWatcher.
[0m
Randomize the trace...[32mStart IPMWatcher for readall
[0m2021/09/10-18:46:42  ... thread 3: (10000000,10000000) ops and ( 490304.5,490304.5 ) ops/second in (20.3955,20.3955) seconds
thread  3 num: 10000000, not find: 3883
2021/09/10-18:46:42  ... thread 2: (10000000,10000000) ops and ( 490031.4,490031.4 ) ops/second in (20.4069,20.4069) seconds
thread  2 num: 10000000, not find: 3887
2021/09/10-18:46:42  ... thread 0: (10000000,10000000) ops and ( 489224.6,489224.6 ) ops/second in (20.4405,20.4405) seconds
thread  0 num: 10000000, not find: 3847
2021/09/10-18:46:42  ... thread 5: (10000000,10000000) ops and ( 488961.9,488961.9 ) ops/second in (20.4515,20.4515) seconds
thread  5 num: 10000000, not find: 3871
2021/09/10-18:46:43  ... thread 8: (10000000,10000000) ops and ( 468323.8,468323.8 ) ops/second in (21.3527,21.3527) seconds
thread  8 num: 10000000, not find: 3828
2021/09/10-18:46:43  ... thread 4: (10000000,10000000) ops and ( 468064.6,468064.6 ) ops/second in (21.3646,21.3646) seconds
thread  4 num: 10000000, not find: 3788
2021/09/10-18:46:43  ... thread 11: (10000000,10000000) ops and ( 467983.3,467983.3 ) ops/second in (21.3683,21.3683) seconds
thread 11 num: 10000000, not find: 3843
2021/09/10-18:46:43  ... thread 9: (10000000,10000000) ops and ( 467936.8,467936.8 ) ops/second in (21.3704,21.3704) seconds
thread  9 num: 10000000, not find: 3939
2021/09/10-18:46:43  ... thread 7: (10000000,10000000) ops and ( 467882.2,467882.2 ) ops/second in (21.3729,21.3729) seconds
thread  7 num: 10000000, not find: 3786
2021/09/10-18:46:43  ... thread 1: (10000000,10000000) ops and ( 467602.9,467602.9 ) ops/second in (21.3857,21.3857) seconds
thread  1 num: 10000000, not find: 3922
2021/09/10-18:46:43  ... thread 6: (10000000,10000000) ops and ( 467158.6,467158.6 ) ops/second in (21.4060,21.4060) seconds
thread  6 num: 10000000, not find: 3876
2021/09/10-18:46:43  ... thread 10: (10000000,10000000) ops and ( 467134.5,467134.5 ) ops/second in (21.4071,21.4071) seconds
thread 10 num: 10000000, not find: 3815
readall      :       0.178 micros/op 5.345911 Mops/s; (num: 10000000, not find: 3847)
120000000 operations, 21.41 real_elapsed 
DIMM0 | Read from IMC | Write from IMC |  Read DIMM  |  Write DIMM  |   RA   |   WA   |
  MB  |      22890.51 |        6265.56 |    54962.74 |     25316.88 |   2.40 |   4.04 |
DIMM1 | Read from IMC | Write from IMC |  Read DIMM  |  Write DIMM  |   RA   |   WA   |
  MB  |      15327.81 |           3.34 |    25875.21 |        26.63 |   1.69 |   7.98 |
*SUM* | DIMM-R:  3738.7 MB/s. User-R:  1767.6 MB/s   | DIMM-W:  1172.1 MB/s, User-W:   289.9 MB/s. Time:  21.62s
[32mDestroy IPMWatcher.
[0m
