key trace size: 120000000
Randomize the trace...------------------------------------------------
HashType:              CCEH buflog
Init Capacity:         16777216
Entries:               120000000
Trace size:            120000000
Read:                  120000000 
Write:                 1000000 
Thread:                14 
Report interval:       0 s
Stats interval:        10000000 records
benchmarks:            load,readall
------------------------------------------------
[32mStart IPMWatcher for load
[0mAverage Load Factor : 0.73 
# of key left : 9018879 
load         :       0.069 micros/op 13.819869 Mops/s;
119999992 operations, 8.28 real_elapsed 
DIMM0 | Read from IMC | Write from IMC |  Read DIMM  |  Write DIMM  |   RA   |   WA   |
  MB  |       8671.67 |        3776.66 |    28739.28 |      3955.86 |   3.31 |   1.05 |
DIMM1 | Read from IMC | Write from IMC |  Read DIMM  |  Write DIMM  |   RA   |   WA   |
  MB  |       1360.59 |        3716.99 |     2476.75 |      3824.70 |   1.82 |   1.03 |
*SUM* | DIMM-R:  2713.7 MB/s. User-R:   872.1 MB/s   | DIMM-W:   676.4 MB/s, User-W:   651.5 MB/s. Time:  11.50s
[32mDestroy IPMWatcher.
[0m
Randomize the trace...[32mStart IPMWatcher for readall
[0mthread  2 num: 8571428, not find: 3409
thread  1 num: 8571428, not find: 3347
thread 11 num: 8571428, not find: 3170
thread  4 num: 8571428, not find: 3399
thread  8 num: 8571428, not find: 3259
thread  3 num: 8571428, not find: 3306
thread 13 num: 8571428, not find: 3261
thread  9 num: 8571428, not find: 3322
thread 12 num: 8571428, not find: 3287
thread  6 num: 8571428, not find: 3220
thread 10 num: 8571428, not find: 3314
thread  0 num: 8571428, not find: 3285
thread  5 num: 8571428, not find: 3293
thread  7 num: 8571428, not find: 3339
readall      :       0.175 micros/op 5.455657 Mops/s; (num: 8571428, not find: 3285)
119999992 operations, 20.98 real_elapsed 
DIMM0 | Read from IMC | Write from IMC |  Read DIMM  |  Write DIMM  |   RA   |   WA   |
  MB  |      21868.92 |        6271.45 |    53573.80 |     25322.42 |   2.45 |   4.04 |
DIMM1 | Read from IMC | Write from IMC |  Read DIMM  |  Write DIMM  |   RA   |   WA   |
  MB  |      14566.46 |           3.33 |    25061.53 |        26.02 |   1.72 |   7.81 |
*SUM* | DIMM-R:  3711.1 MB/s. User-R:  1719.5 MB/s   | DIMM-W:  1196.3 MB/s, User-W:   296.1 MB/s. Time:  21.19s
[32mDestroy IPMWatcher.
[0m
