key trace size: 120000000
Randomize the trace...------------------------------------------------
HashType:              CCEH buflog
Init Capacity:         16777216
Entries:               120000000
Trace size:            120000000
Read:                  120000000 
Write:                 1000000 
Thread:                1 
Report interval:       0 s
Stats interval:        10000000 records
benchmarks:            load,readall
------------------------------------------------
[32mStart IPMWatcher for load
[0m2021/09/10-18:30:50  ... thread 0: (10000000,10000000) ops and ( 2781057.9,2781057.9 ) ops/second in (3.5958,3.5958) seconds
2021/09/10-18:30:56  ... thread 0: (10000000,20000000) ops and ( 1556860.5,1996219.8 ) ops/second in (6.4232,10.0189) seconds
2021/09/10-18:31:01  ... thread 0: (10000000,30000000) ops and ( 2179685.9,2053844.4 ) ops/second in (4.5878,14.6068) seconds
2021/09/10-18:31:05  ... thread 0: (10000000,40000000) ops and ( 2093130.9,2063527.1 ) ops/second in (4.7775,19.3843) seconds
2021/09/10-18:31:16  ... thread 0: (10000000,50000000) ops and ( 975624.7,1687243.8 ) ops/second in (10.2498,29.6341) seconds
2021/09/10-18:31:22  ... thread 0: (10000000,60000000) ops and ( 1733718.5,1694815.8 ) ops/second in (5.7679,35.4021) seconds
2021/09/10-18:31:27  ... thread 0: (10000000,70000000) ops and ( 1759075.0,1703706.7 ) ops/second in (5.6848,41.0869) seconds
2021/09/10-18:31:33  ... thread 0: (10000000,80000000) ops and ( 1759664.0,1710506.0 ) ops/second in (5.6829,46.7698) seconds
2021/09/10-18:31:39  ... thread 0: (10000000,90000000) ops and ( 1726617.7,1712281.3 ) ops/second in (5.7917,52.5615) seconds
2021/09/10-18:31:45  ... thread 0: (10000000,100000000) ops and ( 1663170.7,1707240.1 ) ops/second in (6.0126,58.5741) seconds
2021/09/10-18:31:56  ... thread 0: (10000000,110000000) ops and ( 910285.5,1581376.9 ) ops/second in (10.9856,69.5596) seconds
2021/09/10-18:32:09  ... thread 0: (10000000,120000000) ops and ( 725173.1,1439721.7 ) ops/second in (13.7898,83.3494) seconds
Average Load Factor : 0.73 
# of key left : 9047499 
load         :       0.695 micros/op 1.373025 Mops/s;
120000000 operations, 83.35 real_elapsed 
DIMM0 | Read from IMC | Write from IMC |  Read DIMM  |  Write DIMM  |   RA   |   WA   |
  MB  |      11266.10 |        3747.89 |    35013.07 |      3934.99 |   3.11 |   1.05 |
DIMM1 | Read from IMC | Write from IMC |  Read DIMM  |  Write DIMM  |   RA   |   WA   |
  MB  |       1431.85 |        3695.41 |     2826.23 |      3859.76 |   1.97 |   1.04 |
*SUM* | DIMM-R:   436.2 MB/s. User-R:   146.4 MB/s   | DIMM-W:    89.9 MB/s, User-W:    85.8 MB/s. Time:  86.75s
[32mDestroy IPMWatcher.
[0m
Randomize the trace...[32mStart IPMWatcher for readall
[0m2021/09/10-18:32:30  ... thread 0: (10000000,10000000) ops and ( 894301.2,894301.2 ) ops/second in (11.1819,11.1819) seconds
2021/09/10-18:32:41  ... thread 0: (10000000,20000000) ops and ( 915337.8,904697.2 ) ops/second in (10.9249,22.1068) seconds
2021/09/10-18:32:52  ... thread 0: (10000000,30000000) ops and ( 915037.2,908117.8 ) ops/second in (10.9285,33.0354) seconds
2021/09/10-18:33:03  ... thread 0: (10000000,40000000) ops and ( 920855.1,911269.0 ) ops/second in (10.8595,43.8948) seconds
2021/09/10-18:33:13  ... thread 0: (10000000,50000000) ops and ( 918145.7,912636.1 ) ops/second in (10.8915,54.7863) seconds
2021/09/10-18:33:25  ... thread 0: (10000000,60000000) ops and ( 899887.7,910486.3 ) ops/second in (11.1125,65.8988) seconds
2021/09/10-18:33:35  ... thread 0: (10000000,70000000) ops and ( 917360.7,911462.1 ) ops/second in (10.9008,76.7997) seconds
2021/09/10-18:33:47  ... thread 0: (10000000,80000000) ops and ( 904657.1,910605.8 ) ops/second in (11.0539,87.8536) seconds
2021/09/10-18:33:57  ... thread 0: (10000000,90000000) ops and ( 915305.8,911125.7 ) ops/second in (10.9253,98.7789) seconds
2021/09/10-18:34:08  ... thread 0: (10000000,100000000) ops and ( 927430.8,912730.3 ) ops/second in (10.7825,109.5614) seconds
2021/09/10-18:34:19  ... thread 0: (10000000,110000000) ops and ( 927104.1,914018.6 ) ops/second in (10.7863,120.3477) seconds
2021/09/10-18:34:30  ... thread 0: (10000000,120000000) ops and ( 908923.7,913591.9 ) ops/second in (11.0020,131.3497) seconds
thread  0 num: 120000000, not find: 46054
readall      :       1.095 micros/op 0.871269 Mops/s; (num: 120000000, not find: 46054)
120000000 operations, 131.35 real_elapsed 
DIMM0 | Read from IMC | Write from IMC |  Read DIMM  |  Write DIMM  |   RA   |   WA   |
  MB  |      26345.94 |        6493.04 |    60773.88 |     26703.14 |   2.31 |   4.11 |
DIMM1 | Read from IMC | Write from IMC |  Read DIMM  |  Write DIMM  |   RA   |   WA   |
  MB  |      17767.44 |           0.01 |    28960.95 |       107.85 |   1.63 | 11183.90 |
*SUM* | DIMM-R:   682.1 MB/s. User-R:   335.3 MB/s   | DIMM-W:   203.8 MB/s, User-W:    49.4 MB/s. Time: 131.56s
[32mDestroy IPMWatcher.
[0m
