key trace size: 120000000
Randomize the trace...------------------------------------------------
HashType:              CCEH buflog
Init Capacity:         16777216
Entries:               120000000
Trace size:            120000000
Read:                  120000000 
Write:                 1000000 
Thread:                7 
Report interval:       0 s
Stats interval:        10000000 records
benchmarks:            load,readall
------------------------------------------------
[32mStart IPMWatcher for load
[0m2021/09/10-18:41:49  ... thread 3: (10000000,10000000) ops and ( 1541546.3,1541546.3 ) ops/second in (6.4870,6.4870) seconds
2021/09/10-18:41:49  ... thread 1: (10000000,10000000) ops and ( 1539551.3,1539551.3 ) ops/second in (6.4954,6.4954) seconds
2021/09/10-18:41:49  ... thread 0: (10000000,10000000) ops and ( 1536417.9,1536417.9 ) ops/second in (6.5086,6.5086) seconds
2021/09/10-18:41:49  ... thread 2: (10000000,10000000) ops and ( 1535271.5,1535271.5 ) ops/second in (6.5135,6.5135) seconds
2021/09/10-18:41:49  ... thread 4: (10000000,10000000) ops and ( 1534070.8,1534070.8 ) ops/second in (6.5186,6.5186) seconds
2021/09/10-18:41:49  ... thread 5: (10000000,10000000) ops and ( 1533617.4,1533617.4 ) ops/second in (6.5205,6.5205) seconds
2021/09/10-18:41:49  ... thread 6: (10000000,10000000) ops and ( 1529036.1,1529036.1 ) ops/second in (6.5401,6.5401) seconds
Average Load Factor : 0.73 
# of key left : 9060286 
load         :       0.112 micros/op 8.507530 Mops/s;
119999999 operations, 13.45 real_elapsed 
DIMM0 | Read from IMC | Write from IMC |  Read DIMM  |  Write DIMM  |   RA   |   WA   |
  MB  |      10201.18 |        3754.70 |    32040.57 |      3920.41 |   3.14 |   1.04 |
DIMM1 | Read from IMC | Write from IMC |  Read DIMM  |  Write DIMM  |   RA   |   WA   |
  MB  |       1369.31 |        3700.47 |     2559.25 |      3817.92 |   1.87 |   1.03 |
*SUM* | DIMM-R:  2064.6 MB/s. User-R:   690.4 MB/s   | DIMM-W:   461.7 MB/s, User-W:   444.8 MB/s. Time:  16.76s
[32mDestroy IPMWatcher.
[0m
Randomize the trace...[32mStart IPMWatcher for readall
[0m2021/09/10-18:42:20  ... thread 4: (10000000,10000000) ops and ( 658536.1,658536.1 ) ops/second in (15.1852,15.1852) seconds
2021/09/10-18:42:21  ... thread 6: (10000000,10000000) ops and ( 655881.1,655881.1 ) ops/second in (15.2467,15.2467) seconds
2021/09/10-18:42:21  ... thread 1: (10000000,10000000) ops and ( 655843.3,655843.3 ) ops/second in (15.2475,15.2475) seconds
2021/09/10-18:42:21  ... thread 3: (10000000,10000000) ops and ( 655646.8,655646.8 ) ops/second in (15.2521,15.2521) seconds
2021/09/10-18:42:21  ... thread 0: (10000000,10000000) ops and ( 655536.7,655536.7 ) ops/second in (15.2547,15.2547) seconds
2021/09/10-18:42:21  ... thread 5: (10000000,10000000) ops and ( 653365.6,653365.6 ) ops/second in (15.3054,15.3054) seconds
2021/09/10-18:42:21  ... thread 2: (10000000,10000000) ops and ( 653063.0,653063.0 ) ops/second in (15.3125,15.3125) seconds
thread  6 num: 17142857, not find: 6531
thread  4 num: 17142857, not find: 6546
thread  1 num: 17142857, not find: 6693
thread  3 num: 17142857, not find: 6744
thread  0 num: 17142857, not find: 6547
thread  5 num: 17142857, not find: 6567
thread  2 num: 17142857, not find: 6488
readall      :       0.219 micros/op 4.346075 Mops/s; (num: 17142857, not find: 6547)
119999999 operations, 26.33 real_elapsed 
DIMM0 | Read from IMC | Write from IMC |  Read DIMM  |  Write DIMM  |   RA   |   WA   |
  MB  |      25909.86 |        6285.48 |    59011.23 |     25436.79 |   2.28 |   4.05 |
DIMM1 | Read from IMC | Write from IMC |  Read DIMM  |  Write DIMM  |   RA   |   WA   |
  MB  |      17493.44 |           3.36 |    28169.76 |        30.88 |   1.61 |   9.20 |
*SUM* | DIMM-R:  3285.5 MB/s. User-R:  1635.7 MB/s   | DIMM-W:   959.8 MB/s, User-W:   237.0 MB/s. Time:  26.54s
[32mDestroy IPMWatcher.
[0m
