key trace size: 120000000
Randomize the trace...------------------------------------------------
HashType:              CCEH buflog
Init Capacity:         16777216
Entries:               120000000
Trace size:            120000000
Read:                  120000000 
Write:                 1000000 
Thread:                13 
Report interval:       0 s
Stats interval:        10000000 records
benchmarks:            load,readall
------------------------------------------------
[32mStart IPMWatcher for load
[0mload         :       0.075 micros/op 12.728315 Mops/s;
DIMM0 | Read from IMC | Write from IMC |  Read DIMM  |  Write DIMM  |   RA   |   WA   |
  MB  |       9406.09 |        3888.12 |    30406.55 |      4072.19 |   3.23 |   1.05 |
DIMM1 | Read from IMC | Write from IMC |  Read DIMM  |  Write DIMM  |   RA   |   WA   |
  MB  |       1393.08 |        3827.22 |     2453.57 |      3939.94 |   1.76 |   1.03 |
*SUM* | DIMM-R:  3561.3 MB/s. User-R:  1170.4 MB/s   | DIMM-W:   868.3 MB/s, User-W:   836.2 MB/s. Time:   9.23s
[32mDestroy IPMWatcher.
[0m
Randomize the trace...[32mStart IPMWatcher for readall
[0mthread  2 num: 9230769, not find: 144
thread  0 num: 9230769, not find: 155
thread  1 num: 9230769, not find: 123
thread 11 num: 9230769, not find: 166
thread  5 num: 9230769, not find: 140
thread  3 num: 9230769, not find: 149
thread  9 num: 9230769, not find: 152
thread 12 num: 9230769, not find: 142
thread  7 num: 9230769, not find: 154
thread  8 num: 9230769, not find: 156
thread  6 num: 9230769, not find: 149
thread 10 num: 9230769, not find: 143
thread  4 num: 9230769, not find: 137
readall      :       0.153 micros/op 6.251567 Mops/s; (num: 9230769, not find: 155)
DIMM0 | Read from IMC | Write from IMC |  Read DIMM  |  Write DIMM  |   RA   |   WA   |
  MB  |      17691.78 |        5183.66 |    47763.21 |     20965.72 |   2.70 |   4.04 |
DIMM1 | Read from IMC | Write from IMC |  Read DIMM  |  Write DIMM  |   RA   |   WA   |
  MB  |      10086.83 |           3.34 |    18581.48 |        22.36 |   1.84 |   6.70 |
*SUM* | DIMM-R:  3582.7 MB/s. User-R:  1500.1 MB/s   | DIMM-W:  1133.4 MB/s, User-W:   280.1 MB/s. Time:  18.52s
[32mDestroy IPMWatcher.
[0m
