key trace size: 120000000
Randomize the trace...------------------------------------------------
HashType:              CCEH buflog
Init Capacity:         16777216
Entries:               120000000
Trace size:            120000000
Read:                  120000000 
Write:                 1000000 
Thread:                3 
Report interval:       0 s
Stats interval:        10000000 records
benchmarks:            load,readall
------------------------------------------------
[32mStart IPMWatcher for load
[0m2021/09/07-17:02:38  ... thread 2: (10000000,10000000) ops and ( 1886091.8,1886091.8 ) ops/second in (5.3020,5.3020) seconds
2021/09/07-17:02:38  ... thread 0: (10000000,10000000) ops and ( 1874393.9,1874393.9 ) ops/second in (5.3351,5.3351) seconds
2021/09/07-17:02:38  ... thread 1: (10000000,10000000) ops and ( 1855964.2,1855964.2 ) ops/second in (5.3880,5.3880) seconds
2021/09/07-17:02:45  ... thread 2: (10000000,20000000) ops and ( 1351845.5,1574894.4 ) ops/second in (7.3973,12.6993) seconds
2021/09/07-17:02:45  ... thread 0: (10000000,20000000) ops and ( 1350405.9,1569829.3 ) ops/second in (7.4052,12.7402) seconds
2021/09/07-17:02:45  ... thread 1: (10000000,20000000) ops and ( 1343354.9,1558593.3 ) ops/second in (7.4440,12.8321) seconds
2021/09/07-17:02:53  ... thread 2: (10000000,30000000) ops and ( 1186890.8,1420142.6 ) ops/second in (8.4254,21.1246) seconds
2021/09/07-17:02:53  ... thread 0: (10000000,30000000) ops and ( 1184440.2,1416226.9 ) ops/second in (8.4428,21.1830) seconds
2021/09/07-17:02:54  ... thread 1: (10000000,30000000) ops and ( 1170303.8,1403385.7 ) ops/second in (8.5448,21.3769) seconds
2021/09/07-17:03:02  ... thread 2: (10000000,40000000) ops and ( 1183634.1,1352576.2 ) ops/second in (8.4486,29.5732) seconds
2021/09/07-17:03:02  ... thread 0: (10000000,40000000) ops and ( 1185962.9,1350666.3 ) ops/second in (8.4320,29.6150) seconds
2021/09/07-17:03:02  ... thread 1: (10000000,40000000) ops and ( 1184748.6,1341494.9 ) ops/second in (8.4406,29.8175) seconds
load         :       0.248 micros/op 3.838044 Mops/s;
DIMM0 | Read from IMC | Write from IMC |  Read DIMM  |  Write DIMM  |   RA   |   WA   |
  MB  |      11303.94 |        3871.99 |    34892.69 |      4031.87 |   3.09 |   1.04 |
DIMM1 | Read from IMC | Write from IMC |  Read DIMM  |  Write DIMM  |   RA   |   WA   |
  MB  |       1473.46 |        3817.76 |     2816.74 |      3946.56 |   1.91 |   1.03 |
*SUM* | DIMM-R:  1256.4 MB/s. User-R:   425.7 MB/s   | DIMM-W:   265.8 MB/s, User-W:   256.2 MB/s. Time:  30.01s
[32mDestroy IPMWatcher.
[0m
Randomize the trace...[32mStart IPMWatcher for readall
[0m2021/09/07-17:03:18  ... thread 0: (10000000,10000000) ops and ( 989755.7,989755.7 ) ops/second in (10.1035,10.1035) seconds
2021/09/07-17:03:18  ... thread 2: (10000000,10000000) ops and ( 986036.9,986036.9 ) ops/second in (10.1416,10.1416) seconds
2021/09/07-17:03:18  ... thread 1: (10000000,10000000) ops and ( 985922.7,985922.7 ) ops/second in (10.1428,10.1428) seconds
2021/09/07-17:03:28  ... thread 0: (10000000,20000000) ops and ( 987119.1,988435.6 ) ops/second in (10.1305,20.2340) seconds
2021/09/07-17:03:28  ... thread 2: (10000000,20000000) ops and ( 983544.2,984789.0 ) ops/second in (10.1673,20.3089) seconds
2021/09/07-17:03:28  ... thread 1: (10000000,20000000) ops and ( 983121.1,984519.9 ) ops/second in (10.1717,20.3145) seconds
2021/09/07-17:03:38  ... thread 0: (10000000,30000000) ops and ( 988658.9,988510.1 ) ops/second in (10.1147,30.3487) seconds
2021/09/07-17:03:38  ... thread 2: (10000000,30000000) ops and ( 986762.5,985445.9 ) ops/second in (10.1342,30.4431) seconds
2021/09/07-17:03:38  ... thread 1: (10000000,30000000) ops and ( 985690.5,984909.8 ) ops/second in (10.1452,30.4596) seconds
2021/09/07-17:03:49  ... thread 0: (10000000,40000000) ops and ( 987242.9,988193.0 ) ops/second in (10.1292,40.4779) seconds
thread  0 num: 40000000, not find: 619
2021/09/07-17:03:49  ... thread 2: (10000000,40000000) ops and ( 983095.7,984857.3 ) ops/second in (10.1720,40.6150) seconds
thread  2 num: 40000000, not find: 626
2021/09/07-17:03:49  ... thread 1: (10000000,40000000) ops and ( 983783.9,984628.1 ) ops/second in (10.1648,40.6245) seconds
thread  1 num: 40000000, not find: 586
readall      :       0.339 micros/op 2.817042 Mops/s; (num: 40000000, not find: 619)
DIMM0 | Read from IMC | Write from IMC |  Read DIMM  |  Write DIMM  |   RA   |   WA   |
  MB  |      19395.30 |        5249.19 |    51079.76 |     21374.76 |   2.63 |   4.07 |
DIMM1 | Read from IMC | Write from IMC |  Read DIMM  |  Write DIMM  |   RA   |   WA   |
  MB  |      10491.18 |           0.01 |    18942.72 |        36.01 |   1.81 | 3757.68 |
*SUM* | DIMM-R:  1714.6 MB/s. User-R:   731.8 MB/s   | DIMM-W:   524.3 MB/s, User-W:   128.5 MB/s. Time:  40.84s
[32mDestroy IPMWatcher.
[0m
