key trace size: 120000000
Randomize the trace...------------------------------------------------
HashType:              CCEH buflog
Init Capacity:         16777216
Entries:               120000000
Trace size:            120000000
Read:                  120000000 
Write:                 1000000 
Thread:                1 
Report interval:       0 s
Stats interval:        10000000 records
benchmarks:            load,readall
------------------------------------------------
[32mStart IPMWatcher for load
[0m2021/09/07-16:57:10  ... thread 0: (10000000,10000000) ops and ( 2529935.5,2529935.5 ) ops/second in (3.9527,3.9527) seconds
2021/09/07-16:57:16  ... thread 0: (10000000,20000000) ops and ( 1696590.6,2031107.6 ) ops/second in (5.8942,9.8468) seconds
2021/09/07-16:57:22  ... thread 0: (10000000,30000000) ops and ( 1685311.5,1901084.7 ) ops/second in (5.9336,15.7805) seconds
2021/09/07-16:57:30  ... thread 0: (10000000,40000000) ops and ( 1247572.7,1680952.7 ) ops/second in (8.0156,23.7960) seconds
2021/09/07-16:57:37  ... thread 0: (10000000,50000000) ops and ( 1349392.7,1602216.4 ) ops/second in (7.4107,31.2068) seconds
2021/09/07-16:57:43  ... thread 0: (10000000,60000000) ops and ( 1637999.5,1608071.3 ) ops/second in (6.1050,37.3118) seconds
2021/09/07-16:57:49  ... thread 0: (10000000,70000000) ops and ( 1686925.5,1618881.8 ) ops/second in (5.9279,43.2397) seconds
2021/09/07-16:57:56  ... thread 0: (10000000,80000000) ops and ( 1495752.1,1602393.2 ) ops/second in (6.6856,49.9253) seconds
2021/09/07-16:58:08  ... thread 0: (10000000,90000000) ops and ( 821490.9,1449314.7 ) ops/second in (12.1730,62.0983) seconds
2021/09/07-16:58:19  ... thread 0: (10000000,100000000) ops and ( 941052.3,1375048.4 ) ops/second in (10.6264,72.7247) seconds
2021/09/07-16:58:26  ... thread 0: (10000000,110000000) ops and ( 1364329.6,1374067.0 ) ops/second in (7.3296,80.0543) seconds
2021/09/07-16:58:33  ... thread 0: (10000000,120000000) ops and ( 1527437.9,1385661.6 ) ops/second in (6.5469,86.6012) seconds
load         :       0.722 micros/op 1.321470 Mops/s;
DIMM0 | Read from IMC | Write from IMC |  Read DIMM  |  Write DIMM  |   RA   |   WA   |
  MB  |      11704.10 |        3867.33 |    36212.72 |      4059.00 |   3.09 |   1.05 |
DIMM1 | Read from IMC | Write from IMC |  Read DIMM  |  Write DIMM  |   RA   |   WA   |
  MB  |       1547.37 |        3813.71 |     3116.52 |      3982.85 |   2.01 |   1.04 |
*SUM* | DIMM-R:   453.1 MB/s. User-R:   152.7 MB/s   | DIMM-W:    92.6 MB/s, User-W:    88.5 MB/s. Time:  86.80s
[32mDestroy IPMWatcher.
[0m
Randomize the trace...[32mStart IPMWatcher for readall
[0m2021/09/07-16:58:48  ... thread 0: (10000000,10000000) ops and ( 1074589.9,1074589.9 ) ops/second in (9.3059,9.3059) seconds
2021/09/07-16:58:57  ... thread 0: (10000000,20000000) ops and ( 1088541.3,1081520.6 ) ops/second in (9.1866,18.4925) seconds
2021/09/07-16:59:07  ... thread 0: (10000000,30000000) ops and ( 1086733.6,1083252.7 ) ops/second in (9.2019,27.6944) seconds
2021/09/07-16:59:16  ... thread 0: (10000000,40000000) ops and ( 1086480.8,1084057.9 ) ops/second in (9.2040,36.8984) seconds
2021/09/07-16:59:25  ... thread 0: (10000000,50000000) ops and ( 1085929.8,1084431.8 ) ops/second in (9.2087,46.1071) seconds
2021/09/07-16:59:34  ... thread 0: (10000000,60000000) ops and ( 1089875.6,1085335.3 ) ops/second in (9.1754,55.2825) seconds
2021/09/07-16:59:43  ... thread 0: (10000000,70000000) ops and ( 1087267.2,1085610.9 ) ops/second in (9.1974,64.4798) seconds
2021/09/07-16:59:53  ... thread 0: (10000000,80000000) ops and ( 1084484.6,1085470.0 ) ops/second in (9.2210,73.7008) seconds
2021/09/07-17:00:02  ... thread 0: (10000000,90000000) ops and ( 1072505.8,1084014.1 ) ops/second in (9.3240,83.0248) seconds
2021/09/07-17:00:11  ... thread 0: (10000000,100000000) ops and ( 1090765.0,1084685.4 ) ops/second in (9.1679,92.1926) seconds
2021/09/07-17:00:20  ... thread 0: (10000000,110000000) ops and ( 1089715.0,1085140.7 ) ops/second in (9.1767,101.3693) seconds
2021/09/07-17:00:29  ... thread 0: (10000000,120000000) ops and ( 1087072.1,1085301.4 ) ops/second in (9.1990,110.5684) seconds
thread  0 num: 120000000, not find: 1845
readall      :       0.921 micros/op 1.035024 Mops/s; (num: 120000000, not find: 1845)
DIMM0 | Read from IMC | Write from IMC |  Read DIMM  |  Write DIMM  |   RA   |   WA   |
  MB  |      19591.74 |        5331.13 |    51975.20 |     21720.63 |   2.65 |   4.07 |
DIMM1 | Read from IMC | Write from IMC |  Read DIMM  |  Write DIMM  |   RA   |   WA   |
  MB  |      10592.33 |           0.01 |    19473.15 |        89.54 |   1.84 | 9285.24 |
*SUM* | DIMM-R:   645.0 MB/s. User-R:   272.5 MB/s   | DIMM-W:   196.9 MB/s, User-W:    48.1 MB/s. Time: 110.78s
[32mDestroy IPMWatcher.
[0m
