key trace size: 120000000
Randomize the trace...------------------------------------------------
HashType:              CCEH buflog
Init Capacity:         16777216
Entries:               120000000
Trace size:            120000000
Read:                  120000000 
Write:                 1000000 
Thread:                11 
Report interval:       0 s
Stats interval:        10000000 records
benchmarks:            load,readall
------------------------------------------------
[32mStart IPMWatcher for load
[0m2021/09/07-17:10:13  ... thread 3: (10000000,10000000) ops and ( 1130288.3,1130288.3 ) ops/second in (8.8473,8.8473) seconds
2021/09/07-17:10:14  ... thread 1: (10000000,10000000) ops and ( 1124081.9,1124081.9 ) ops/second in (8.8961,8.8961) seconds
2021/09/07-17:10:14  ... thread 7: (10000000,10000000) ops and ( 1124012.7,1124012.7 ) ops/second in (8.8967,8.8967) seconds
2021/09/07-17:10:14  ... thread 6: (10000000,10000000) ops and ( 1108379.6,1108379.6 ) ops/second in (9.0222,9.0222) seconds
2021/09/07-17:10:14  ... thread 8: (10000000,10000000) ops and ( 1104294.3,1104294.3 ) ops/second in (9.0556,9.0556) seconds
2021/09/07-17:10:14  ... thread 0: (10000000,10000000) ops and ( 1073381.4,1073381.4 ) ops/second in (9.3164,9.3164) seconds
2021/09/07-17:10:14  ... thread 2: (10000000,10000000) ops and ( 1071848.9,1071848.9 ) ops/second in (9.3297,9.3297) seconds
2021/09/07-17:10:14  ... thread 9: (10000000,10000000) ops and ( 1055983.9,1055983.9 ) ops/second in (9.4698,9.4698) seconds
2021/09/07-17:10:14  ... thread 10: (10000000,10000000) ops and ( 1054772.4,1054772.4 ) ops/second in (9.4807,9.4807) seconds
2021/09/07-17:10:14  ... thread 4: (10000000,10000000) ops and ( 1054716.8,1054716.8 ) ops/second in (9.4812,9.4812) seconds
2021/09/07-17:10:14  ... thread 5: (10000000,10000000) ops and ( 1053747.3,1053747.3 ) ops/second in (9.4899,9.4899) seconds
load         :       0.084 micros/op 11.320175 Mops/s;
DIMM0 | Read from IMC | Write from IMC |  Read DIMM  |  Write DIMM  |   RA   |   WA   |
  MB  |       9838.56 |        3883.82 |    31297.42 |      4062.70 |   3.18 |   1.05 |
DIMM1 | Read from IMC | Write from IMC |  Read DIMM  |  Write DIMM  |   RA   |   WA   |
  MB  |       1382.64 |        3825.12 |     2429.10 |      3941.85 |   1.76 |   1.03 |
*SUM* | DIMM-R:  3269.3 MB/s. User-R:  1087.7 MB/s   | DIMM-W:   775.9 MB/s, User-W:   747.3 MB/s. Time:  10.32s
[32mDestroy IPMWatcher.
[0m
Randomize the trace...[32mStart IPMWatcher for readall
[0m2021/09/07-17:10:36  ... thread 5: (10000000,10000000) ops and ( 630306.0,630306.0 ) ops/second in (15.8653,15.8653) seconds
2021/09/07-17:10:37  ... thread 1: (10000000,10000000) ops and ( 628690.1,628690.1 ) ops/second in (15.9061,15.9061) seconds
2021/09/07-17:10:37  ... thread 0: (10000000,10000000) ops and ( 627711.2,627711.2 ) ops/second in (15.9309,15.9309) seconds
2021/09/07-17:10:37  ... thread 10: (10000000,10000000) ops and ( 627630.2,627630.2 ) ops/second in (15.9329,15.9329) seconds
2021/09/07-17:10:37  ... thread 6: (10000000,10000000) ops and ( 626701.1,626701.1 ) ops/second in (15.9566,15.9566) seconds
thread  5 num: 10909090, not find: 181
thread  1 num: 10909090, not find: 147
thread  0 num: 10909090, not find: 174
thread 10 num: 10909090, not find: 168
thread  6 num: 10909090, not find: 180
2021/09/07-17:10:39  ... thread 4: (10000000,10000000) ops and ( 547631.4,547631.4 ) ops/second in (18.2605,18.2605) seconds
2021/09/07-17:10:39  ... thread 3: (10000000,10000000) ops and ( 547180.0,547180.0 ) ops/second in (18.2755,18.2755) seconds
2021/09/07-17:10:39  ... thread 7: (10000000,10000000) ops and ( 547098.6,547098.6 ) ops/second in (18.2782,18.2782) seconds
2021/09/07-17:10:39  ... thread 8: (10000000,10000000) ops and ( 546516.0,546516.0 ) ops/second in (18.2977,18.2977) seconds
2021/09/07-17:10:39  ... thread 2: (10000000,10000000) ops and ( 546065.4,546065.4 ) ops/second in (18.3128,18.3128) seconds
2021/09/07-17:10:39  ... thread 9: (10000000,10000000) ops and ( 545548.0,545548.0 ) ops/second in (18.3302,18.3302) seconds
thread  4 num: 10909090, not find: 167
thread  3 num: 10909090, not find: 185
thread  7 num: 10909090, not find: 179
thread  8 num: 10909090, not find: 178
thread  2 num: 10909090, not find: 186
thread  9 num: 10909090, not find: 170
readall      :       0.162 micros/op 5.888927 Mops/s; (num: 10909090, not find: 174)
DIMM0 | Read from IMC | Write from IMC |  Read DIMM  |  Write DIMM  |   RA   |   WA   |
  MB  |      18305.80 |        5179.62 |    48952.72 |     21013.09 |   2.67 |   4.06 |
DIMM1 | Read from IMC | Write from IMC |  Read DIMM  |  Write DIMM  |   RA   |   WA   |
  MB  |      10220.23 |           3.33 |    18690.77 |        23.27 |   1.83 |   6.98 |
*SUM* | DIMM-R:  3444.5 MB/s. User-R:  1452.6 MB/s   | DIMM-W:  1071.2 MB/s, User-W:   263.9 MB/s. Time:  19.64s
[32mDestroy IPMWatcher.
[0m
