key trace size: 120000000
Randomize the trace...------------------------------------------------
HashType:              CCEH buflog
Init Capacity:         16777216
Entries:               120000000
Trace size:            120000000
Read:                  120000000 
Write:                 1000000 
Thread:                10 
Report interval:       0 s
Stats interval:        10000000 records
benchmarks:            load,readall
------------------------------------------------
[32mStart IPMWatcher for load
[0m2021/09/07-17:09:29  ... thread 4: (10000000,10000000) ops and ( 1219359.2,1219359.2 ) ops/second in (8.2010,8.2010) seconds
2021/09/07-17:09:29  ... thread 3: (10000000,10000000) ops and ( 1207520.3,1207520.3 ) ops/second in (8.2814,8.2814) seconds
2021/09/07-17:09:29  ... thread 7: (10000000,10000000) ops and ( 1202058.2,1202058.2 ) ops/second in (8.3191,8.3191) seconds
2021/09/07-17:09:29  ... thread 1: (10000000,10000000) ops and ( 1193429.2,1193429.2 ) ops/second in (8.3792,8.3792) seconds
2021/09/07-17:09:29  ... thread 0: (10000000,10000000) ops and ( 1188197.7,1188197.7 ) ops/second in (8.4161,8.4161) seconds
2021/09/07-17:09:29  ... thread 9: (10000000,10000000) ops and ( 1105149.9,1105149.9 ) ops/second in (9.0485,9.0485) seconds
2021/09/07-17:09:30  ... thread 2: (10000000,10000000) ops and ( 1088488.3,1088488.3 ) ops/second in (9.1871,9.1871) seconds
2021/09/07-17:09:30  ... thread 8: (10000000,10000000) ops and ( 1055185.6,1055185.6 ) ops/second in (9.4770,9.4770) seconds
2021/09/07-17:09:30  ... thread 6: (10000000,10000000) ops and ( 1054039.6,1054039.6 ) ops/second in (9.4873,9.4873) seconds
2021/09/07-17:09:30  ... thread 5: (10000000,10000000) ops and ( 1045948.2,1045948.2 ) ops/second in (9.5607,9.5607) seconds
load         :       0.091 micros/op 10.453498 Mops/s;
DIMM0 | Read from IMC | Write from IMC |  Read DIMM  |  Write DIMM  |   RA   |   WA   |
  MB  |      10092.73 |        3882.17 |    31821.58 |      4059.28 |   3.15 |   1.05 |
DIMM1 | Read from IMC | Write from IMC |  Read DIMM  |  Write DIMM  |   RA   |   WA   |
  MB  |       1386.82 |        3824.15 |     2449.58 |      3942.11 |   1.77 |   1.03 |
*SUM* | DIMM-R:  3065.9 MB/s. User-R:  1027.0 MB/s   | DIMM-W:   715.8 MB/s, User-W:   689.4 MB/s. Time:  11.18s
[32mDestroy IPMWatcher.
[0m
Randomize the trace...[32mStart IPMWatcher for readall
[0m2021/09/07-17:09:52  ... thread 2: (10000000,10000000) ops and ( 662982.5,662982.5 ) ops/second in (15.0834,15.0834) seconds
2021/09/07-17:09:52  ... thread 1: (10000000,10000000) ops and ( 662810.6,662810.6 ) ops/second in (15.0873,15.0873) seconds
2021/09/07-17:09:52  ... thread 0: (10000000,10000000) ops and ( 661260.7,661260.7 ) ops/second in (15.1226,15.1226) seconds
2021/09/07-17:09:52  ... thread 4: (10000000,10000000) ops and ( 661163.8,661163.8 ) ops/second in (15.1248,15.1248) seconds
2021/09/07-17:09:52  ... thread 3: (10000000,10000000) ops and ( 661136.0,661136.0 ) ops/second in (15.1255,15.1255) seconds
2021/09/07-17:09:52  ... thread 6: (10000000,10000000) ops and ( 661113.1,661113.1 ) ops/second in (15.1260,15.1260) seconds
2021/09/07-17:09:55  ... thread 7: (10000000,10000000) ops and ( 559322.5,559322.5 ) ops/second in (17.8788,17.8788) seconds
2021/09/07-17:09:55  ... thread 8: (10000000,10000000) ops and ( 559210.4,559210.4 ) ops/second in (17.8824,17.8824) seconds
2021/09/07-17:09:55  ... thread 5: (10000000,10000000) ops and ( 558574.6,558574.6 ) ops/second in (17.9027,17.9027) seconds
2021/09/07-17:09:55  ... thread 9: (10000000,10000000) ops and ( 558141.6,558141.6 ) ops/second in (17.9166,17.9166) seconds
thread  2 num: 12000000, not find: 196
thread  1 num: 12000000, not find: 187
thread  0 num: 12000000, not find: 169
thread  4 num: 12000000, not find: 202
thread  6 num: 12000000, not find: 181
thread  3 num: 12000000, not find: 195
thread  8 num: 12000000, not find: 193
thread  7 num: 12000000, not find: 201
thread  5 num: 12000000, not find: 203
thread  9 num: 12000000, not find: 201
readall      :       0.168 micros/op 5.677116 Mops/s; (num: 12000000, not find: 169)
DIMM0 | Read from IMC | Write from IMC |  Read DIMM  |  Write DIMM  |   RA   |   WA   |
  MB  |      18627.34 |        5187.27 |    49523.09 |     21016.50 |   2.66 |   4.05 |
DIMM1 | Read from IMC | Write from IMC |  Read DIMM  |  Write DIMM  |   RA   |   WA   |
  MB  |      10313.91 |           3.34 |    18788.00 |        23.82 |   1.82 |   7.13 |
*SUM* | DIMM-R:  3358.6 MB/s. User-R:  1422.9 MB/s   | DIMM-W:  1034.5 MB/s, User-W:   255.2 MB/s. Time:  20.34s
[32mDestroy IPMWatcher.
[0m
