key trace size: 120000000
Randomize the trace...------------------------------------------------
HashType:              CCEH buflog
Init Capacity:         16777216
Entries:               120000000
Trace size:            120000000
Read:                  120000000 
Write:                 1000000 
Thread:                15 
Report interval:       0 s
Stats interval:        10000000 records
benchmarks:            load,readall
------------------------------------------------
[32mStart IPMWatcher for load
[0mload         :       0.068 micros/op 14.067568 Mops/s;
DIMM0 | Read from IMC | Write from IMC |  Read DIMM  |  Write DIMM  |   RA   |   WA   |
  MB  |       8999.32 |        3894.40 |    29511.77 |      4089.30 |   3.28 |   1.05 |
DIMM1 | Read from IMC | Write from IMC |  Read DIMM  |  Write DIMM  |   RA   |   WA   |
  MB  |       1389.56 |        3830.82 |     2436.04 |      3944.44 |   1.75 |   1.03 |
*SUM* | DIMM-R:  3831.6 MB/s. User-R:  1246.0 MB/s   | DIMM-W:   963.5 MB/s, User-W:   926.5 MB/s. Time:   8.34s
[32mDestroy IPMWatcher.
[0m
Randomize the trace...[32mStart IPMWatcher for readall
[0mthread  0 num: 8000000, not find: 124
thread  1 num: 8000000, not find: 138
thread 11 num: 8000000, not find: 142
thread 10 num: 8000000, not find: 143
thread  6 num: 8000000, not find: 122
thread  3 num: 8000000, not find: 127
thread 14 num: 8000000, not find: 132
thread  7 num: 8000000, not find: 128
thread  5 num: 8000000, not find: 138
thread  2 num: 8000000, not find: 138
thread  9 num: 8000000, not find: 140
thread  4 num: 8000000, not find: 112
thread  8 num: 8000000, not find: 121
thread 13 num: 8000000, not find: 139
thread 12 num: 8000000, not find: 146
readall      :       0.151 micros/op 6.335639 Mops/s; (num: 8000000, not find: 124)
DIMM0 | Read from IMC | Write from IMC |  Read DIMM  |  Write DIMM  |   RA   |   WA   |
  MB  |      17143.07 |        5183.05 |    46722.79 |     21003.85 |   2.73 |   4.05 |
DIMM1 | Read from IMC | Write from IMC |  Read DIMM  |  Write DIMM  |   RA   |   WA   |
  MB  |       9952.89 |           3.34 |    18382.89 |        22.06 |   1.85 |   6.62 |
*SUM* | DIMM-R:  3566.1 MB/s. User-R:  1484.1 MB/s   | DIMM-W:  1151.7 MB/s, User-W:   284.1 MB/s. Time:  18.26s
[32mDestroy IPMWatcher.
[0m
