key trace size: 120000000
Randomize the trace...------------------------------------------------
HashType:              CCEH buflog
Init Capacity:         16777216
Entries:               120000000
Trace size:            120000000
Read:                  120000000 
Write:                 1000000 
Thread:                4 
Report interval:       0 s
Stats interval:        10000000 records
benchmarks:            load,readall
------------------------------------------------
[32mStart IPMWatcher for load
[0m2021/09/07-17:04:02  ... thread 1: (10000000,10000000) ops and ( 1598157.6,1598157.6 ) ops/second in (6.2572,6.2572) seconds
2021/09/07-17:04:02  ... thread 0: (10000000,10000000) ops and ( 1594095.5,1594095.5 ) ops/second in (6.2732,6.2732) seconds
2021/09/07-17:04:02  ... thread 3: (10000000,10000000) ops and ( 1588977.8,1588977.8 ) ops/second in (6.2934,6.2934) seconds
2021/09/07-17:04:02  ... thread 2: (10000000,10000000) ops and ( 1584519.1,1584519.1 ) ops/second in (6.3111,6.3111) seconds
2021/09/07-17:04:09  ... thread 1: (10000000,20000000) ops and ( 1522549.7,1559437.8 ) ops/second in (6.5679,12.8251) seconds
2021/09/07-17:04:09  ... thread 0: (10000000,20000000) ops and ( 1514312.7,1553180.2 ) ops/second in (6.6037,12.8768) seconds
2021/09/07-17:04:09  ... thread 3: (10000000,20000000) ops and ( 1503642.3,1545132.7 ) ops/second in (6.6505,12.9439) seconds
2021/09/07-17:04:09  ... thread 2: (10000000,20000000) ops and ( 1500911.5,1541582.5 ) ops/second in (6.6626,12.9737) seconds
2021/09/07-17:04:19  ... thread 1: (10000000,30000000) ops and ( 1018283.7,1324761.8 ) ops/second in (9.8204,22.6456) seconds
2021/09/07-17:04:19  ... thread 0: (10000000,30000000) ops and ( 1017577.1,1321348.9 ) ops/second in (9.8273,22.7041) seconds
2021/09/07-17:04:19  ... thread 3: (10000000,30000000) ops and ( 1014293.3,1315619.1 ) ops/second in (9.8591,22.8030) seconds
2021/09/07-17:04:19  ... thread 2: (10000000,30000000) ops and ( 1013744.9,1313594.6 ) ops/second in (9.8644,22.8381) seconds
load         :       0.190 micros/op 5.010961 Mops/s;
DIMM0 | Read from IMC | Write from IMC |  Read DIMM  |  Write DIMM  |   RA   |   WA   |
  MB  |      11171.47 |        3869.21 |    34423.53 |      4027.68 |   3.08 |   1.04 |
DIMM1 | Read from IMC | Write from IMC |  Read DIMM  |  Write DIMM  |   RA   |   WA   |
  MB  |       1434.11 |        3814.25 |     2656.23 |      3938.39 |   1.85 |   1.03 |
*SUM* | DIMM-R:  1608.2 MB/s. User-R:   546.7 MB/s   | DIMM-W:   345.5 MB/s, User-W:   333.2 MB/s. Time:  23.06s
[32mDestroy IPMWatcher.
[0m
Randomize the trace...[32mStart IPMWatcher for readall
[0m2021/09/07-17:04:35  ... thread 1: (10000000,10000000) ops and ( 936427.9,936427.9 ) ops/second in (10.6789,10.6789) seconds
2021/09/07-17:04:35  ... thread 3: (10000000,10000000) ops and ( 932885.3,932885.3 ) ops/second in (10.7194,10.7194) seconds
2021/09/07-17:04:36  ... thread 0: (10000000,10000000) ops and ( 931531.1,931531.1 ) ops/second in (10.7350,10.7350) seconds
2021/09/07-17:04:36  ... thread 2: (10000000,10000000) ops and ( 929398.6,929398.6 ) ops/second in (10.7596,10.7596) seconds
2021/09/07-17:04:46  ... thread 1: (10000000,20000000) ops and ( 934784.6,935605.5 ) ops/second in (10.6977,21.3765) seconds
2021/09/07-17:04:46  ... thread 3: (10000000,20000000) ops and ( 933203.4,933044.4 ) ops/second in (10.7158,21.4352) seconds
2021/09/07-17:04:46  ... thread 0: (10000000,20000000) ops and ( 930416.4,930973.4 ) ops/second in (10.7479,21.4829) seconds
2021/09/07-17:04:46  ... thread 2: (10000000,20000000) ops and ( 928069.9,928733.8 ) ops/second in (10.7751,21.5347) seconds
2021/09/07-17:04:57  ... thread 1: (10000000,30000000) ops and ( 930999.4,934065.1 ) ops/second in (10.7411,32.1177) seconds
thread  1 num: 30000000, not find: 463
2021/09/07-17:04:57  ... thread 3: (10000000,30000000) ops and ( 927736.3,931268.3 ) ops/second in (10.7789,32.2141) seconds
thread  3 num: 30000000, not find: 484
2021/09/07-17:04:57  ... thread 0: (10000000,30000000) ops and ( 927579.4,929839.3 ) ops/second in (10.7807,32.2636) seconds
thread  0 num: 30000000, not find: 489
2021/09/07-17:04:57  ... thread 2: (10000000,30000000) ops and ( 925252.3,927570.4 ) ops/second in (10.8079,32.3426) seconds
thread  2 num: 30000000, not find: 458
readall      :       0.270 micros/op 3.538394 Mops/s; (num: 30000000, not find: 489)
DIMM0 | Read from IMC | Write from IMC |  Read DIMM  |  Write DIMM  |   RA   |   WA   |
  MB  |      19365.57 |        5226.76 |    50860.14 |     21190.06 |   2.63 |   4.05 |
DIMM1 | Read from IMC | Write from IMC |  Read DIMM  |  Write DIMM  |   RA   |   WA   |
  MB  |      10484.86 |           0.01 |    18917.20 |        29.56 |   1.80 | 3084.87 |
*SUM* | DIMM-R:  2143.4 MB/s. User-R:   917.0 MB/s   | DIMM-W:   651.8 MB/s, User-W:   160.6 MB/s. Time:  32.55s
[32mDestroy IPMWatcher.
[0m
