key trace size: 120000000
Randomize the trace...------------------------------------------------
HashType:              CCEH buflog
Init Capacity:         16777216
Entries:               120000000
Trace size:            120000000
Read:                  120000000 
Write:                 1000000 
Thread:                16 
Report interval:       0 s
Stats interval:        10000000 records
benchmarks:            load,readall
------------------------------------------------
[32mStart IPMWatcher for load
[0mload         :       0.065 micros/op 14.647350 Mops/s;
DIMM0 | Read from IMC | Write from IMC |  Read DIMM  |  Write DIMM  |   RA   |   WA   |
  MB  |       8838.26 |        3897.52 |    29158.18 |      4099.11 |   3.30 |   1.05 |
DIMM1 | Read from IMC | Write from IMC |  Read DIMM  |  Write DIMM  |   RA   |   WA   |
  MB  |       1382.73 |        3832.15 |     2403.87 |      3944.48 |   1.74 |   1.03 |
*SUM* | DIMM-R:  3936.4 MB/s. User-R:  1274.8 MB/s   | DIMM-W:  1003.2 MB/s, User-W:   964.0 MB/s. Time:   8.02s
[32mDestroy IPMWatcher.
[0m
Randomize the trace...[32mStart IPMWatcher for readall
[0mthread 11 num: 7500000, not find: 131
thread 13 num: 7500000, not find: 129
thread  3 num: 7500000, not find: 134
thread  5 num: 7500000, not find: 115
thread 10 num: 7500000, not find: 122
thread  7 num: 7500000, not find: 111
thread 14 num: 7500000, not find: 150
thread  8 num: 7500000, not find: 116
thread 15 num: 7500000, not find: 116
thread 12 num: 7500000, not find: 125
thread  0 num: 7500000, not find: 124
thread  6 num: 7500000, not find: 126
thread  4 num: 7500000, not find: 122
thread  9 num: 7500000, not find: 110
thread  1 num: 7500000, not find: 108
thread  2 num: 7500000, not find: 119
readall      :       0.154 micros/op 6.174627 Mops/s; (num: 7500000, not find: 124)
DIMM0 | Read from IMC | Write from IMC |  Read DIMM  |  Write DIMM  |   RA   |   WA   |
  MB  |      16868.04 |        5178.91 |    46336.91 |     21089.43 |   2.75 |   4.07 |
DIMM1 | Read from IMC | Write from IMC |  Read DIMM  |  Write DIMM  |   RA   |   WA   |
  MB  |       9868.27 |           3.33 |    18292.45 |        22.39 |   1.85 |   6.71 |
*SUM* | DIMM-R:  3449.5 MB/s. User-R:  1427.0 MB/s   | DIMM-W:  1126.8 MB/s, User-W:   276.6 MB/s. Time:  18.74s
[32mDestroy IPMWatcher.
[0m
