key trace size: 120000000
Randomize the trace...------------------------------------------------
HashType:              CCEH buflog
Init Capacity:         16777216
Entries:               120000000
Trace size:            120000000
Read:                  120000000 
Write:                 1000000 
Thread:                7 
Report interval:       0 s
Stats interval:        10000000 records
benchmarks:            load,readall
------------------------------------------------
[32mStart IPMWatcher for load
[0m2021/09/07-17:07:04  ... thread 1: (10000000,10000000) ops and ( 1483705.7,1483705.7 ) ops/second in (6.7399,6.7399) seconds
2021/09/07-17:07:04  ... thread 6: (10000000,10000000) ops and ( 1480204.3,1480204.3 ) ops/second in (6.7558,6.7558) seconds
2021/09/07-17:07:04  ... thread 5: (10000000,10000000) ops and ( 1480188.1,1480188.1 ) ops/second in (6.7559,6.7559) seconds
2021/09/07-17:07:04  ... thread 2: (10000000,10000000) ops and ( 1479930.7,1479930.7 ) ops/second in (6.7571,6.7571) seconds
2021/09/07-17:07:04  ... thread 3: (10000000,10000000) ops and ( 1478213.6,1478213.6 ) ops/second in (6.7649,6.7649) seconds
2021/09/07-17:07:04  ... thread 4: (10000000,10000000) ops and ( 1474462.4,1474462.4 ) ops/second in (6.7821,6.7821) seconds
2021/09/07-17:07:04  ... thread 0: (10000000,10000000) ops and ( 1467328.6,1467328.6 ) ops/second in (6.8151,6.8151) seconds
load         :       0.115 micros/op 8.268590 Mops/s;
DIMM0 | Read from IMC | Write from IMC |  Read DIMM  |  Write DIMM  |   RA   |   WA   |
  MB  |      10831.81 |        3872.05 |    33414.97 |      4041.93 |   3.08 |   1.04 |
DIMM1 | Read from IMC | Write from IMC |  Read DIMM  |  Write DIMM  |   RA   |   WA   |
  MB  |       1390.99 |        3816.02 |     2486.87 |      3936.98 |   1.79 |   1.03 |
*SUM* | DIMM-R:  2556.7 MB/s. User-R:   870.4 MB/s   | DIMM-W:   568.2 MB/s, User-W:   547.5 MB/s. Time:  14.04s
[32mDestroy IPMWatcher.
[0m
Randomize the trace...[32mStart IPMWatcher for readall
[0m2021/09/07-17:07:30  ... thread 0: (10000000,10000000) ops and ( 764102.8,764102.8 ) ops/second in (13.0872,13.0872) seconds
2021/09/07-17:07:30  ... thread 1: (10000000,10000000) ops and ( 763693.1,763693.1 ) ops/second in (13.0943,13.0943) seconds
2021/09/07-17:07:30  ... thread 2: (10000000,10000000) ops and ( 762712.5,762712.5 ) ops/second in (13.1111,13.1111) seconds
2021/09/07-17:07:30  ... thread 6: (10000000,10000000) ops and ( 761108.5,761108.5 ) ops/second in (13.1387,13.1387) seconds
2021/09/07-17:07:30  ... thread 4: (10000000,10000000) ops and ( 759011.4,759011.4 ) ops/second in (13.1750,13.1750) seconds
2021/09/07-17:07:30  ... thread 5: (10000000,10000000) ops and ( 758253.0,758253.0 ) ops/second in (13.1882,13.1882) seconds
2021/09/07-17:07:30  ... thread 3: (10000000,10000000) ops and ( 757323.5,757323.5 ) ops/second in (13.2044,13.2044) seconds
thread  6 num: 17142857, not find: 279
thread  0 num: 17142857, not find: 285
thread  2 num: 17142857, not find: 261
thread  1 num: 17142857, not find: 280
thread  4 num: 17142857, not find: 283
thread  5 num: 17142857, not find: 294
thread  3 num: 17142857, not find: 291
readall      :       0.188 micros/op 5.071746 Mops/s; (num: 17142857, not find: 285)
DIMM0 | Read from IMC | Write from IMC |  Read DIMM  |  Write DIMM  |   RA   |   WA   |
  MB  |      19436.66 |        5186.33 |    51090.92 |     21092.50 |   2.63 |   4.07 |
DIMM1 | Read from IMC | Write from IMC |  Read DIMM  |  Write DIMM  |   RA   |   WA   |
  MB  |      10487.70 |           3.35 |    18966.20 |        25.63 |   1.81 |   7.64 |
*SUM* | DIMM-R:  3076.2 MB/s. User-R:  1314.0 MB/s   | DIMM-W:   927.3 MB/s, User-W:   227.9 MB/s. Time:  22.77s
[32mDestroy IPMWatcher.
[0m
