key trace size: 120000000
Randomize the trace...------------------------------------------------
HashType:              CCEH buflog
Init Capacity:         16777216
Entries:               120000000
Trace size:            120000000
Read:                  120000000 
Write:                 1000000 
Thread:                14 
Report interval:       0 s
Stats interval:        10000000 records
benchmarks:            load,readall
------------------------------------------------
[32mStart IPMWatcher for load
[0mload         :       0.071 micros/op 13.393213 Mops/s;
DIMM0 | Read from IMC | Write from IMC |  Read DIMM  |  Write DIMM  |   RA   |   WA   |
  MB  |       9183.21 |        3893.67 |    29936.19 |      4084.46 |   3.26 |   1.05 |
DIMM1 | Read from IMC | Write from IMC |  Read DIMM  |  Write DIMM  |   RA   |   WA   |
  MB  |       1395.66 |        3831.52 |     2459.64 |      3945.51 |   1.76 |   1.03 |
*SUM* | DIMM-R:  3699.4 MB/s. User-R:  1208.0 MB/s   | DIMM-W:   917.0 MB/s, User-W:   882.2 MB/s. Time:   8.76s
[32mDestroy IPMWatcher.
[0m
Randomize the trace...[32mStart IPMWatcher for readall
[0mthread  7 num: 8571428, not find: 131
thread  1 num: 8571428, not find: 154
thread 13 num: 8571428, not find: 144
thread  0 num: 8571428, not find: 139
thread  2 num: 8571428, not find: 149
thread 10 num: 8571428, not find: 136
thread  8 num: 8571428, not find: 132
thread 12 num: 8571428, not find: 135
thread  5 num: 8571428, not find: 142
thread  3 num: 8571428, not find: 140
thread  6 num: 8571428, not find: 136
thread 11 num: 8571428, not find: 139
thread  4 num: 8571428, not find: 149
thread  9 num: 8571428, not find: 126
readall      :       0.149 micros/op 6.388895 Mops/s; (num: 8571428, not find: 139)
DIMM0 | Read from IMC | Write from IMC |  Read DIMM  |  Write DIMM  |   RA   |   WA   |
  MB  |      17421.28 |        5186.12 |    47198.89 |     20963.95 |   2.71 |   4.04 |
DIMM1 | Read from IMC | Write from IMC |  Read DIMM  |  Write DIMM  |   RA   |   WA   |
  MB  |      10023.08 |           3.34 |    18477.00 |        21.95 |   1.84 |   6.58 |
*SUM* | DIMM-R:  3620.5 MB/s. User-R:  1512.9 MB/s   | DIMM-W:  1156.9 MB/s, User-W:   286.1 MB/s. Time:  18.14s
[32mDestroy IPMWatcher.
[0m
