key trace size: 120000000
Randomize the trace...------------------------------------------------
HashType:              CCEH buflog
Init Capacity:         16777216
Entries:               120000000
Trace size:            120000000
Read:                  120000000 
Write:                 1000000 
Thread:                12 
Report interval:       0 s
Stats interval:        10000000 records
benchmarks:            load,readall
------------------------------------------------
[32mStart IPMWatcher for load
[0m2021/09/07-17:10:56  ... thread 2: (10000000,10000000) ops and ( 1127914.4,1127914.4 ) ops/second in (8.8659,8.8659) seconds
2021/09/07-17:10:56  ... thread 0: (10000000,10000000) ops and ( 1126452.1,1126452.1 ) ops/second in (8.8774,8.8774) seconds
2021/09/07-17:10:56  ... thread 1: (10000000,10000000) ops and ( 1125239.4,1125239.4 ) ops/second in (8.8870,8.8870) seconds
2021/09/07-17:10:56  ... thread 7: (10000000,10000000) ops and ( 1125097.1,1125097.1 ) ops/second in (8.8881,8.8881) seconds
2021/09/07-17:10:57  ... thread 5: (10000000,10000000) ops and ( 1055810.2,1055810.2 ) ops/second in (9.4714,9.4714) seconds
2021/09/07-17:10:57  ... thread 9: (10000000,10000000) ops and ( 1055316.2,1055316.2 ) ops/second in (9.4758,9.4758) seconds
2021/09/07-17:10:57  ... thread 10: (10000000,10000000) ops and ( 1053940.7,1053940.7 ) ops/second in (9.4882,9.4882) seconds
2021/09/07-17:10:57  ... thread 3: (10000000,10000000) ops and ( 1053214.2,1053214.2 ) ops/second in (9.4947,9.4947) seconds
2021/09/07-17:10:57  ... thread 6: (10000000,10000000) ops and ( 1052978.1,1052978.1 ) ops/second in (9.4969,9.4969) seconds
2021/09/07-17:10:57  ... thread 8: (10000000,10000000) ops and ( 1052248.1,1052248.1 ) ops/second in (9.5035,9.5035) seconds
2021/09/07-17:10:57  ... thread 11: (10000000,10000000) ops and ( 1052106.9,1052106.9 ) ops/second in (9.5047,9.5047) seconds
2021/09/07-17:10:57  ... thread 4: (10000000,10000000) ops and ( 1051958.5,1051958.5 ) ops/second in (9.5061,9.5061) seconds
load         :       0.079 micros/op 12.038673 Mops/s;
DIMM0 | Read from IMC | Write from IMC |  Read DIMM  |  Write DIMM  |   RA   |   WA   |
  MB  |       9643.26 |        3884.20 |    30905.05 |      4063.63 |   3.20 |   1.05 |
DIMM1 | Read from IMC | Write from IMC |  Read DIMM  |  Write DIMM  |   RA   |   WA   |
  MB  |       1386.89 |        3824.65 |     2437.14 |      3939.40 |   1.76 |   1.03 |
*SUM* | DIMM-R:  3439.5 MB/s. User-R:  1137.8 MB/s   | DIMM-W:   825.6 MB/s, User-W:   795.2 MB/s. Time:   9.69s
[32mDestroy IPMWatcher.
[0m
Randomize the trace...[32mStart IPMWatcher for readall
[0m2021/09/07-17:11:20  ... thread 5: (10000000,10000000) ops and ( 590285.1,590285.1 ) ops/second in (16.9410,16.9410) seconds
thread  5 num: 10000000, not find: 175
2021/09/07-17:11:20  ... thread 8: (10000000,10000000) ops and ( 588765.9,588765.9 ) ops/second in (16.9847,16.9847) seconds
thread  8 num: 10000000, not find: 160
2021/09/07-17:11:20  ... thread 0: (10000000,10000000) ops and ( 588440.3,588440.3 ) ops/second in (16.9941,16.9941) seconds
thread  0 num: 10000000, not find: 166
2021/09/07-17:11:20  ... thread 2: (10000000,10000000) ops and ( 587729.1,587729.1 ) ops/second in (17.0146,17.0146) seconds
thread  2 num: 10000000, not find: 141
2021/09/07-17:11:22  ... thread 6: (10000000,10000000) ops and ( 524628.4,524628.4 ) ops/second in (19.0611,19.0611) seconds
thread  6 num: 10000000, not find: 137
2021/09/07-17:11:22  ... thread 10: (10000000,10000000) ops and ( 524237.8,524237.8 ) ops/second in (19.0753,19.0753) seconds
thread 10 num: 10000000, not find: 162
2021/09/07-17:11:22  ... thread 3: (10000000,10000000) ops and ( 524208.4,524208.4 ) ops/second in (19.0764,19.0764) seconds
thread  3 num: 10000000, not find: 147
2021/09/07-17:11:22  ... thread 4: (10000000,10000000) ops and ( 524112.7,524112.7 ) ops/second in (19.0799,19.0799) seconds
thread  4 num: 10000000, not find: 166
2021/09/07-17:11:22  ... thread 7: (10000000,10000000) ops and ( 523933.8,523933.8 ) ops/second in (19.0864,19.0864) seconds
thread  7 num: 10000000, not find: 151
2021/09/07-17:11:22  ... thread 11: (10000000,10000000) ops and ( 523640.5,523640.5 ) ops/second in (19.0971,19.0971) seconds
thread 11 num: 10000000, not find: 171
2021/09/07-17:11:22  ... thread 9: (10000000,10000000) ops and ( 523578.0,523578.0 ) ops/second in (19.0994,19.0994) seconds
thread  9 num: 10000000, not find: 161
2021/09/07-17:11:22  ... thread 1: (10000000,10000000) ops and ( 523490.9,523490.9 ) ops/second in (19.1025,19.1025) seconds
thread  1 num: 10000000, not find: 135
readall      :       0.159 micros/op 5.990861 Mops/s; (num: 10000000, not find: 166)
DIMM0 | Read from IMC | Write from IMC |  Read DIMM  |  Write DIMM  |   RA   |   WA   |
  MB  |      17973.89 |        5180.94 |    48437.73 |     21091.87 |   2.69 |   4.07 |
DIMM1 | Read from IMC | Write from IMC |  Read DIMM  |  Write DIMM  |   RA   |   WA   |
  MB  |      10090.80 |           3.34 |    18530.19 |        22.91 |   1.84 |   6.87 |
*SUM* | DIMM-R:  3463.0 MB/s. User-R:  1451.3 MB/s   | DIMM-W:  1091.9 MB/s, User-W:   268.1 MB/s. Time:  19.34s
[32mDestroy IPMWatcher.
[0m
