[2021-10-22 14:59:21.325199][17120] [ INFO] [CCEH_BUF_Exchange.cpp SplitDram:313] Split segment 
 pmem file : /mnt/pmem1/objpool.data 
Exchange -> initCCEH : 0, 4, 0.60 
Randomize the trace...------------------------------------------------
HashType:              CCEH buflog
Entries:               240000000
Trace size:            240000000
Read:                  240000000 
Write:                 1000000 
Thread:                2 
Report interval:       1 s
Stats interval:        1000000 records
benchmarks:            loadtest3
------------------------------------------------
[32mStart IPMWatcher for loadtest3
[0mDo test 3 
Do test 3 
2021/10/22-14:57:48  ... thread 1: (0,1530000) ops and ( 1526242.4,1526242.4 ) ops/second in (1.0025,1.0025) seconds
2021/10/22-14:57:48  ... thread 0: (0,1200000) ops and ( 1193433.7,1193433.7 ) ops/second in (1.0055,1.0055) seconds
MC0->0, MC1->0 
h0->0, h1->0
2021/10/22-14:57:49  ... thread 1: (1530000,3040000) ops and ( 1506874.7,1516560.4 ) ops/second in (1.0021,2.0045) seconds
2021/10/22-14:57:49  ... thread 0: (1200000,2390000) ops and ( 1190633.4,1192037.8 ) ops/second in (0.9995,2.0050) seconds
MC0->0, MC1->61 
h0->0, h1->0
2021/10/22-14:57:50  ... thread 1: (3040000,4050000) ops and ( 1012783.1,1349195.9 ) ops/second in (0.9973,3.0018) seconds
2021/10/22-14:57:50  ... thread 0: (2390000,3540000) ops and ( 1145413.8,1176480.8 ) ops/second in (1.0040,3.0090) seconds
MC0->1239, MC1->8448 
h0->0, h1->0
2021/10/22-14:57:51  ... thread 1: (4050000,5480000) ops and ( 1426135.2,1368461.2 ) ops/second in (1.0027,4.0045) seconds
2021/10/22-14:57:51  ... thread 0: (3540000,4550000) ops and ( 1010543.7,1135106.1 ) ops/second in (0.9995,4.0084) seconds
MC0->3665, MC1->1320 
h0->0, h1->0
2021/10/22-14:57:52  ... thread 1: (5480000,6900000) ops and ( 1425554.0,1379833.9 ) ops/second in (0.9961,5.0006) seconds
2021/10/22-14:57:52  ... thread 0: (4550000,5690000) ops and ( 1147874.4,1137641.4 ) ops/second in (0.9931,5.0016) seconds
MC0->10, MC1->826 
h0->0, h1->0
2021/10/22-14:57:53  ... thread 1: (6900000,7900000) ops and ( 998907.2,1316294.6 ) ops/second in (1.0011,6.0017) seconds
2021/10/22-14:57:53  ... thread 0: (5690000,6830000) ops and ( 1135391.4,1137265.3 ) ops/second in (1.0041,6.0056) seconds
MC0->293, MC1->7738 
h0->0, h1->0
2021/10/22-14:57:54  ... thread 1: (7900000,9270000) ops and ( 1363234.3,1323027.1 ) ops/second in (1.0050,7.0067) seconds
2021/10/22-14:57:54  ... thread 0: (6830000,7800000) ops and ( 966079.6,1112744.9 ) ops/second in (1.0041,7.0097) seconds
MC0->3678, MC1->1266 
h0->0, h1->0
2021/10/22-14:57:55  ... thread 0: (7800000,8860000) ops and ( 1065175.7,1106831.2 ) ops/second in (0.9951,8.0048) seconds
2021/10/22-14:57:55  ... thread 1: (9270000,10570000) ops and ( 1299701.1,1320113.2 ) ops/second in (1.0002,8.0069) seconds
MC0->943, MC1->1125 
h0->0, h1->0
2021/10/22-14:57:56  ... thread 1: (10570000,11540000) ops and ( 972253.7,1281571.3 ) ops/second in (0.9977,9.0046) seconds
2021/10/22-14:57:56  ... thread 0: (8860000,9930000) ops and ( 1068642.8,1102585.5 ) ops/second in (1.0013,9.0061) seconds
MC0->31, MC1->6562 
h0->0, h1->0
2021/10/22-14:57:57  ... thread 1: (11540000,12660000) ops and ( 1117139.0,1265097.7 ) ops/second in (1.0026,10.0071) seconds
2021/10/22-14:57:57  ... thread 0: (9930000,10920000) ops and ( 985924.2,1090883.2 ) ops/second in (1.0041,10.0102) seconds
MC0->1487, MC1->2128 
h0->0, h1->0
2021/10/22-14:57:58  ... thread 1: (12660000,13710000) ops and ( 1047665.8,1245304.0 ) ops/second in (1.0022,11.0094) seconds
2021/10/22-14:57:58  ... thread 0: (10920000,11800000) ops and ( 880120.6,1071743.1 ) ops/second in (0.9999,11.0101) seconds
MC0->2889, MC1->205 
h0->0, h1->0
2021/10/22-14:57:59  ... thread 0: (11800000,12680000) ops and ( 886042.8,1056377.8 ) ops/second in (0.9932,12.0033) seconds
2021/10/22-14:57:59  ... thread 1: (13710000,14510000) ops and ( 797253.5,1207877.8 ) ops/second in (1.0034,12.0128) seconds
MC0->501, MC1->2364 
h0->0, h1->0
2021/10/22-14:58:00  ... thread 0: (12680000,13460000) ops and ( 779508.9,1035073.2 ) ops/second in (1.0006,13.0039) seconds
2021/10/22-14:58:00  ... thread 1: (14510000,15190000) ops and ( 683812.3,1167812.1 ) ops/second in (0.9944,13.0072) seconds
MC0->41, MC1->4378 
h0->0, h1->0
2021/10/22-14:58:01  ... thread 0: (13460000,14140000) ops and ( 679133.4,1009625.9 ) ops/second in (1.0013,14.0052) seconds
2021/10/22-14:58:01  ... thread 1: (15190000,16140000) ops and ( 950639.8,1152317.4 ) ops/second in (0.9993,14.0066) seconds
MC0->443, MC1->2710 
h0->0, h1->0
2021/10/22-14:58:02  ... thread 0: (14140000,14780000) ops and ( 640910.1,985085.9 ) ops/second in (0.9986,15.0038) seconds
2021/10/22-14:58:02  ... thread 1: (16140000,17430000) ops and ( 1290041.3,1161494.7 ) ops/second in (1.0000,15.0065) seconds
MC0->1668, MC1->224 
h0->0, h1->0
2021/10/22-14:58:03  ... thread 1: (17430000,18620000) ops and ( 1195368.4,1163602.1 ) ops/second in (0.9955,16.0020) seconds
2021/10/22-14:58:03  ... thread 0: (14780000,15500000) ops and ( 717554.6,968315.8 ) ops/second in (1.0034,16.0072) seconds
MC0->2100, MC1->714 
h0->0, h1->0
2021/10/22-14:58:04  ... thread 1: (18620000,19770000) ops and ( 1146799.3,1162611.2 ) ops/second in (1.0028,17.0048) seconds
2021/10/22-14:58:04  ... thread 0: (15500000,16460000) ops and ( 958235.9,967722.1 ) ops/second in (1.0018,17.0090) seconds
MC0->628, MC1->679 
h0->0, h1->0
2021/10/22-14:58:05  ... thread 0: (16460000,17460000) ops and ( 1004147.1,969736.8 ) ops/second in (0.9959,18.0049) seconds
2021/10/22-14:58:05  ... thread 1: (19770000,20930000) ops and ( 1156837.2,1162289.7 ) ops/second in (1.0027,18.0076) seconds
MC0->80, MC1->1470 
h0->0, h1->0
2021/10/22-14:58:06  ... thread 1: (20930000,21900000) ops and ( 972330.7,1152318.5 ) ops/second in (0.9976,19.0052) seconds
2021/10/22-14:58:06  ... thread 0: (17460000,18450000) ops and ( 989587.3,970781.7 ) ops/second in (1.0004,19.0053) seconds
MC0->294, MC1->4879 
h0->0, h1->0
2021/10/22-14:58:07  ... thread 0: (18450000,19420000) ops and ( 975073.3,970995.1 ) ops/second in (0.9948,20.0001) seconds
2021/10/22-14:58:07  ... thread 1: (21900000,22770000) ops and ( 871351.5,1138294.5 ) ops/second in (0.9984,20.0036) seconds
MC0->370, MC1->6622 
h0->0, h1->0
2021/10/22-14:58:08  ... thread 0: (19420000,20390000) ops and ( 969813.8,970938.9 ) ops/second in (1.0002,21.0003) seconds
2021/10/22-14:58:08  ... thread 1: (22770000,23750000) ops and ( 979425.1,1130726.3 ) ops/second in (1.0006,21.0042) seconds
MC0->516, MC1->3941 
h0->0, h1->0
2021/10/22-14:58:09  ... thread 1: (23750000,24820000) ops and ( 1072526.9,1128087.4 ) ops/second in (0.9976,22.0018) seconds
2021/10/22-14:58:09  ... thread 0: (20390000,21310000) ops and ( 915749.1,968419.2 ) ops/second in (1.0046,22.0049) seconds
MC0->1518, MC1->799 
h0->0, h1->0
2021/10/22-14:58:10  ... thread 1: (24820000,25840000) ops and ( 1016066.8,1123199.3 ) ops/second in (1.0039,23.0057) seconds
2021/10/22-14:58:10  ... thread 0: (21310000,22170000) ops and ( 855109.6,963466.8 ) ops/second in (1.0057,23.0107) seconds
MC0->2815, MC1->753 
h0->0, h1->0
2021/10/22-14:58:11  ... thread 1: (25840000,26770000) ops and ( 929538.9,1115128.2 ) ops/second in (1.0005,24.0062) seconds
2021/10/22-14:58:11  ... thread 0: (22170000,23000000) ops and ( 833068.2,958055.1 ) ops/second in (0.9963,24.0070) seconds
MC0->2672, MC1->850 
h0->0, h1->0
2021/10/22-14:58:12  ... thread 0: (23000000,23870000) ops and ( 870190.6,954542.2 ) ops/second in (0.9998,25.0068) seconds
2021/10/22-14:58:12  ... thread 1: (26770000,27660000) ops and ( 887763.7,1106013.9 ) ops/second in (1.0025,25.0087) seconds
MC0->1240, MC1->877 
h0->0, h1->0
2021/10/22-14:58:13  ... thread 0: (23870000,24720000) ops and ( 847938.7,950433.6 ) ops/second in (1.0024,26.0092) seconds
2021/10/22-14:58:13  ... thread 1: (27660000,28440000) ops and ( 776060.7,1093265.7 ) ops/second in (1.0051,26.0138) seconds
MC0->242, MC1->1753 
h0->0, h1->0
2021/10/22-14:58:14  ... thread 1: (28440000,29110000) ops and ( 678450.8,1078094.3 ) ops/second in (0.9875,27.0013) seconds
2021/10/22-14:58:14  ... thread 0: (24720000,25510000) ops and ( 789484.5,944470.8 ) ops/second in (1.0007,27.0098) seconds
MC0->233, MC1->3155 
h0->0, h1->0
2021/10/22-14:58:15  ... thread 0: (25510000,26240000) ops and ( 729746.0,936802.2 ) ops/second in (1.0003,28.0102) seconds
2021/10/22-14:58:15  ... thread 1: (29110000,29750000) ops and ( 634391.3,1062113.5 ) ops/second in (1.0088,28.0102) seconds
MC0->321, MC1->4057 
h0->0, h1->0
2021/10/22-14:58:16  ... thread 0: (26240000,26920000) ops and ( 684470.3,928159.0 ) ops/second in (0.9935,29.0037) seconds
2021/10/22-14:58:16  ... thread 1: (29750000,30410000) ops and ( 663193.3,1048426.4 ) ops/second in (0.9952,29.0054) seconds
MC0->304, MC1->4005 
h0->0, h1->0
2021/10/22-14:58:17  ... thread 0: (26920000,27570000) ops and ( 651417.5,918954.8 ) ops/second in (0.9978,30.0015) seconds
2021/10/22-14:58:17  ... thread 1: (30410000,31240000) ops and ( 828804.9,1041096.8 ) ops/second in (1.0014,30.0068) seconds
MC0->442, MC1->2950 
h0->0, h1->0
2021/10/22-14:58:18  ... thread 0: (27570000,28190000) ops and ( 619740.9,909299.3 ) ops/second in (1.0004,31.0019) seconds
2021/10/22-14:58:18  ... thread 1: (31240000,32300000) ops and ( 1064024.1,1041833.5 ) ops/second in (0.9962,31.0030) seconds
MC0->746, MC1->1205 
h0->0, h1->0
2021/10/22-14:58:19  ... thread 1: (32300000,33350000) ops and ( 1051048.9,1042121.2 ) ops/second in (0.9990,32.0020) seconds
2021/10/22-14:58:19  ... thread 0: (28190000,28800000) ops and ( 602868.7,899614.2 ) ops/second in (1.0118,32.0137) seconds
MC0->1264, MC1->741 
h0->0, h1->0
2021/10/22-14:58:20  ... thread 1: (33350000,34390000) ops and ( 1038100.3,1041999.1 ) ops/second in (1.0018,33.0039) seconds
2021/10/22-14:58:20  ... thread 0: (28800000,29400000) ops and ( 599742.7,890527.2 ) ops/second in (1.0004,33.0142) seconds
MC0->1739, MC1->734 
h0->0, h1->0
2021/10/22-14:58:21  ... thread 0: (29400000,29970000) ops and ( 575024.0,881330.2 ) ops/second in (0.9913,34.0054) seconds
2021/10/22-14:58:21  ... thread 1: (34390000,35430000) ops and ( 1034489.3,1041777.1 ) ops/second in (1.0053,34.0092) seconds
MC0->1750, MC1->646 
h0->0, h1->0
2021/10/22-14:58:22  ... thread 1: (35430000,36440000) ops and ( 1012530.3,1040943.8 ) ops/second in (0.9975,35.0067) seconds
2021/10/22-14:58:22  ... thread 0: (29970000,30640000) ops and ( 664847.4,875099.4 ) ops/second in (1.0077,35.0132) seconds
MC0->1630, MC1->839 
h0->0, h1->0
2021/10/22-14:58:23  ... thread 1: (36440000,37410000) ops and ( 975104.7,1039124.6 ) ops/second in (0.9948,36.0015) seconds
2021/10/22-14:58:23  ... thread 0: (30640000,31400000) ops and ( 763962.7,872029.0 ) ops/second in (0.9948,36.0080) seconds
MC0->1009, MC1->963 
h0->0, h1->0
2021/10/22-14:58:24  ... thread 1: (37410000,38420000) ops and ( 1007481.3,1038267.3 ) ops/second in (1.0025,37.0040) seconds
2021/10/22-14:58:24  ... thread 0: (31400000,32270000) ops and ( 872535.6,872042.6 ) ops/second in (0.9971,37.0051) seconds
MC0->393, MC1->747 
h0->0, h1->0
2021/10/22-14:58:25  ... thread 0: (32270000,33190000) ops and ( 922698.0,873371.7 ) ops/second in (0.9971,38.0021) seconds
2021/10/22-14:58:25  ... thread 1: (38420000,39490000) ops and ( 1070363.9,1039111.6 ) ops/second in (0.9997,38.0036) seconds
MC0->296, MC1->578 
h0->0, h1->0
2021/10/22-14:58:26  ... thread 0: (33190000,34120000) ops and ( 924591.1,874692.4 ) ops/second in (1.0058,39.0080) seconds
2021/10/22-14:58:26  ... thread 1: (39490000,40560000) ops and ( 1065317.9,1039786.3 ) ops/second in (1.0044,39.0080) seconds
MC0->315, MC1->853 
h0->0, h1->0
2021/10/22-14:58:27  ... thread 1: (40560000,41560000) ops and ( 1004539.5,1038909.2 ) ops/second in (0.9955,40.0035) seconds
2021/10/22-14:58:27  ... thread 0: (34120000,35030000) ops and ( 912622.9,875637.8 ) ops/second in (0.9971,40.0051) seconds
MC0->346, MC1->1580 
h0->0, h1->0
2021/10/22-14:58:28  ... thread 0: (35030000,35920000) ops and ( 892037.4,876036.9 ) ops/second in (0.9977,41.0028) seconds
2021/10/22-14:58:28  ... thread 1: (41560000,42500000) ops and ( 940337.6,1036506.1 ) ops/second in (0.9996,41.0031) seconds
MC0->428, MC1->2744 
h0->0, h1->0
2021/10/22-14:58:29  ... thread 1: (42500000,43360000) ops and ( 861455.9,1032345.4 ) ops/second in (0.9983,42.0014) seconds
2021/10/22-14:58:29  ... thread 0: (35920000,36800000) ops and ( 876735.9,876053.6 ) ops/second in (1.0037,42.0066) seconds
MC0->503, MC1->4125 
h0->0, h1->0
2021/10/22-14:58:30  ... thread 0: (36800000,37690000) ops and ( 890788.3,876395.9 ) ops/second in (0.9991,43.0057) seconds
2021/10/22-14:58:30  ... thread 1: (43360000,44180000) ops and ( 815272.2,1027268.8 ) ops/second in (1.0058,43.0072) seconds
MC0->472, MC1->5538 
h0->0, h1->0
2021/10/22-14:58:31  ... thread 1: (44180000,44980000) ops and ( 804412.2,1022231.8 ) ops/second in (0.9945,44.0018) seconds
2021/10/22-14:58:31  ... thread 0: (37690000,38600000) ops and ( 912715.3,877218.8 ) ops/second in (0.9970,44.0027) seconds
MC0->318, MC1->5720 
h0->0, h1->0
2021/10/22-14:58:32  ... thread 0: (38600000,39510000) ops and ( 909843.5,877943.9 ) ops/second in (1.0002,45.0029) seconds
2021/10/22-14:58:32  ... thread 1: (44980000,45800000) ops and ( 815702.9,1017618.8 ) ops/second in (1.0053,45.0070) seconds
MC0->335, MC1->5084 
h0->0, h1->0
2021/10/22-14:58:33  ... thread 0: (39510000,40400000) ops and ( 888770.8,878179.6 ) ops/second in (1.0014,46.0043) seconds
2021/10/22-14:58:33  ... thread 1: (45800000,46680000) ops and ( 880766.3,1014646.8 ) ops/second in (0.9991,46.0062) seconds
MC0->524, MC1->3613 
h0->0, h1->0
2021/10/22-14:58:34  ... thread 0: (40400000,41270000) ops and ( 870822.9,878023.2 ) ops/second in (0.9991,47.0033) seconds
2021/10/22-14:58:34  ... thread 1: (46680000,47620000) ops and ( 940132.6,1013061.8 ) ops/second in (0.9999,47.0060) seconds
MC0->843, MC1->2170 
h0->0, h1->0
2021/10/22-14:58:35  ... thread 1: (47620000,48580000) ops and ( 963541.0,1012034.0 ) ops/second in (0.9963,48.0023) seconds
2021/10/22-14:58:35  ... thread 0: (41270000,42120000) ops and ( 848348.3,877403.9 ) ops/second in (1.0019,48.0053) seconds
MC0->1340, MC1->1395 
h0->0, h1->0
2021/10/22-14:58:36  ... thread 0: (42120000,42950000) ops and ( 829230.5,876419.9 ) ops/second in (1.0009,49.0062) seconds
2021/10/22-14:58:36  ... thread 1: (48580000,49550000) ops and ( 964416.0,1011056.7 ) ops/second in (1.0058,49.0081) seconds
MC0->1970, MC1->1161 
h0->0, h1->0
2021/10/22-14:58:37  ... thread 1: (49550000,50480000) ops and ( 937260.0,1009592.2 ) ops/second in (0.9923,50.0004) seconds
2021/10/22-14:58:37  ... thread 0: (42950000,43750000) ops and ( 800368.2,874899.8 ) ops/second in (0.9995,50.0057) seconds
MC0->2535, MC1->1078 
h0->0, h1->0
2021/10/22-14:58:38  ... thread 0: (43750000,44530000) ops and ( 780798.0,873056.7 ) ops/second in (0.9990,51.0047) seconds
2021/10/22-14:58:38  ... thread 1: (50480000,51380000) ops and ( 890813.0,1007239.7 ) ops/second in (1.0103,51.0107) seconds
MC0->2661, MC1->1100 
h0->0, h1->0
2021/10/22-14:58:39  ... thread 0: (44530000,45310000) ops and ( 781304.8,871295.3 ) ops/second in (0.9983,52.0030) seconds
2021/10/22-14:58:39  ... thread 1: (51380000,52250000) ops and ( 870321.1,1004608.1 ) ops/second in (0.9996,52.0103) seconds
MC0->2425, MC1->1099 
h0->0, h1->0
2021/10/22-14:58:40  ... thread 1: (52250000,53100000) ops and ( 856478.4,1001834.5 ) ops/second in (0.9924,53.0028) seconds
2021/10/22-14:58:40  ... thread 0: (45310000,46110000) ops and ( 794689.9,869840.5 ) ops/second in (1.0067,53.0097) seconds
MC0->1869, MC1->927 
h0->0, h1->0
2021/10/22-14:58:41  ... thread 0: (46110000,46920000) ops and ( 810548.7,868743.4 ) ops/second in (0.9993,54.0090) seconds
2021/10/22-14:58:41  ... thread 1: (53100000,53940000) ops and ( 833919.9,998702.9 ) ops/second in (1.0073,54.0101) seconds
MC0->1173, MC1->818 
h0->0, h1->0
2021/10/22-14:58:42  ... thread 1: (53940000,54750000) ops and ( 812833.5,995335.6 ) ops/second in (0.9965,55.0066) seconds
2021/10/22-14:58:42  ... thread 0: (46920000,47730000) ops and ( 811649.3,867707.6 ) ops/second in (0.9980,55.0070) seconds
MC0->750, MC1->828 
h0->0, h1->0
2021/10/22-14:58:43  ... thread 0: (47730000,48520000) ops and ( 790139.9,866322.9 ) ops/second in (0.9998,56.0068) seconds
2021/10/22-14:58:43  ... thread 1: (54750000,55520000) ops and ( 763903.3,991171.0 ) ops/second in (1.0080,56.0146) seconds
MC0->441, MC1->991 
h0->0, h1->0
2021/10/22-14:58:44  ... thread 1: (55520000,56230000) ops and ( 719713.3,986473.0 ) ops/second in (0.9865,57.0011) seconds
2021/10/22-14:58:44  ... thread 0: (48520000,49290000) ops and ( 772873.5,864689.6 ) ops/second in (0.9963,57.0031) seconds
MC0->399, MC1->1400 
h0->0, h1->0
2021/10/22-14:58:45  ... thread 0: (49290000,50040000) ops and ( 748650.2,862685.5 ) ops/second in (1.0018,58.0049) seconds
2021/10/22-14:58:45  ... thread 1: (56230000,56920000) ops and ( 684598.5,981228.0 ) ops/second in (1.0079,58.0089) seconds
MC0->424, MC1->1983 
h0->0, h1->0
2021/10/22-14:58:46  ... thread 0: (50040000,50770000) ops and ( 724628.3,860328.7 ) ops/second in (1.0074,59.0123) seconds
2021/10/22-14:58:46  ... thread 1: (56920000,57580000) ops and ( 656559.6,975697.6 ) ops/second in (1.0052,59.0142) seconds
MC0->442, MC1->2512 
h0->0, h1->0
2021/10/22-14:58:47  ... thread 1: (57580000,58190000) ops and ( 616751.6,969781.0 ) ops/second in (0.9891,60.0032) seconds
2021/10/22-14:58:47  ... thread 0: (50770000,51470000) ops and ( 704308.3,857744.5 ) ops/second in (0.9939,60.0062) seconds
MC0->386, MC1->2917 
h0->0, h1->0
2021/10/22-14:58:48  ... thread 0: (51470000,52140000) ops and ( 673523.9,854740.4 ) ops/second in (0.9948,61.0010) seconds
2021/10/22-14:58:48  ... thread 1: (58190000,58790000) ops and ( 595902.0,963610.7 ) ops/second in (1.0069,61.0101) seconds
MC0->404, MC1->3255 
h0->0, h1->0
2021/10/22-14:58:49  ... thread 0: (52140000,52790000) ops and ( 648966.8,851416.3 ) ops/second in (1.0016,62.0026) seconds
2021/10/22-14:58:49  ... thread 1: (58790000,59380000) ops and ( 587968.6,957532.3 ) ops/second in (1.0035,62.0136) seconds
MC0->369, MC1->3481 
h0->0, h1->0
2021/10/22-14:58:50  ... thread 1: (59380000,59980000) ops and ( 601526.7,951896.8 ) ops/second in (0.9975,63.0110) seconds
2021/10/22-14:58:50  ... thread 0: (52790000,53430000) ops and ( 634323.4,847940.2 ) ops/second in (1.0089,63.0115) seconds
MC0->311, MC1->3535 
h0->0, h1->0
2021/10/22-14:58:51  ... thread 1: (59980000,60610000) ops and ( 631422.0,946901.3 ) ops/second in (0.9977,64.0088) seconds
2021/10/22-14:58:51  ... thread 0: (53430000,54050000) ops and ( 619519.9,844369.0 ) ops/second in (1.0008,64.0123) seconds
MC0->359, MC1->3373 
h0->0, h1->0
2021/10/22-14:58:52  ... thread 0: (54050000,54650000) ops and ( 604722.3,840711.2 ) ops/second in (0.9922,65.0045) seconds
2021/10/22-14:58:52  ... thread 1: (60610000,61300000) ops and ( 686578.8,942877.3 ) ops/second in (1.0050,65.0138) seconds
MC0->373, MC1->3057 
h0->0, h1->0
2021/10/22-14:58:53  ... thread 0: (54650000,55230000) ops and ( 582152.8,836808.2 ) ops/second in (0.9963,66.0008) seconds
2021/10/22-14:58:53  ... thread 1: (61300000,62040000) ops and ( 741442.8,939831.7 ) ops/second in (0.9981,66.0118) seconds
MC0->453, MC1->2472 
h0->0, h1->0
2021/10/22-14:58:54  ... thread 1: (62040000,62870000) ops and ( 831306.8,938214.7 ) ops/second in (0.9984,67.0102) seconds
2021/10/22-14:58:54  ... thread 0: (55230000,55820000) ops and ( 580686.4,832925.1 ) ops/second in (1.0160,67.0168) seconds
MC0->611, MC1->1899 
h0->0, h1->0
2021/10/22-14:58:55  ... thread 0: (55820000,56390000) ops and ( 575703.5,829180.3 ) ops/second in (0.9901,68.0069) seconds
2021/10/22-14:58:55  ... thread 1: (62870000,63780000) ops and ( 912372.2,937835.7 ) ops/second in (0.9974,68.0076) seconds
MC0->786, MC1->1450 
h0->0, h1->0
2021/10/22-14:58:56  ... thread 1: (63780000,64720000) ops and ( 944652.4,937934.0 ) ops/second in (0.9951,69.0027) seconds
2021/10/22-14:58:56  ... thread 0: (56390000,56950000) ops and ( 561248.8,825306.1 ) ops/second in (0.9978,69.0047) seconds
MC0->1038, MC1->1192 
h0->0, h1->0
2021/10/22-14:58:57  ... thread 1: (64720000,65560000) ops and ( 841386.6,936557.1 ) ops/second in (0.9984,70.0011) seconds
2021/10/22-14:58:57  ... thread 0: (56950000,57510000) ops and ( 555831.8,821428.3 ) ops/second in (1.0075,70.0122) seconds
MC0->1225, MC1->969 
h0->0, h1->0
2021/10/22-14:58:58  ... thread 1: (65560000,66420000) ops and ( 857294.4,935437.2 ) ops/second in (1.0032,71.0042) seconds
2021/10/22-14:58:58  ... thread 0: (57510000,58070000) ops and ( 561863.7,817785.1 ) ops/second in (0.9967,71.0089) seconds
MC0->1422, MC1->966 
h0->0, h1->0
2021/10/22-14:58:59  ... thread 1: (66420000,67280000) ops and ( 862304.9,934424.3 ) ops/second in (0.9973,72.0016) seconds
2021/10/22-14:58:59  ... thread 0: (58070000,58640000) ops and ( 567791.3,814300.0 ) ops/second in (1.0039,72.0128) seconds
MC0->1531, MC1->918 
h0->0, h1->0
2021/10/22-14:59:00  ... thread 1: (67280000,68130000) ops and ( 850001.7,933267.8 ) ops/second in (1.0000,73.0016) seconds
2021/10/22-14:59:00  ... thread 0: (58640000,59210000) ops and ( 567279.3,810900.8 ) ops/second in (1.0048,73.0176) seconds
MC0->1717, MC1->759 
h0->0, h1->0
2021/10/22-14:59:01  ... thread 1: (68130000,69010000) ops and ( 880775.1,932559.1 ) ops/second in (0.9991,74.0007) seconds
2021/10/22-14:59:01  ... thread 0: (59210000,59800000) ops and ( 595934.3,808025.0 ) ops/second in (0.9900,74.0076) seconds
MC0->1624, MC1->668 
h0->0, h1->0
2021/10/22-14:59:02  ... thread 1: (69010000,69900000) ops and ( 886994.9,931949.5 ) ops/second in (1.0034,75.0041) seconds
2021/10/22-14:59:02  ... thread 0: (59800000,60430000) ops and ( 627131.5,805602.5 ) ops/second in (1.0046,75.0122) seconds
MC0->1608, MC1->631 
h0->0, h1->0
2021/10/22-14:59:03  ... thread 1: (69900000,70770000) ops and ( 873294.1,931180.7 ) ops/second in (0.9962,76.0003) seconds
2021/10/22-14:59:03  ... thread 0: (60430000,61090000) ops and ( 661422.1,803709.7 ) ops/second in (0.9979,76.0100) seconds
MC0->1437, MC1->579 
h0->0, h1->0
2021/10/22-14:59:04  ... thread 0: (61090000,61810000) ops and ( 725928.7,802707.8 ) ops/second in (0.9918,77.0019) seconds
2021/10/22-14:59:04  ... thread 1: (70770000,71660000) ops and ( 881121.8,930524.1 ) ops/second in (1.0101,77.0104) seconds
MC0->1094, MC1->643 
h0->0, h1->0
2021/10/22-14:59:05  ... thread 1: (71660000,72510000) ops and ( 855255.5,929565.1 ) ops/second in (0.9939,78.0042) seconds
2021/10/22-14:59:05  ... thread 0: (61810000,62580000) ops and ( 762510.6,802187.5 ) ops/second in (1.0098,78.0117) seconds
MC0->847, MC1->725 
h0->0, h1->0
2021/10/22-14:59:06  ... thread 0: (62580000,63400000) ops and ( 825095.8,802475.7 ) ops/second in (0.9938,79.0055) seconds
2021/10/22-14:59:06  ... thread 1: (72510000,73370000) ops and ( 855171.7,928618.2 ) ops/second in (1.0056,79.0099) seconds
MC0->632, MC1->793 
h0->0, h1->0
2021/10/22-14:59:07  ... thread 0: (63400000,64250000) ops and ( 851427.8,803086.5 ) ops/second in (0.9983,80.0038) seconds
2021/10/22-14:59:07  ... thread 1: (73370000,74230000) ops and ( 859092.8,927748.3 ) ops/second in (1.0011,80.0109) seconds
MC0->528, MC1->813 
h0->0, h1->0
2021/10/22-14:59:08  ... thread 1: (74230000,75080000) ops and ( 858425.4,926900.9 ) ops/second in (0.9902,81.0011) seconds
2021/10/22-14:59:08  ... thread 0: (64250000,65120000) ops and ( 865501.1,803861.0 ) ops/second in (1.0052,81.0090) seconds
MC0->464, MC1->766 
h0->0, h1->0
2021/10/22-14:59:09  ... thread 0: (65120000,65900000) ops and ( 783243.4,803610.6 ) ops/second in (0.9959,82.0049) seconds
2021/10/22-14:59:09  ... thread 1: (75080000,75960000) ops and ( 872594.3,926233.1 ) ops/second in (1.0085,82.0096) seconds
MC0->406, MC1->620 
h0->0, h1->0
2021/10/22-14:59:10  ... thread 1: (75960000,76840000) ops and ( 887244.4,925767.2 ) ops/second in (0.9918,83.0014) seconds
2021/10/22-14:59:10  ... thread 0: (65900000,66690000) ops and ( 790356.5,803451.0 ) ops/second in (0.9995,83.0044) seconds
MC0->419, MC1->522 
h0->0, h1->0
2021/10/22-14:59:11  ... thread 1: (76840000,77760000) ops and ( 918413.9,925679.5 ) ops/second in (1.0017,84.0032) seconds
2021/10/22-14:59:11  ... thread 0: (66690000,67500000) ops and ( 806431.5,803486.6 ) ops/second in (1.0044,84.0089) seconds
MC0->398, MC1->472 
h0->0, h1->0
2021/10/22-14:59:12  ... thread 1: (77760000,78690000) ops and ( 928278.0,925710.1 ) ops/second in (1.0019,85.0050) seconds
2021/10/22-14:59:12  ... thread 0: (67500000,68310000) ops and ( 812408.0,803591.3 ) ops/second in (0.9970,85.0059) seconds
MC0->364, MC1->475 
h0->0, h1->0
2021/10/22-14:59:13  ... thread 0: (68310000,69120000) ops and ( 810567.4,803672.3 ) ops/second in (0.9993,86.0052) seconds
2021/10/22-14:59:13  ... thread 1: (78690000,79610000) ops and ( 914987.7,925584.8 ) ops/second in (1.0055,86.0105) seconds
MC0->318, MC1->570 
h0->0, h1->0
2021/10/22-14:59:14  ... thread 1: (79610000,80510000) ops and ( 908529.3,925390.6 ) ops/second in (0.9906,87.0011) seconds
2021/10/22-14:59:14  ... thread 0: (69120000,69930000) ops and ( 810438.4,803750.1 ) ops/second in (0.9995,87.0047) seconds
MC0->324, MC1->725 
h0->0, h1->0
2021/10/22-14:59:15  ... thread 1: (80510000,81390000) ops and ( 880405.0,924879.6 ) ops/second in (0.9995,88.0006) seconds
2021/10/22-14:59:15  ... thread 0: (69930000,70730000) ops and ( 795498.3,803655.8 ) ops/second in (1.0057,88.0103) seconds
MC0->346, MC1->919 
h0->0, h1->0
2021/10/22-14:59:16  ... thread 1: (81390000,82270000) ops and ( 876198.2,924330.3 ) ops/second in (1.0043,89.0050) seconds
2021/10/22-14:59:16  ... thread 0: (70730000,71520000) ops and ( 793141.6,803538.1 ) ops/second in (0.9960,89.0064) seconds
MC0->395, MC1->1207 
h0->0, h1->0
2021/10/22-14:59:17  ... thread 1: (82270000,83140000) ops and ( 865238.6,923670.2 ) ops/second in (1.0055,90.0105) seconds
2021/10/22-14:59:17  ... thread 0: (71520000,72320000) ops and ( 796700.9,803461.8 ) ops/second in (1.0041,90.0105) seconds
MC0->445, MC1->1621 
h0->0, h1->0
2021/10/22-14:59:18  ... thread 0: (72320000,73100000) ops and ( 787240.2,803285.2 ) ops/second in (0.9908,91.0013) seconds
2021/10/22-14:59:18  ... thread 1: (83140000,83980000) ops and ( 839904.3,922749.7 ) ops/second in (1.0001,91.0106) seconds
MC0->466, MC1->2054 
h0->0, h1->0
2021/10/22-14:59:19  ... thread 0: (73100000,73890000) ops and ( 786725.6,803104.5 ) ops/second in (1.0042,92.0055) seconds
2021/10/22-14:59:19  ... thread 1: (83980000,84800000) ops and ( 819592.7,921628.0 ) ops/second in (1.0005,92.0111) seconds
MC0->450, MC1->2515 
h0->0, h1->0
2021/10/22-14:59:20  ... thread 1: (84800000,85590000) ops and ( 793014.2,920250.4 ) ops/second in (0.9962,93.0073) seconds
2021/10/22-14:59:20  ... thread 0: (73890000,74690000) ops and ( 794471.3,803011.0 ) ops/second in (1.0070,93.0124) seconds
MC0->379, MC1->3050 
h0->0, h1->0
2021/10/22-14:59:21  ... thread 1: (85590000,86360000) ops and ( 774843.5,918713.2 ) ops/second in (0.9937,94.0010) seconds
2021/10/22-14:59:21  ... thread 0: (74690000,75500000) ops and ( 811976.4,803106.2 ) ops/second in (0.9976,94.0100) seconds
MC0->350, MC1->3748 
h0->0, h1->0
2021/10/22-14:59:22  ... thread 0: (75500000,76310000) ops and ( 813731.0,803217.5 ) ops/second in (0.9954,95.0054) seconds
2021/10/22-14:59:22  ... thread 1: (86360000,87120000) ops and ( 750223.1,916916.8 ) ops/second in (1.0130,95.0141) seconds
MC0->306, MC1->4231 
h0->0, h1->0
2021/10/22-14:59:23  ... thread 0: (76310000,77120000) ops and ( 813494.0,803324.1 ) ops/second in (0.9957,96.0011) seconds
2021/10/22-14:59:23  ... thread 1: (87120000,87840000) ops and ( 727679.9,914966.4 ) ops/second in (0.9894,96.0035) seconds
MC0->291, MC1->4573 
h0->0, h1->0
2021/10/22-14:59:24  ... thread 0: (77120000,77940000) ops and ( 816034.9,803455.7 ) ops/second in (1.0049,97.0060) seconds
2021/10/22-14:59:24  ... thread 1: (87840000,88570000) ops and ( 723580.4,912976.1 ) ops/second in (1.0089,97.0124) seconds
MC0->289, MC1->4878 
h0->0, h1->0
2021/10/22-14:59:25  ... thread 1: (88570000,89290000) ops and ( 722542.6,911040.0 ) ops/second in (0.9965,98.0089) seconds
2021/10/22-14:59:25  ... thread 0: (77940000,78750000) ops and ( 805152.2,803473.1 ) ops/second in (1.0060,98.0120) seconds
MC0->326, MC1->4726 
h0->0, h1->0
2021/10/22-14:59:26  ... thread 1: (89290000,90010000) ops and ( 721468.9,909129.1 ) ops/second in (0.9980,99.0068) seconds
2021/10/22-14:59:26  ... thread 0: (78750000,79560000) ops and ( 810193.6,803541.0 ) ops/second in (0.9998,99.0117) seconds
MC0->382, MC1->4808 
h0->0, h1->0
2021/10/22-14:59:27  ... thread 1: (90010000,90750000) ops and ( 737974.3,907413.0 ) ops/second in (1.0027,100.0096) seconds
2021/10/22-14:59:27  ... thread 0: (79560000,80370000) ops and ( 810876.6,803614.3 ) ops/second in (0.9989,100.0107) seconds
MC0->457, MC1->4639 
h0->0, h1->0
2021/10/22-14:59:28  ... thread 1: (90750000,91490000) ops and ( 745906.1,905826.7 ) ops/second in (0.9921,101.0017) seconds
2021/10/22-14:59:28  ... thread 0: (80370000,81170000) ops and ( 798498.0,803563.5 ) ops/second in (1.0019,101.0125) seconds
MC0->580, MC1->4183 
h0->0, h1->0
2021/10/22-14:59:29  ... thread 1: (91490000,92250000) ops and ( 758782.9,904382.8 ) ops/second in (1.0016,102.0033) seconds
2021/10/22-14:59:29  ... thread 0: (81170000,81960000) ops and ( 790649.9,803437.0 ) ops/second in (0.9992,102.0117) seconds
MC0->807, MC1->3704 
h0->0, h1->0
2021/10/22-14:59:30  ... thread 0: (81960000,82740000) ops and ( 780106.9,803210.6 ) ops/second in (0.9999,103.0116) seconds
2021/10/22-14:59:30  ... thread 1: (92250000,93040000) ops and ( 783024.0,903194.2 ) ops/second in (1.0089,103.0122) seconds
MC0->950, MC1->3307 
h0->0, h1->0
2021/10/22-14:59:31  ... thread 0: (82740000,83510000) ops and ( 771361.5,802904.9 ) ops/second in (0.9982,104.0098) seconds
2021/10/22-14:59:31  ... thread 1: (93040000,93840000) ops and ( 800431.4,902206.7 ) ops/second in (0.9995,104.0116) seconds
MC0->1160, MC1->2753 
h0->0, h1->0
2021/10/22-14:59:32  ... thread 1: (93840000,94650000) ops and ( 812224.7,901352.2 ) ops/second in (0.9973,105.0089) seconds
2021/10/22-14:59:32  ... thread 0: (83510000,84270000) ops and ( 759364.4,802489.9 ) ops/second in (1.0008,105.0107) seconds
MC0->1391, MC1->2308 
h0->0, h1->0
2021/10/22-14:59:33  ... thread 1: (94650000,95460000) ops and ( 813464.5,900526.6 ) ops/second in (0.9957,106.0046) seconds
2021/10/22-14:59:33  ... thread 0: (84270000,85020000) ops and ( 748211.0,801976.7 ) ops/second in (1.0024,106.0131) seconds
MC0->1538, MC1->1868 
h0->0, h1->0
2021/10/22-14:59:34  ... thread 0: (85020000,85750000) ops and ( 739499.6,801400.3 ) ops/second in (0.9872,107.0002) seconds
2021/10/22-14:59:34  ... thread 1: (95460000,96290000) ops and ( 828593.9,899853.2 ) ops/second in (1.0017,107.0063) seconds
MC0->1786, MC1->1672 
h0->0, h1->0
2021/10/22-14:59:35  ... thread 0: (85750000,86480000) ops and ( 729830.7,800737.5 ) ops/second in (1.0002,108.0004) seconds
2021/10/22-14:59:35  ... thread 1: (96290000,97130000) ops and ( 836222.8,899261.5 ) ops/second in (1.0045,108.0109) seconds
MC0->1997, MC1->1389 
h0->0, h1->0
2021/10/22-14:59:36  ... thread 0: (86480000,87200000) ops and ( 720285.2,799999.7 ) ops/second in (0.9996,109.0000) seconds
2021/10/22-14:59:36  ... thread 1: (97130000,97950000) ops and ( 820222.3,898536.6 ) ops/second in (0.9997,109.0106) seconds
MC0->2134, MC1->1275 
h0->0, h1->0
2021/10/22-14:59:37  ... thread 1: (97950000,98770000) ops and ( 825986.8,897881.9 ) ops/second in (0.9928,110.0033) seconds
2021/10/22-14:59:37  ... thread 0: (87200000,87920000) ops and ( 712140.8,799192.2 ) ops/second in (1.0110,110.0111) seconds
MC0->2368, MC1->1164 
h0->0, h1->0
2021/10/22-14:59:38  ... thread 1: (98770000,99590000) ops and ( 818151.8,897162.0 ) ops/second in (1.0023,111.0056) seconds
2021/10/22-14:59:38  ... thread 0: (87920000,88630000) ops and ( 711142.8,798400.3 ) ops/second in (0.9984,111.0095) seconds
MC0->2274, MC1->1069 
h0->0, h1->0
2021/10/22-14:59:39  ... thread 1: (99590000,100390000) ops and ( 803470.2,896329.1 ) ops/second in (0.9957,112.0013) seconds
2021/10/22-14:59:39  ... thread 0: (88630000,89340000) ops and ( 711588.3,797627.0 ) ops/second in (0.9978,112.0072) seconds
MC0->2217, MC1->1021 
h0->0, h1->0
2021/10/22-14:59:40  ... thread 0: (89340000,90050000) ops and ( 713772.3,796888.9 ) ops/second in (0.9947,113.0020) seconds
2021/10/22-14:59:40  ... thread 1: (100390000,101200000) ops and ( 804137.0,895507.3 ) ops/second in (1.0073,113.0086) seconds
MC0->2119, MC1->1031 
h0->0, h1->0
2021/10/22-14:59:41  ... thread 1: (101200000,101990000) ops and ( 790957.1,894591.4 ) ops/second in (0.9988,114.0074) seconds
2021/10/22-14:59:41  ... thread 0: (90050000,90770000) ops and ( 714917.7,796164.8 ) ops/second in (1.0071,114.0091) seconds
MC0->1960, MC1->980 
h0->0, h1->0
2021/10/22-14:59:42  ... thread 0: (90770000,91490000) ops and ( 720637.0,795508.6 ) ops/second in (0.9991,115.0082) seconds
2021/10/22-14:59:42  ... thread 1: (101990000,102780000) ops and ( 786432.0,893646.7 ) ops/second in (1.0045,115.0119) seconds
MC0->1796, MC1->974 
h0->0, h1->0
2021/10/22-14:59:43  ... thread 0: (91490000,92210000) ops and ( 717920.2,794837.9 ) ops/second in (1.0029,116.0111) seconds
2021/10/22-14:59:43  ... thread 1: (102780000,103550000) ops and ( 769134.7,892572.2 ) ops/second in (1.0011,116.0130) seconds
MC0->1516, MC1->959 
h0->0, h1->0
2021/10/22-14:59:44  ... thread 1: (103550000,104300000) ops and ( 759334.5,891447.5 ) ops/second in (0.9877,117.0007) seconds
2021/10/22-14:59:44  ... thread 0: (92210000,92930000) ops and ( 726958.4,794263.3 ) ops/second in (0.9904,117.0015) seconds
MC0->1243, MC1->902 
h0->0, h1->0
2021/10/22-14:59:45  ... thread 1: (104300000,105060000) ops and ( 757896.1,890312.6 ) ops/second in (1.0028,118.0035) seconds
2021/10/22-14:59:45  ... thread 0: (92930000,93660000) ops and ( 726901.9,793690.0 ) ops/second in (1.0043,118.0058) seconds
MC0->1039, MC1->807 
h0->0, h1->0
2021/10/22-14:59:46  ... thread 0: (93660000,94390000) ops and ( 729166.6,793147.2 ) ops/second in (1.0011,119.0069) seconds
2021/10/22-14:59:46  ... thread 1: (105060000,105820000) ops and ( 755446.9,889172.5 ) ops/second in (1.0060,119.0095) seconds
MC0->865, MC1->754 
h0->0, h1->0
2021/10/22-14:59:47  ... thread 0: (94390000,95120000) ops and ( 728687.6,792609.1 ) ops/second in (1.0018,120.0087) seconds
2021/10/22-14:59:47  ... thread 1: (105820000,106570000) ops and ( 749637.2,888009.2 ) ops/second in (1.0005,120.0100) seconds
MC0->731, MC1->680 
h0->0, h1->0
2021/10/22-14:59:48  ... thread 0: (95120000,95840000) ops and ( 724083.1,792046.0 ) ops/second in (0.9944,121.0031) seconds
2021/10/22-14:59:48  ... thread 1: (106570000,107300000) ops and ( 731307.6,886716.6 ) ops/second in (0.9982,121.0082) seconds
MC0->595, MC1->698 
h0->0, h1->0
2021/10/22-14:59:49  ... thread 1: (107300000,108020000) ops and ( 721513.0,885365.4 ) ops/second in (0.9979,122.0061) seconds
2021/10/22-14:59:49  ... thread 0: (95840000,96560000) ops and ( 716624.0,791424.9 ) ops/second in (1.0047,122.0078) seconds
MC0->534, MC1->598 
h0->0, h1->0
2021/10/22-14:59:50  ... thread 0: (96560000,97270000) ops and ( 712417.2,790784.8 ) ops/second in (0.9966,123.0044) seconds
2021/10/22-14:59:50  ... thread 1: (108020000,108740000) ops and ( 720343.6,884024.4 ) ops/second in (0.9995,123.0057) seconds
MC0->484, MC1->649 
h0->0, h1->0
2021/10/22-14:59:51  ... thread 0: (97270000,97980000) ops and ( 705543.1,790093.1 ) ops/second in (1.0063,124.0107) seconds
2021/10/22-14:59:51  ... thread 1: (108740000,109450000) ops and ( 706346.1,882584.2 ) ops/second in (1.0052,124.0108) seconds
MC0->456, MC1->703 
h0->0, h1->0
2021/10/22-14:59:52  ... thread 0: (97980000,98680000) ops and ( 698028.1,789354.5 ) ops/second in (1.0028,125.0135) seconds
2021/10/22-14:59:52  ... thread 1: (109450000,110150000) ops and ( 697958.5,881103.1 ) ops/second in (1.0029,125.0137) seconds
MC0->448, MC1->788 
h0->0, h1->0
2021/10/22-14:59:53  ... thread 1: (110150000,110830000) ops and ( 681671.5,879524.3 ) ops/second in (0.9975,126.0113) seconds
2021/10/22-14:59:53  ... thread 0: (98680000,99370000) ops and ( 690895.4,788574.2 ) ops/second in (0.9987,126.0122) seconds
MC0->398, MC1->906 
h0->0, h1->0
2021/10/22-14:59:54  ... thread 0: (99370000,100040000) ops and ( 674897.1,787685.6 ) ops/second in (0.9927,127.0050) seconds
2021/10/22-14:59:54  ... thread 1: (110830000,111500000) ops and ( 672047.7,877895.7 ) ops/second in (0.9970,127.0083) seconds
MC0->418, MC1->1103 
h0->0, h1->0
2021/10/22-14:59:55  ... thread 1: (111500000,112150000) ops and ( 654406.8,876161.5 ) ops/second in (0.9933,128.0015) seconds
2021/10/22-14:59:55  ... thread 0: (100040000,100710000) ops and ( 670970.9,786775.2 ) ops/second in (0.9986,128.0035) seconds
MC0->433, MC1->1265 
h0->0, h1->0
2021/10/22-14:59:56  ... thread 0: (100710000,101380000) ops and ( 662904.3,785804.7 ) ops/second in (1.0107,129.0142) seconds
2021/10/22-14:59:56  ... thread 1: (112150000,112800000) ops and ( 641676.2,874320.4 ) ops/second in (1.0130,129.0145) seconds
MC0->397, MC1->1497 
h0->0, h1->0
2021/10/22-14:59:57  ... thread 0: (101380000,102030000) ops and ( 656721.5,784822.0 ) ops/second in (0.9898,130.0040) seconds
2021/10/22-14:59:57  ... thread 1: (112800000,113430000) ops and ( 630810.0,872449.8 ) ops/second in (0.9987,130.0132) seconds
MC0->398, MC1->1687 
h0->0, h1->0
2021/10/22-14:59:58  ... thread 0: (102030000,102670000) ops and ( 641638.1,783731.8 ) ops/second in (0.9974,131.0014) seconds
2021/10/22-14:59:58  ... thread 1: (113430000,114050000) ops and ( 626257.6,870589.3 ) ops/second in (0.9900,131.0032) seconds
MC0->409, MC1->1854 
h0->0, h1->0
2021/10/22-14:59:59  ... thread 0: (102670000,103310000) ops and ( 631199.8,782560.3 ) ops/second in (1.0139,132.0154) seconds
2021/10/22-14:59:59  ... thread 1: (114050000,114660000) ops and ( 601599.9,868523.4 ) ops/second in (1.0140,132.0172) seconds
MC0->371, MC1->2245 
h0->0, h1->0
2021/10/22-15:00:00  ... thread 0: (103310000,103920000) ops and ( 616054.6,781320.7 ) ops/second in (0.9902,133.0056) seconds
2021/10/22-15:00:00  ... thread 1: (114660000,115250000) ops and ( 590372.5,866433.6 ) ops/second in (0.9994,133.0165) seconds
MC0->357, MC1->2313 
h0->0, h1->0
2021/10/22-15:00:01  ... thread 1: (115250000,115830000) ops and ( 586717.9,864370.1 ) ops/second in (0.9886,134.0051) seconds
2021/10/22-15:00:01  ... thread 0: (103920000,104540000) ops and ( 617336.8,780091.8 ) ops/second in (1.0043,134.0099) seconds
MC0->399, MC1->2476 
h0->0, h1->0
2021/10/22-15:00:02  ... thread 1: (115830000,116400000) ops and ( 568871.4,862177.0 ) ops/second in (1.0020,135.0071) seconds
2021/10/22-15:00:02  ... thread 0: (104540000,105150000) ops and ( 611462.6,778845.7 ) ops/second in (0.9976,135.0075) seconds
MC0->330, MC1->2766 
h0->0, h1->0
2021/10/22-15:00:03  ... thread 1: (116400000,116970000) ops and ( 567820.1,860004.5 ) ops/second in (1.0038,136.0109) seconds
2021/10/22-15:00:03  ... thread 0: (105150000,105750000) ops and ( 595476.2,777487.3 ) ops/second in (1.0076,136.0151) seconds
MC0->317, MC1->2845 
h0->0, h1->0
2021/10/22-15:00:04  ... thread 1: (116970000,117530000) ops and ( 561126.2,857827.4 ) ops/second in (0.9980,137.0089) seconds
2021/10/22-15:00:04  ... thread 0: (105750000,106340000) ops and ( 592643.2,776144.2 ) ops/second in (0.9955,137.0106) seconds
MC0->316, MC1->3088 
h0->0, h1->0
2021/10/22-15:00:05  ... thread 0: (106340000,106920000) ops and ( 585450.0,774775.2 ) ops/second in (0.9907,138.0013) seconds
2021/10/22-15:00:05  ... thread 1: (117530000,118090000) ops and ( 557046.5,855636.5 ) ops/second in (1.0053,138.0142) seconds
MC0->316, MC1->3195 
h0->0, h1->0
2021/10/22-15:00:06  ... thread 0: (106920000,107510000) ops and ( 582496.3,773374.3 ) ops/second in (1.0129,139.0142) seconds
2021/10/22-15:00:06  ... thread 1: (118090000,118650000) ops and ( 559104.3,853500.0 ) ops/second in (1.0016,139.0158) seconds
MC0->332, MC1->3198 
h0->0, h1->0
2021/10/22-15:00:07  ... thread 0: (107510000,108080000) ops and ( 574357.7,771963.6 ) ops/second in (0.9924,140.0066) seconds
2021/10/22-15:00:07  ... thread 1: (118650000,119210000) ops and ( 558762.3,851390.4 ) ops/second in (1.0022,140.0180) seconds
MC0->292, MC1->3305 
h0->0, h1->0
2021/10/22-15:00:08  ... thread 1: (119210000,119770000) ops and ( 568645.7,849415.6 ) ops/second in (0.9848,141.0028) seconds
2021/10/22-15:00:08  ... thread 0: (108080000,108650000) ops and ( 566573.9,770498.2 ) ops/second in (1.0060,141.0127) seconds
MC0->347, MC1->3203 
h0->0, h1->0
2021/10/22-15:00:09  ... thread 0: (108650000,109230000) ops and ( 586659.2,769218.3 ) ops/second in (0.9886,142.0013) seconds
2021/10/22-15:00:10  ... thread 0: (109230000,109840000) ops and ( 610252.0,768107.1 ) ops/second in (0.9996,143.0009) seconds
2021/10/22-15:00:11  ... thread 0: (109840000,110450000) ops and ( 602781.7,766945.4 ) ops/second in (1.0120,144.0129) seconds
CCEH1:buffer max: 0
# of segments : 210735, # of buffers : 126440
bufferConfig.bufferContainFlag->126440 
2021/10/22-15:00:12  ... thread 0: (110450000,111050000) ops and ( 601411.5,765806.5 ) ops/second in (0.9977,145.0105) seconds
2021/10/22-15:00:13  ... thread 0: (111050000,111640000) ops and ( 590338.9,764605.5 ) ops/second in (0.9994,146.0099) seconds
2021/10/22-15:00:14  ... thread 0: (111640000,112220000) ops and ( 577712.8,763329.2 ) ops/second in (1.0040,147.0139) seconds
2021/10/22-15:00:15  ... thread 0: (112220000,112800000) ops and ( 580944.0,762098.9 ) ops/second in (0.9984,148.0123) seconds
2021/10/22-15:00:16  ... thread 0: (112800000,113370000) ops and ( 570524.9,760814.5 ) ops/second in (0.9991,149.0114) seconds
2021/10/22-15:00:17  ... thread 0: (113370000,113940000) ops and ( 575686.1,759592.5 ) ops/second in (0.9901,150.0015) seconds
2021/10/22-15:00:18  ... thread 0: (113940000,114510000) ops and ( 562476.9,758269.8 ) ops/second in (1.0134,151.0149) seconds
2021/10/22-15:00:19  ... thread 0: (114510000,115070000) ops and ( 565316.8,757012.3 ) ops/second in (0.9906,152.0055) seconds
2021/10/22-15:00:20  ... thread 0: (115070000,115630000) ops and ( 560156.3,755726.1 ) ops/second in (0.9997,153.0052) seconds
2021/10/22-15:00:21  ... thread 0: (115630000,116190000) ops and ( 559767.7,754453.1 ) ops/second in (1.0004,154.0056) seconds
2021/10/22-15:00:22  ... thread 0: (116190000,116760000) ops and ( 570558.6,753267.9 ) ops/second in (0.9990,155.0046) seconds
2021/10/22-15:00:23  ... thread 0: (116760000,117340000) ops and ( 575799.5,752122.1 ) ops/second in (1.0073,156.0119) seconds
2021/10/22-15:00:24  ... thread 0: (117340000,117920000) ops and ( 577699.6,751006.8 ) ops/second in (1.0040,157.0159) seconds
2021/10/22-15:00:25  ... thread 0: (117920000,118500000) ops and ( 581594.7,749937.6 ) ops/second in (0.9973,158.0131) seconds
2021/10/22-15:00:26  ... thread 0: (118500000,119090000) ops and ( 593699.9,748961.2 ) ops/second in (0.9938,159.0069) seconds
2021/10/22-15:00:27  ... thread 0: (119090000,119710000) ops and ( 616149.1,748126.0 ) ops/second in (1.0063,160.0132) seconds
CCEH0:buffer max: 0
# of segments : 229922, # of buffers : 68976
bufferConfig.bufferContainFlag->68976 
240000000 operations, 160.49 real_elapsed 
dimm_num = 2 
DIMM0 | Read from IMC | Write from IMC |  Read DIMM  |  Write DIMM  |   RA   |   WA   |
  MB  |      47743.56 |       26856.45 |    98037.12 |     57395.27 |   2.05 |   2.14 |
DIMM1 | Read from IMC | Write from IMC |  Read DIMM  |  Write DIMM  |   RA   |   WA   |
  MB  |      36771.80 |       24237.61 |    80372.58 |     41707.07 |   2.19 |   1.72 |
*SUM* | DIMM-R:  1089.3 MB/s. User-R:   516.0 MB/s   | DIMM-W:   605.1 MB/s, User-W:   312.0 MB/s. Time: 163.78s
*SUMSUM* | DIMM-R: 178409.7 MB| User-R: 84515.4 MB   | DIMM-W: 99102.3 MB | User-W: 51094.1 MB | Time: 163.78s
[32mDestroy IPMWatcher.
[0m
