key trace size: 120000000
Randomize the trace...------------------------------------------------
HashType:              CCEH buflog
Init Capacity:         16777216
Entries:               120000000
Trace size:            120000000
Read:                  120000000 
Write:                 1000000 
Thread:                16 
Report interval:       0 s
Stats interval:        10000000 records
benchmarks:            load
------------------------------------------------
[32mStart IPMWatcher for load
[0mAverage Load Factor : 0.97 
Average Load Factor : 0.97 
Average Load Factor : 0.97 
Average Load Factor : 0.97 
Average Load Factor : 0.97 
Average Load Factor : 0.97 
Average Load Factor : 0.97 
Average Load Factor : 0.97 
Average Load Factor : 0.97 
Average Load Factor : 0.97 
Average Load Factor : 0.97 
Average Load Factor : 0.97 
Average Load Factor : 0.97 
Average Load Factor : 0.97 
Average Load Factor : 0.97 
Average Load Factor : 0.97 
load         :       0.090 micros/op 10.614855 Mops/s;
DIMM0 | Read from IMC | Write from IMC |  Read DIMM  |  Write DIMM  |   RA   |   WA   |
  MB  |       8656.57 |        4047.07 |    28285.35 |      4263.90 |   3.27 |   1.05 |
DIMM1 | Read from IMC | Write from IMC |  Read DIMM  |  Write DIMM  |   RA   |   WA   |
  MB  |       1434.73 |        3976.40 |     2379.88 |      4092.08 |   1.66 |   1.03 |
*SUM* | DIMM-R:  2790.8 MB/s. User-R:   918.4 MB/s   | DIMM-W:   760.5 MB/s, User-W:   730.2 MB/s. Time:  10.99s
[32mDestroy IPMWatcher.
[0m
