key trace size: 120000000
Randomize the trace...------------------------------------------------
HashType:              CCEH buflog
Init Capacity:         16777216
Entries:               120000000
Trace size:            120000000
Read:                  120000000 
Write:                 1000000 
Thread:                16 
Report interval:       0 s
Stats interval:        10000000 records
benchmarks:            load
------------------------------------------------
[32mStart IPMWatcher for load
[0mAverage Load Factor : 0.73 
Average Load Factor : 0.73 
Average Load Factor : 0.73 
Average Load Factor : 0.73 
Average Load Factor : 0.73 
Average Load Factor : 0.73 
Average Load Factor : 0.73 
Average Load Factor : 0.73 
Average Load Factor : 0.73 
Average Load Factor : 0.73 
Average Load Factor : 0.73 
Average Load Factor : 0.73 
Average Load Factor : 0.73 
Average Load Factor : 0.73 
Average Load Factor : 0.73 
Average Load Factor : 0.73 
load         :       0.304 micros/op 3.135141 Mops/s;
DIMM0 | Read from IMC | Write from IMC |  Read DIMM  |  Write DIMM  |   RA   |   WA   |
  MB  |      36550.70 |       44425.88 |    66141.27 |     47423.13 |   1.81 |   1.07 |
DIMM1 | Read from IMC | Write from IMC |  Read DIMM  |  Write DIMM  |   RA   |   WA   |
  MB  |      22188.20 |       43519.12 |    27445.91 |     44912.60 |   1.24 |   1.03 |
*SUM* | DIMM-R:  2549.6 MB/s. User-R:  1600.2 MB/s   | DIMM-W:  2515.5 MB/s, User-W:  2395.9 MB/s. Time:  36.71s
[32mDestroy IPMWatcher.
[0m
