key trace size: 120000000
Randomize the trace...------------------------------------------------
HashType:              CCEH buflog
Init Capacity:         16777216
Entries:               120000000
Trace size:            120000000
Read:                  120000000 
Write:                 1000000 
Thread:                16 
Report interval:       0 s
Stats interval:        10000000 records
benchmarks:            load
------------------------------------------------
[32mStart IPMWatcher for load
[0mAverage Load Factor : 0.94 
Average Load Factor : 0.94 
Average Load Factor : 0.94 
Average Load Factor : 0.94 
Average Load Factor : 0.94 
Average Load Factor : 0.94 
Average Load Factor : 0.94 
Average Load Factor : 0.94 
Average Load Factor : 0.94 
Average Load Factor : 0.94 
Average Load Factor : 0.94 
Average Load Factor : 0.94 
Average Load Factor : 0.94 
Average Load Factor : 0.94 
Average Load Factor : 0.94 
Average Load Factor : 0.94 
load         :       0.135 micros/op 7.058235 Mops/s;
DIMM0 | Read from IMC | Write from IMC |  Read DIMM  |  Write DIMM  |   RA   |   WA   |
  MB  |      15861.57 |       12669.79 |    40125.23 |     13416.79 |   2.53 |   1.06 |
DIMM1 | Read from IMC | Write from IMC |  Read DIMM  |  Write DIMM  |   RA   |   WA   |
  MB  |       5873.98 |       12453.91 |     8426.94 |     12851.15 |   1.43 |   1.03 |
*SUM* | DIMM-R:  2956.4 MB/s. User-R:  1323.5 MB/s   | DIMM-W:  1599.5 MB/s, User-W:  1529.8 MB/s. Time:  16.42s
[32mDestroy IPMWatcher.
[0m
