key trace size: 120000000
Randomize the trace...------------------------------------------------
HashType:              CCEH buflog
Init Capacity:         16777216
Entries:               120000000
Trace size:            120000000
Read:                  120000000 
Write:                 1000000 
Thread:                16 
Report interval:       0 s
Stats interval:        10000000 records
benchmarks:            load
------------------------------------------------
[32mStart IPMWatcher for load
[0mAverage Load Factor : 0.71 
# of key left : 15303077 
load         :       0.096 micros/op 9.957278 Mops/s;
120000000 operations, 11.49 real_elapsed 
DIMM0 | Read from IMC | Write from IMC |  Read DIMM  |  Write DIMM  |   RA   |   WA   |
  MB  |      12867.63 |       10356.39 |    35275.94 |     10976.46 |   2.74 |   1.06 |
DIMM1 | Read from IMC | Write from IMC |  Read DIMM  |  Write DIMM  |   RA   |   WA   |
  MB  |       4540.45 |       10165.34 |     6580.17 |     10481.32 |   1.45 |   1.03 |
*SUM* | DIMM-R:  2845.2 MB/s. User-R:  1183.3 MB/s   | DIMM-W:  1458.6 MB/s, User-W:  1395.0 MB/s. Time:  14.71s
[32mDestroy IPMWatcher.
[0m
