key trace size: 120000000
Randomize the trace...------------------------------------------------
HashType:              CCEH buflog
Init Capacity:         16777216
Entries:               120000000
Trace size:            120000000
Read:                  120000000 
Write:                 1000000 
Thread:                16 
Report interval:       0 s
Stats interval:        10000000 records
benchmarks:            load
------------------------------------------------
[32mStart IPMWatcher for load
[0mAverage Load Factor : 0.71 
Average Load Factor : 0.71 
Average Load Factor : 0.71 
Average Load Factor : 0.71 
Average Load Factor : 0.71 
Average Load Factor : 0.71 
Average Load Factor : 0.71 
Average Load Factor : 0.71 
Average Load Factor : 0.71 
Average Load Factor : 0.71 
Average Load Factor : 0.71 
Average Load Factor : 0.71 
Average Load Factor : 0.71 
Average Load Factor : 0.71 
Average Load Factor : 0.71 
Average Load Factor : 0.71 
load         :       0.262 micros/op 3.645792 Mops/s;
DIMM0 | Read from IMC | Write from IMC |  Read DIMM  |  Write DIMM  |   RA   |   WA   |
  MB  |      31070.45 |       36905.12 |    59022.16 |     39421.59 |   1.90 |   1.07 |
DIMM1 | Read from IMC | Write from IMC |  Read DIMM  |  Write DIMM  |   RA   |   WA   |
  MB  |      18296.33 |       36140.02 |    23004.94 |     37297.21 |   1.26 |   1.03 |
*SUM* | DIMM-R:  2596.3 MB/s. User-R:  1562.5 MB/s   | DIMM-W:  2428.3 MB/s, User-W:  2312.0 MB/s. Time:  31.59s
[32mDestroy IPMWatcher.
[0m
