key trace size: 120000000
Randomize the trace...thread 22, between 114782602 - 119999993
thread 21, between 109565211 - 114782602
thread  2, between 10434782 - 15652173
thread  3, between 15652173 - 20869564
thread  1, between 5217391 - 10434782
thread  6, between 31304346 - 36521737
thread  7, between 36521737 - 41739128
thread  8, between 41739128 - 46956519
thread 10, between 52173910 - 57391301
thread  9, between 46956519 - 52173910
thread 12, between 62608692 - 67826083
thread 11, between 57391301 - 62608692
thread  4, between 20869564 - 26086955
thread 15, between 78260865 - 83478256
thread  5, between 26086955 - 31304346
thread 14, between 73043474 - 78260865
thread 18, between 93913038 - 99130429
thread 19, between 99130429 - 104347820
thread 20, between 104347820 - 109565211
thread  0, between 0 - 5217391
thread 16, between 83478256 - 88695647
thread 17, between 88695647 - 93913038
thread 13, between 67826083 - 73043474
load         :       0.453 micros/op 2.103349 Mops/s;
