key trace size: 120000000
Randomize the trace...thread 20, between 114285700 - 119999985
thread  1, between 5714285 - 11428570
thread  3, between 17142855 - 22857140
thread  4, between 22857140 - 28571425
thread  7, between 39999995 - 45714280
thread  2, between 11428570 - 17142855
thread  5, between 28571425 - 34285710
thread  8, between 45714280 - 51428565
thread  6, between 34285710 - 39999995
thread 11, between 62857135 - 68571420
thread 10, between 57142850 - 62857135
thread  9, between 51428565 - 57142850
thread 13, between 74285705 - 79999990
thread 12, between 68571420 - 74285705
thread 15, between 85714275 - 91428560
thread 16, between 91428560 - 97142845
thread 17, between 97142845 - 102857130
thread 14, between 79999990 - 85714275
thread 19, between 108571415 - 114285700
thread  0, between 0 - 5714285
thread 18, between 102857130 - 108571415
load         :       0.446 micros/op 2.139795 Mops/s;
