key trace size: 120000000
Randomize the trace...thread 24, between 115200000 - 120000000
thread  2, between 9600000 - 14400000
thread  3, between 14400000 - 19200000
thread  5, between 24000000 - 28800000
thread  4, between 19200000 - 24000000
thread  9, between 43200000 - 48000000
thread  8, between 38400000 - 43200000
thread 10, between 48000000 - 52800000
thread  7, between 33600000 - 38400000
thread  6, between 28800000 - 33600000
thread 12, between 57600000 - 62400000
thread 13, between 62400000 - 67200000
thread 14, between 67200000 - 72000000
thread 15, between 72000000 - 76800000
thread 16, between 76800000 - 81600000
thread 17, between 81600000 - 86400000
thread 11, between 52800000 - 57600000
thread 19, between 91200000 - 96000000
thread 20, between 96000000 - 100800000
thread 21, between 100800000 - 105600000
thread 22, between 105600000 - 110400000
thread 18, between 86400000 - 91200000
thread  0, between 0 - 4800000
thread 23, between 110400000 - 115200000
thread  1, between 4800000 - 9600000
load         :       0.452 micros/op 2.107858 Mops/s;
