key trace size: 120000000
Randomize the trace...thread 17, between 113333322 - 119999988
thread  2, between 13333332 - 19999998
thread  1, between 6666666 - 13333332
thread  5, between 33333330 - 39999996
thread  7, between 46666662 - 53333328
thread  6, between 39999996 - 46666662
thread  9, between 59999994 - 66666660
thread  3, between 19999998 - 26666664
thread 12, between 79999992 - 86666658
thread  0, between 0 - 6666666
thread 14, between 93333324 - 99999990
thread 10, between 66666660 - 73333326
thread 16, between 106666656 - 113333322
thread 11, between 73333326 - 79999992
thread 15, between 99999990 - 106666656
thread 13, between 86666658 - 93333324
thread  4, between 26666664 - 33333330
thread  8, between 53333328 - 59999994
load         :       0.444 micros/op 2.150085 Mops/s;
