key trace size: 120000000
Randomize the trace...thread  2, between 8000000 - 12000000
thread  3, between 12000000 - 16000000
thread  5, between 20000000 - 24000000
thread  8, between 32000000 - 36000000
thread 10, between 40000000 - 44000000
thread 11, between 44000000 - 48000000
thread  4, between 16000000 - 20000000
thread 12, between 48000000 - 52000000
thread 13, between 52000000 - 56000000
thread  9, between 36000000 - 40000000
thread 17, between 68000000 - 72000000
thread 14, between 56000000 - 60000000
thread 20, between 80000000 - 84000000
thread 15, between 60000000 - 64000000
thread 19, between 76000000 - 80000000
thread 23, between 92000000 - 96000000
thread  7, between 28000000 - 32000000
thread 21, between 84000000 - 88000000
thread 25, between 100000000 - 104000000
thread 26, between 104000000 - 108000000
thread 29, between 116000000 - 120000000
thread 27, between 108000000 - 112000000
thread 16, between 64000000 - 68000000
thread 22, between 88000000 - 92000000
thread 24, between 96000000 - 100000000
thread  1, between 4000000 - 8000000
thread 28, between 112000000 - 116000000
thread 18, between 72000000 - 76000000
thread  6, between 24000000 - 28000000
thread  0, between 0 - 4000000
load         :       0.459 micros/op 2.077636 Mops/s;
