key trace size: 120000000
Randomize the trace...thread 21, between 114545445 - 119999990
thread  1, between 5454545 - 10909090
thread  2, between 10909090 - 16363635
thread  3, between 16363635 - 21818180
thread  4, between 21818180 - 27272725
thread  5, between 27272725 - 32727270
thread  7, between 38181815 - 43636360
thread  6, between 32727270 - 38181815
thread  8, between 43636360 - 49090905
thread  9, between 49090905 - 54545450
thread 10, between 54545450 - 59999995
thread 11, between 59999995 - 65454540
thread 12, between 65454540 - 70909085
thread 13, between 70909085 - 76363630
thread 16, between 87272720 - 92727265
thread 15, between 81818175 - 87272720
thread 18, between 98181810 - 103636355
thread 17, between 92727265 - 98181810
thread 20, between 109090900 - 114545445
thread  0, between 0 - 5454545
thread 14, between 76363630 - 81818175
thread 19, between 103636355 - 109090900
load         :       0.451 micros/op 2.116559 Mops/s;
