key trace size: 120000000
Randomize the trace...thread 25, between 115384600 - 119999984
thread  2, between 9230768 - 13846152
thread  4, between 18461536 - 23076920
thread  3, between 13846152 - 18461536
thread  7, between 32307688 - 36923072
thread  8, between 36923072 - 41538456
thread  6, between 27692304 - 32307688
thread 10, between 46153840 - 50769224
thread  9, between 41538456 - 46153840
thread 11, between 50769224 - 55384608
thread  5, between 23076920 - 27692304
thread 13, between 59999992 - 64615376
thread 15, between 69230760 - 73846144
thread 12, between 55384608 - 59999992
thread 16, between 73846144 - 78461528
thread 17, between 78461528 - 83076912
thread 19, between 87692296 - 92307680
thread 18, between 83076912 - 87692296
thread 20, between 92307680 - 96923064
thread 21, between 96923064 - 101538448
thread 22, between 101538448 - 106153832
thread 23, between 106153832 - 110769216
thread  0, between 0 - 4615384
thread 24, between 110769216 - 115384600
thread  1, between 4615384 - 9230768
thread 14, between 64615376 - 69230760
load         :       0.450 micros/op 2.117980 Mops/s;
