key trace size: 120000000
Randomize the trace...thread 18, between 113684202 - 119999991
thread  0, between 0 - 6315789
thread  1, between 6315789 - 12631578
thread  4, between 25263156 - 31578945
thread  8, between 50526312 - 56842101
thread 10, between 63157890 - 69473679
thread  5, between 31578945 - 37894734
thread 12, between 75789468 - 82105257
thread 13, between 82105257 - 88421046
thread 11, between 69473679 - 75789468
thread 14, between 88421046 - 94736835
thread 16, between 101052624 - 107368413
thread 17, between 107368413 - 113684202
thread  3, between 18947367 - 25263156
thread  9, between 56842101 - 63157890
thread  6, between 37894734 - 44210523
thread 15, between 94736835 - 101052624
thread  2, between 12631578 - 18947367
thread  7, between 44210523 - 50526312
load         :       0.442 micros/op 2.158861 Mops/s;
