key trace size: 120000000
Randomize the trace...thread 28, between 115862068 - 119999999
thread  2, between 8275862 - 12413793
thread  4, between 16551724 - 20689655
thread  7, between 28965517 - 33103448
thread  8, between 33103448 - 37241379
thread  3, between 12413793 - 16551724
thread  6, between 24827586 - 28965517
thread 10, between 41379310 - 45517241
thread  9, between 37241379 - 41379310
thread 11, between 45517241 - 49655172
thread 12, between 49655172 - 53793103
thread 13, between 53793103 - 57931034
thread 14, between 57931034 - 62068965
thread 15, between 62068965 - 66206896
thread 16, between 66206896 - 70344827
thread 17, between 70344827 - 74482758
thread 18, between 74482758 - 78620689
thread 19, between 78620689 - 82758620
thread 20, between 82758620 - 86896551
thread 21, between 86896551 - 91034482
thread 22, between 91034482 - 95172413
thread 23, between 95172413 - 99310344
thread 24, between 99310344 - 103448275
thread 25, between 103448275 - 107586206
thread 26, between 107586206 - 111724137
thread  1, between 4137931 - 8275862
thread  0, between 0 - 4137931
thread 27, between 111724137 - 115862068
thread  5, between 20689655 - 24827586
load         :       0.452 micros/op 2.108878 Mops/s;
