key trace size: 120000000
Randomize the trace...thread 19, between 114000000 - 120000000
thread  1, between 6000000 - 12000000
thread  3, between 18000000 - 24000000
thread  4, between 24000000 - 30000000
thread  5, between 30000000 - 36000000
thread  7, between 42000000 - 48000000
thread  6, between 36000000 - 42000000
thread  8, between 48000000 - 54000000
thread  9, between 54000000 - 60000000
thread  2, between 12000000 - 18000000
thread 11, between 66000000 - 72000000
thread 10, between 60000000 - 66000000
thread 12, between 72000000 - 78000000
thread 14, between 84000000 - 90000000
thread 15, between 90000000 - 96000000
thread 16, between 96000000 - 102000000
thread 17, between 102000000 - 108000000
thread 18, between 108000000 - 114000000
thread  0, between 0 - 6000000
thread 13, between 78000000 - 84000000
load         :       0.448 micros/op 2.126603 Mops/s;
