key trace size: 120000000
Randomize the trace...thread 30, between 116129010 - 119999977
thread  1, between 3870967 - 7741934
thread  2, between 7741934 - 11612901
thread  3, between 11612901 - 15483868
thread  4, between 15483868 - 19354835
thread  6, between 23225802 - 27096769
thread  5, between 19354835 - 23225802
thread  9, between 34838703 - 38709670
thread  8, between 30967736 - 34838703
thread 11, between 42580637 - 46451604
thread 12, between 46451604 - 50322571
thread 14, between 54193538 - 58064505
thread 10, between 38709670 - 42580637
thread  7, between 27096769 - 30967736
thread 13, between 50322571 - 54193538
thread 16, between 61935472 - 65806439
thread 17, between 65806439 - 69677406
thread 19, between 73548373 - 77419340
thread 15, between 58064505 - 61935472
thread 20, between 77419340 - 81290307
thread 21, between 81290307 - 85161274
thread 23, between 89032241 - 92903208
thread 22, between 85161274 - 89032241
thread 18, between 69677406 - 73548373
thread 25, between 96774175 - 100645142
thread 26, between 100645142 - 104516109
thread 27, between 104516109 - 108387076
thread 28, between 108387076 - 112258043
thread  0, between 0 - 3870967
thread 29, between 112258043 - 116129010
thread 24, between 92903208 - 96774175
load         :       0.456 micros/op 2.089616 Mops/s;
