key trace size: 120000000
Randomize the trace...thread 21, between 105000000 - 110000000
thread  2, between 10000000 - 15000000
thread  3, between 15000000 - 20000000
thread  4, between 20000000 - 25000000
thread  5, between 25000000 - 30000000
thread  7, between 35000000 - 40000000
thread  6, between 30000000 - 35000000
thread 10, between 50000000 - 55000000
thread  9, between 45000000 - 50000000
thread  8, between 40000000 - 45000000
thread 11, between 55000000 - 60000000
thread 12, between 60000000 - 65000000
thread 13, between 65000000 - 70000000
thread 14, between 70000000 - 75000000
thread 16, between 80000000 - 85000000
thread 17, between 85000000 - 90000000
thread 19, between 95000000 - 100000000
thread 18, between 90000000 - 95000000
thread 22, between 110000000 - 115000000
thread  0, between 0 - 5000000
thread  1, between 5000000 - 10000000
thread 20, between 100000000 - 105000000
thread 23, between 115000000 - 120000000
thread 15, between 75000000 - 80000000
load         :       0.454 micros/op 2.101040 Mops/s;
