key trace size: 120000000
Randomize the trace...thread 11, between 110000000 - 120000000
thread  8, between 80000000 - 90000000
thread  1, between 10000000 - 20000000
thread  3, between 30000000 - 40000000
thread  6, between 60000000 - 70000000
thread  2, between 20000000 - 30000000
thread  4, between 40000000 - 50000000
thread  7, between 70000000 - 80000000
thread  9, between 90000000 - 100000000
thread 10, between 100000000 - 110000000
thread  5, between 50000000 - 60000000
thread  0, between 0 - 10000000
2021/09/02-16:35:53  ... thread 10: (10000000,10000000) ops and ( 205477.6,205477.6 ) ops/second in (48.6671,48.6671) seconds
2021/09/02-16:35:53  ... thread 1: (10000000,10000000) ops and ( 205264.9,205264.9 ) ops/second in (48.7175,48.7175) seconds
2021/09/02-16:35:53  ... thread 4: (10000000,10000000) ops and ( 205177.3,205177.3 ) ops/second in (48.7383,48.7383) seconds
2021/09/02-16:35:53  ... thread 11: (10000000,10000000) ops and ( 204442.0,204442.0 ) ops/second in (48.9136,48.9136) seconds
2021/09/02-16:35:53  ... thread 6: (10000000,10000000) ops and ( 204097.3,204097.3 ) ops/second in (48.9962,48.9962) seconds
2021/09/02-16:35:54  ... thread 9: (10000000,10000000) ops and ( 201615.6,201615.6 ) ops/second in (49.5993,49.5993) seconds
2021/09/02-16:35:56  ... thread 5: (10000000,10000000) ops and ( 193220.0,193220.0 ) ops/second in (51.7545,51.7545) seconds
2021/09/02-16:35:56  ... thread 0: (10000000,10000000) ops and ( 192426.2,192426.2 ) ops/second in (51.9680,51.9680) seconds
2021/09/02-16:35:56  ... thread 3: (10000000,10000000) ops and ( 191903.2,191903.2 ) ops/second in (52.1096,52.1096) seconds
2021/09/02-16:35:56  ... thread 7: (10000000,10000000) ops and ( 191595.7,191595.7 ) ops/second in (52.1932,52.1932) seconds
2021/09/02-16:35:56  ... thread 8: (10000000,10000000) ops and ( 190546.6,190546.6 ) ops/second in (52.4806,52.4806) seconds
2021/09/02-16:35:57  ... thread 2: (10000000,10000000) ops and ( 189932.1,189932.1 ) ops/second in (52.6504,52.6504) seconds
load         :       0.439 micros/op 2.173599 Mops/s;
