key trace size: 120000000
Randomize the trace...thread 27, between 115714278 - 119999992
thread  1, between 4285714 - 8571428
thread  8, between 34285712 - 38571426
thread  9, between 38571426 - 42857140
thread 11, between 47142854 - 51428568
thread  4, between 17142856 - 21428570
thread 13, between 55714282 - 59999996
thread 12, between 51428568 - 55714282
thread  7, between 29999998 - 34285712
thread  5, between 21428570 - 25714284
thread 14, between 59999996 - 64285710
thread  2, between 8571428 - 12857142
thread  3, between 12857142 - 17142856
thread 10, between 42857140 - 47142854
thread 16, between 68571424 - 72857138
thread 15, between 64285710 - 68571424
thread 19, between 81428566 - 85714280
thread 18, between 77142852 - 81428566
thread 20, between 85714280 - 89999994
thread 21, between 89999994 - 94285708
thread 23, between 98571422 - 102857136
thread 17, between 72857138 - 77142852
thread  6, between 25714284 - 29999998
thread 22, between 94285708 - 98571422
thread 25, between 107142850 - 111428564
thread 26, between 111428564 - 115714278
thread  0, between 0 - 4285714
thread 24, between 102857136 - 107142850
load         :       0.465 micros/op 2.049837 Mops/s;
