key trace size: 120000000
Randomize the trace...thread 31, between 116250000 - 120000000
thread  1, between 3750000 - 7500000
thread  5, between 18750000 - 22500000
thread  9, between 33750000 - 37500000
thread 10, between 37500000 - 41250000
thread  4, between 15000000 - 18750000
thread 13, between 48750000 - 52500000
thread 12, between 45000000 - 48750000
thread  8, between 30000000 - 33750000
thread 15, between 56250000 - 60000000
thread 14, between 52500000 - 56250000
thread  3, between 11250000 - 15000000
thread 17, between 63750000 - 67500000
thread 18, between 67500000 - 71250000
thread 20, between 75000000 - 78750000
thread 21, between 78750000 - 82500000
thread  6, between 22500000 - 26250000
thread 19, between 71250000 - 75000000
thread 23, between 86250000 - 90000000
thread 16, between 60000000 - 63750000
thread 22, between 82500000 - 86250000
thread 11, between 41250000 - 45000000
thread 26, between 97500000 - 101250000
thread  7, between 26250000 - 30000000
thread 27, between 101250000 - 105000000
thread 24, between 90000000 - 93750000
thread 28, between 105000000 - 108750000
thread 29, between 108750000 - 112500000
thread  0, between 0 - 3750000
thread 30, between 112500000 - 116250000
thread 25, between 93750000 - 97500000
thread  2, between 7500000 - 11250000
load         :       0.467 micros/op 2.043286 Mops/s;
