key trace size: 120000000
Randomize the trace...thread 24, between 106666656 - 111111100
thread  4, between 17777776 - 22222220
thread 26, between 115555544 - 119999988
thread  5, between 22222220 - 26666664
thread  2, between 8888888 - 13333332
thread  7, between 31111108 - 35555552
thread  3, between 13333332 - 17777776
thread  9, between 39999996 - 44444440
thread 11, between 48888884 - 53333328
thread  8, between 35555552 - 39999996
thread 12, between 53333328 - 57777772
thread 15, between 66666660 - 71111104
thread 17, between 75555548 - 79999992
thread 10, between 44444440 - 48888884
thread  6, between 26666664 - 31111108
thread 13, between 57777772 - 62222216
thread 16, between 71111104 - 75555548
thread 14, between 62222216 - 66666660
thread 20, between 88888880 - 93333324
thread 21, between 93333324 - 97777768
thread 22, between 97777768 - 102222212
thread 19, between 84444436 - 88888880
thread 25, between 111111100 - 115555544
thread  0, between 0 - 4444444
thread 23, between 102222212 - 106666656
thread  1, between 4444444 - 8888888
thread 18, between 79999992 - 84444436
load         :       0.455 micros/op 2.095975 Mops/s;
