key trace size: 120000000
Randomize the trace...------------------------------------------------
HashType:              CCEH buflog
Init Capacity:         16777216
Entries:               120000000
Trace size:            120000000
Read:                  120000000 
Write:                 1000000 
Thread:                4 
Report interval:       0 s
Stats interval:        10000000 records
benchmarks:            load,readall
------------------------------------------------
[32mStart IPMWatcher for load
[0m2021/09/10-16:38:21  ... thread 1: (10000000,10000000) ops and ( 815606.8,815606.8 ) ops/second in (12.2608,12.2608) seconds
2021/09/10-16:38:21  ... thread 2: (10000000,10000000) ops and ( 814752.5,814752.5 ) ops/second in (12.2737,12.2737) seconds
2021/09/10-16:38:21  ... thread 3: (10000000,10000000) ops and ( 813465.5,813465.5 ) ops/second in (12.2931,12.2931) seconds
2021/09/10-16:38:21  ... thread 0: (10000000,10000000) ops and ( 810038.7,810038.7 ) ops/second in (12.3451,12.3451) seconds
2021/09/10-16:38:35  ... thread 1: (10000000,20000000) ops and ( 690319.4,747751.4 ) ops/second in (14.4860,26.7469) seconds
2021/09/10-16:38:35  ... thread 2: (10000000,20000000) ops and ( 688794.1,746497.3 ) ops/second in (14.5181,26.7918) seconds
2021/09/10-16:38:35  ... thread 3: (10000000,20000000) ops and ( 688559.3,745818.9 ) ops/second in (14.5231,26.8162) seconds
2021/09/10-16:38:35  ... thread 0: (10000000,20000000) ops and ( 688104.9,744109.7 ) ops/second in (14.5327,26.8778) seconds
2021/09/10-16:38:51  ... thread 1: (10000000,30000000) ops and ( 630660.7,704171.7 ) ops/second in (15.8564,42.6032) seconds
2021/09/10-16:38:51  ... thread 2: (10000000,30000000) ops and ( 625787.8,701399.2 ) ops/second in (15.9799,42.7717) seconds
2021/09/10-16:38:51  ... thread 3: (10000000,30000000) ops and ( 625198.1,700753.0 ) ops/second in (15.9949,42.8111) seconds
2021/09/10-16:38:51  ... thread 0: (10000000,30000000) ops and ( 626632.7,700344.4 ) ops/second in (15.9583,42.8361) seconds
Average Load Factor : 0.71 
# of key left : 5611419 
load         :       0.357 micros/op 2.671601 Mops/s;
120000000 operations, 42.84 real_elapsed 
DIMM0 | Read from IMC | Write from IMC |  Read DIMM  |  Write DIMM  |   RA   |   WA   |
  MB  |      31293.77 |       36533.43 |    59602.02 |     38070.00 |   1.90 |   1.04 |
DIMM1 | Read from IMC | Write from IMC |  Read DIMM  |  Write DIMM  |   RA   |   WA   |
  MB  |      17969.70 |       35998.84 |    22413.00 |     37190.22 |   1.25 |   1.03 |
*SUM* | DIMM-R:  1777.3 MB/s. User-R:  1067.6 MB/s   | DIMM-W:  1630.9 MB/s, User-W:  1571.8 MB/s. Time:  46.15s
[32mDestroy IPMWatcher.
[0m
Randomize the trace...[32mStart IPMWatcher for readall
[0m2021/09/10-16:39:13  ... thread 2: (10000000,10000000) ops and ( 802594.2,802594.2 ) ops/second in (12.4596,12.4596) seconds
2021/09/10-16:39:13  ... thread 3: (10000000,10000000) ops and ( 800127.1,800127.1 ) ops/second in (12.4980,12.4980) seconds
2021/09/10-16:39:13  ... thread 1: (10000000,10000000) ops and ( 797114.1,797114.1 ) ops/second in (12.5453,12.5453) seconds
2021/09/10-16:39:13  ... thread 0: (10000000,10000000) ops and ( 795187.7,795187.7 ) ops/second in (12.5756,12.5756) seconds
2021/09/10-16:39:25  ... thread 2: (10000000,20000000) ops and ( 798795.2,800690.2 ) ops/second in (12.5189,24.9784) seconds
2021/09/10-16:39:25  ... thread 3: (10000000,20000000) ops and ( 799711.7,799919.3 ) ops/second in (12.5045,25.0025) seconds
2021/09/10-16:39:25  ... thread 1: (10000000,20000000) ops and ( 795165.3,796138.5 ) ops/second in (12.5760,25.1213) seconds
2021/09/10-16:39:25  ... thread 0: (10000000,20000000) ops and ( 794640.2,794913.9 ) ops/second in (12.5843,25.1600) seconds
2021/09/10-16:39:38  ... thread 2: (10000000,30000000) ops and ( 794763.0,798704.7 ) ops/second in (12.5824,37.5608) seconds
2021/09/10-16:39:38  ... thread 3: (10000000,30000000) ops and ( 795403.4,798408.3 ) ops/second in (12.5722,37.5748) seconds
2021/09/10-16:39:38  ... thread 1: (10000000,30000000) ops and ( 794301.6,795525.2 ) ops/second in (12.5897,37.7109) seconds
2021/09/10-16:39:38  ... thread 0: (10000000,30000000) ops and ( 794029.0,794618.7 ) ops/second in (12.5940,37.7540) seconds
readall      :       0.315 micros/op 3.031227 Mops/s; (num: 30000000, not find: 0)
120000000 operations, 37.75 real_elapsed 
DIMM0 | Read from IMC | Write from IMC |  Read DIMM  |  Write DIMM  |   RA   |   WA   |
  MB  |      23357.35 |        6694.79 |    58364.79 |     27435.81 |   2.50 |   4.10 |
DIMM1 | Read from IMC | Write from IMC |  Read DIMM  |  Write DIMM  |   RA   |   WA   |
  MB  |      14222.83 |           0.01 |    25243.77 |        35.40 |   1.77 | 2600.54 |
*SUM* | DIMM-R:  2202.9 MB/s. User-R:   990.2 MB/s   | DIMM-W:   723.8 MB/s, User-W:   176.4 MB/s. Time:  37.95s
[32mDestroy IPMWatcher.
[0m
