key trace size: 120000000
Randomize the trace...------------------------------------------------
HashType:              CCEH buflog
Init Capacity:         16777216
Entries:               120000000
Trace size:            120000000
Read:                  120000000 
Write:                 1000000 
Thread:                6 
Report interval:       0 s
Stats interval:        10000000 records
benchmarks:            load,readall
------------------------------------------------
[32mStart IPMWatcher for load
[0m2021/09/10-16:41:28  ... thread 2: (10000000,10000000) ops and ( 633727.9,633727.9 ) ops/second in (15.7796,15.7796) seconds
2021/09/10-16:41:28  ... thread 5: (10000000,10000000) ops and ( 632316.2,632316.2 ) ops/second in (15.8149,15.8149) seconds
2021/09/10-16:41:28  ... thread 1: (10000000,10000000) ops and ( 631965.7,631965.7 ) ops/second in (15.8236,15.8236) seconds
2021/09/10-16:41:28  ... thread 4: (10000000,10000000) ops and ( 631285.0,631285.0 ) ops/second in (15.8407,15.8407) seconds
2021/09/10-16:41:28  ... thread 0: (10000000,10000000) ops and ( 627616.3,627616.3 ) ops/second in (15.9333,15.9333) seconds
2021/09/10-16:41:28  ... thread 3: (10000000,10000000) ops and ( 625586.0,625586.0 ) ops/second in (15.9850,15.9850) seconds
2021/09/10-16:41:46  ... thread 2: (10000000,20000000) ops and ( 548391.9,587979.7 ) ops/second in (18.2351,34.0148) seconds
2021/09/10-16:41:46  ... thread 1: (10000000,20000000) ops and ( 547494.0,586705.0 ) ops/second in (18.2650,34.0887) seconds
2021/09/10-16:41:46  ... thread 4: (10000000,20000000) ops and ( 547761.7,586564.9 ) ops/second in (18.2561,34.0968) seconds
2021/09/10-16:41:46  ... thread 5: (10000000,20000000) ops and ( 546928.4,586530.9 ) ops/second in (18.2839,34.0988) seconds
2021/09/10-16:41:46  ... thread 0: (10000000,20000000) ops and ( 546324.8,584155.9 ) ops/second in (18.3041,34.2374) seconds
2021/09/10-16:41:46  ... thread 3: (10000000,20000000) ops and ( 547460.0,583921.3 ) ops/second in (18.2662,34.2512) seconds
Average Load Factor : 0.71 
# of key left : 5616721 
load         :       0.285 micros/op 3.341223 Mops/s;
120000000 operations, 34.25 real_elapsed 
DIMM0 | Read from IMC | Write from IMC |  Read DIMM  |  Write DIMM  |   RA   |   WA   |
  MB  |      31183.29 |       36570.56 |    59428.46 |     38327.70 |   1.91 |   1.05 |
DIMM1 | Read from IMC | Write from IMC |  Read DIMM  |  Write DIMM  |   RA   |   WA   |
  MB  |      17916.26 |       36013.04 |    22127.79 |     37184.55 |   1.24 |   1.03 |
*SUM* | DIMM-R:  2172.3 MB/s. User-R:  1307.8 MB/s   | DIMM-W:  2011.3 MB/s, User-W:  1933.3 MB/s. Time:  37.54s
[32mDestroy IPMWatcher.
[0m
Randomize the trace...[32mStart IPMWatcher for readall
[0m2021/09/10-16:42:09  ... thread 0: (10000000,10000000) ops and ( 708862.9,708862.9 ) ops/second in (14.1071,14.1071) seconds
2021/09/10-16:42:09  ... thread 3: (10000000,10000000) ops and ( 708373.9,708373.9 ) ops/second in (14.1168,14.1168) seconds
2021/09/10-16:42:09  ... thread 2: (10000000,10000000) ops and ( 708172.5,708172.5 ) ops/second in (14.1209,14.1209) seconds
2021/09/10-16:42:10  ... thread 5: (10000000,10000000) ops and ( 705493.6,705493.6 ) ops/second in (14.1745,14.1745) seconds
2021/09/10-16:42:10  ... thread 1: (10000000,10000000) ops and ( 705259.9,705259.9 ) ops/second in (14.1792,14.1792) seconds
2021/09/10-16:42:10  ... thread 4: (10000000,10000000) ops and ( 705204.9,705204.9 ) ops/second in (14.1803,14.1803) seconds
2021/09/10-16:42:24  ... thread 0: (10000000,20000000) ops and ( 706499.4,707679.2 ) ops/second in (14.1543,28.2614) seconds
thread  0 num: 20000000, not find: 105
2021/09/10-16:42:24  ... thread 3: (10000000,20000000) ops and ( 705893.1,707131.4 ) ops/second in (14.1664,28.2833) seconds
thread  3 num: 20000000, not find: 109
2021/09/10-16:42:24  ... thread 2: (10000000,20000000) ops and ( 705491.3,706829.3 ) ops/second in (14.1745,28.2954) seconds
thread  2 num: 20000000, not find: 98
2021/09/10-16:42:24  ... thread 5: (10000000,20000000) ops and ( 704348.4,704920.5 ) ops/second in (14.1975,28.3720) seconds
thread  5 num: 20000000, not find: 92
2021/09/10-16:42:24  ... thread 4: (10000000,20000000) ops and ( 704336.7,704770.6 ) ops/second in (14.1978,28.3780) seconds
thread  4 num: 20000000, not find: 104
2021/09/10-16:42:24  ... thread 1: (10000000,20000000) ops and ( 703797.4,704527.9 ) ops/second in (14.2086,28.3878) seconds
thread  1 num: 20000000, not find: 99
readall      :       0.237 micros/op 4.031337 Mops/s; (num: 20000000, not find: 105)
120000000 operations, 28.39 real_elapsed 
DIMM0 | Read from IMC | Write from IMC |  Read DIMM  |  Write DIMM  |   RA   |   WA   |
  MB  |      23360.53 |        6652.90 |    58005.94 |     26924.75 |   2.48 |   4.05 |
DIMM1 | Read from IMC | Write from IMC |  Read DIMM  |  Write DIMM  |   RA   |   WA   |
  MB  |      14163.08 |           0.01 |    25109.06 |        28.31 |   1.77 | 2034.37 |
*SUM* | DIMM-R:  2906.8 MB/s. User-R:  1312.3 MB/s   | DIMM-W:   942.6 MB/s, User-W:   232.7 MB/s. Time:  28.59s
[32mDestroy IPMWatcher.
[0m
