key trace size: 120000000
Randomize the trace...------------------------------------------------
HashType:              CCEH buflog
Init Capacity:         16777216
Entries:               120000000
Trace size:            120000000
Read:                  120000000 
Write:                 1000000 
Thread:                7 
Report interval:       0 s
Stats interval:        10000000 records
benchmarks:            load,readall
------------------------------------------------
[32mStart IPMWatcher for load
[0m2021/09/10-16:42:49  ... thread 1: (10000000,10000000) ops and ( 568084.4,568084.4 ) ops/second in (17.6030,17.6030) seconds
2021/09/10-16:42:49  ... thread 5: (10000000,10000000) ops and ( 567616.4,567616.4 ) ops/second in (17.6175,17.6175) seconds
2021/09/10-16:42:49  ... thread 3: (10000000,10000000) ops and ( 567613.0,567613.0 ) ops/second in (17.6176,17.6176) seconds
2021/09/10-16:42:49  ... thread 4: (10000000,10000000) ops and ( 566205.7,566205.7 ) ops/second in (17.6614,17.6614) seconds
2021/09/10-16:42:49  ... thread 2: (10000000,10000000) ops and ( 565872.5,565872.5 ) ops/second in (17.6718,17.6718) seconds
2021/09/10-16:42:49  ... thread 6: (10000000,10000000) ops and ( 565637.3,565637.3 ) ops/second in (17.6792,17.6792) seconds
2021/09/10-16:42:49  ... thread 0: (10000000,10000000) ops and ( 563440.0,563440.0 ) ops/second in (17.7481,17.7481) seconds
Average Load Factor : 0.71 
# of key left : 5627203 
load         :       0.267 micros/op 3.572270 Mops/s;
119999999 operations, 32.04 real_elapsed 
DIMM0 | Read from IMC | Write from IMC |  Read DIMM  |  Write DIMM  |   RA   |   WA   |
  MB  |      31214.44 |       36597.73 |    59514.54 |     38476.84 |   1.91 |   1.05 |
DIMM1 | Read from IMC | Write from IMC |  Read DIMM  |  Write DIMM  |   RA   |   WA   |
  MB  |      17941.26 |       36020.40 |    22211.77 |     37193.67 |   1.24 |   1.03 |
*SUM* | DIMM-R:  2312.2 MB/s. User-R:  1390.7 MB/s   | DIMM-W:  2140.9 MB/s, User-W:  2054.6 MB/s. Time:  35.34s
[32mDestroy IPMWatcher.
[0m
Randomize the trace...[32mStart IPMWatcher for readall
[0m2021/09/10-16:43:28  ... thread 1: (10000000,10000000) ops and ( 652021.1,652021.1 ) ops/second in (15.3369,15.3369) seconds
2021/09/10-16:43:28  ... thread 2: (10000000,10000000) ops and ( 650587.0,650587.0 ) ops/second in (15.3707,15.3707) seconds
2021/09/10-16:43:28  ... thread 6: (10000000,10000000) ops and ( 650367.7,650367.7 ) ops/second in (15.3759,15.3759) seconds
2021/09/10-16:43:28  ... thread 5: (10000000,10000000) ops and ( 650246.8,650246.8 ) ops/second in (15.3788,15.3788) seconds
2021/09/10-16:43:28  ... thread 4: (10000000,10000000) ops and ( 649371.1,649371.1 ) ops/second in (15.3995,15.3995) seconds
2021/09/10-16:43:28  ... thread 0: (10000000,10000000) ops and ( 647706.2,647706.2 ) ops/second in (15.4391,15.4391) seconds
2021/09/10-16:43:28  ... thread 3: (10000000,10000000) ops and ( 647264.1,647264.1 ) ops/second in (15.4496,15.4496) seconds
thread  1 num: 17142857, not find: 413
thread  2 num: 17142857, not find: 450
thread  6 num: 17142857, not find: 457
thread  5 num: 17142857, not find: 462
thread  4 num: 17142857, not find: 482
thread  0 num: 17142857, not find: 442
thread  3 num: 17142857, not find: 472
readall      :       0.221 micros/op 4.312364 Mops/s; (num: 17142857, not find: 442)
119999999 operations, 26.54 real_elapsed 
DIMM0 | Read from IMC | Write from IMC |  Read DIMM  |  Write DIMM  |   RA   |   WA   |
  MB  |      23399.39 |        6637.45 |    58266.73 |     26970.76 |   2.49 |   4.06 |
DIMM1 | Read from IMC | Write from IMC |  Read DIMM  |  Write DIMM  |   RA   |   WA   |
  MB  |      14186.42 |           0.01 |    25218.66 |        27.11 |   1.78 | 1965.29 |
*SUM* | DIMM-R:  3122.5 MB/s. User-R:  1405.8 MB/s   | DIMM-W:  1009.8 MB/s, User-W:   248.3 MB/s. Time:  26.74s
[32mDestroy IPMWatcher.
[0m
