key trace size: 120000000
Randomize the trace...------------------------------------------------
HashType:              CCEH buflog
Init Capacity:         16777216
Entries:               120000000
Trace size:            120000000
Read:                  120000000 
Write:                 1000000 
Thread:                15 
Report interval:       0 s
Stats interval:        10000000 records
benchmarks:            load,readall
------------------------------------------------
[32mStart IPMWatcher for load
[0mAverage Load Factor : 0.71 
# of key left : 5630657 
load         :       0.236 micros/op 4.046396 Mops/s;
120000000 operations, 28.28 real_elapsed 
DIMM0 | Read from IMC | Write from IMC |  Read DIMM  |  Write DIMM  |   RA   |   WA   |
  MB  |      30523.56 |       36895.63 |    58074.81 |     39387.84 |   1.90 |   1.07 |
DIMM1 | Read from IMC | Write from IMC |  Read DIMM  |  Write DIMM  |   RA   |   WA   |
  MB  |      18307.61 |       36141.79 |    23047.94 |     37306.14 |   1.26 |   1.03 |
*SUM* | DIMM-R:  2576.6 MB/s. User-R:  1551.0 MB/s   | DIMM-W:  2436.0 MB/s, User-W:  2319.8 MB/s. Time:  31.48s
[32mDestroy IPMWatcher.
[0m
Randomize the trace...[32mStart IPMWatcher for readall
[0mreadall      :       0.191 micros/op 5.002337 Mops/s; (num: 8000000, not find: 0)
120000000 operations, 22.88 real_elapsed 
DIMM0 | Read from IMC | Write from IMC |  Read DIMM  |  Write DIMM  |   RA   |   WA   |
  MB  |      20463.45 |        6624.13 |    53696.02 |     26980.80 |   2.62 |   4.07 |
DIMM1 | Read from IMC | Write from IMC |  Read DIMM  |  Write DIMM  |   RA   |   WA   |
  MB  |      12988.29 |           0.01 |    24133.55 |        23.89 |   1.86 | 1732.14 |
*SUM* | DIMM-R:  3374.8 MB/s. User-R:  1450.5 MB/s   | DIMM-W:  1171.0 MB/s, User-W:   287.2 MB/s. Time:  23.06s
[32mDestroy IPMWatcher.
[0m
