key trace size: 120000000
Randomize the trace...------------------------------------------------
HashType:              CCEH buflog
Init Capacity:         16777216
Entries:               120000000
Trace size:            120000000
Read:                  120000000 
Write:                 1000000 
Thread:                3 
Report interval:       0 s
Stats interval:        10000000 records
benchmarks:            load,readall
------------------------------------------------
[32mStart IPMWatcher for load
[0m2021/09/10-16:36:24  ... thread 2: (10000000,10000000) ops and ( 929396.0,929396.0 ) ops/second in (10.7597,10.7597) seconds
2021/09/10-16:36:24  ... thread 1: (10000000,10000000) ops and ( 920559.5,920559.5 ) ops/second in (10.8630,10.8630) seconds
2021/09/10-16:36:24  ... thread 0: (10000000,10000000) ops and ( 916551.0,916551.0 ) ops/second in (10.9105,10.9105) seconds
2021/09/10-16:36:37  ... thread 2: (10000000,20000000) ops and ( 765380.0,839451.5 ) ops/second in (13.0654,23.8251) seconds
2021/09/10-16:36:37  ... thread 1: (10000000,20000000) ops and ( 762949.4,834376.7 ) ops/second in (13.1070,23.9700) seconds
2021/09/10-16:36:37  ... thread 0: (10000000,20000000) ops and ( 760187.4,831078.4 ) ops/second in (13.1547,24.0651) seconds
2021/09/10-16:36:50  ... thread 2: (10000000,30000000) ops and ( 759295.0,810916.2 ) ops/second in (13.1701,36.9952) seconds
2021/09/10-16:36:50  ... thread 1: (10000000,30000000) ops and ( 756882.8,806840.4 ) ops/second in (13.2121,37.1821) seconds
2021/09/10-16:36:51  ... thread 0: (10000000,30000000) ops and ( 755875.4,804401.4 ) ops/second in (13.2297,37.2948) seconds
2021/09/10-16:37:06  ... thread 2: (10000000,40000000) ops and ( 653692.2,764922.0 ) ops/second in (15.2977,52.2929) seconds
2021/09/10-16:37:06  ... thread 1: (10000000,40000000) ops and ( 651604.6,761487.0 ) ops/second in (15.3467,52.5288) seconds
2021/09/10-16:37:06  ... thread 0: (10000000,40000000) ops and ( 648102.1,758660.9 ) ops/second in (15.4297,52.7245) seconds
Average Load Factor : 0.71 
# of key left : 5629782 
load         :       0.439 micros/op 2.170545 Mops/s;
120000000 operations, 52.72 real_elapsed 
DIMM0 | Read from IMC | Write from IMC |  Read DIMM  |  Write DIMM  |   RA   |   WA   |
  MB  |      31259.12 |       36515.11 |    59761.01 |     37974.17 |   1.91 |   1.04 |
DIMM1 | Read from IMC | Write from IMC |  Read DIMM  |  Write DIMM  |   RA   |   WA   |
  MB  |      18054.33 |       35987.71 |    22778.52 |     37191.86 |   1.26 |   1.03 |
*SUM* | DIMM-R:  1473.3 MB/s. User-R:   880.2 MB/s   | DIMM-W:  1341.7 MB/s, User-W:  1294.1 MB/s. Time:  56.02s
[32mDestroy IPMWatcher.
[0m
Randomize the trace...[32mStart IPMWatcher for readall
[0m2021/09/10-16:37:26  ... thread 2: (10000000,10000000) ops and ( 870605.0,870605.0 ) ops/second in (11.4863,11.4863) seconds
2021/09/10-16:37:26  ... thread 1: (10000000,10000000) ops and ( 869561.3,869561.3 ) ops/second in (11.5001,11.5001) seconds
2021/09/10-16:37:26  ... thread 0: (10000000,10000000) ops and ( 867708.2,867708.2 ) ops/second in (11.5246,11.5246) seconds
2021/09/10-16:37:38  ... thread 2: (10000000,20000000) ops and ( 874235.2,872416.3 ) ops/second in (11.4386,22.9248) seconds
2021/09/10-16:37:38  ... thread 1: (10000000,20000000) ops and ( 873375.9,871464.4 ) ops/second in (11.4498,22.9499) seconds
2021/09/10-16:37:38  ... thread 0: (10000000,20000000) ops and ( 869828.0,868766.8 ) ops/second in (11.4965,23.0211) seconds
2021/09/10-16:37:49  ... thread 2: (10000000,30000000) ops and ( 875295.3,873373.9 ) ops/second in (11.4247,34.3496) seconds
2021/09/10-16:37:49  ... thread 1: (10000000,30000000) ops and ( 874473.8,872465.2 ) ops/second in (11.4354,34.3853) seconds
2021/09/10-16:37:49  ... thread 0: (10000000,30000000) ops and ( 871075.7,869535.1 ) ops/second in (11.4801,34.5012) seconds
2021/09/10-16:38:01  ... thread 2: (10000000,40000000) ops and ( 873939.3,873515.2 ) ops/second in (11.4424,45.7920) seconds
2021/09/10-16:38:01  ... thread 1: (10000000,40000000) ops and ( 873324.1,872679.8 ) ops/second in (11.4505,45.8358) seconds
2021/09/10-16:38:01  ... thread 0: (10000000,40000000) ops and ( 872291.9,870222.7 ) ops/second in (11.4641,45.9652) seconds
readall      :       0.383 micros/op 2.489724 Mops/s; (num: 40000000, not find: 0)
120000000 operations, 45.97 real_elapsed 
DIMM0 | Read from IMC | Write from IMC |  Read DIMM  |  Write DIMM  |   RA   |   WA   |
  MB  |      23366.73 |        6724.78 |    58247.01 |     27315.41 |   2.49 |   4.06 |
DIMM1 | Read from IMC | Write from IMC |  Read DIMM  |  Write DIMM  |   RA   |   WA   |
  MB  |      14220.89 |           0.01 |    25319.51 |        41.76 |   1.78 | 4329.85 |
*SUM* | DIMM-R:  1809.5 MB/s. User-R:   813.9 MB/s   | DIMM-W:   592.4 MB/s, User-W:   145.6 MB/s. Time:  46.18s
[32mDestroy IPMWatcher.
[0m
