key trace size: 120000000
Randomize the trace...------------------------------------------------
HashType:              CCEH buflog
Init Capacity:         16777216
Entries:               120000000
Trace size:            120000000
Read:                  120000000 
Write:                 1000000 
Thread:                13 
Report interval:       0 s
Stats interval:        10000000 records
benchmarks:            load,readall
------------------------------------------------
[32mStart IPMWatcher for load
[0mAverage Load Factor : 0.71 
# of key left : 5647878 
load         :       0.238 micros/op 4.005090 Mops/s;
119999997 operations, 28.57 real_elapsed 
DIMM0 | Read from IMC | Write from IMC |  Read DIMM  |  Write DIMM  |   RA   |   WA   |
  MB  |      31079.54 |       36840.03 |    59001.68 |     39240.21 |   1.90 |   1.07 |
DIMM1 | Read from IMC | Write from IMC |  Read DIMM  |  Write DIMM  |   RA   |   WA   |
  MB  |      18194.62 |       36117.49 |    22722.32 |     37280.46 |   1.25 |   1.03 |
*SUM* | DIMM-R:  2568.0 MB/s. User-R:  1548.3 MB/s   | DIMM-W:  2404.5 MB/s, User-W:  2292.5 MB/s. Time:  31.82s
[32mDestroy IPMWatcher.
[0m
Randomize the trace...[32mStart IPMWatcher for readall
[0mthread  2 num: 9230769, not find: 20
thread  0 num: 9230769, not find: 15
thread 11 num: 9230769, not find: 10
thread  3 num: 9230769, not find: 17
thread 10 num: 9230769, not find: 20
thread  7 num: 9230769, not find: 15
thread  5 num: 9230769, not find: 16
thread 12 num: 9230769, not find: 18
thread  1 num: 9230769, not find: 17
thread  8 num: 9230769, not find: 16
thread  6 num: 9230769, not find: 14
thread  9 num: 9230769, not find: 10
thread  4 num: 9230769, not find: 27
readall      :       0.186 micros/op 5.126296 Mops/s; (num: 9230769, not find: 15)
119999997 operations, 22.32 real_elapsed 
DIMM0 | Read from IMC | Write from IMC |  Read DIMM  |  Write DIMM  |   RA   |   WA   |
  MB  |      21032.84 |        6624.54 |    54436.39 |     26826.34 |   2.59 |   4.05 |
DIMM1 | Read from IMC | Write from IMC |  Read DIMM  |  Write DIMM  |   RA   |   WA   |
  MB  |      13221.36 |           0.01 |    24332.63 |        23.52 |   1.84 | 1727.71 |
*SUM* | DIMM-R:  3495.4 MB/s. User-R:  1520.0 MB/s   | DIMM-W:  1191.5 MB/s, User-W:   294.0 MB/s. Time:  22.54s
[32mDestroy IPMWatcher.
[0m
