key trace size: 120000000
Randomize the trace...------------------------------------------------
HashType:              CCEH buflog
Init Capacity:         16777216
Entries:               120000000
Trace size:            120000000
Read:                  120000000 
Write:                 1000000 
Thread:                14 
Report interval:       0 s
Stats interval:        10000000 records
benchmarks:            load,readall
------------------------------------------------
[32mStart IPMWatcher for load
[0mAverage Load Factor : 0.71 
# of key left : 5628319 
load         :       0.237 micros/op 4.016447 Mops/s;
119999992 operations, 28.49 real_elapsed 
DIMM0 | Read from IMC | Write from IMC |  Read DIMM  |  Write DIMM  |   RA   |   WA   |
  MB  |      31123.89 |       36876.53 |    59158.12 |     39337.25 |   1.90 |   1.07 |
DIMM1 | Read from IMC | Write from IMC |  Read DIMM  |  Write DIMM  |   RA   |   WA   |
  MB  |      18283.14 |       36131.46 |    22978.61 |     37286.76 |   1.26 |   1.03 |
*SUM* | DIMM-R:  2587.3 MB/s. User-R:  1556.3 MB/s   | DIMM-W:  2413.7 MB/s, User-W:  2299.8 MB/s. Time:  31.75s
[32mDestroy IPMWatcher.
[0m
Randomize the trace...[32mStart IPMWatcher for readall
[0mthread  3 num: 8571428, not find: 1875
thread  0 num: 8571428, not find: 1943
thread 10 num: 8571428, not find: 1872
thread  1 num: 8571428, not find: 1992
thread  2 num: 8571428, not find: 1948
thread 11 num: 8571428, not find: 2048
thread  4 num: 8571428, not find: 1963
thread  9 num: 8571428, not find: 1935
thread 13 num: 8571428, not find: 1936
thread  8 num: 8571428, not find: 2015
thread 12 num: 8571428, not find: 1951
thread  5 num: 8571428, not find: 2023
thread  7 num: 8571428, not find: 1968
thread  6 num: 8571428, not find: 1852
readall      :       0.183 micros/op 5.208055 Mops/s; (num: 8571428, not find: 1943)
119999992 operations, 21.97 real_elapsed 
DIMM0 | Read from IMC | Write from IMC |  Read DIMM  |  Write DIMM  |   RA   |   WA   |
  MB  |      20704.09 |        6626.73 |    53818.74 |     26798.03 |   2.60 |   4.04 |
DIMM1 | Read from IMC | Write from IMC |  Read DIMM  |  Write DIMM  |   RA   |   WA   |
  MB  |      13100.67 |           0.01 |    24253.53 |        23.07 |   1.85 | 1672.55 |
*SUM* | DIMM-R:  3523.4 MB/s. User-R:  1525.6 MB/s   | DIMM-W:  1210.4 MB/s, User-W:   299.1 MB/s. Time:  22.16s
[32mDestroy IPMWatcher.
[0m
