key trace size: 120000000
Randomize the trace...------------------------------------------------
HashType:              CCEH buflog
Init Capacity:         16777216
Entries:               120000000
Trace size:            120000000
Read:                  120000000 
Write:                 1000000 
Thread:                10 
Report interval:       0 s
Stats interval:        10000000 records
benchmarks:            load,readall
------------------------------------------------
[32mStart IPMWatcher for load
[0m2021/09/10-16:46:33  ... thread 6: (10000000,10000000) ops and ( 443386.6,443386.6 ) ops/second in (22.5537,22.5537) seconds
2021/09/10-16:46:33  ... thread 0: (10000000,10000000) ops and ( 442110.7,442110.7 ) ops/second in (22.6188,22.6188) seconds
2021/09/10-16:46:33  ... thread 3: (10000000,10000000) ops and ( 441340.6,441340.6 ) ops/second in (22.6582,22.6582) seconds
2021/09/10-16:46:33  ... thread 4: (10000000,10000000) ops and ( 439727.0,439727.0 ) ops/second in (22.7414,22.7414) seconds
2021/09/10-16:46:33  ... thread 7: (10000000,10000000) ops and ( 437288.0,437288.0 ) ops/second in (22.8682,22.8682) seconds
2021/09/10-16:46:33  ... thread 1: (10000000,10000000) ops and ( 436314.7,436314.7 ) ops/second in (22.9192,22.9192) seconds
2021/09/10-16:46:35  ... thread 8: (10000000,10000000) ops and ( 408903.7,408903.7 ) ops/second in (24.4556,24.4556) seconds
2021/09/10-16:46:35  ... thread 5: (10000000,10000000) ops and ( 404187.6,404187.6 ) ops/second in (24.7410,24.7410) seconds
2021/09/10-16:46:35  ... thread 9: (10000000,10000000) ops and ( 400876.6,400876.6 ) ops/second in (24.9453,24.9453) seconds
2021/09/10-16:46:35  ... thread 2: (10000000,10000000) ops and ( 399709.6,399709.6 ) ops/second in (25.0182,25.0182) seconds
Average Load Factor : 0.71 
# of key left : 5617614 
load         :       0.248 micros/op 3.837736 Mops/s;
120000000 operations, 29.82 real_elapsed 
DIMM0 | Read from IMC | Write from IMC |  Read DIMM  |  Write DIMM  |   RA   |   WA   |
  MB  |      31031.19 |       36720.94 |    58897.90 |     38861.03 |   1.90 |   1.06 |
DIMM1 | Read from IMC | Write from IMC |  Read DIMM  |  Write DIMM  |   RA   |   WA   |
  MB  |      18025.25 |       36078.33 |    22286.29 |     37241.64 |   1.24 |   1.03 |
*SUM* | DIMM-R:  2457.7 MB/s. User-R:  1485.1 MB/s   | DIMM-W:  2303.9 MB/s, User-W:  2203.9 MB/s. Time:  33.03s
[32mDestroy IPMWatcher.
[0m
Randomize the trace...[32mStart IPMWatcher for readall
[0m2021/09/10-16:47:07  ... thread 1: (10000000,10000000) ops and ( 549233.1,549233.1 ) ops/second in (18.2072,18.2072) seconds
2021/09/10-16:47:07  ... thread 7: (10000000,10000000) ops and ( 548397.6,548397.6 ) ops/second in (18.2349,18.2349) seconds
2021/09/10-16:47:07  ... thread 6: (10000000,10000000) ops and ( 548140.2,548140.2 ) ops/second in (18.2435,18.2435) seconds
2021/09/10-16:47:07  ... thread 5: (10000000,10000000) ops and ( 547861.7,547861.7 ) ops/second in (18.2528,18.2528) seconds
2021/09/10-16:47:07  ... thread 4: (10000000,10000000) ops and ( 547754.2,547754.2 ) ops/second in (18.2564,18.2564) seconds
2021/09/10-16:47:07  ... thread 0: (10000000,10000000) ops and ( 546131.4,546131.4 ) ops/second in (18.3106,18.3106) seconds
2021/09/10-16:47:09  ... thread 3: (10000000,10000000) ops and ( 495788.0,495788.0 ) ops/second in (20.1699,20.1699) seconds
2021/09/10-16:47:09  ... thread 9: (10000000,10000000) ops and ( 495716.1,495716.1 ) ops/second in (20.1728,20.1728) seconds
2021/09/10-16:47:09  ... thread 8: (10000000,10000000) ops and ( 495364.8,495364.8 ) ops/second in (20.1871,20.1871) seconds
2021/09/10-16:47:09  ... thread 2: (10000000,10000000) ops and ( 495342.1,495342.1 ) ops/second in (20.1881,20.1881) seconds
readall      :       0.194 micros/op 4.904549 Mops/s; (num: 12000000, not find: 0)
120000000 operations, 23.33 real_elapsed 
DIMM0 | Read from IMC | Write from IMC |  Read DIMM  |  Write DIMM  |   RA   |   WA   |
  MB  |      22252.33 |        6627.74 |    56359.49 |     26775.95 |   2.53 |   4.04 |
DIMM1 | Read from IMC | Write from IMC |  Read DIMM  |  Write DIMM  |   RA   |   WA   |
  MB  |      13742.24 |           0.01 |    24869.78 |        24.35 |   1.81 | 1781.30 |
*SUM* | DIMM-R:  3450.5 MB/s. User-R:  1529.0 MB/s   | DIMM-W:  1138.5 MB/s, User-W:   281.5 MB/s. Time:  23.54s
[32mDestroy IPMWatcher.
[0m
