key trace size: 120000000
Randomize the trace...------------------------------------------------
HashType:              CCEH buflog
Init Capacity:         16777216
Entries:               120000000
Trace size:            120000000
Read:                  120000000 
Write:                 1000000 
Thread:                12 
Report interval:       0 s
Stats interval:        10000000 records
benchmarks:            load,readall
------------------------------------------------
[32mStart IPMWatcher for load
[0m2021/09/10-16:48:56  ... thread 3: (10000000,10000000) ops and ( 370897.5,370897.5 ) ops/second in (26.9616,26.9616) seconds
2021/09/10-16:48:56  ... thread 9: (10000000,10000000) ops and ( 368681.1,368681.1 ) ops/second in (27.1237,27.1237) seconds
2021/09/10-16:48:56  ... thread 0: (10000000,10000000) ops and ( 365314.5,365314.5 ) ops/second in (27.3737,27.3737) seconds
2021/09/10-16:48:56  ... thread 5: (10000000,10000000) ops and ( 364315.3,364315.3 ) ops/second in (27.4488,27.4488) seconds
2021/09/10-16:48:57  ... thread 8: (10000000,10000000) ops and ( 352632.0,352632.0 ) ops/second in (28.3582,28.3582) seconds
2021/09/10-16:48:57  ... thread 2: (10000000,10000000) ops and ( 348695.5,348695.5 ) ops/second in (28.6783,28.6783) seconds
2021/09/10-16:48:57  ... thread 11: (10000000,10000000) ops and ( 348033.9,348033.9 ) ops/second in (28.7328,28.7328) seconds
2021/09/10-16:48:57  ... thread 4: (10000000,10000000) ops and ( 348022.1,348022.1 ) ops/second in (28.7338,28.7338) seconds
2021/09/10-16:48:57  ... thread 10: (10000000,10000000) ops and ( 347858.6,347858.6 ) ops/second in (28.7473,28.7473) seconds
2021/09/10-16:48:57  ... thread 7: (10000000,10000000) ops and ( 347716.0,347716.0 ) ops/second in (28.7591,28.7591) seconds
2021/09/10-16:48:57  ... thread 1: (10000000,10000000) ops and ( 347657.5,347657.5 ) ops/second in (28.7639,28.7639) seconds
2021/09/10-16:48:57  ... thread 6: (10000000,10000000) ops and ( 347299.4,347299.4 ) ops/second in (28.7936,28.7936) seconds
Average Load Factor : 0.71 
# of key left : 5559705 
load         :       0.240 micros/op 3.974521 Mops/s;
120000000 operations, 28.79 real_elapsed 
DIMM0 | Read from IMC | Write from IMC |  Read DIMM  |  Write DIMM  |   RA   |   WA   |
  MB  |      31204.84 |       36780.44 |    59399.60 |     39097.55 |   1.90 |   1.06 |
DIMM1 | Read from IMC | Write from IMC |  Read DIMM  |  Write DIMM  |   RA   |   WA   |
  MB  |      18279.87 |       36085.44 |    23044.18 |     37244.74 |   1.26 |   1.03 |
*SUM* | DIMM-R:  2575.6 MB/s. User-R:  1546.0 MB/s   | DIMM-W:  2385.0 MB/s, User-W:  2276.4 MB/s. Time:  32.01s
[32mDestroy IPMWatcher.
[0m
Randomize the trace...[32mStart IPMWatcher for readall
[0m2021/09/10-16:49:27  ... thread 7: (10000000,10000000) ops and ( 480526.0,480526.0 ) ops/second in (20.8105,20.8105) seconds
thread  7 num: 10000000, not find: 42326
2021/09/10-16:49:27  ... thread 2: (10000000,10000000) ops and ( 480212.0,480212.0 ) ops/second in (20.8241,20.8241) seconds
thread  2 num: 10000000, not find: 42163
2021/09/10-16:49:27  ... thread 1: (10000000,10000000) ops and ( 479522.5,479522.5 ) ops/second in (20.8541,20.8541) seconds
thread  1 num: 10000000, not find: 42445
2021/09/10-16:49:27  ... thread 0: (10000000,10000000) ops and ( 479301.8,479301.8 ) ops/second in (20.8637,20.8637) seconds
thread  0 num: 10000000, not find: 41979
2021/09/10-16:49:29  ... thread 10: (10000000,10000000) ops and ( 448773.6,448773.6 ) ops/second in (22.2830,22.2830) seconds
thread 10 num: 10000000, not find: 42078
2021/09/10-16:49:29  ... thread 11: (10000000,10000000) ops and ( 448527.0,448527.0 ) ops/second in (22.2952,22.2952) seconds
thread 11 num: 10000000, not find: 41909
2021/09/10-16:49:29  ... thread 4: (10000000,10000000) ops and ( 448515.6,448515.6 ) ops/second in (22.2958,22.2958) seconds
thread  4 num: 10000000, not find: 42472
2021/09/10-16:49:29  ... thread 3: (10000000,10000000) ops and ( 448467.9,448467.9 ) ops/second in (22.2981,22.2981) seconds
thread  3 num: 10000000, not find: 42366
2021/09/10-16:49:29  ... thread 6: (10000000,10000000) ops and ( 448125.1,448125.1 ) ops/second in (22.3152,22.3152) seconds
thread  6 num: 10000000, not find: 42172
2021/09/10-16:49:29  ... thread 8: (10000000,10000000) ops and ( 447901.1,447901.1 ) ops/second in (22.3264,22.3264) seconds
thread  8 num: 10000000, not find: 42376
2021/09/10-16:49:29  ... thread 5: (10000000,10000000) ops and ( 447664.0,447664.0 ) ops/second in (22.3382,22.3382) seconds
thread  5 num: 10000000, not find: 42046
2021/09/10-16:49:29  ... thread 9: (10000000,10000000) ops and ( 447647.1,447647.1 ) ops/second in (22.3390,22.3390) seconds
thread  9 num: 10000000, not find: 42019
readall      :       0.186 micros/op 5.122902 Mops/s; (num: 10000000, not find: 41979)
120000000 operations, 22.34 real_elapsed 
DIMM0 | Read from IMC | Write from IMC |  Read DIMM  |  Write DIMM  |   RA   |   WA   |
  MB  |      21864.56 |        6624.84 |    55561.70 |     26787.29 |   2.54 |   4.04 |
DIMM1 | Read from IMC | Write from IMC |  Read DIMM  |  Write DIMM  |   RA   |   WA   |
  MB  |      13880.48 |           0.01 |    25193.70 |        23.69 |   1.82 | 1725.12 |
*SUM* | DIMM-R:  3576.4 MB/s. User-R:  1583.0 MB/s   | DIMM-W:  1187.4 MB/s, User-W:   293.4 MB/s. Time:  22.58s
[32mDestroy IPMWatcher.
[0m
