key trace size: 120000000
Randomize the trace...------------------------------------------------
HashType:              CCEH buflog
Init Capacity:         16777216
Entries:               120000000
Trace size:            120000000
Read:                  120000000 
Write:                 1000000 
Thread:                5 
Report interval:       0 s
Stats interval:        10000000 records
benchmarks:            load,readall
------------------------------------------------
[32mStart IPMWatcher for load
[0m2021/09/10-16:39:59  ... thread 1: (10000000,10000000) ops and ( 724691.6,724691.6 ) ops/second in (13.7990,13.7990) seconds
2021/09/10-16:39:59  ... thread 4: (10000000,10000000) ops and ( 723518.8,723518.8 ) ops/second in (13.8213,13.8213) seconds
2021/09/10-16:40:00  ... thread 3: (10000000,10000000) ops and ( 719897.1,719897.1 ) ops/second in (13.8909,13.8909) seconds
2021/09/10-16:40:00  ... thread 2: (10000000,10000000) ops and ( 716688.4,716688.4 ) ops/second in (13.9531,13.9531) seconds
2021/09/10-16:40:00  ... thread 0: (10000000,10000000) ops and ( 715394.2,715394.2 ) ops/second in (13.9783,13.9783) seconds
2021/09/10-16:40:15  ... thread 1: (10000000,20000000) ops and ( 625156.0,671254.0 ) ops/second in (15.9960,29.7950) seconds
2021/09/10-16:40:15  ... thread 4: (10000000,20000000) ops and ( 625189.4,670769.7 ) ops/second in (15.9952,29.8165) seconds
2021/09/10-16:40:16  ... thread 3: (10000000,20000000) ops and ( 622782.7,667827.8 ) ops/second in (16.0570,29.9478) seconds
2021/09/10-16:40:16  ... thread 2: (10000000,20000000) ops and ( 619245.2,664413.0 ) ops/second in (16.1487,30.1018) seconds
2021/09/10-16:40:16  ... thread 0: (10000000,20000000) ops and ( 619568.3,664042.0 ) ops/second in (16.1403,30.1186) seconds
Average Load Factor : 0.71 
# of key left : 5627084 
load         :       0.314 micros/op 3.034196 Mops/s;
120000000 operations, 37.72 real_elapsed 
DIMM0 | Read from IMC | Write from IMC |  Read DIMM  |  Write DIMM  |   RA   |   WA   |
  MB  |      31179.22 |       36548.02 |    59329.45 |     38184.77 |   1.90 |   1.04 |
DIMM1 | Read from IMC | Write from IMC |  Read DIMM  |  Write DIMM  |   RA   |   WA   |
  MB  |      17917.46 |       36008.16 |    22166.12 |     37190.45 |   1.24 |   1.03 |
*SUM* | DIMM-R:  1986.0 MB/s. User-R:  1196.4 MB/s   | DIMM-W:  1836.8 MB/s, User-W:  1768.1 MB/s. Time:  41.04s
[32mDestroy IPMWatcher.
[0m
Randomize the trace...[32mStart IPMWatcher for readall
[0m2021/09/10-16:40:46  ... thread 1: (10000000,10000000) ops and ( 753996.8,753996.8 ) ops/second in (13.2627,13.2627) seconds
2021/09/10-16:40:46  ... thread 4: (10000000,10000000) ops and ( 751803.7,751803.7 ) ops/second in (13.3013,13.3013) seconds
2021/09/10-16:40:46  ... thread 3: (10000000,10000000) ops and ( 750065.4,750065.4 ) ops/second in (13.3322,13.3322) seconds
2021/09/10-16:40:46  ... thread 2: (10000000,10000000) ops and ( 749852.1,749852.1 ) ops/second in (13.3360,13.3360) seconds
2021/09/10-16:40:46  ... thread 0: (10000000,10000000) ops and ( 748691.8,748691.8 ) ops/second in (13.3566,13.3566) seconds
2021/09/10-16:40:59  ... thread 1: (10000000,20000000) ops and ( 752491.9,753243.6 ) ops/second in (13.2892,26.5518) seconds
2021/09/10-16:40:59  ... thread 4: (10000000,20000000) ops and ( 751593.0,751698.3 ) ops/second in (13.3051,26.6064) seconds
2021/09/10-16:40:59  ... thread 3: (10000000,20000000) ops and ( 749414.1,749739.6 ) ops/second in (13.3438,26.6759) seconds
2021/09/10-16:40:59  ... thread 2: (10000000,20000000) ops and ( 748713.1,749282.1 ) ops/second in (13.3563,26.6922) seconds
2021/09/10-16:40:59  ... thread 0: (10000000,20000000) ops and ( 748738.5,748715.2 ) ops/second in (13.3558,26.7124) seconds
thread  1 num: 24000000, not find: 19
thread  4 num: 24000000, not find: 23
thread  3 num: 24000000, not find: 28
thread  2 num: 24000000, not find: 24
thread  0 num: 24000000, not find: 24
readall      :       0.267 micros/op 3.572119 Mops/s; (num: 24000000, not find: 24)
120000000 operations, 32.04 real_elapsed 
DIMM0 | Read from IMC | Write from IMC |  Read DIMM  |  Write DIMM  |   RA   |   WA   |
  MB  |      23462.70 |        6671.69 |    58415.00 |     27041.13 |   2.49 |   4.05 |
DIMM1 | Read from IMC | Write from IMC |  Read DIMM  |  Write DIMM  |   RA   |   WA   |
  MB  |      14307.10 |           0.01 |    25613.07 |        31.21 |   1.79 | 2272.76 |
*SUM* | DIMM-R:  2605.2 MB/s. User-R:  1171.0 MB/s   | DIMM-W:   839.3 MB/s, User-W:   206.8 MB/s. Time:  32.25s
[32mDestroy IPMWatcher.
[0m
