key trace size: 120000000
Randomize the trace...------------------------------------------------
HashType:              CCEH buflog
Init Capacity:         16777216
Entries:               120000000
Trace size:            120000000
Read:                  120000000 
Write:                 1000000 
Thread:                9 
Report interval:       0 s
Stats interval:        10000000 records
benchmarks:            load,readall
------------------------------------------------
[32mStart IPMWatcher for load
[0m2021/09/07-15:26:16  ... thread 8: (10000000,10000000) ops and ( 340461.1,340461.1 ) ops/second in (29.3719,29.3719) seconds
2021/09/07-15:26:16  ... thread 0: (10000000,10000000) ops and ( 340304.6,340304.6 ) ops/second in (29.3854,29.3854) seconds
2021/09/07-15:26:16  ... thread 7: (10000000,10000000) ops and ( 340155.3,340155.3 ) ops/second in (29.3983,29.3983) seconds
2021/09/07-15:26:16  ... thread 1: (10000000,10000000) ops and ( 339558.1,339558.1 ) ops/second in (29.4500,29.4500) seconds
2021/09/07-15:26:17  ... thread 6: (10000000,10000000) ops and ( 335977.7,335977.7 ) ops/second in (29.7639,29.7639) seconds
2021/09/07-15:26:17  ... thread 2: (10000000,10000000) ops and ( 335625.3,335625.3 ) ops/second in (29.7951,29.7951) seconds
2021/09/07-15:26:17  ... thread 3: (10000000,10000000) ops and ( 329908.1,329908.1 ) ops/second in (30.3115,30.3115) seconds
2021/09/07-15:26:19  ... thread 4: (10000000,10000000) ops and ( 312203.6,312203.6 ) ops/second in (32.0304,32.0304) seconds
2021/09/07-15:26:19  ... thread 5: (10000000,10000000) ops and ( 308734.0,308734.0 ) ops/second in (32.3903,32.3903) seconds
load         :       0.346 micros/op 2.754635 Mops/s;
DIMM0 | Read from IMC | Write from IMC |  Read DIMM  |  Write DIMM  |   RA   |   WA   |
  MB  |      43889.16 |       55197.61 |    76082.20 |     58572.97 |   1.73 |   1.06 |
DIMM1 | Read from IMC | Write from IMC |  Read DIMM  |  Write DIMM  |   RA   |   WA   |
  MB  |      27619.78 |       54183.80 |    33919.75 |     55900.18 |   1.23 |   1.03 |
*SUM* | DIMM-R:  2633.2 MB/s. User-R:  1711.8 MB/s   | DIMM-W:  2740.2 MB/s, User-W:  2618.3 MB/s. Time:  41.77s
[32mDestroy IPMWatcher.
[0m
Randomize the trace...[32mStart IPMWatcher for readall
[0m2021/09/07-15:26:52  ... thread 0: (10000000,10000000) ops and ( 579612.2,579612.2 ) ops/second in (17.2529,17.2529) seconds
2021/09/07-15:26:52  ... thread 4: (10000000,10000000) ops and ( 579283.9,579283.9 ) ops/second in (17.2627,17.2627) seconds
2021/09/07-15:26:52  ... thread 2: (10000000,10000000) ops and ( 577408.3,577408.3 ) ops/second in (17.3188,17.3188) seconds
2021/09/07-15:26:52  ... thread 1: (10000000,10000000) ops and ( 577190.0,577190.0 ) ops/second in (17.3253,17.3253) seconds
2021/09/07-15:26:52  ... thread 8: (10000000,10000000) ops and ( 576328.7,576328.7 ) ops/second in (17.3512,17.3512) seconds
2021/09/07-15:26:52  ... thread 5: (10000000,10000000) ops and ( 575678.3,575678.3 ) ops/second in (17.3708,17.3708) seconds
2021/09/07-15:26:52  ... thread 7: (10000000,10000000) ops and ( 575219.0,575219.0 ) ops/second in (17.3847,17.3847) seconds
2021/09/07-15:26:55  ... thread 6: (10000000,10000000) ops and ( 484431.7,484431.7 ) ops/second in (20.6427,20.6427) seconds
2021/09/07-15:26:55  ... thread 3: (10000000,10000000) ops and ( 484338.2,484338.2 ) ops/second in (20.6467,20.6467) seconds
thread  0 num: 13333333, not find: 39081
thread  4 num: 13333333, not find: 38903
thread  1 num: 13333333, not find: 38819
thread  2 num: 13333333, not find: 38823
thread  8 num: 13333333, not find: 38892
thread  5 num: 13333333, not find: 39043
thread  7 num: 13333333, not find: 38868
thread  3 num: 13333333, not find: 38874
thread  6 num: 13333333, not find: 38679
readall      :       0.212 micros/op 4.493878 Mops/s; (num: 13333333, not find: 39081)
DIMM0 | Read from IMC | Write from IMC |  Read DIMM  |  Write DIMM  |   RA   |   WA   |
  MB  |      22544.79 |        6737.50 |    60042.81 |     27265.01 |   2.66 |   4.05 |
DIMM1 | Read from IMC | Write from IMC |  Read DIMM  |  Write DIMM  |   RA   |   WA   |
  MB  |      13067.26 |           0.01 |    26582.73 |        26.59 |   2.03 | 1944.79 |
*SUM* | DIMM-R:  3372.6 MB/s. User-R:  1386.5 MB/s   | DIMM-W:  1062.6 MB/s, User-W:   262.3 MB/s. Time:  25.68s
[32mDestroy IPMWatcher.
[0m
