key trace size: 120000000
Randomize the trace...------------------------------------------------
HashType:              CCEH buflog
Init Capacity:         16777216
Entries:               120000000
Trace size:            120000000
Read:                  120000000 
Write:                 1000000 
Thread:                5 
Report interval:       0 s
Stats interval:        10000000 records
benchmarks:            load,readall
------------------------------------------------
[32mStart IPMWatcher for load
[0m2021/09/07-15:20:21  ... thread 4: (10000000,10000000) ops and ( 537602.4,537602.4 ) ops/second in (18.6011,18.6011) seconds
2021/09/07-15:20:21  ... thread 2: (10000000,10000000) ops and ( 537255.6,537255.6 ) ops/second in (18.6131,18.6131) seconds
2021/09/07-15:20:21  ... thread 3: (10000000,10000000) ops and ( 536480.0,536480.0 ) ops/second in (18.6400,18.6400) seconds
2021/09/07-15:20:22  ... thread 1: (10000000,10000000) ops and ( 533069.6,533069.6 ) ops/second in (18.7593,18.7593) seconds
2021/09/07-15:20:22  ... thread 0: (10000000,10000000) ops and ( 531276.1,531276.1 ) ops/second in (18.8226,18.8226) seconds
2021/09/07-15:20:42  ... thread 4: (10000000,20000000) ops and ( 493990.8,514874.7 ) ops/second in (20.2433,38.8444) seconds
2021/09/07-15:20:42  ... thread 3: (10000000,20000000) ops and ( 492127.1,513347.3 ) ops/second in (20.3200,38.9600) seconds
2021/09/07-15:20:42  ... thread 2: (10000000,20000000) ops and ( 491377.5,513293.4 ) ops/second in (20.3510,38.9641) seconds
2021/09/07-15:20:42  ... thread 1: (10000000,20000000) ops and ( 490866.4,511098.2 ) ops/second in (20.3721,39.1314) seconds
2021/09/07-15:20:42  ... thread 0: (10000000,20000000) ops and ( 487471.3,508431.9 ) ops/second in (20.5140,39.3366) seconds
load         :       0.397 micros/op 2.401428 Mops/s;
DIMM0 | Read from IMC | Write from IMC |  Read DIMM  |  Write DIMM  |   RA   |   WA   |
  MB  |      44233.49 |       54942.75 |    76659.52 |     57487.15 |   1.73 |   1.05 |
DIMM1 | Read from IMC | Write from IMC |  Read DIMM  |  Write DIMM  |   RA   |   WA   |
  MB  |      27553.78 |       54107.74 |    33944.50 |     55821.47 |   1.23 |   1.03 |
*SUM* | DIMM-R:  2309.6 MB/s. User-R:  1499.1 MB/s   | DIMM-W:  2366.1 MB/s, User-W:  2277.2 MB/s. Time:  47.89s
[32mDestroy IPMWatcher.
[0m
Randomize the trace...[32mStart IPMWatcher for readall
[0m2021/09/07-15:21:09  ... thread 4: (10000000,10000000) ops and ( 769779.1,769779.1 ) ops/second in (12.9907,12.9907) seconds
2021/09/07-15:21:09  ... thread 3: (10000000,10000000) ops and ( 765368.7,765368.7 ) ops/second in (13.0656,13.0656) seconds
2021/09/07-15:21:10  ... thread 0: (10000000,10000000) ops and ( 760113.8,760113.8 ) ops/second in (13.1559,13.1559) seconds
2021/09/07-15:21:10  ... thread 2: (10000000,10000000) ops and ( 758308.3,758308.3 ) ops/second in (13.1872,13.1872) seconds
2021/09/07-15:21:10  ... thread 1: (10000000,10000000) ops and ( 757431.0,757431.0 ) ops/second in (13.2025,13.2025) seconds
2021/09/07-15:21:23  ... thread 4: (10000000,20000000) ops and ( 754147.4,761883.1 ) ops/second in (13.2600,26.2507) seconds
2021/09/07-15:21:23  ... thread 3: (10000000,20000000) ops and ( 756054.5,760683.1 ) ops/second in (13.2266,26.2922) seconds
2021/09/07-15:21:23  ... thread 2: (10000000,20000000) ops and ( 754187.6,756242.3 ) ops/second in (13.2593,26.4465) seconds
2021/09/07-15:21:23  ... thread 0: (10000000,20000000) ops and ( 751650.2,755858.3 ) ops/second in (13.3041,26.4600) seconds
2021/09/07-15:21:23  ... thread 1: (10000000,20000000) ops and ( 750718.2,754059.7 ) ops/second in (13.3206,26.5231) seconds
thread  4 num: 24000000, not find: 205437
thread  3 num: 24000000, not find: 205067
thread  0 num: 24000000, not find: 205052
thread  2 num: 24000000, not find: 204892
thread  1 num: 24000000, not find: 205250
readall      :       0.265 micros/op 3.597230 Mops/s; (num: 24000000, not find: 205052)
DIMM0 | Read from IMC | Write from IMC |  Read DIMM  |  Write DIMM  |   RA   |   WA   |
  MB  |      24139.68 |        6776.27 |    62227.37 |     27441.20 |   2.58 |   4.05 |
DIMM1 | Read from IMC | Write from IMC |  Read DIMM  |  Write DIMM  |   RA   |   WA   |
  MB  |      14207.73 |           0.01 |    27776.94 |        31.78 |   1.96 | 3295.42 |
*SUM* | DIMM-R:  2809.7 MB/s. User-R:  1197.1 MB/s   | DIMM-W:   857.6 MB/s, User-W:   211.5 MB/s. Time:  32.03s
[32mDestroy IPMWatcher.
[0m
