key trace size: 120000000
Randomize the trace...------------------------------------------------
HashType:              CCEH buflog
Init Capacity:         16777216
Entries:               120000000
Trace size:            120000000
Read:                  120000000 
Write:                 1000000 
Thread:                11 
Report interval:       0 s
Stats interval:        10000000 records
benchmarks:            load,readall
------------------------------------------------
[32mStart IPMWatcher for load
[0m2021/09/07-15:29:03  ... thread 4: (10000000,10000000) ops and ( 278977.3,278977.3 ) ops/second in (35.8452,35.8452) seconds
2021/09/07-15:29:03  ... thread 0: (10000000,10000000) ops and ( 276262.2,276262.2 ) ops/second in (36.1975,36.1975) seconds
2021/09/07-15:29:04  ... thread 9: (10000000,10000000) ops and ( 271411.2,271411.2 ) ops/second in (36.8445,36.8445) seconds
2021/09/07-15:29:04  ... thread 1: (10000000,10000000) ops and ( 271382.9,271382.9 ) ops/second in (36.8483,36.8483) seconds
2021/09/07-15:29:05  ... thread 7: (10000000,10000000) ops and ( 267009.5,267009.5 ) ops/second in (37.4519,37.4519) seconds
2021/09/07-15:29:05  ... thread 8: (10000000,10000000) ops and ( 266093.6,266093.6 ) ops/second in (37.5808,37.5808) seconds
2021/09/07-15:29:05  ... thread 2: (10000000,10000000) ops and ( 265789.6,265789.6 ) ops/second in (37.6237,37.6237) seconds
2021/09/07-15:29:05  ... thread 5: (10000000,10000000) ops and ( 263438.6,263438.6 ) ops/second in (37.9595,37.9595) seconds
2021/09/07-15:29:05  ... thread 6: (10000000,10000000) ops and ( 262818.5,262818.5 ) ops/second in (38.0491,38.0491) seconds
2021/09/07-15:29:06  ... thread 10: (10000000,10000000) ops and ( 260745.6,260745.6 ) ops/second in (38.3516,38.3516) seconds
2021/09/07-15:29:06  ... thread 3: (10000000,10000000) ops and ( 256588.4,256588.4 ) ops/second in (38.9729,38.9729) seconds
load         :       0.343 micros/op 2.781768 Mops/s;
DIMM0 | Read from IMC | Write from IMC |  Read DIMM  |  Write DIMM  |   RA   |   WA   |
  MB  |      44163.85 |       55312.03 |    76805.31 |     58910.39 |   1.74 |   1.07 |
DIMM1 | Read from IMC | Write from IMC |  Read DIMM  |  Write DIMM  |   RA   |   WA   |
  MB  |      27924.34 |       54235.05 |    34733.23 |     55945.97 |   1.24 |   1.03 |
*SUM* | DIMM-R:  2698.1 MB/s. User-R:  1743.8 MB/s   | DIMM-W:  2778.3 MB/s, User-W:  2649.9 MB/s. Time:  41.34s
[32mDestroy IPMWatcher.
[0m
Randomize the trace...[32mStart IPMWatcher for readall
[0m2021/09/07-15:29:34  ... thread 7: (10000000,10000000) ops and ( 514585.1,514585.1 ) ops/second in (19.4331,19.4331) seconds
2021/09/07-15:29:34  ... thread 2: (10000000,10000000) ops and ( 514458.6,514458.6 ) ops/second in (19.4379,19.4379) seconds
2021/09/07-15:29:34  ... thread 6: (10000000,10000000) ops and ( 513841.3,513841.3 ) ops/second in (19.4613,19.4613) seconds
2021/09/07-15:29:34  ... thread 0: (10000000,10000000) ops and ( 511924.9,511924.9 ) ops/second in (19.5341,19.5341) seconds
2021/09/07-15:29:34  ... thread 5: (10000000,10000000) ops and ( 511878.1,511878.1 ) ops/second in (19.5359,19.5359) seconds
thread  7 num: 10909090, not find: 103119
thread  2 num: 10909090, not find: 102735
thread  6 num: 10909090, not find: 102713
thread  0 num: 10909090, not find: 102751
thread  5 num: 10909090, not find: 102695
2021/09/07-15:29:37  ... thread 4: (10000000,10000000) ops and ( 447463.7,447463.7 ) ops/second in (22.3482,22.3482) seconds
2021/09/07-15:29:37  ... thread 8: (10000000,10000000) ops and ( 447394.8,447394.8 ) ops/second in (22.3516,22.3516) seconds
2021/09/07-15:29:37  ... thread 1: (10000000,10000000) ops and ( 447274.8,447274.8 ) ops/second in (22.3576,22.3576) seconds
2021/09/07-15:29:37  ... thread 10: (10000000,10000000) ops and ( 447267.1,447267.1 ) ops/second in (22.3580,22.3580) seconds
2021/09/07-15:29:37  ... thread 9: (10000000,10000000) ops and ( 446938.8,446938.8 ) ops/second in (22.3744,22.3744) seconds
2021/09/07-15:29:37  ... thread 3: (10000000,10000000) ops and ( 446742.6,446742.6 ) ops/second in (22.3843,22.3843) seconds
thread  4 num: 10909090, not find: 102743
thread 10 num: 10909090, not find: 102137
thread  1 num: 10909090, not find: 103254
thread  8 num: 10909090, not find: 102670
thread  9 num: 10909090, not find: 103444
thread  3 num: 10909090, not find: 102883
readall      :       0.197 micros/op 4.831343 Mops/s; (num: 10909090, not find: 102751)
DIMM0 | Read from IMC | Write from IMC |  Read DIMM  |  Write DIMM  |   RA   |   WA   |
  MB  |      21938.22 |        6739.59 |    58652.67 |     27317.93 |   2.67 |   4.05 |
DIMM1 | Read from IMC | Write from IMC |  Read DIMM  |  Write DIMM  |   RA   |   WA   |
  MB  |      13267.58 |           0.01 |    26755.10 |        25.22 |   2.02 | 1861.08 |
*SUM* | DIMM-R:  3572.2 MB/s. User-R:  1472.5 MB/s   | DIMM-W:  1143.6 MB/s, User-W:   281.9 MB/s. Time:  23.91s
[32mDestroy IPMWatcher.
[0m
