key trace size: 120000000
Randomize the trace...------------------------------------------------
HashType:              CCEH buflog
Init Capacity:         16777216
Entries:               120000000
Trace size:            120000000
Read:                  120000000 
Write:                 1000000 
Thread:                10 
Report interval:       0 s
Stats interval:        10000000 records
benchmarks:            load,readall
------------------------------------------------
[32mStart IPMWatcher for load
[0m2021/09/07-15:27:40  ... thread 0: (10000000,10000000) ops and ( 314658.6,314658.6 ) ops/second in (31.7805,31.7805) seconds
2021/09/07-15:27:40  ... thread 9: (10000000,10000000) ops and ( 310007.8,310007.8 ) ops/second in (32.2573,32.2573) seconds
2021/09/07-15:27:40  ... thread 8: (10000000,10000000) ops and ( 308059.4,308059.4 ) ops/second in (32.4613,32.4613) seconds
2021/09/07-15:27:40  ... thread 4: (10000000,10000000) ops and ( 308039.6,308039.6 ) ops/second in (32.4634,32.4634) seconds
2021/09/07-15:27:41  ... thread 1: (10000000,10000000) ops and ( 299295.4,299295.4 ) ops/second in (33.4118,33.4118) seconds
2021/09/07-15:27:41  ... thread 3: (10000000,10000000) ops and ( 298140.5,298140.5 ) ops/second in (33.5412,33.5412) seconds
2021/09/07-15:27:43  ... thread 5: (10000000,10000000) ops and ( 283771.0,283771.0 ) ops/second in (35.2397,35.2397) seconds
2021/09/07-15:27:43  ... thread 6: (10000000,10000000) ops and ( 281958.4,281958.4 ) ops/second in (35.4662,35.4662) seconds
2021/09/07-15:27:44  ... thread 2: (10000000,10000000) ops and ( 278285.8,278285.8 ) ops/second in (35.9343,35.9343) seconds
2021/09/07-15:27:44  ... thread 7: (10000000,10000000) ops and ( 276100.1,276100.1 ) ops/second in (36.2187,36.2187) seconds
load         :       0.345 micros/op 2.768224 Mops/s;
DIMM0 | Read from IMC | Write from IMC |  Read DIMM  |  Write DIMM  |   RA   |   WA   |
  MB  |      43960.21 |       55256.98 |    76348.23 |     58722.98 |   1.74 |   1.06 |
DIMM1 | Read from IMC | Write from IMC |  Read DIMM  |  Write DIMM  |   RA   |   WA   |
  MB  |      27769.93 |       54216.01 |    34334.19 |     55928.46 |   1.24 |   1.03 |
*SUM* | DIMM-R:  2664.3 MB/s. User-R:  1726.7 MB/s   | DIMM-W:  2759.9 MB/s, User-W:  2635.2 MB/s. Time:  41.54s
[32mDestroy IPMWatcher.
[0m
Randomize the trace...[32mStart IPMWatcher for readall
[0m2021/09/07-15:28:13  ... thread 6: (10000000,10000000) ops and ( 552434.7,552434.7 ) ops/second in (18.1017,18.1017) seconds
2021/09/07-15:28:13  ... thread 3: (10000000,10000000) ops and ( 551765.9,551765.9 ) ops/second in (18.1236,18.1236) seconds
2021/09/07-15:28:13  ... thread 1: (10000000,10000000) ops and ( 551133.3,551133.3 ) ops/second in (18.1444,18.1444) seconds
2021/09/07-15:28:13  ... thread 9: (10000000,10000000) ops and ( 550735.4,550735.4 ) ops/second in (18.1575,18.1575) seconds
2021/09/07-15:28:13  ... thread 2: (10000000,10000000) ops and ( 550640.1,550640.1 ) ops/second in (18.1607,18.1607) seconds
2021/09/07-15:28:13  ... thread 0: (10000000,10000000) ops and ( 549991.6,549991.6 ) ops/second in (18.1821,18.1821) seconds
2021/09/07-15:28:16  ... thread 5: (10000000,10000000) ops and ( 468800.0,468800.0 ) ops/second in (21.3311,21.3311) seconds
2021/09/07-15:28:16  ... thread 7: (10000000,10000000) ops and ( 468604.2,468604.2 ) ops/second in (21.3400,21.3400) seconds
2021/09/07-15:28:17  ... thread 4: (10000000,10000000) ops and ( 464370.9,464370.9 ) ops/second in (21.5345,21.5345) seconds
2021/09/07-15:28:17  ... thread 8: (10000000,10000000) ops and ( 464293.1,464293.1 ) ops/second in (21.5381,21.5381) seconds
thread  3 num: 12000000, not find: 43073
thread  1 num: 12000000, not find: 42765
thread  9 num: 12000000, not find: 42900
thread  0 num: 12000000, not find: 42753
thread  6 num: 12000000, not find: 42664
thread  2 num: 12000000, not find: 43237
thread  5 num: 12000000, not find: 42675
thread  7 num: 12000000, not find: 42949
thread  8 num: 12000000, not find: 42687
thread  4 num: 12000000, not find: 42819
readall      :       0.201 micros/op 4.735842 Mops/s; (num: 12000000, not find: 42753)
DIMM0 | Read from IMC | Write from IMC |  Read DIMM  |  Write DIMM  |   RA   |   WA   |
  MB  |      21877.03 |        6736.92 |    58862.91 |     27243.16 |   2.69 |   4.04 |
DIMM1 | Read from IMC | Write from IMC |  Read DIMM  |  Write DIMM  |   RA   |   WA   |
  MB  |      12822.73 |           0.01 |    26296.22 |        25.41 |   2.05 | 1858.43 |
*SUM* | DIMM-R:  3492.3 MB/s. User-R:  1423.0 MB/s   | DIMM-W:  1118.3 MB/s, User-W:   276.3 MB/s. Time:  24.39s
[32mDestroy IPMWatcher.
[0m
