key trace size: 120000000
Randomize the trace...------------------------------------------------
HashType:              CCEH buflog
Init Capacity:         16777216
Entries:               120000000
Trace size:            120000000
Read:                  120000000 
Write:                 1000000 
Thread:                16 
Report interval:       0 s
Stats interval:        10000000 records
benchmarks:            load,readall
------------------------------------------------
[32mStart IPMWatcher for load
[0mload         :       0.341 micros/op 2.797571 Mops/s;
DIMM0 | Read from IMC | Write from IMC |  Read DIMM  |  Write DIMM  |   RA   |   WA   |
  MB  |      44329.85 |       55388.27 |    77126.70 |     59092.96 |   1.74 |   1.07 |
DIMM1 | Read from IMC | Write from IMC |  Read DIMM  |  Write DIMM  |   RA   |   WA   |
  MB  |      28034.16 |       54276.64 |    34980.36 |     55975.37 |   1.25 |   1.03 |
*SUM* | DIMM-R:  2727.1 MB/s. User-R:  1760.3 MB/s   | DIMM-W:  2799.1 MB/s, User-W:  2667.7 MB/s. Time:  41.11s
[32mDestroy IPMWatcher.
[0m
Randomize the trace...[32mStart IPMWatcher for readall
[0mthread 14 num: 7500000, not find: 48174
thread  8 num: 7500000, not find: 48689
thread  3 num: 7500000, not find: 48323
thread 15 num: 7500000, not find: 48037
thread  0 num: 7500000, not find: 48778
thread  5 num: 7500000, not find: 48673
thread  1 num: 7500000, not find: 48687
thread  9 num: 7500000, not find: 47828
thread  7 num: 7500000, not find: 48557
thread  2 num: 7500000, not find: 48480
thread 11 num: 7500000, not find: 48070
thread  6 num: 7500000, not find: 48371
thread 13 num: 7500000, not find: 48229
thread  4 num: 7500000, not find: 48735
thread 12 num: 7500000, not find: 48872
thread 10 num: 7500000, not find: 48057
readall      :       0.192 micros/op 4.974427 Mops/s; (num: 7500000, not find: 48778)
DIMM0 | Read from IMC | Write from IMC |  Read DIMM  |  Write DIMM  |   RA   |   WA   |
  MB  |      18806.46 |        6724.21 |    53960.29 |     27352.03 |   2.87 |   4.07 |
DIMM1 | Read from IMC | Write from IMC |  Read DIMM  |  Write DIMM  |   RA   |   WA   |
  MB  |      11447.56 |           0.01 |    24508.20 |        23.91 |   2.14 | 1764.90 |
*SUM* | DIMM-R:  3378.5 MB/s. User-R:  1302.6 MB/s   | DIMM-W:  1178.7 MB/s, User-W:   289.5 MB/s. Time:  23.23s
[32mDestroy IPMWatcher.
[0m
