key trace size: 120000000
Randomize the trace...------------------------------------------------
HashType:              CCEH buflog
Init Capacity:         16777216
Entries:               120000000
Trace size:            120000000
Read:                  120000000 
Write:                 1000000 
Thread:                7 
Report interval:       0 s
Stats interval:        10000000 records
benchmarks:            load,readall
------------------------------------------------
[32mStart IPMWatcher for load
[0m2021/09/07-15:23:27  ... thread 6: (10000000,10000000) ops and ( 419166.5,419166.5 ) ops/second in (23.8569,23.8569) seconds
2021/09/07-15:23:27  ... thread 3: (10000000,10000000) ops and ( 418703.8,418703.8 ) ops/second in (23.8832,23.8832) seconds
2021/09/07-15:23:27  ... thread 0: (10000000,10000000) ops and ( 417676.1,417676.1 ) ops/second in (23.9420,23.9420) seconds
2021/09/07-15:23:27  ... thread 4: (10000000,10000000) ops and ( 417549.3,417549.3 ) ops/second in (23.9493,23.9493) seconds
2021/09/07-15:23:27  ... thread 5: (10000000,10000000) ops and ( 416448.2,416448.2 ) ops/second in (24.0126,24.0126) seconds
2021/09/07-15:23:27  ... thread 1: (10000000,10000000) ops and ( 415743.1,415743.1 ) ops/second in (24.0533,24.0533) seconds
2021/09/07-15:23:27  ... thread 2: (10000000,10000000) ops and ( 414052.0,414052.0 ) ops/second in (24.1516,24.1516) seconds
load         :       0.354 micros/op 2.694066 Mops/s;
DIMM0 | Read from IMC | Write from IMC |  Read DIMM  |  Write DIMM  |   RA   |   WA   |
  MB  |      44421.62 |       55057.83 |    77014.53 |     58090.66 |   1.73 |   1.06 |
DIMM1 | Read from IMC | Write from IMC |  Read DIMM  |  Write DIMM  |   RA   |   WA   |
  MB  |      27552.78 |       54133.29 |    33859.52 |     55845.25 |   1.23 |   1.03 |
*SUM* | DIMM-R:  2594.9 MB/s. User-R:  1684.5 MB/s   | DIMM-W:  2666.5 MB/s, User-W:  2555.5 MB/s. Time:  42.73s
[32mDestroy IPMWatcher.
[0m
Randomize the trace...[32mStart IPMWatcher for readall
[0m2021/09/07-15:24:07  ... thread 1: (10000000,10000000) ops and ( 642244.9,642244.9 ) ops/second in (15.5704,15.5704) seconds
2021/09/07-15:24:07  ... thread 6: (10000000,10000000) ops and ( 642168.8,642168.8 ) ops/second in (15.5722,15.5722) seconds
2021/09/07-15:24:07  ... thread 2: (10000000,10000000) ops and ( 642124.5,642124.5 ) ops/second in (15.5733,15.5733) seconds
2021/09/07-15:24:07  ... thread 5: (10000000,10000000) ops and ( 641185.2,641185.2 ) ops/second in (15.5961,15.5961) seconds
2021/09/07-15:24:07  ... thread 4: (10000000,10000000) ops and ( 640403.3,640403.3 ) ops/second in (15.6152,15.6152) seconds
2021/09/07-15:24:07  ... thread 0: (10000000,10000000) ops and ( 639866.7,639866.7 ) ops/second in (15.6283,15.6283) seconds
2021/09/07-15:24:07  ... thread 3: (10000000,10000000) ops and ( 639512.9,639512.9 ) ops/second in (15.6369,15.6369) seconds
thread  2 num: 17142857, not find: 150999
thread  1 num: 17142857, not find: 150992
thread  6 num: 17142857, not find: 151739
thread  0 num: 17142857, not find: 150861
thread  4 num: 17142857, not find: 151997
thread  5 num: 17142857, not find: 151216
thread  3 num: 17142857, not find: 150861
readall      :       0.224 micros/op 4.261299 Mops/s; (num: 17142857, not find: 150861)
DIMM0 | Read from IMC | Write from IMC |  Read DIMM  |  Write DIMM  |   RA   |   WA   |
  MB  |      24101.55 |        6745.53 |    62063.51 |     27456.21 |   2.58 |   4.07 |
DIMM1 | Read from IMC | Write from IMC |  Read DIMM  |  Write DIMM  |   RA   |   WA   |
  MB  |      14194.34 |           0.01 |    27523.18 |        27.76 |   1.94 | 2030.77 |
*SUM* | DIMM-R:  3311.9 MB/s. User-R:  1415.7 MB/s   | DIMM-W:  1016.0 MB/s, User-W:   249.4 MB/s. Time:  27.05s
[32mDestroy IPMWatcher.
[0m
