key trace size: 120000000
Randomize the trace...------------------------------------------------
HashType:              CCEH buflog
Init Capacity:         16777216
Entries:               120000000
Trace size:            120000000
Read:                  120000000 
Write:                 1000000 
Thread:                3 
Report interval:       0 s
Stats interval:        10000000 records
benchmarks:            load,readall
------------------------------------------------
[32mStart IPMWatcher for load
[0m2021/09/07-15:16:28  ... thread 2: (10000000,10000000) ops and ( 718692.6,718692.6 ) ops/second in (13.9142,13.9142) seconds
2021/09/07-15:16:28  ... thread 1: (10000000,10000000) ops and ( 717990.5,717990.5 ) ops/second in (13.9278,13.9278) seconds
2021/09/07-15:16:28  ... thread 0: (10000000,10000000) ops and ( 717189.4,717189.4 ) ops/second in (13.9433,13.9433) seconds
2021/09/07-15:16:44  ... thread 0: (10000000,20000000) ops and ( 630934.0,671302.3 ) ops/second in (15.8495,29.7928) seconds
2021/09/07-15:16:44  ... thread 2: (10000000,20000000) ops and ( 629748.5,671287.2 ) ops/second in (15.8794,29.7935) seconds
2021/09/07-15:16:44  ... thread 1: (10000000,20000000) ops and ( 629912.8,671073.9 ) ops/second in (15.8752,29.8030) seconds
2021/09/07-15:17:00  ... thread 0: (10000000,30000000) ops and ( 635485.8,658923.2 ) ops/second in (15.7360,45.5288) seconds
2021/09/07-15:17:00  ... thread 1: (10000000,30000000) ops and ( 633378.6,658020.0 ) ops/second in (15.7883,45.5913) seconds
2021/09/07-15:17:00  ... thread 2: (10000000,30000000) ops and ( 632435.3,657816.8 ) ops/second in (15.8119,45.6054) seconds
2021/09/07-15:17:17  ... thread 0: (10000000,40000000) ops and ( 583436.2,638277.5 ) ops/second in (17.1398,62.6687) seconds
2021/09/07-15:17:17  ... thread 1: (10000000,40000000) ops and ( 583831.7,637759.7 ) ops/second in (17.1282,62.7195) seconds
2021/09/07-15:17:17  ... thread 2: (10000000,40000000) ops and ( 583434.2,637498.0 ) ops/second in (17.1399,62.7453) seconds
load         :       0.523 micros/op 1.823896 Mops/s;
DIMM0 | Read from IMC | Write from IMC |  Read DIMM  |  Write DIMM  |   RA   |   WA   |
  MB  |      44587.61 |       54897.89 |    77426.53 |     57061.02 |   1.74 |   1.04 |
DIMM1 | Read from IMC | Write from IMC |  Read DIMM  |  Write DIMM  |   RA   |   WA   |
  MB  |      27800.73 |       54099.88 |    34926.01 |     55848.94 |   1.26 |   1.03 |
*SUM* | DIMM-R:  1784.8 MB/s. User-R:  1150.0 MB/s   | DIMM-W:  1793.7 MB/s, User-W:  1731.6 MB/s. Time:  62.95s
[32mDestroy IPMWatcher.
[0m
Randomize the trace...[32mStart IPMWatcher for readall
[0m2021/09/07-15:17:35  ... thread 2: (10000000,10000000) ops and ( 844172.8,844172.8 ) ops/second in (11.8459,11.8459) seconds
2021/09/07-15:17:35  ... thread 0: (10000000,10000000) ops and ( 840487.8,840487.8 ) ops/second in (11.8979,11.8979) seconds
2021/09/07-15:17:35  ... thread 1: (10000000,10000000) ops and ( 840210.7,840210.7 ) ops/second in (11.9018,11.9018) seconds
2021/09/07-15:17:47  ... thread 2: (10000000,20000000) ops and ( 851948.7,848042.9 ) ops/second in (11.7378,23.5837) seconds
2021/09/07-15:17:47  ... thread 0: (10000000,20000000) ops and ( 848875.8,844660.9 ) ops/second in (11.7803,23.6781) seconds
2021/09/07-15:17:47  ... thread 1: (10000000,20000000) ops and ( 848122.2,844147.9 ) ops/second in (11.7908,23.6925) seconds
2021/09/07-15:17:58  ... thread 2: (10000000,30000000) ops and ( 837503.1,844500.3 ) ops/second in (11.9403,35.5240) seconds
2021/09/07-15:17:59  ... thread 0: (10000000,30000000) ops and ( 833894.5,841041.4 ) ops/second in (11.9919,35.6701) seconds
2021/09/07-15:17:59  ... thread 1: (10000000,30000000) ops and ( 834434.0,840884.9 ) ops/second in (11.9842,35.6767) seconds
2021/09/07-15:18:10  ... thread 2: (10000000,40000000) ops and ( 843995.8,844374.1 ) ops/second in (11.8484,47.3724) seconds
thread  2 num: 40000000, not find: 247582
2021/09/07-15:18:11  ... thread 0: (10000000,40000000) ops and ( 841746.6,841217.6 ) ops/second in (11.8801,47.5501) seconds
thread  0 num: 40000000, not find: 248929
2021/09/07-15:18:11  ... thread 1: (10000000,40000000) ops and ( 840587.3,840810.5 ) ops/second in (11.8964,47.5731) seconds
thread  1 num: 40000000, not find: 248200
readall      :       0.396 micros/op 2.405577 Mops/s; (num: 40000000, not find: 248929)
DIMM0 | Read from IMC | Write from IMC |  Read DIMM  |  Write DIMM  |   RA   |   WA   |
  MB  |      24823.53 |        6837.89 |    65104.92 |     27783.94 |   2.62 |   4.06 |
DIMM1 | Read from IMC | Write from IMC |  Read DIMM  |  Write DIMM  |   RA   |   WA   |
  MB  |      14979.03 |           0.01 |    30966.66 |        44.34 |   2.07 | 3186.09 |
*SUM* | DIMM-R:  2011.2 MB/s. User-R:   833.2 MB/s   | DIMM-W:   582.6 MB/s, User-W:   143.1 MB/s. Time:  47.77s
[32mDestroy IPMWatcher.
[0m
