key trace size: 120000000
Randomize the trace...------------------------------------------------
HashType:              CCEH buflog
Init Capacity:         16777216
Entries:               120000000
Trace size:            120000000
Read:                  120000000 
Write:                 1000000 
Thread:                8 
Report interval:       0 s
Stats interval:        10000000 records
benchmarks:            load,readall
------------------------------------------------
[32mStart IPMWatcher for load
[0m2021/09/07-15:24:53  ... thread 2: (10000000,10000000) ops and ( 373113.4,373113.4 ) ops/second in (26.8015,26.8015) seconds
2021/09/07-15:24:53  ... thread 7: (10000000,10000000) ops and ( 371985.6,371985.6 ) ops/second in (26.8828,26.8828) seconds
2021/09/07-15:24:53  ... thread 6: (10000000,10000000) ops and ( 371428.5,371428.5 ) ops/second in (26.9231,26.9231) seconds
2021/09/07-15:24:53  ... thread 5: (10000000,10000000) ops and ( 371043.8,371043.8 ) ops/second in (26.9510,26.9510) seconds
2021/09/07-15:24:53  ... thread 4: (10000000,10000000) ops and ( 370651.6,370651.6 ) ops/second in (26.9795,26.9795) seconds
2021/09/07-15:24:53  ... thread 3: (10000000,10000000) ops and ( 370344.4,370344.4 ) ops/second in (27.0019,27.0019) seconds
2021/09/07-15:24:53  ... thread 1: (10000000,10000000) ops and ( 370093.8,370093.8 ) ops/second in (27.0202,27.0202) seconds
2021/09/07-15:24:53  ... thread 0: (10000000,10000000) ops and ( 369022.9,369022.9 ) ops/second in (27.0986,27.0986) seconds
load         :       0.346 micros/op 2.756421 Mops/s;
DIMM0 | Read from IMC | Write from IMC |  Read DIMM  |  Write DIMM  |   RA   |   WA   |
  MB  |      44267.49 |       55057.25 |    76900.08 |     58279.16 |   1.74 |   1.06 |
DIMM1 | Read from IMC | Write from IMC |  Read DIMM  |  Write DIMM  |   RA   |   WA   |
  MB  |      27607.22 |       54149.87 |    34039.08 |     55882.68 |   1.23 |   1.03 |
*SUM* | DIMM-R:  2657.9 MB/s. User-R:  1722.0 MB/s   | DIMM-W:  2735.1 MB/s, User-W:  2616.4 MB/s. Time:  41.74s
[32mDestroy IPMWatcher.
[0m
Randomize the trace...[32mStart IPMWatcher for readall
[0m2021/09/07-15:25:30  ... thread 0: (10000000,10000000) ops and ( 589298.2,589298.2 ) ops/second in (16.9693,16.9693) seconds
2021/09/07-15:25:30  ... thread 3: (10000000,10000000) ops and ( 588540.1,588540.1 ) ops/second in (16.9912,16.9912) seconds
2021/09/07-15:25:30  ... thread 6: (10000000,10000000) ops and ( 586853.7,586853.7 ) ops/second in (17.0400,17.0400) seconds
2021/09/07-15:25:30  ... thread 5: (10000000,10000000) ops and ( 586661.8,586661.8 ) ops/second in (17.0456,17.0456) seconds
2021/09/07-15:25:30  ... thread 1: (10000000,10000000) ops and ( 586570.2,586570.2 ) ops/second in (17.0483,17.0483) seconds
2021/09/07-15:25:30  ... thread 2: (10000000,10000000) ops and ( 586178.2,586178.2 ) ops/second in (17.0597,17.0597) seconds
2021/09/07-15:25:30  ... thread 7: (10000000,10000000) ops and ( 585906.7,585906.7 ) ops/second in (17.0676,17.0676) seconds
2021/09/07-15:25:31  ... thread 4: (10000000,10000000) ops and ( 583085.3,583085.3 ) ops/second in (17.1501,17.1501) seconds
thread  0 num: 15000000, not find: 163752
thread  3 num: 15000000, not find: 163370
thread  5 num: 15000000, not find: 163168
thread  6 num: 15000000, not find: 163291
thread  2 num: 15000000, not find: 163562
thread  1 num: 15000000, not find: 163953
thread  7 num: 15000000, not find: 162166
thread  4 num: 15000000, not find: 163085
readall      :       0.214 micros/op 4.460994 Mops/s; (num: 15000000, not find: 163752)
DIMM0 | Read from IMC | Write from IMC |  Read DIMM  |  Write DIMM  |   RA   |   WA   |
  MB  |      24384.55 |        6737.87 |    62495.79 |     27437.68 |   2.56 |   4.07 |
DIMM1 | Read from IMC | Write from IMC |  Read DIMM  |  Write DIMM  |   RA   |   WA   |
  MB  |      14554.41 |           0.01 |    28239.94 |        27.08 |   1.94 | 1989.43 |
*SUM* | DIMM-R:  3508.5 MB/s. User-R:  1505.6 MB/s   | DIMM-W:  1062.0 MB/s, User-W:   260.5 MB/s. Time:  25.86s
[32mDestroy IPMWatcher.
[0m
