key trace size: 120000000
Randomize the trace...------------------------------------------------
HashType:              CCEH buflog
Init Capacity:         16777216
Entries:               120000000
Trace size:            120000000
Read:                  120000000 
Write:                 1000000 
Thread:                2 
Report interval:       0 s
Stats interval:        10000000 records
benchmarks:            load,readall
------------------------------------------------
[32mStart IPMWatcher for load
[0m2021/09/07-15:13:39  ... thread 0: (10000000,10000000) ops and ( 856283.6,856283.6 ) ops/second in (11.6784,11.6784) seconds
2021/09/07-15:13:39  ... thread 1: (10000000,10000000) ops and ( 855315.4,855315.4 ) ops/second in (11.6916,11.6916) seconds
2021/09/07-15:13:52  ... thread 1: (10000000,20000000) ops and ( 743021.0,795223.5 ) ops/second in (13.4586,25.1502) seconds
2021/09/07-15:13:52  ... thread 0: (10000000,20000000) ops and ( 739467.0,793599.6 ) ops/second in (13.5233,25.2016) seconds
2021/09/07-15:14:07  ... thread 1: (10000000,30000000) ops and ( 686576.3,755378.5 ) ops/second in (14.5650,39.7152) seconds
2021/09/07-15:14:07  ... thread 0: (10000000,30000000) ops and ( 685977.1,754159.7 ) ops/second in (14.5777,39.7794) seconds
2021/09/07-15:14:21  ... thread 1: (10000000,40000000) ops and ( 727893.7,748314.6 ) ops/second in (13.7383,53.4535) seconds
2021/09/07-15:14:21  ... thread 0: (10000000,40000000) ops and ( 726541.4,747060.1 ) ops/second in (13.7638,53.5432) seconds
2021/09/07-15:14:36  ... thread 1: (10000000,50000000) ops and ( 657764.7,728263.6 ) ops/second in (15.2030,68.6565) seconds
2021/09/07-15:14:36  ... thread 0: (10000000,50000000) ops and ( 660878.7,728071.4 ) ops/second in (15.1314,68.6746) seconds
2021/09/07-15:14:51  ... thread 0: (10000000,60000000) ops and ( 661761.5,716112.1 ) ops/second in (15.1112,83.7858) seconds
2021/09/07-15:14:51  ... thread 1: (10000000,60000000) ops and ( 658066.6,715542.2 ) ops/second in (15.1960,83.8525) seconds
load         :       0.699 micros/op 1.364788 Mops/s;
DIMM0 | Read from IMC | Write from IMC |  Read DIMM  |  Write DIMM  |   RA   |   WA   |
  MB  |      44777.48 |       54853.32 |    78068.88 |     56921.93 |   1.74 |   1.04 |
DIMM1 | Read from IMC | Write from IMC |  Read DIMM  |  Write DIMM  |   RA   |   WA   |
  MB  |      27966.53 |       54060.58 |    35591.81 |     55867.25 |   1.27 |   1.03 |
*SUM* | DIMM-R:  1352.2 MB/s. User-R:   865.4 MB/s   | DIMM-W:  1341.8 MB/s, User-W:  1295.7 MB/s. Time:  84.06s
[32mDestroy IPMWatcher.
[0m
Randomize the trace...[32mStart IPMWatcher for readall
[0m2021/09/07-15:15:09  ... thread 0: (10000000,10000000) ops and ( 872994.0,872994.0 ) ops/second in (11.4548,11.4548) seconds
2021/09/07-15:15:09  ... thread 1: (10000000,10000000) ops and ( 861794.3,861794.3 ) ops/second in (11.6037,11.6037) seconds
2021/09/07-15:15:20  ... thread 0: (10000000,20000000) ops and ( 870160.8,871575.1 ) ops/second in (11.4921,22.9470) seconds
2021/09/07-15:15:20  ... thread 1: (10000000,20000000) ops and ( 867506.5,864641.0 ) ops/second in (11.5273,23.1310) seconds
2021/09/07-15:15:32  ... thread 0: (10000000,30000000) ops and ( 868410.1,870517.5 ) ops/second in (11.5153,34.4623) seconds
2021/09/07-15:15:32  ... thread 1: (10000000,30000000) ops and ( 869654.1,866305.6 ) ops/second in (11.4988,34.6298) seconds
2021/09/07-15:15:43  ... thread 0: (10000000,40000000) ops and ( 870731.6,870571.0 ) ops/second in (11.4846,45.9469) seconds
2021/09/07-15:15:43  ... thread 1: (10000000,40000000) ops and ( 871347.9,867560.7 ) ops/second in (11.4765,46.1063) seconds
2021/09/07-15:15:54  ... thread 0: (10000000,50000000) ops and ( 872656.3,870987.3 ) ops/second in (11.4593,57.4061) seconds
2021/09/07-15:15:55  ... thread 1: (10000000,50000000) ops and ( 868112.4,867671.0 ) ops/second in (11.5192,57.6255) seconds
2021/09/07-15:16:06  ... thread 0: (10000000,60000000) ops and ( 866352.1,870211.3 ) ops/second in (11.5427,68.9488) seconds
thread  0 num: 60000000, not find: 672712
2021/09/07-15:16:06  ... thread 1: (10000000,60000000) ops and ( 868247.6,867767.0 ) ops/second in (11.5175,69.1430) seconds
thread  1 num: 60000000, not find: 686914
readall      :       0.576 micros/op 1.655133 Mops/s; (num: 60000000, not find: 672712)
DIMM0 | Read from IMC | Write from IMC |  Read DIMM  |  Write DIMM  |   RA   |   WA   |
  MB  |      26081.88 |        6877.64 |    67563.02 |     28011.04 |   2.59 |   4.07 |
DIMM1 | Read from IMC | Write from IMC |  Read DIMM  |  Write DIMM  |   RA   |   WA   |
  MB  |      16288.12 |           0.01 |    33516.96 |        61.55 |   2.06 | 6302.48 |
*SUM* | DIMM-R:  1457.6 MB/s. User-R:   611.0 MB/s   | DIMM-W:   404.8 MB/s, User-W:    99.2 MB/s. Time:  69.35s
[32mDestroy IPMWatcher.
[0m
