key trace size: 110000000
Randomize the trace...------------------------------------------------
HashType:              CCEH buflog
Init Capacity:         16777216
Entries:               110000000
Trace size:            110000000
Read:                  110000000 
Write:                 1000000 
Thread:                16 
Report interval:       0 s
Stats interval:        10000000 records
benchmarks:            load
------------------------------------------------
[32mStart IPMWatcher for load
[0mAverage Load Factor : 0.72 
# of key left : 46978864 
load         :       0.065 micros/op 14.600854 Mops/s;
110000000 operations, 7.18 real_elapsed 
DIMM0 | Read from IMC | Write from IMC |  Read DIMM  |  Write DIMM  |   RA   |   WA   |
  MB  |       8268.99 |        4101.04 |    26941.66 |      4350.16 |   3.26 |   1.06 |
DIMM1 | Read from IMC | Write from IMC |  Read DIMM  |  Write DIMM  |   RA   |   WA   |
  MB  |       1415.23 |        4025.22 |     2220.22 |      4155.31 |   1.57 |   1.03 |
*SUM* | DIMM-R:  2780.5 MB/s. User-R:   923.4 MB/s   | DIMM-W:   811.0 MB/s, User-W:   774.8 MB/s. Time:  10.49s
[32mDestroy IPMWatcher.
[0m
key trace size: 112000000
Randomize the trace...------------------------------------------------
HashType:              CCEH buflog
Init Capacity:         16777216
Entries:               112000000
Trace size:            112000000
Read:                  112000000 
Write:                 1000000 
Thread:                16 
Report interval:       0 s
Stats interval:        10000000 records
benchmarks:            load
------------------------------------------------
[32mStart IPMWatcher for load
[0mAverage Load Factor : 0.72 
# of key left : 49007469 
load         :       0.065 micros/op 14.654366 Mops/s;
112000000 operations, 7.29 real_elapsed 
DIMM0 | Read from IMC | Write from IMC |  Read DIMM  |  Write DIMM  |   RA   |   WA   |
  MB  |       8422.20 |        4102.62 |    27515.34 |      4351.77 |   3.27 |   1.06 |
DIMM1 | Read from IMC | Write from IMC |  Read DIMM  |  Write DIMM  |   RA   |   WA   |
  MB  |       1427.86 |        4026.87 |     2272.28 |      4159.23 |   1.59 |   1.03 |
*SUM* | DIMM-R:  2810.4 MB/s. User-R:   929.3 MB/s   | DIMM-W:   803.0 MB/s, User-W:   767.0 MB/s. Time:  10.60s
[32mDestroy IPMWatcher.
[0m
key trace size: 114000000
Randomize the trace...------------------------------------------------
HashType:              CCEH buflog
Init Capacity:         16777216
Entries:               114000000
Trace size:            114000000
Read:                  114000000 
Write:                 1000000 
Thread:                16 
Report interval:       0 s
Stats interval:        10000000 records
benchmarks:            load
------------------------------------------------
[32mStart IPMWatcher for load
[0mAverage Load Factor : 0.72 
# of key left : 50797804 
load         :       0.065 micros/op 14.638109 Mops/s;
114000000 operations, 7.43 real_elapsed 
DIMM0 | Read from IMC | Write from IMC |  Read DIMM  |  Write DIMM  |   RA   |   WA   |
  MB  |       8585.97 |        4114.55 |    28103.16 |      4365.19 |   3.27 |   1.06 |
DIMM1 | Read from IMC | Write from IMC |  Read DIMM  |  Write DIMM  |   RA   |   WA   |
  MB  |       1437.26 |        4038.42 |     2302.69 |      4171.46 |   1.60 |   1.03 |
*SUM* | DIMM-R:  2834.8 MB/s. User-R:   934.5 MB/s   | DIMM-W:   795.9 MB/s, User-W:   760.1 MB/s. Time:  10.73s
[32mDestroy IPMWatcher.
[0m
key trace size: 116000000
Randomize the trace...------------------------------------------------
HashType:              CCEH buflog
Init Capacity:         16777216
Entries:               116000000
Trace size:            116000000
Read:                  116000000 
Write:                 1000000 
Thread:                16 
Report interval:       0 s
Stats interval:        10000000 records
benchmarks:            load
------------------------------------------------
[32mStart IPMWatcher for load
[0mAverage Load Factor : 0.72 
# of key left : 52086282 
load         :       0.065 micros/op 14.617898 Mops/s;
116000000 operations, 7.57 real_elapsed 
DIMM0 | Read from IMC | Write from IMC |  Read DIMM  |  Write DIMM  |   RA   |   WA   |
  MB  |       8754.64 |        4167.27 |    28691.31 |      4418.33 |   3.28 |   1.06 |
DIMM1 | Read from IMC | Write from IMC |  Read DIMM  |  Write DIMM  |   RA   |   WA   |
  MB  |       1480.61 |        4091.22 |     2431.82 |      4224.96 |   1.64 |   1.03 |
*SUM* | DIMM-R:  2865.3 MB/s. User-R:   942.3 MB/s   | DIMM-W:   795.7 MB/s, User-W:   760.3 MB/s. Time:  10.86s
[32mDestroy IPMWatcher.
[0m
key trace size: 118000000
Randomize the trace...------------------------------------------------
HashType:              CCEH buflog
Init Capacity:         16777216
Entries:               118000000
Trace size:            118000000
Read:                  118000000 
Write:                 1000000 
Thread:                16 
Report interval:       0 s
Stats interval:        10000000 records
benchmarks:            load
------------------------------------------------
[32mStart IPMWatcher for load
[0mAverage Load Factor : 0.72 
# of key left : 51987392 
load         :       0.066 micros/op 14.341344 Mops/s;
118000000 operations, 7.85 real_elapsed 
DIMM0 | Read from IMC | Write from IMC |  Read DIMM  |  Write DIMM  |   RA   |   WA   |
  MB  |       8972.01 |        4308.50 |    29384.22 |      4565.95 |   3.28 |   1.06 |
DIMM1 | Read from IMC | Write from IMC |  Read DIMM  |  Write DIMM  |   RA   |   WA   |
  MB  |       1551.95 |        4229.77 |     2604.63 |      4368.50 |   1.68 |   1.03 |
*SUM* | DIMM-R:  2894.9 MB/s. User-R:   952.4 MB/s   | DIMM-W:   808.5 MB/s, User-W:   772.7 MB/s. Time:  11.05s
[32mDestroy IPMWatcher.
[0m
key trace size: 120000000
Randomize the trace...------------------------------------------------
HashType:              CCEH buflog
Init Capacity:         16777216
Entries:               120000000
Trace size:            120000000
Read:                  120000000 
Write:                 1000000 
Thread:                16 
Report interval:       0 s
Stats interval:        10000000 records
benchmarks:            load
------------------------------------------------
[32mStart IPMWatcher for load
[0mAverage Load Factor : 0.72 
# of key left : 49179723 
load         :       0.068 micros/op 13.951876 Mops/s;
120000000 operations, 8.20 real_elapsed 
DIMM0 | Read from IMC | Write from IMC |  Read DIMM  |  Write DIMM  |   RA   |   WA   |
  MB  |       9274.55 |        4645.98 |    30217.55 |      4920.91 |   3.26 |   1.06 |
DIMM1 | Read from IMC | Write from IMC |  Read DIMM  |  Write DIMM  |   RA   |   WA   |
  MB  |       1693.18 |        4561.93 |     2897.53 |      4709.05 |   1.71 |   1.03 |
*SUM* | DIMM-R:  2900.3 MB/s. User-R:   960.6 MB/s   | DIMM-W:   843.4 MB/s, User-W:   806.4 MB/s. Time:  11.42s
[32mDestroy IPMWatcher.
[0m
key trace size: 122000000
Randomize the trace...------------------------------------------------
HashType:              CCEH buflog
Init Capacity:         16777216
Entries:               122000000
Trace size:            122000000
Read:                  122000000 
Write:                 1000000 
Thread:                16 
Report interval:       0 s
Stats interval:        10000000 records
benchmarks:            load
------------------------------------------------
[32mStart IPMWatcher for load
[0mAverage Load Factor : 0.72 
# of key left : 42528953 
load         :       0.070 micros/op 13.548239 Mops/s;
122000000 operations, 8.59 real_elapsed 
DIMM0 | Read from IMC | Write from IMC |  Read DIMM  |  Write DIMM  |   RA   |   WA   |
  MB  |       9669.73 |        5244.83 |    31155.27 |      5552.52 |   3.22 |   1.06 |
DIMM1 | Read from IMC | Write from IMC |  Read DIMM  |  Write DIMM  |   RA   |   WA   |
  MB  |       1912.63 |        5149.77 |     3300.33 |      5315.92 |   1.73 |   1.03 |
*SUM* | DIMM-R:  2895.7 MB/s. User-R:   973.4 MB/s   | DIMM-W:   913.4 MB/s, User-W:   873.6 MB/s. Time:  11.90s
[32mDestroy IPMWatcher.
[0m
key trace size: 124000000
Randomize the trace...------------------------------------------------
HashType:              CCEH buflog
Init Capacity:         16777216
Entries:               124000000
Trace size:            124000000
Read:                  124000000 
Write:                 1000000 
Thread:                16 
Report interval:       0 s
Stats interval:        10000000 records
benchmarks:            load
------------------------------------------------
[32mStart IPMWatcher for load
[0mAverage Load Factor : 0.72 
# of key left : 32764818 
load         :       0.075 micros/op 12.670685 Mops/s;
124000000 operations, 9.33 real_elapsed 
DIMM0 | Read from IMC | Write from IMC |  Read DIMM  |  Write DIMM  |   RA   |   WA   |
  MB  |      10177.72 |        6057.25 |    32306.96 |      6411.33 |   3.17 |   1.06 |
DIMM1 | Read from IMC | Write from IMC |  Read DIMM  |  Write DIMM  |   RA   |   WA   |
  MB  |       2193.32 |        5946.81 |     3771.77 |      6135.25 |   1.72 |   1.03 |
*SUM* | DIMM-R:  2853.2 MB/s. User-R:   978.3 MB/s   | DIMM-W:   992.2 MB/s, User-W:   949.3 MB/s. Time:  12.64s
[32mDestroy IPMWatcher.
[0m
key trace size: 126000000
Randomize the trace...------------------------------------------------
HashType:              CCEH buflog
Init Capacity:         16777216
Entries:               126000000
Trace size:            126000000
Read:                  126000000 
Write:                 1000000 
Thread:                16 
Report interval:       0 s
Stats interval:        10000000 records
benchmarks:            load
------------------------------------------------
[32mStart IPMWatcher for load
[0mAverage Load Factor : 0.72 
# of key left : 22832983 
load         :       0.078 micros/op 12.173425 Mops/s;
126000000 operations, 9.87 real_elapsed 
DIMM0 | Read from IMC | Write from IMC |  Read DIMM  |  Write DIMM  |   RA   |   WA   |
  MB  |      10669.52 |        6885.10 |    33409.05 |      7290.38 |   3.13 |   1.06 |
DIMM1 | Read from IMC | Write from IMC |  Read DIMM  |  Write DIMM  |   RA   |   WA   |
  MB  |       2468.45 |        6758.12 |     4215.90 |      6967.77 |   1.71 |   1.03 |
*SUM* | DIMM-R:  2873.7 MB/s. User-R:  1003.4 MB/s   | DIMM-W:  1089.0 MB/s, User-W:  1042.0 MB/s. Time:  13.09s
[32mDestroy IPMWatcher.
[0m
key trace size: 128000000
Randomize the trace...------------------------------------------------
HashType:              CCEH buflog
Init Capacity:         16777216
Entries:               128000000
Trace size:            128000000
Read:                  128000000 
Write:                 1000000 
Thread:                16 
Report interval:       0 s
Stats interval:        10000000 records
benchmarks:            load
------------------------------------------------
[32mStart IPMWatcher for load
[0mAverage Load Factor : 0.72 
# of key left : 15288279 
load         :       0.081 micros/op 11.823677 Mops/s;
128000000 operations, 10.32 real_elapsed 
DIMM0 | Read from IMC | Write from IMC |  Read DIMM  |  Write DIMM  |   RA   |   WA   |
  MB  |      11106.85 |        7536.97 |    34435.88 |      7979.88 |   3.10 |   1.06 |
DIMM1 | Read from IMC | Write from IMC |  Read DIMM  |  Write DIMM  |   RA   |   WA   |
  MB  |       2706.77 |        7396.99 |     4641.28 |      7623.36 |   1.71 |   1.03 |
*SUM* | DIMM-R:  2861.5 MB/s. User-R:  1011.5 MB/s   | DIMM-W:  1142.6 MB/s, User-W:  1093.6 MB/s. Time:  13.66s
[32mDestroy IPMWatcher.
[0m
key trace size: 130000000
Randomize the trace...------------------------------------------------
HashType:              CCEH buflog
Init Capacity:         16777216
Entries:               130000000
Trace size:            130000000
Read:                  130000000 
Write:                 1000000 
Thread:                16 
Report interval:       0 s
Stats interval:        10000000 records
benchmarks:            load
------------------------------------------------
[32mStart IPMWatcher for load
[0mAverage Load Factor : 0.72 
# of key left : 11550095 
load         :       0.082 micros/op 11.596775 Mops/s;
130000000 operations, 10.69 real_elapsed 
DIMM0 | Read from IMC | Write from IMC |  Read DIMM  |  Write DIMM  |   RA   |   WA   |
  MB  |      11428.43 |        7934.04 |    35284.10 |      8398.50 |   3.09 |   1.06 |
DIMM1 | Read from IMC | Write from IMC |  Read DIMM  |  Write DIMM  |   RA   |   WA   |
  MB  |       2862.10 |        7787.21 |     4955.83 |      8027.77 |   1.73 |   1.03 |
*SUM* | DIMM-R:  2833.2 MB/s. User-R:  1006.2 MB/s   | DIMM-W:  1156.5 MB/s, User-W:  1106.9 MB/s. Time:  14.20s
[32mDestroy IPMWatcher.
[0m
