key trace size: 123000000
Randomize the trace...------------------------------------------------
HashType:              CCEH buflog
Init Capacity:         16777216
Entries:               123000000
Trace size:            123000000
Read:                  123000000 
Write:                 1000000 
Thread:                13 
Report interval:       0 s
Stats interval:        10000000 records
benchmarks:            load,readall
------------------------------------------------
[32mStart IPMWatcher for load
[0mAverage Load Factor : 0.72 
# of key left : 37880804 
load         :       0.082 micros/op 11.659410 Mops/s;
122999994 operations, 10.06 real_elapsed 
DIMM0 | Read from IMC | Write from IMC |  Read DIMM  |  Write DIMM  |   RA   |   WA   |
  MB  |      10381.72 |        5617.54 |    32746.96 |      5912.85 |   3.15 |   1.05 |
DIMM1 | Read from IMC | Write from IMC |  Read DIMM  |  Write DIMM  |   RA   |   WA   |
  MB  |       2037.61 |        5525.03 |     3509.19 |      5703.32 |   1.72 |   1.03 |
*SUM* | DIMM-R:  2701.2 MB/s. User-R:   925.3 MB/s   | DIMM-W:   865.5 MB/s, User-W:   830.2 MB/s. Time:  13.42s
[32mDestroy IPMWatcher.
[0m
Randomize the trace...[32mStart IPMWatcher for readall
[0mthread  6 num: 9461538, not find: 1
thread  0 num: 9461538, not find: 1
thread  8 num: 9461538, not find: 3
thread  3 num: 9461538, not find: 3
thread  4 num: 9461538, not find: 2
thread 11 num: 9461538, not find: 1
thread  5 num: 9461538, not find: 1
readall      :       0.153 micros/op 6.234708 Mops/s; (num: 9461538, not find: 1)
122999994 operations, 18.81 real_elapsed 
DIMM0 | Read from IMC | Write from IMC |  Read DIMM  |  Write DIMM  |   RA   |   WA   |
  MB  |      18524.86 |        4992.84 |    52264.09 |     20202.95 |   2.82 |   4.05 |
DIMM1 | Read from IMC | Write from IMC |  Read DIMM  |  Write DIMM  |   RA   |   WA   |
  MB  |      10350.16 |           3.34 |    20896.34 |        23.28 |   2.02 |   6.98 |
*SUM* | DIMM-R:  3838.8 MB/s. User-R:  1515.1 MB/s   | DIMM-W:  1061.3 MB/s, User-W:   262.2 MB/s. Time:  19.06s
[32mDestroy IPMWatcher.
[0m
