key trace size: 123000000
Randomize the trace...------------------------------------------------
HashType:              CCEH buflog
Init Capacity:         16777216
Entries:               123000000
Trace size:            123000000
Read:                  123000000 
Write:                 1000000 
Thread:                15 
Report interval:       0 s
Stats interval:        10000000 records
benchmarks:            load,readall
------------------------------------------------
[32mStart IPMWatcher for load
[0mAverage Load Factor : 0.72 
# of key left : 37906283 
load         :       0.075 micros/op 12.714414 Mops/s;
123000000 operations, 9.23 real_elapsed 
DIMM0 | Read from IMC | Write from IMC |  Read DIMM  |  Write DIMM  |   RA   |   WA   |
  MB  |      10068.38 |        5626.48 |    32079.21 |      5943.84 |   3.19 |   1.06 |
DIMM1 | Read from IMC | Write from IMC |  Read DIMM  |  Write DIMM  |   RA   |   WA   |
  MB  |       2047.94 |        5527.93 |     3531.37 |      5703.77 |   1.72 |   1.03 |
*SUM* | DIMM-R:  2832.1 MB/s. User-R:   963.6 MB/s   | DIMM-W:   926.3 MB/s, User-W:   887.1 MB/s. Time:  12.57s
[32mDestroy IPMWatcher.
[0m
Randomize the trace...[32mStart IPMWatcher for readall
[0mthread  2 num: 8200000, not find: 1
thread 12 num: 8200000, not find: 1
thread 11 num: 8200000, not find: 1
thread  5 num: 8200000, not find: 1
thread  7 num: 8200000, not find: 1
thread  9 num: 8200000, not find: 1
readall      :       0.146 micros/op 6.516000 Mops/s; (num: 8200000, not find: 0)
123000000 operations, 18.00 real_elapsed 
DIMM0 | Read from IMC | Write from IMC |  Read DIMM  |  Write DIMM  |   RA   |   WA   |
  MB  |      17667.21 |        4987.99 |    51000.28 |     20175.24 |   2.89 |   4.04 |
DIMM1 | Read from IMC | Write from IMC |  Read DIMM  |  Write DIMM  |   RA   |   WA   |
  MB  |       9851.87 |           3.34 |    20181.57 |        22.50 |   2.05 |   6.74 |
*SUM* | DIMM-R:  3910.0 MB/s. User-R:  1511.6 MB/s   | DIMM-W:  1109.5 MB/s, User-W:   274.2 MB/s. Time:  18.20s
[32mDestroy IPMWatcher.
[0m
