key trace size: 123000000
Randomize the trace...------------------------------------------------
HashType:              CCEH buflog
Init Capacity:         16777216
Entries:               123000000
Trace size:            123000000
Read:                  123000000 
Write:                 1000000 
Thread:                6 
Report interval:       0 s
Stats interval:        10000000 records
benchmarks:            load,readall
------------------------------------------------
[32mStart IPMWatcher for load
[0m2021/09/11-17:12:07  ... thread 3: (10000000,10000000) ops and ( 1464467.8,1464467.8 ) ops/second in (6.8284,6.8284) seconds
2021/09/11-17:12:07  ... thread 2: (10000000,10000000) ops and ( 1460878.8,1460878.8 ) ops/second in (6.8452,6.8452) seconds
2021/09/11-17:12:07  ... thread 0: (10000000,10000000) ops and ( 1446569.6,1446569.6 ) ops/second in (6.9129,6.9129) seconds
2021/09/11-17:12:07  ... thread 5: (10000000,10000000) ops and ( 1438666.1,1438666.1 ) ops/second in (6.9509,6.9509) seconds
2021/09/11-17:12:07  ... thread 1: (10000000,10000000) ops and ( 1435730.8,1435730.8 ) ops/second in (6.9651,6.9651) seconds
2021/09/11-17:12:07  ... thread 4: (10000000,10000000) ops and ( 1430134.6,1430134.6 ) ops/second in (6.9923,6.9923) seconds
2021/09/11-17:12:16  ... thread 3: (10000000,20000000) ops and ( 1137342.7,1280340.6 ) ops/second in (8.7924,15.6208) seconds
2021/09/11-17:12:16  ... thread 2: (10000000,20000000) ops and ( 1128774.4,1273531.6 ) ops/second in (8.8592,15.7044) seconds
2021/09/11-17:12:16  ... thread 0: (10000000,20000000) ops and ( 1122356.6,1264004.4 ) ops/second in (8.9098,15.8227) seconds
2021/09/11-17:12:16  ... thread 4: (10000000,20000000) ops and ( 1130906.5,1263039.9 ) ops/second in (8.8425,15.8348) seconds
2021/09/11-17:12:16  ... thread 5: (10000000,20000000) ops and ( 1122924.3,1261336.0 ) ops/second in (8.9053,15.8562) seconds
2021/09/11-17:12:16  ... thread 1: (10000000,20000000) ops and ( 1115936.8,1255794.3 ) ops/second in (8.9611,15.9262) seconds
Average Load Factor : 0.72 
# of key left : 37983332 
load         :       0.139 micros/op 6.855362 Mops/s;
123000000 operations, 17.11 real_elapsed 
DIMM0 | Read from IMC | Write from IMC |  Read DIMM  |  Write DIMM  |   RA   |   WA   |
  MB  |      11793.18 |        5581.07 |    35828.40 |      5833.90 |   3.04 |   1.05 |
DIMM1 | Read from IMC | Write from IMC |  Read DIMM  |  Write DIMM  |   RA   |   WA   |
  MB  |       2037.06 |        5500.15 |     3567.30 |      5688.55 |   1.75 |   1.03 |
*SUM* | DIMM-R:  1931.4 MB/s. User-R:   678.0 MB/s   | DIMM-W:   564.9 MB/s, User-W:   543.3 MB/s. Time:  20.40s
[32mDestroy IPMWatcher.
[0m
Randomize the trace...[32mStart IPMWatcher for readall
[0m2021/09/11-17:12:39  ... thread 2: (10000000,10000000) ops and ( 801545.8,801545.8 ) ops/second in (12.4759,12.4759) seconds
2021/09/11-17:12:39  ... thread 5: (10000000,10000000) ops and ( 800274.3,800274.3 ) ops/second in (12.4957,12.4957) seconds
2021/09/11-17:12:39  ... thread 4: (10000000,10000000) ops and ( 800073.4,800073.4 ) ops/second in (12.4989,12.4989) seconds
2021/09/11-17:12:39  ... thread 1: (10000000,10000000) ops and ( 799620.1,799620.1 ) ops/second in (12.5059,12.5059) seconds
2021/09/11-17:12:39  ... thread 0: (10000000,10000000) ops and ( 799165.6,799165.6 ) ops/second in (12.5131,12.5131) seconds
2021/09/11-17:12:39  ... thread 3: (10000000,10000000) ops and ( 797561.3,797561.3 ) ops/second in (12.5382,12.5382) seconds
2021/09/11-17:12:52  ... thread 2: (10000000,20000000) ops and ( 804999.6,803269.0 ) ops/second in (12.4224,24.8983) seconds
2021/09/11-17:12:52  ... thread 4: (10000000,20000000) ops and ( 803523.1,801794.5 ) ops/second in (12.4452,24.9440) seconds
2021/09/11-17:12:52  ... thread 1: (10000000,20000000) ops and ( 802429.3,801022.3 ) ops/second in (12.4622,24.9681) seconds
2021/09/11-17:12:52  ... thread 0: (10000000,20000000) ops and ( 802252.3,800706.0 ) ops/second in (12.4649,24.9780) seconds
2021/09/11-17:12:52  ... thread 5: (10000000,20000000) ops and ( 800110.3,800192.3 ) ops/second in (12.4983,24.9940) seconds
2021/09/11-17:12:52  ... thread 3: (10000000,20000000) ops and ( 802766.3,800155.4 ) ops/second in (12.4569,24.9951) seconds
thread  4 num: 20500000, not find: 2
thread  1 num: 20500000, not find: 1
readall      :       0.209 micros/op 4.573593 Mops/s; (num: 20500000, not find: 0)
123000000 operations, 25.65 real_elapsed 
DIMM0 | Read from IMC | Write from IMC |  Read DIMM  |  Write DIMM  |   RA   |   WA   |
  MB  |      21084.35 |        5000.06 |    55106.40 |     20242.46 |   2.61 |   4.05 |
DIMM1 | Read from IMC | Write from IMC |  Read DIMM  |  Write DIMM  |   RA   |   WA   |
  MB  |      11573.50 |           3.34 |    21438.33 |        28.61 |   1.85 |   8.57 |
*SUM* | DIMM-R:  2962.8 MB/s. User-R:  1264.1 MB/s   | DIMM-W:   784.6 MB/s, User-W:   193.7 MB/s. Time:  25.84s
[32mDestroy IPMWatcher.
[0m
