key trace size: 123000000
Randomize the trace...------------------------------------------------
HashType:              CCEH buflog
Init Capacity:         16777216
Entries:               123000000
Trace size:            123000000
Read:                  123000000 
Write:                 1000000 
Thread:                7 
Report interval:       0 s
Stats interval:        10000000 records
benchmarks:            load,readall
------------------------------------------------
[32mStart IPMWatcher for load
[0m2021/09/11-17:13:08  ... thread 5: (10000000,10000000) ops and ( 1194811.1,1194811.1 ) ops/second in (8.3695,8.3695) seconds
2021/09/11-17:13:08  ... thread 0: (10000000,10000000) ops and ( 1194699.7,1194699.7 ) ops/second in (8.3703,8.3703) seconds
2021/09/11-17:13:08  ... thread 1: (10000000,10000000) ops and ( 1192735.0,1192735.0 ) ops/second in (8.3841,8.3841) seconds
2021/09/11-17:13:08  ... thread 4: (10000000,10000000) ops and ( 1192553.2,1192553.2 ) ops/second in (8.3854,8.3854) seconds
2021/09/11-17:13:08  ... thread 6: (10000000,10000000) ops and ( 1191514.8,1191514.8 ) ops/second in (8.3927,8.3927) seconds
2021/09/11-17:13:08  ... thread 3: (10000000,10000000) ops and ( 1189411.2,1189411.2 ) ops/second in (8.4075,8.4075) seconds
2021/09/11-17:13:08  ... thread 2: (10000000,10000000) ops and ( 1186574.9,1186574.9 ) ops/second in (8.4276,8.4276) seconds
Average Load Factor : 0.72 
# of key left : 37931584 
load         :       0.123 micros/op 7.782601 Mops/s;
122999996 operations, 15.07 real_elapsed 
DIMM0 | Read from IMC | Write from IMC |  Read DIMM  |  Write DIMM  |   RA   |   WA   |
  MB  |      11717.59 |        5588.56 |    35581.05 |      5850.97 |   3.04 |   1.05 |
DIMM1 | Read from IMC | Write from IMC |  Read DIMM  |  Write DIMM  |   RA   |   WA   |
  MB  |       2033.29 |        5505.80 |     3548.51 |      5694.04 |   1.75 |   1.03 |
*SUM* | DIMM-R:  2141.6 MB/s. User-R:   752.6 MB/s   | DIMM-W:   631.9 MB/s, User-W:   607.2 MB/s. Time:  18.27s
[32mDestroy IPMWatcher.
[0m
Randomize the trace...[32mStart IPMWatcher for readall
[0m2021/09/11-17:13:37  ... thread 6: (10000000,10000000) ops and ( 754828.2,754828.2 ) ops/second in (13.2480,13.2480) seconds
2021/09/11-17:13:37  ... thread 4: (10000000,10000000) ops and ( 752724.2,752724.2 ) ops/second in (13.2851,13.2851) seconds
2021/09/11-17:13:37  ... thread 0: (10000000,10000000) ops and ( 752391.6,752391.6 ) ops/second in (13.2910,13.2910) seconds
2021/09/11-17:13:37  ... thread 2: (10000000,10000000) ops and ( 752082.1,752082.1 ) ops/second in (13.2964,13.2964) seconds
2021/09/11-17:13:37  ... thread 5: (10000000,10000000) ops and ( 750747.9,750747.9 ) ops/second in (13.3201,13.3201) seconds
2021/09/11-17:13:37  ... thread 1: (10000000,10000000) ops and ( 750712.4,750712.4 ) ops/second in (13.3207,13.3207) seconds
2021/09/11-17:13:37  ... thread 3: (10000000,10000000) ops and ( 749222.0,749222.0 ) ops/second in (13.3472,13.3472) seconds
thread  6 num: 17571428, not find: 1
thread  0 num: 17571428, not find: 2
thread  4 num: 17571428, not find: 3
thread  2 num: 17571428, not find: 1
thread  5 num: 17571428, not find: 2
thread  1 num: 17571428, not find: 2
thread  3 num: 17571428, not find: 2
readall      :       0.190 micros/op 5.008716 Mops/s; (num: 17571428, not find: 2)
122999996 operations, 23.42 real_elapsed 
DIMM0 | Read from IMC | Write from IMC |  Read DIMM  |  Write DIMM  |   RA   |   WA   |
  MB  |      21174.56 |        5003.38 |    55463.00 |     20210.63 |   2.62 |   4.04 |
DIMM1 | Read from IMC | Write from IMC |  Read DIMM  |  Write DIMM  |   RA   |   WA   |
  MB  |      11677.26 |           3.35 |    21845.20 |        27.07 |   1.87 |   8.07 |
*SUM* | DIMM-R:  3273.3 MB/s. User-R:  1391.0 MB/s   | DIMM-W:   856.9 MB/s, User-W:   212.0 MB/s. Time:  23.62s
[32mDestroy IPMWatcher.
[0m
