key trace size: 123000000
Randomize the trace...------------------------------------------------
HashType:              CCEH buflog
Init Capacity:         16777216
Entries:               123000000
Trace size:            123000000
Read:                  123000000 
Write:                 1000000 
Thread:                2 
Report interval:       0 s
Stats interval:        10000000 records
benchmarks:            load,readall
------------------------------------------------
[32mStart IPMWatcher for load
[0m2021/09/11-17:06:02  ... thread 1: (10000000,10000000) ops and ( 1860818.6,1860818.6 ) ops/second in (5.3740,5.3740) seconds
2021/09/11-17:06:02  ... thread 0: (10000000,10000000) ops and ( 1846530.1,1846530.1 ) ops/second in (5.4156,5.4156) seconds
2021/09/11-17:06:09  ... thread 1: (10000000,20000000) ops and ( 1386738.7,1589175.4 ) ops/second in (7.2112,12.5851) seconds
2021/09/11-17:06:09  ... thread 0: (10000000,20000000) ops and ( 1376520.7,1577255.2 ) ops/second in (7.2647,12.6803) seconds
2021/09/11-17:06:16  ... thread 1: (10000000,30000000) ops and ( 1567022.8,1581722.0 ) ops/second in (6.3815,18.9667) seconds
2021/09/11-17:06:16  ... thread 0: (10000000,30000000) ops and ( 1499943.9,1550614.2 ) ops/second in (6.6669,19.3472) seconds
2021/09/11-17:06:25  ... thread 1: (10000000,40000000) ops and ( 1022215.1,1391335.9 ) ops/second in (9.7827,28.7493) seconds
2021/09/11-17:06:26  ... thread 0: (10000000,40000000) ops and ( 1040803.6,1381447.6 ) ops/second in (9.6080,28.9551) seconds
2021/09/11-17:06:32  ... thread 1: (10000000,50000000) ops and ( 1565722.7,1423034.8 ) ops/second in (6.3868,35.1362) seconds
2021/09/11-17:06:32  ... thread 0: (10000000,50000000) ops and ( 1553594.7,1412755.9 ) ops/second in (6.4367,35.3918) seconds
2021/09/11-17:06:40  ... thread 1: (10000000,60000000) ops and ( 1230562.3,1386881.1 ) ops/second in (8.1264,43.2625) seconds
2021/09/11-17:06:41  ... thread 0: (10000000,60000000) ops and ( 1160113.9,1363275.1 ) ops/second in (8.6198,44.0117) seconds
Average Load Factor : 0.72 
# of key left : 37934171 
load         :       0.382 micros/op 2.499658 Mops/s;
123000000 operations, 46.93 real_elapsed 
DIMM0 | Read from IMC | Write from IMC |  Read DIMM  |  Write DIMM  |   RA   |   WA   |
  MB  |      12268.87 |        5580.24 |    37447.79 |      5820.26 |   3.05 |   1.04 |
DIMM1 | Read from IMC | Write from IMC |  Read DIMM  |  Write DIMM  |   RA   |   WA   |
  MB  |       2125.47 |        5501.65 |     3942.55 |      5712.33 |   1.85 |   1.04 |
*SUM* | DIMM-R:   822.9 MB/s. User-R:   286.2 MB/s   | DIMM-W:   229.3 MB/s, User-W:   220.3 MB/s. Time:  50.30s
[32mDestroy IPMWatcher.
[0m
Randomize the trace...[32mStart IPMWatcher for readall
[0m2021/09/11-17:07:04  ... thread 1: (10000000,10000000) ops and ( 934004.6,934004.6 ) ops/second in (10.7066,10.7066) seconds
2021/09/11-17:07:04  ... thread 0: (10000000,10000000) ops and ( 930724.2,930724.2 ) ops/second in (10.7443,10.7443) seconds
2021/09/11-17:07:14  ... thread 1: (10000000,20000000) ops and ( 936226.6,935114.3 ) ops/second in (10.6812,21.3878) seconds
2021/09/11-17:07:14  ... thread 0: (10000000,20000000) ops and ( 931538.7,931131.3 ) ops/second in (10.7349,21.4792) seconds
2021/09/11-17:07:25  ... thread 1: (10000000,30000000) ops and ( 964976.4,944860.8 ) ops/second in (10.3629,31.7507) seconds
2021/09/11-17:07:25  ... thread 0: (10000000,30000000) ops and ( 959431.6,940377.4 ) ops/second in (10.4228,31.9021) seconds
2021/09/11-17:07:35  ... thread 1: (10000000,40000000) ops and ( 953578.4,947025.2 ) ops/second in (10.4868,42.2375) seconds
2021/09/11-17:07:35  ... thread 0: (10000000,40000000) ops and ( 949391.8,942614.9 ) ops/second in (10.5331,42.4351) seconds
2021/09/11-17:07:46  ... thread 1: (10000000,50000000) ops and ( 949468.0,947512.8 ) ops/second in (10.5322,52.7697) seconds
2021/09/11-17:07:46  ... thread 0: (10000000,50000000) ops and ( 945530.8,943196.6 ) ops/second in (10.5761,53.0112) seconds
2021/09/11-17:07:56  ... thread 1: (10000000,60000000) ops and ( 956321.5,948969.6 ) ops/second in (10.4567,63.2265) seconds
2021/09/11-17:07:57  ... thread 0: (10000000,60000000) ops and ( 951364.9,944548.3 ) ops/second in (10.5112,63.5224) seconds
thread  1 num: 61500000, not find: 4
readall      :       0.529 micros/op 1.803514 Mops/s; (num: 61500000, not find: 0)
123000000 operations, 65.04 real_elapsed 
DIMM0 | Read from IMC | Write from IMC |  Read DIMM  |  Write DIMM  |   RA   |   WA   |
  MB  |      21703.92 |        5045.47 |    57712.55 |     20488.25 |   2.66 |   4.06 |
DIMM1 | Read from IMC | Write from IMC |  Read DIMM  |  Write DIMM  |   RA   |   WA   |
  MB  |      12289.84 |           0.01 |    24103.43 |        56.21 |   1.96 | 4111.04 |
*SUM* | DIMM-R:  1253.4 MB/s. User-R:   520.8 MB/s   | DIMM-W:   314.7 MB/s, User-W:    77.3 MB/s. Time:  65.27s
[32mDestroy IPMWatcher.
[0m
