key trace size: 123000000
Randomize the trace...------------------------------------------------
HashType:              CCEH buflog
Init Capacity:         16777216
Entries:               123000000
Trace size:            123000000
Read:                  123000000 
Write:                 1000000 
Thread:                1 
Report interval:       0 s
Stats interval:        10000000 records
benchmarks:            load,readall
------------------------------------------------
[32mStart IPMWatcher for load
[0m2021/09/11-17:02:08  ... thread 0: (10000000,10000000) ops and ( 2167488.3,2167488.3 ) ops/second in (4.6136,4.6136) seconds
2021/09/11-17:02:14  ... thread 0: (10000000,20000000) ops and ( 1656196.2,1877658.0 ) ops/second in (6.0379,10.6516) seconds
2021/09/11-17:02:19  ... thread 0: (10000000,30000000) ops and ( 1763503.9,1837999.2 ) ops/second in (5.6705,16.3221) seconds
2021/09/11-17:02:28  ... thread 0: (10000000,40000000) ops and ( 1189586.7,1617574.8 ) ops/second in (8.4063,24.7284) seconds
2021/09/11-17:02:33  ... thread 0: (10000000,50000000) ops and ( 1766032.5,1645235.4 ) ops/second in (5.6624,30.3908) seconds
2021/09/11-17:02:41  ... thread 0: (10000000,60000000) ops and ( 1380428.4,1594264.3 ) ops/second in (7.2441,37.6349) seconds
2021/09/11-17:02:53  ... thread 0: (10000000,70000000) ops and ( 818292.4,1404058.1 ) ops/second in (12.2206,49.8555) seconds
2021/09/11-17:02:59  ... thread 0: (10000000,80000000) ops and ( 1572191.1,1423081.5 ) ops/second in (6.3605,56.2160) seconds
2021/09/11-17:03:06  ... thread 0: (10000000,90000000) ops and ( 1573395.8,1438349.6 ) ops/second in (6.3557,62.5717) seconds
2021/09/11-17:03:12  ... thread 0: (10000000,100000000) ops and ( 1547684.1,1448582.9 ) ops/second in (6.4613,69.0330) seconds
2021/09/11-17:03:19  ... thread 0: (10000000,110000000) ops and ( 1494643.9,1452652.6 ) ops/second in (6.6906,75.7235) seconds
2021/09/11-17:03:29  ... thread 0: (10000000,120000000) ops and ( 1018804.4,1402869.4 ) ops/second in (9.8154,85.5390) seconds
Average Load Factor : 0.72 
# of key left : 38003429 
load         :       0.739 micros/op 1.290310 Mops/s;
123000000 operations, 90.91 real_elapsed 
DIMM0 | Read from IMC | Write from IMC |  Read DIMM  |  Write DIMM  |   RA   |   WA   |
  MB  |      12412.20 |        5572.29 |    38012.90 |      5835.95 |   3.06 |   1.05 |
DIMM1 | Read from IMC | Write from IMC |  Read DIMM  |  Write DIMM  |   RA   |   WA   |
  MB  |       2182.60 |        5494.01 |     4191.89 |      5730.03 |   1.92 |   1.04 |
*SUM* | DIMM-R:   447.7 MB/s. User-R:   154.8 MB/s   | DIMM-W:   122.7 MB/s, User-W:   117.4 MB/s. Time:  94.26s
[32mDestroy IPMWatcher.
[0m
Randomize the trace...[32mStart IPMWatcher for readall
[0m2021/09/11-17:03:54  ... thread 0: (10000000,10000000) ops and ( 960951.2,960951.2 ) ops/second in (10.4064,10.4064) seconds
2021/09/11-17:04:04  ... thread 0: (10000000,20000000) ops and ( 971123.4,966010.5 ) ops/second in (10.2974,20.7037) seconds
2021/09/11-17:04:14  ... thread 0: (10000000,30000000) ops and ( 976243.3,969397.5 ) ops/second in (10.2433,30.9471) seconds
2021/09/11-17:04:25  ... thread 0: (10000000,40000000) ops and ( 976822.7,971243.2 ) ops/second in (10.2373,41.1843) seconds
2021/09/11-17:04:35  ... thread 0: (10000000,50000000) ops and ( 979665.4,972916.1 ) ops/second in (10.2076,51.3919) seconds
2021/09/11-17:04:45  ... thread 0: (10000000,60000000) ops and ( 967361.9,971985.9 ) ops/second in (10.3374,61.7293) seconds
2021/09/11-17:04:55  ... thread 0: (10000000,70000000) ops and ( 977560.4,972778.4 ) ops/second in (10.2295,71.9588) seconds
2021/09/11-17:05:06  ... thread 0: (10000000,80000000) ops and ( 956132.9,970666.1 ) ops/second in (10.4588,82.4176) seconds
2021/09/11-17:05:16  ... thread 0: (10000000,90000000) ops and ( 975133.9,971160.5 ) ops/second in (10.2550,92.6726) seconds
2021/09/11-17:05:26  ... thread 0: (10000000,100000000) ops and ( 994159.0,973412.3 ) ops/second in (10.0588,102.7314) seconds
2021/09/11-17:05:36  ... thread 0: (10000000,110000000) ops and ( 985361.6,974486.6 ) ops/second in (10.1486,112.8799) seconds
2021/09/11-17:05:46  ... thread 0: (10000000,120000000) ops and ( 988804.4,975663.9 ) ops/second in (10.1132,122.9932) seconds
thread  0 num: 123000000, not find: 5
readall      :       1.024 micros/op 0.931052 Mops/s; (num: 123000000, not find: 5)
123000000 operations, 125.99 real_elapsed 
DIMM0 | Read from IMC | Write from IMC |  Read DIMM  |  Write DIMM  |   RA   |   WA   |
  MB  |      22014.90 |        5066.09 |    59025.46 |     20624.51 |   2.68 |   4.07 |
DIMM1 | Read from IMC | Write from IMC |  Read DIMM  |  Write DIMM  |   RA   |   WA   |
  MB  |      12708.35 |           0.01 |    25675.41 |       102.87 |   2.02 | 10600.23 |
*SUM* | DIMM-R:   671.2 MB/s. User-R:   275.2 MB/s   | DIMM-W:   164.3 MB/s, User-W:    40.1 MB/s. Time: 126.19s
[32mDestroy IPMWatcher.
[0m
