key trace size: 123000000
Randomize the trace...------------------------------------------------
HashType:              CCEH buflog
Init Capacity:         16777216
Entries:               123000000
Trace size:            123000000
Read:                  123000000 
Write:                 1000000 
Thread:                5 
Report interval:       0 s
Stats interval:        10000000 records
benchmarks:            load,readall
------------------------------------------------
[32mStart IPMWatcher for load
[0m2021/09/11-17:11:01  ... thread 2: (10000000,10000000) ops and ( 1521051.4,1521051.4 ) ops/second in (6.5744,6.5744) seconds
2021/09/11-17:11:01  ... thread 4: (10000000,10000000) ops and ( 1515360.7,1515360.7 ) ops/second in (6.5991,6.5991) seconds
2021/09/11-17:11:01  ... thread 0: (10000000,10000000) ops and ( 1514343.9,1514343.9 ) ops/second in (6.6035,6.6035) seconds
2021/09/11-17:11:01  ... thread 1: (10000000,10000000) ops and ( 1513109.5,1513109.5 ) ops/second in (6.6089,6.6089) seconds
2021/09/11-17:11:01  ... thread 3: (10000000,10000000) ops and ( 1509606.9,1509606.9 ) ops/second in (6.6242,6.6242) seconds
2021/09/11-17:11:10  ... thread 2: (10000000,20000000) ops and ( 1181907.6,1330203.1 ) ops/second in (8.4609,15.0353) seconds
2021/09/11-17:11:10  ... thread 0: (10000000,20000000) ops and ( 1181529.9,1327393.4 ) ops/second in (8.4636,15.0671) seconds
2021/09/11-17:11:10  ... thread 4: (10000000,20000000) ops and ( 1178962.6,1326161.3 ) ops/second in (8.4820,15.0811) seconds
2021/09/11-17:11:10  ... thread 1: (10000000,20000000) ops and ( 1179179.9,1325435.8 ) ops/second in (8.4805,15.0894) seconds
2021/09/11-17:11:10  ... thread 3: (10000000,20000000) ops and ( 1174707.1,1321265.7 ) ops/second in (8.5128,15.1370) seconds
Average Load Factor : 0.72 
# of key left : 37920018 
load         :       0.163 micros/op 5.839048 Mops/s;
123000000 operations, 20.09 real_elapsed 
DIMM0 | Read from IMC | Write from IMC |  Read DIMM  |  Write DIMM  |   RA   |   WA   |
  MB  |      11858.92 |        5584.98 |    36055.73 |      5832.67 |   3.04 |   1.04 |
DIMM1 | Read from IMC | Write from IMC |  Read DIMM  |  Write DIMM  |   RA   |   WA   |
  MB  |       2039.29 |        5504.91 |     3579.77 |      5697.81 |   1.76 |   1.04 |
*SUM* | DIMM-R:  1700.8 MB/s. User-R:   596.4 MB/s   | DIMM-W:   494.8 MB/s, User-W:   475.9 MB/s. Time:  23.30s
[32mDestroy IPMWatcher.
[0m
Randomize the trace...[32mStart IPMWatcher for readall
[0m2021/09/11-17:11:35  ... thread 3: (10000000,10000000) ops and ( 854962.8,854962.8 ) ops/second in (11.6964,11.6964) seconds
2021/09/11-17:11:35  ... thread 2: (10000000,10000000) ops and ( 854437.3,854437.3 ) ops/second in (11.7036,11.7036) seconds
2021/09/11-17:11:35  ... thread 4: (10000000,10000000) ops and ( 851432.4,851432.4 ) ops/second in (11.7449,11.7449) seconds
2021/09/11-17:11:35  ... thread 1: (10000000,10000000) ops and ( 850780.4,850780.4 ) ops/second in (11.7539,11.7539) seconds
2021/09/11-17:11:35  ... thread 0: (10000000,10000000) ops and ( 850459.0,850459.0 ) ops/second in (11.7584,11.7584) seconds
2021/09/11-17:11:47  ... thread 3: (10000000,20000000) ops and ( 853620.3,854291.0 ) ops/second in (11.7148,23.4112) seconds
2021/09/11-17:11:47  ... thread 2: (10000000,20000000) ops and ( 853524.3,853980.6 ) ops/second in (11.7161,23.4197) seconds
2021/09/11-17:11:47  ... thread 4: (10000000,20000000) ops and ( 851945.9,851689.1 ) ops/second in (11.7378,23.4827) seconds
2021/09/11-17:11:47  ... thread 0: (10000000,20000000) ops and ( 849985.3,850222.1 ) ops/second in (11.7649,23.5233) seconds
2021/09/11-17:11:47  ... thread 1: (10000000,20000000) ops and ( 849039.8,849909.2 ) ops/second in (11.7780,23.5319) seconds
thread  3 num: 24600000, not find: 1
thread  2 num: 24600000, not find: 1
thread  0 num: 24600000, not find: 3
thread  1 num: 24600000, not find: 1
readall      :       0.235 micros/op 4.054858 Mops/s; (num: 24600000, not find: 3)
123000000 operations, 28.93 real_elapsed 
DIMM0 | Read from IMC | Write from IMC |  Read DIMM  |  Write DIMM  |   RA   |   WA   |
  MB  |      21031.29 |        5003.15 |    54902.27 |     20277.84 |   2.61 |   4.05 |
DIMM1 | Read from IMC | Write from IMC |  Read DIMM  |  Write DIMM  |   RA   |   WA   |
  MB  |      11471.68 |           0.01 |    21037.50 |        27.64 |   1.83 | 2884.79 |
*SUM* | DIMM-R:  2605.1 MB/s. User-R:  1115.0 MB/s   | DIMM-W:   696.6 MB/s, User-W:   171.6 MB/s. Time:  29.15s
[32mDestroy IPMWatcher.
[0m
