key trace size: 123000000
Randomize the trace...------------------------------------------------
HashType:              CCEH buflog
Init Capacity:         16777216
Entries:               123000000
Trace size:            123000000
Read:                  123000000 
Write:                 1000000 
Thread:                8 
Report interval:       0 s
Stats interval:        10000000 records
benchmarks:            load,readall
------------------------------------------------
[32mStart IPMWatcher for load
[0m2021/09/11-17:14:03  ... thread 6: (10000000,10000000) ops and ( 1190487.7,1190487.7 ) ops/second in (8.3999,8.3999) seconds
2021/09/11-17:14:03  ... thread 4: (10000000,10000000) ops and ( 1189137.6,1189137.6 ) ops/second in (8.4095,8.4095) seconds
2021/09/11-17:14:03  ... thread 0: (10000000,10000000) ops and ( 1187890.1,1187890.1 ) ops/second in (8.4183,8.4183) seconds
2021/09/11-17:14:03  ... thread 2: (10000000,10000000) ops and ( 1186631.1,1186631.1 ) ops/second in (8.4272,8.4272) seconds
2021/09/11-17:14:03  ... thread 5: (10000000,10000000) ops and ( 1185070.7,1185070.7 ) ops/second in (8.4383,8.4383) seconds
2021/09/11-17:14:03  ... thread 3: (10000000,10000000) ops and ( 1183790.2,1183790.2 ) ops/second in (8.4474,8.4474) seconds
2021/09/11-17:14:03  ... thread 7: (10000000,10000000) ops and ( 1183277.4,1183277.4 ) ops/second in (8.4511,8.4511) seconds
2021/09/11-17:14:03  ... thread 1: (10000000,10000000) ops and ( 1181451.3,1181451.3 ) ops/second in (8.4642,8.4642) seconds
Average Load Factor : 0.72 
# of key left : 38071615 
load         :       0.110 micros/op 8.658304 Mops/s;
123000000 operations, 13.55 real_elapsed 
DIMM0 | Read from IMC | Write from IMC |  Read DIMM  |  Write DIMM  |   RA   |   WA   |
  MB  |      11671.58 |        5582.30 |    35410.92 |      5851.71 |   3.03 |   1.05 |
DIMM1 | Read from IMC | Write from IMC |  Read DIMM  |  Write DIMM  |   RA   |   WA   |
  MB  |       2030.04 |        5498.08 |     3538.11 |      5683.85 |   1.74 |   1.03 |
*SUM* | DIMM-R:  2322.8 MB/s. User-R:   817.1 MB/s   | DIMM-W:   688.0 MB/s, User-W:   660.8 MB/s. Time:  16.77s
[32mDestroy IPMWatcher.
[0m
Randomize the trace...[32mStart IPMWatcher for readall
[0m2021/09/11-17:14:32  ... thread 5: (10000000,10000000) ops and ( 701244.7,701244.7 ) ops/second in (14.2604,14.2604) seconds
2021/09/11-17:14:32  ... thread 0: (10000000,10000000) ops and ( 699574.9,699574.9 ) ops/second in (14.2944,14.2944) seconds
2021/09/11-17:14:32  ... thread 4: (10000000,10000000) ops and ( 699194.6,699194.6 ) ops/second in (14.3022,14.3022) seconds
2021/09/11-17:14:32  ... thread 6: (10000000,10000000) ops and ( 698424.3,698424.3 ) ops/second in (14.3179,14.3179) seconds
2021/09/11-17:14:32  ... thread 7: (10000000,10000000) ops and ( 697368.0,697368.0 ) ops/second in (14.3396,14.3396) seconds
2021/09/11-17:14:32  ... thread 2: (10000000,10000000) ops and ( 697243.8,697243.8 ) ops/second in (14.3422,14.3422) seconds
2021/09/11-17:14:32  ... thread 1: (10000000,10000000) ops and ( 696804.6,696804.6 ) ops/second in (14.3512,14.3512) seconds
2021/09/11-17:14:32  ... thread 3: (10000000,10000000) ops and ( 694607.8,694607.8 ) ops/second in (14.3966,14.3966) seconds
thread  5 num: 15375000, not find: 1
thread  4 num: 15375000, not find: 1
thread  2 num: 15375000, not find: 1
thread  1 num: 15375000, not find: 2
readall      :       0.180 micros/op 5.302602 Mops/s; (num: 15375000, not find: 0)
123000000 operations, 22.12 real_elapsed 
DIMM0 | Read from IMC | Write from IMC |  Read DIMM  |  Write DIMM  |   RA   |   WA   |
  MB  |      21209.20 |        4992.07 |    56025.43 |     20205.34 |   2.64 |   4.05 |
DIMM1 | Read from IMC | Write from IMC |  Read DIMM  |  Write DIMM  |   RA   |   WA   |
  MB  |      11888.89 |           3.34 |    22966.27 |        26.18 |   1.93 |   7.85 |
*SUM* | DIMM-R:  3530.0 MB/s. User-R:  1479.1 MB/s   | DIMM-W:   904.1 MB/s, User-W:   223.2 MB/s. Time:  22.38s
[32mDestroy IPMWatcher.
[0m
