key trace size: 123000000
Randomize the trace...------------------------------------------------
HashType:              CCEH buflog
Init Capacity:         16777216
Entries:               123000000
Trace size:            123000000
Read:                  123000000 
Write:                 1000000 
Thread:                16 
Report interval:       0 s
Stats interval:        10000000 records
benchmarks:            load,readall
------------------------------------------------
[32mStart IPMWatcher for load
[0mAverage Load Factor : 0.72 
# of key left : 37975997 
load         :       0.073 micros/op 13.135460 Mops/s;
123000000 operations, 8.93 real_elapsed 
DIMM0 | Read from IMC | Write from IMC |  Read DIMM  |  Write DIMM  |   RA   |   WA   |
  MB  |       9918.48 |        5629.37 |    31725.23 |      5960.40 |   3.20 |   1.06 |
DIMM1 | Read from IMC | Write from IMC |  Read DIMM  |  Write DIMM  |   RA   |   WA   |
  MB  |       2044.79 |        5526.57 |     3518.12 |      5702.51 |   1.72 |   1.03 |
*SUM* | DIMM-R:  2888.8 MB/s. User-R:   980.6 MB/s   | DIMM-W:   956.0 MB/s, User-W:   914.4 MB/s. Time:  12.20s
[32mDestroy IPMWatcher.
[0m
Randomize the trace...[32mStart IPMWatcher for readall
[0mthread 14 num: 7687500, not find: 1
thread  8 num: 7687500, not find: 2
thread  6 num: 7687500, not find: 1
thread 12 num: 7687500, not find: 1
readall      :       0.150 micros/op 6.360308 Mops/s; (num: 7687500, not find: 0)
123000000 operations, 18.44 real_elapsed 
DIMM0 | Read from IMC | Write from IMC |  Read DIMM  |  Write DIMM  |   RA   |   WA   |
  MB  |      17252.53 |        4981.37 |    50431.89 |     20297.04 |   2.92 |   4.07 |
DIMM1 | Read from IMC | Write from IMC |  Read DIMM  |  Write DIMM  |   RA   |   WA   |
  MB  |       9596.46 |           3.33 |    19738.04 |        22.87 |   2.06 |   6.86 |
*SUM* | DIMM-R:  3763.7 MB/s. User-R:  1440.1 MB/s   | DIMM-W:  1089.9 MB/s, User-W:   267.4 MB/s. Time:  18.64s
[32mDestroy IPMWatcher.
[0m
