key trace size: 123000000
Randomize the trace...------------------------------------------------
HashType:              CCEH buflog
Init Capacity:         16777216
Entries:               123000000
Trace size:            123000000
Read:                  123000000 
Write:                 1000000 
Thread:                10 
Report interval:       0 s
Stats interval:        10000000 records
benchmarks:            load,readall
------------------------------------------------
[32mStart IPMWatcher for load
[0m2021/09/11-17:15:48  ... thread 9: (10000000,10000000) ops and ( 1159642.0,1159642.0 ) ops/second in (8.6234,8.6234) seconds
2021/09/11-17:15:48  ... thread 6: (10000000,10000000) ops and ( 1155413.9,1155413.9 ) ops/second in (8.6549,8.6549) seconds
2021/09/11-17:15:48  ... thread 1: (10000000,10000000) ops and ( 1152261.8,1152261.8 ) ops/second in (8.6786,8.6786) seconds
2021/09/11-17:15:48  ... thread 3: (10000000,10000000) ops and ( 1150601.1,1150601.1 ) ops/second in (8.6911,8.6911) seconds
2021/09/11-17:15:48  ... thread 7: (10000000,10000000) ops and ( 1149881.8,1149881.8 ) ops/second in (8.6965,8.6965) seconds
2021/09/11-17:15:48  ... thread 4: (10000000,10000000) ops and ( 1149312.3,1149312.3 ) ops/second in (8.7009,8.7009) seconds
2021/09/11-17:15:48  ... thread 2: (10000000,10000000) ops and ( 1141249.7,1141249.7 ) ops/second in (8.7623,8.7623) seconds
2021/09/11-17:15:48  ... thread 0: (10000000,10000000) ops and ( 1139881.3,1139881.3 ) ops/second in (8.7728,8.7728) seconds
2021/09/11-17:15:48  ... thread 5: (10000000,10000000) ops and ( 1121897.4,1121897.4 ) ops/second in (8.9135,8.9135) seconds
2021/09/11-17:15:49  ... thread 8: (10000000,10000000) ops and ( 1115250.9,1115250.9 ) ops/second in (8.9666,8.9666) seconds
Average Load Factor : 0.72 
# of key left : 37978197 
load         :       0.100 micros/op 9.574760 Mops/s;
123000000 operations, 12.25 real_elapsed 
DIMM0 | Read from IMC | Write from IMC |  Read DIMM  |  Write DIMM  |   RA   |   WA   |
  MB  |      11040.89 |        5596.57 |    34127.48 |      5868.04 |   3.09 |   1.05 |
DIMM1 | Read from IMC | Write from IMC |  Read DIMM  |  Write DIMM  |   RA   |   WA   |
  MB  |       2039.27 |        5510.18 |     3541.12 |      5689.97 |   1.74 |   1.03 |
*SUM* | DIMM-R:  2431.5 MB/s. User-R:   844.3 MB/s   | DIMM-W:   746.1 MB/s, User-W:   716.9 MB/s. Time:  15.49s
[32mDestroy IPMWatcher.
[0m
Randomize the trace...[32mStart IPMWatcher for readall
[0m2021/09/11-17:16:16  ... thread 2: (10000000,10000000) ops and ( 651030.3,651030.3 ) ops/second in (15.3603,15.3603) seconds
2021/09/11-17:16:16  ... thread 8: (10000000,10000000) ops and ( 650293.3,650293.3 ) ops/second in (15.3777,15.3777) seconds
2021/09/11-17:16:16  ... thread 5: (10000000,10000000) ops and ( 649921.7,649921.7 ) ops/second in (15.3865,15.3865) seconds
2021/09/11-17:16:16  ... thread 6: (10000000,10000000) ops and ( 648556.9,648556.9 ) ops/second in (15.4188,15.4188) seconds
2021/09/11-17:16:16  ... thread 0: (10000000,10000000) ops and ( 647346.1,647346.1 ) ops/second in (15.4477,15.4477) seconds
2021/09/11-17:16:16  ... thread 4: (10000000,10000000) ops and ( 646995.2,646995.2 ) ops/second in (15.4561,15.4561) seconds
2021/09/11-17:16:19  ... thread 1: (10000000,10000000) ops and ( 561455.8,561455.8 ) ops/second in (17.8108,17.8108) seconds
2021/09/11-17:16:19  ... thread 3: (10000000,10000000) ops and ( 561104.2,561104.2 ) ops/second in (17.8220,17.8220) seconds
2021/09/11-17:16:19  ... thread 7: (10000000,10000000) ops and ( 560313.2,560313.2 ) ops/second in (17.8472,17.8472) seconds
2021/09/11-17:16:19  ... thread 9: (10000000,10000000) ops and ( 560014.9,560014.9 ) ops/second in (17.8567,17.8567) seconds
thread  5 num: 12300000, not find: 2
thread  6 num: 12300000, not find: 1
thread  1 num: 12300000, not find: 1
thread  3 num: 12300000, not find: 2
thread  9 num: 12300000, not find: 1
readall      :       0.170 micros/op 5.620692 Mops/s; (num: 12300000, not find: 0)
123000000 operations, 20.87 real_elapsed 
DIMM0 | Read from IMC | Write from IMC |  Read DIMM  |  Write DIMM  |   RA   |   WA   |
  MB  |      19934.60 |        4994.02 |    54213.12 |     20183.86 |   2.72 |   4.04 |
DIMM1 | Read from IMC | Write from IMC |  Read DIMM  |  Write DIMM  |   RA   |   WA   |
  MB  |      11105.03 |           3.34 |    21776.35 |        24.92 |   1.96 |   7.46 |
*SUM* | DIMM-R:  3609.3 MB/s. User-R:  1474.3 MB/s   | DIMM-W:   959.9 MB/s, User-W:   237.4 MB/s. Time:  21.05s
[32mDestroy IPMWatcher.
[0m
