key trace size: 120000000
Randomize the trace...------------------------------------------------
HashType:              CCEH buflog
Init Capacity:         16777216
Entries:               120000000
Trace size:            120000000
Read:                  120000000 
Write:                 1000000 
Thread:                5 
Report interval:       0 s
Stats interval:        10000000 records
benchmarks:            load,readall
------------------------------------------------
[32mStart IPMWatcher for load
[0m2021/09/07-16:35:03  ... thread 2: (10000000,10000000) ops and ( 1387556.6,1387556.6 ) ops/second in (7.2069,7.2069) seconds
2021/09/07-16:35:03  ... thread 0: (10000000,10000000) ops and ( 1384413.0,1384413.0 ) ops/second in (7.2233,7.2233) seconds
2021/09/07-16:35:03  ... thread 4: (10000000,10000000) ops and ( 1379613.5,1379613.5 ) ops/second in (7.2484,7.2484) seconds
2021/09/07-16:35:03  ... thread 1: (10000000,10000000) ops and ( 1369865.1,1369865.1 ) ops/second in (7.3000,7.3000) seconds
2021/09/07-16:35:03  ... thread 3: (10000000,10000000) ops and ( 1368539.1,1368539.1 ) ops/second in (7.3071,7.3071) seconds
2021/09/07-16:35:12  ... thread 0: (10000000,20000000) ops and ( 1065899.9,1204454.9 ) ops/second in (9.3817,16.6050) seconds
2021/09/07-16:35:12  ... thread 2: (10000000,20000000) ops and ( 1062351.9,1203370.2 ) ops/second in (9.4131,16.6200) seconds
2021/09/07-16:35:12  ... thread 4: (10000000,20000000) ops and ( 1057126.1,1197030.2 ) ops/second in (9.4596,16.7080) seconds
2021/09/07-16:35:12  ... thread 1: (10000000,20000000) ops and ( 1052632.1,1190477.3 ) ops/second in (9.5000,16.8000) seconds
2021/09/07-16:35:12  ... thread 3: (10000000,20000000) ops and ( 1047619.7,1186766.8 ) ops/second in (9.5454,16.8525) seconds
load         :       0.188 micros/op 5.086201 Mops/s;
DIMM0 | Read from IMC | Write from IMC |  Read DIMM  |  Write DIMM  |   RA   |   WA   |
  MB  |      13836.87 |        7936.56 |    39650.43 |      8263.84 |   2.87 |   1.04 |
DIMM1 | Read from IMC | Write from IMC |  Read DIMM  |  Write DIMM  |   RA   |   WA   |
  MB  |       3200.46 |        7823.47 |     5877.18 |      8075.68 |   1.84 |   1.03 |
*SUM* | DIMM-R:  2002.5 MB/s. User-R:   749.4 MB/s   | DIMM-W:   718.7 MB/s, User-W:   693.2 MB/s. Time:  22.73s
[32mDestroy IPMWatcher.
[0m
Randomize the trace...[32mStart IPMWatcher for readall
[0m2021/09/07-16:35:36  ... thread 1: (10000000,10000000) ops and ( 813961.4,813961.4 ) ops/second in (12.2856,12.2856) seconds
2021/09/07-16:35:36  ... thread 0: (10000000,10000000) ops and ( 812656.5,812656.5 ) ops/second in (12.3053,12.3053) seconds
2021/09/07-16:35:36  ... thread 3: (10000000,10000000) ops and ( 811444.6,811444.6 ) ops/second in (12.3237,12.3237) seconds
2021/09/07-16:35:36  ... thread 2: (10000000,10000000) ops and ( 811025.0,811025.0 ) ops/second in (12.3301,12.3301) seconds
2021/09/07-16:35:36  ... thread 4: (10000000,10000000) ops and ( 808911.3,808911.3 ) ops/second in (12.3623,12.3623) seconds
2021/09/07-16:35:49  ... thread 1: (10000000,20000000) ops and ( 809154.4,811550.8 ) ops/second in (12.3586,24.6442) seconds
2021/09/07-16:35:49  ... thread 0: (10000000,20000000) ops and ( 810356.6,811504.9 ) ops/second in (12.3402,24.6456) seconds
2021/09/07-16:35:49  ... thread 3: (10000000,20000000) ops and ( 806079.6,808753.2 ) ops/second in (12.4057,24.7294) seconds
2021/09/07-16:35:49  ... thread 2: (10000000,20000000) ops and ( 805689.8,808348.6 ) ops/second in (12.4117,24.7418) seconds
2021/09/07-16:35:49  ... thread 4: (10000000,20000000) ops and ( 806272.5,807589.8 ) ops/second in (12.4028,24.7650) seconds
thread  0 num: 24000000, not find: 1
thread  4 num: 24000000, not find: 1
readall      :       0.248 micros/op 3.849049 Mops/s; (num: 24000000, not find: 1)
DIMM0 | Read from IMC | Write from IMC |  Read DIMM  |  Write DIMM  |   RA   |   WA   |
  MB  |      21004.21 |        5942.07 |    55058.38 |     24176.25 |   2.62 |   4.07 |
DIMM1 | Read from IMC | Write from IMC |  Read DIMM  |  Write DIMM  |   RA   |   WA   |
  MB  |      11694.85 |           0.01 |    21835.74 |        28.58 |   1.87 | 2963.90 |
*SUM* | DIMM-R:  2567.3 MB/s. User-R:  1091.8 MB/s   | DIMM-W:   808.1 MB/s, User-W:   198.4 MB/s. Time:  29.95s
[32mDestroy IPMWatcher.
[0m
