key trace size: 120000000
Randomize the trace...------------------------------------------------
HashType:              CCEH buflog
Init Capacity:         16777216
Entries:               120000000
Trace size:            120000000
Read:                  120000000 
Write:                 1000000 
Thread:                8 
Report interval:       0 s
Stats interval:        10000000 records
benchmarks:            load,readall
------------------------------------------------
[32mStart IPMWatcher for load
[0m2021/09/07-16:38:04  ... thread 6: (10000000,10000000) ops and ( 1130775.2,1130775.2 ) ops/second in (8.8435,8.8435) seconds
2021/09/07-16:38:04  ... thread 1: (10000000,10000000) ops and ( 1129164.1,1129164.1 ) ops/second in (8.8561,8.8561) seconds
2021/09/07-16:38:04  ... thread 2: (10000000,10000000) ops and ( 1128824.2,1128824.2 ) ops/second in (8.8588,8.8588) seconds
2021/09/07-16:38:04  ... thread 0: (10000000,10000000) ops and ( 1128557.6,1128557.6 ) ops/second in (8.8609,8.8609) seconds
2021/09/07-16:38:04  ... thread 3: (10000000,10000000) ops and ( 1128305.0,1128305.0 ) ops/second in (8.8629,8.8629) seconds
2021/09/07-16:38:04  ... thread 7: (10000000,10000000) ops and ( 1126853.8,1126853.8 ) ops/second in (8.8743,8.8743) seconds
2021/09/07-16:38:04  ... thread 4: (10000000,10000000) ops and ( 1125469.2,1125469.2 ) ops/second in (8.8852,8.8852) seconds
2021/09/07-16:38:04  ... thread 5: (10000000,10000000) ops and ( 1125034.4,1125034.4 ) ops/second in (8.8886,8.8886) seconds
load         :       0.128 micros/op 7.437911 Mops/s;
DIMM0 | Read from IMC | Write from IMC |  Read DIMM  |  Write DIMM  |   RA   |   WA   |
  MB  |      13627.21 |        7943.92 |    38910.55 |      8312.06 |   2.86 |   1.05 |
DIMM1 | Read from IMC | Write from IMC |  Read DIMM  |  Write DIMM  |   RA   |   WA   |
  MB  |       3163.42 |        7825.48 |     5727.82 |      8078.14 |   1.81 |   1.03 |
*SUM* | DIMM-R:  2860.5 MB/s. User-R:  1076.0 MB/s   | DIMM-W:  1050.3 MB/s, User-W:  1010.5 MB/s. Time:  15.61s
[32mDestroy IPMWatcher.
[0m
Randomize the trace...[32mStart IPMWatcher for readall
[0m2021/09/07-16:38:31  ... thread 6: (10000000,10000000) ops and ( 654796.9,654796.9 ) ops/second in (15.2719,15.2719) seconds
2021/09/07-16:38:31  ... thread 3: (10000000,10000000) ops and ( 654042.6,654042.6 ) ops/second in (15.2895,15.2895) seconds
2021/09/07-16:38:31  ... thread 0: (10000000,10000000) ops and ( 653545.8,653545.8 ) ops/second in (15.3011,15.3011) seconds
2021/09/07-16:38:31  ... thread 7: (10000000,10000000) ops and ( 653020.5,653020.5 ) ops/second in (15.3135,15.3135) seconds
2021/09/07-16:38:31  ... thread 1: (10000000,10000000) ops and ( 652660.4,652660.4 ) ops/second in (15.3219,15.3219) seconds
2021/09/07-16:38:31  ... thread 2: (10000000,10000000) ops and ( 652556.0,652556.0 ) ops/second in (15.3244,15.3244) seconds
2021/09/07-16:38:31  ... thread 4: (10000000,10000000) ops and ( 652147.1,652147.1 ) ops/second in (15.3340,15.3340) seconds
2021/09/07-16:38:31  ... thread 5: (10000000,10000000) ops and ( 650332.4,650332.4 ) ops/second in (15.3768,15.3768) seconds
readall      :       0.192 micros/op 4.968224 Mops/s; (num: 15000000, not find: 0)
DIMM0 | Read from IMC | Write from IMC |  Read DIMM  |  Write DIMM  |   RA   |   WA   |
  MB  |      21145.01 |        5918.92 |    55460.07 |     24019.24 |   2.62 |   4.06 |
DIMM1 | Read from IMC | Write from IMC |  Read DIMM  |  Write DIMM  |   RA   |   WA   |
  MB  |      11737.02 |           3.34 |    22106.22 |        26.85 |   1.88 |   8.05 |
*SUM* | DIMM-R:  3333.7 MB/s. User-R:  1413.2 MB/s   | DIMM-W:  1033.5 MB/s, User-W:   254.5 MB/s. Time:  23.27s
[32mDestroy IPMWatcher.
[0m
