key trace size: 120000000
Randomize the trace...------------------------------------------------
HashType:              CCEH buflog
Init Capacity:         16777216
Entries:               120000000
Trace size:            120000000
Read:                  120000000 
Write:                 1000000 
Thread:                14 
Report interval:       0 s
Stats interval:        10000000 records
benchmarks:            load,readall
------------------------------------------------
[32mStart IPMWatcher for load
[0mload         :       0.094 micros/op 10.106588 Mops/s;
DIMM0 | Read from IMC | Write from IMC |  Read DIMM  |  Write DIMM  |   RA   |   WA   |
  MB  |      12259.09 |        7981.50 |    36144.11 |      8400.32 |   2.95 |   1.05 |
DIMM1 | Read from IMC | Write from IMC |  Read DIMM  |  Write DIMM  |   RA   |   WA   |
  MB  |       3205.52 |        7848.25 |     5813.13 |      8088.91 |   1.81 |   1.03 |
*SUM* | DIMM-R:  3645.9 MB/s. User-R:  1343.8 MB/s   | DIMM-W:  1432.8 MB/s, User-W:  1375.5 MB/s. Time:  11.51s
[32mDestroy IPMWatcher.
[0m
Randomize the trace...[32mStart IPMWatcher for readall
[0mthread 10 num: 8571428, not find: 1
thread  1 num: 8571428, not find: 1
thread 11 num: 8571428, not find: 1
thread  5 num: 8571428, not find: 1
thread 13 num: 8571428, not find: 1
thread  7 num: 8571428, not find: 1
thread  4 num: 8571428, not find: 2
readall      :       0.168 micros/op 5.682125 Mops/s; (num: 8571428, not find: 0)
DIMM0 | Read from IMC | Write from IMC |  Read DIMM  |  Write DIMM  |   RA   |   WA   |
  MB  |      18275.02 |        5919.51 |    50568.48 |     23943.68 |   2.77 |   4.04 |
DIMM1 | Read from IMC | Write from IMC |  Read DIMM  |  Write DIMM  |   RA   |   WA   |
  MB  |      10637.18 |           3.34 |    20907.40 |        24.42 |   1.97 |   7.32 |
*SUM* | DIMM-R:  3510.4 MB/s. User-R:  1420.0 MB/s   | DIMM-W:  1177.2 MB/s, User-W:   290.9 MB/s. Time:  20.36s
[32mDestroy IPMWatcher.
[0m
