key trace size: 120000000
Randomize the trace...------------------------------------------------
HashType:              CCEH buflog
Init Capacity:         16777216
Entries:               120000000
Trace size:            120000000
Read:                  120000000 
Write:                 1000000 
Thread:                9 
Report interval:       0 s
Stats interval:        10000000 records
benchmarks:            load,readall
------------------------------------------------
[32mStart IPMWatcher for load
[0m2021/09/07-16:38:55  ... thread 2: (10000000,10000000) ops and ( 1127605.3,1127605.3 ) ops/second in (8.8684,8.8684) seconds
2021/09/07-16:38:55  ... thread 0: (10000000,10000000) ops and ( 1125024.2,1125024.2 ) ops/second in (8.8887,8.8887) seconds
2021/09/07-16:38:55  ... thread 4: (10000000,10000000) ops and ( 1122208.6,1122208.6 ) ops/second in (8.9110,8.9110) seconds
2021/09/07-16:38:55  ... thread 5: (10000000,10000000) ops and ( 1120076.1,1120076.1 ) ops/second in (8.9280,8.9280) seconds
2021/09/07-16:38:55  ... thread 3: (10000000,10000000) ops and ( 1103446.9,1103446.9 ) ops/second in (9.0625,9.0625) seconds
2021/09/07-16:38:55  ... thread 6: (10000000,10000000) ops and ( 1102314.6,1102314.6 ) ops/second in (9.0718,9.0718) seconds
2021/09/07-16:38:55  ... thread 7: (10000000,10000000) ops and ( 1095922.0,1095922.0 ) ops/second in (9.1247,9.1247) seconds
2021/09/07-16:38:56  ... thread 1: (10000000,10000000) ops and ( 1077309.3,1077309.3 ) ops/second in (9.2824,9.2824) seconds
2021/09/07-16:38:56  ... thread 8: (10000000,10000000) ops and ( 1061051.4,1061051.4 ) ops/second in (9.4246,9.4246) seconds
load         :       0.122 micros/op 7.806730 Mops/s;
DIMM0 | Read from IMC | Write from IMC |  Read DIMM  |  Write DIMM  |   RA   |   WA   |
  MB  |      13296.71 |        7947.77 |    38253.75 |      8314.77 |   2.88 |   1.05 |
DIMM1 | Read from IMC | Write from IMC |  Read DIMM  |  Write DIMM  |   RA   |   WA   |
  MB  |       3176.23 |        7828.29 |     5752.68 |      8075.88 |   1.81 |   1.03 |
*SUM* | DIMM-R:  2964.6 MB/s. User-R:  1109.7 MB/s   | DIMM-W:  1104.2 MB/s, User-W:  1062.8 MB/s. Time:  14.84s
[32mDestroy IPMWatcher.
[0m
Randomize the trace...[32mStart IPMWatcher for readall
[0m2021/09/07-16:39:23  ... thread 5: (10000000,10000000) ops and ( 616878.5,616878.5 ) ops/second in (16.2106,16.2106) seconds
2021/09/07-16:39:23  ... thread 2: (10000000,10000000) ops and ( 616585.9,616585.9 ) ops/second in (16.2183,16.2183) seconds
2021/09/07-16:39:23  ... thread 1: (10000000,10000000) ops and ( 615711.8,615711.8 ) ops/second in (16.2414,16.2414) seconds
2021/09/07-16:39:23  ... thread 7: (10000000,10000000) ops and ( 615672.7,615672.7 ) ops/second in (16.2424,16.2424) seconds
2021/09/07-16:39:23  ... thread 6: (10000000,10000000) ops and ( 614891.9,614891.9 ) ops/second in (16.2630,16.2630) seconds
2021/09/07-16:39:23  ... thread 3: (10000000,10000000) ops and ( 614077.1,614077.1 ) ops/second in (16.2846,16.2846) seconds
2021/09/07-16:39:23  ... thread 0: (10000000,10000000) ops and ( 613372.1,613372.1 ) ops/second in (16.3033,16.3033) seconds
2021/09/07-16:39:26  ... thread 4: (10000000,10000000) ops and ( 524342.9,524342.9 ) ops/second in (19.0715,19.0715) seconds
2021/09/07-16:39:26  ... thread 8: (10000000,10000000) ops and ( 524229.9,524229.9 ) ops/second in (19.0756,19.0756) seconds
thread  5 num: 13333333, not find: 1
thread  1 num: 13333333, not find: 1
thread  3 num: 13333333, not find: 1
thread  8 num: 13333333, not find: 1
readall      :       0.198 micros/op 4.821611 Mops/s; (num: 13333333, not find: 0)
DIMM0 | Read from IMC | Write from IMC |  Read DIMM  |  Write DIMM  |   RA   |   WA   |
  MB  |      20480.87 |        5921.07 |    54456.69 |     24123.39 |   2.66 |   4.07 |
DIMM1 | Read from IMC | Write from IMC |  Read DIMM  |  Write DIMM  |   RA   |   WA   |
  MB  |      11496.59 |           3.34 |    21876.87 |        27.27 |   1.90 |   8.18 |
*SUM* | DIMM-R:  3188.1 MB/s. User-R:  1335.6 MB/s   | DIMM-W:  1008.7 MB/s, User-W:   247.4 MB/s. Time:  23.94s
[32mDestroy IPMWatcher.
[0m
