key trace size: 120000000
Randomize the trace...------------------------------------------------
HashType:              CCEH buflog
Init Capacity:         16777216
Entries:               120000000
Trace size:            120000000
Read:                  120000000 
Write:                 1000000 
Thread:                13 
Report interval:       0 s
Stats interval:        10000000 records
benchmarks:            load,readall
------------------------------------------------
[32mStart IPMWatcher for load
[0mload         :       0.098 micros/op 9.730125 Mops/s;
DIMM0 | Read from IMC | Write from IMC |  Read DIMM  |  Write DIMM  |   RA   |   WA   |
  MB  |      12424.71 |        7984.35 |    36502.93 |      8389.67 |   2.94 |   1.05 |
DIMM1 | Read from IMC | Write from IMC |  Read DIMM  |  Write DIMM  |   RA   |   WA   |
  MB  |       3211.69 |        7855.03 |     5837.89 |      8094.36 |   1.82 |   1.03 |
*SUM* | DIMM-R:  3540.2 MB/s. User-R:  1307.4 MB/s   | DIMM-W:  1378.3 MB/s, User-W:  1324.4 MB/s. Time:  11.96s
[32mDestroy IPMWatcher.
[0m
Randomize the trace...[32mStart IPMWatcher for readall
[0mthread  1 num: 9230769, not find: 1
thread  4 num: 9230769, not find: 1
thread  7 num: 9230769, not find: 1
readall      :       0.171 micros/op 5.570443 Mops/s; (num: 9230769, not find: 0)
DIMM0 | Read from IMC | Write from IMC |  Read DIMM  |  Write DIMM  |   RA   |   WA   |
  MB  |      18691.77 |        5920.90 |    51385.46 |     23999.07 |   2.75 |   4.05 |
DIMM1 | Read from IMC | Write from IMC |  Read DIMM  |  Write DIMM  |   RA   |   WA   |
  MB  |      10815.52 |           3.33 |    21165.32 |        24.77 |   1.96 |   7.43 |
*SUM* | DIMM-R:  3494.9 MB/s. User-R:  1421.4 MB/s   | DIMM-W:  1157.3 MB/s, User-W:   285.4 MB/s. Time:  20.76s
[32mDestroy IPMWatcher.
[0m
