key trace size: 120000000
Randomize the trace...------------------------------------------------
HashType:              CCEH buflog
Init Capacity:         16777216
Entries:               120000000
Trace size:            120000000
Read:                  120000000 
Write:                 1000000 
Thread:                16 
Report interval:       0 s
Stats interval:        10000000 records
benchmarks:            load,readall
------------------------------------------------
[32mStart IPMWatcher for load
[0mload         :       0.089 micros/op 10.747105 Mops/s;
DIMM0 | Read from IMC | Write from IMC |  Read DIMM  |  Write DIMM  |   RA   |   WA   |
  MB  |      11982.59 |        7987.09 |    35578.74 |      8428.18 |   2.97 |   1.06 |
DIMM1 | Read from IMC | Write from IMC |  Read DIMM  |  Write DIMM  |   RA   |   WA   |
  MB  |       3204.01 |        7847.06 |     5798.75 |      8086.56 |   1.81 |   1.03 |
*SUM* | DIMM-R:  3808.7 MB/s. User-R:  1397.9 MB/s   | DIMM-W:  1520.1 MB/s, User-W:  1457.5 MB/s. Time:  10.86s
[32mDestroy IPMWatcher.
[0m
Randomize the trace...[32mStart IPMWatcher for readall
[0mreadall      :       0.173 micros/op 5.499759 Mops/s; (num: 7500000, not find: 0)
DIMM0 | Read from IMC | Write from IMC |  Read DIMM  |  Write DIMM  |   RA   |   WA   |
  MB  |      17529.86 |        5911.89 |    49530.71 |     24091.79 |   2.83 |   4.08 |
DIMM1 | Read from IMC | Write from IMC |  Read DIMM  |  Write DIMM  |   RA   |   WA   |
  MB  |      10278.25 |           3.34 |    20440.36 |        24.78 |   1.99 |   7.43 |
*SUM* | DIMM-R:  3326.9 MB/s. User-R:  1322.2 MB/s   | DIMM-W:  1146.7 MB/s, User-W:   281.2 MB/s. Time:  21.03s
[32mDestroy IPMWatcher.
[0m
