key trace size: 120000000
Randomize the trace...------------------------------------------------
HashType:              CCEH buflog
Init Capacity:         16777216
Entries:               120000000
Trace size:            120000000
Read:                  120000000 
Write:                 1000000 
Thread:                10 
Report interval:       0 s
Stats interval:        10000000 records
benchmarks:            load,readall
------------------------------------------------
[32mStart IPMWatcher for load
[0m2021/09/07-16:39:47  ... thread 2: (10000000,10000000) ops and ( 1052782.8,1052782.8 ) ops/second in (9.4986,9.4986) seconds
2021/09/07-16:39:47  ... thread 0: (10000000,10000000) ops and ( 1050330.4,1050330.4 ) ops/second in (9.5208,9.5208) seconds
2021/09/07-16:39:48  ... thread 1: (10000000,10000000) ops and ( 1044547.8,1044547.8 ) ops/second in (9.5735,9.5735) seconds
2021/09/07-16:39:48  ... thread 3: (10000000,10000000) ops and ( 1031936.9,1031936.9 ) ops/second in (9.6905,9.6905) seconds
2021/09/07-16:39:48  ... thread 9: (10000000,10000000) ops and ( 1013071.9,1013071.9 ) ops/second in (9.8710,9.8710) seconds
2021/09/07-16:39:48  ... thread 6: (10000000,10000000) ops and ( 1002039.9,1002039.9 ) ops/second in (9.9796,9.9796) seconds
2021/09/07-16:39:48  ... thread 7: (10000000,10000000) ops and ( 991910.3,991910.3 ) ops/second in (10.0816,10.0816) seconds
2021/09/07-16:39:48  ... thread 8: (10000000,10000000) ops and ( 986021.5,986021.5 ) ops/second in (10.1418,10.1418) seconds
2021/09/07-16:39:48  ... thread 5: (10000000,10000000) ops and ( 955411.7,955411.7 ) ops/second in (10.4667,10.4667) seconds
2021/09/07-16:39:49  ... thread 4: (10000000,10000000) ops and ( 946818.6,946818.6 ) ops/second in (10.5617,10.5617) seconds
load         :       0.114 micros/op 8.371919 Mops/s;
DIMM0 | Read from IMC | Write from IMC |  Read DIMM  |  Write DIMM  |   RA   |   WA   |
  MB  |      12864.60 |        7948.44 |    37363.52 |      8322.17 |   2.90 |   1.05 |
DIMM1 | Read from IMC | Write from IMC |  Read DIMM  |  Write DIMM  |   RA   |   WA   |
  MB  |       3188.57 |        7827.16 |     5796.02 |      8075.40 |   1.82 |   1.03 |
*SUM* | DIMM-R:  3105.4 MB/s. User-R:  1155.1 MB/s   | DIMM-W:  1179.9 MB/s, User-W:  1135.1 MB/s. Time:  13.90s
[32mDestroy IPMWatcher.
[0m
Randomize the trace...[32mStart IPMWatcher for readall
[0m2021/09/07-16:40:15  ... thread 3: (10000000,10000000) ops and ( 586198.3,586198.3 ) ops/second in (17.0591,17.0591) seconds
2021/09/07-16:40:15  ... thread 6: (10000000,10000000) ops and ( 585023.1,585023.1 ) ops/second in (17.0933,17.0933) seconds
2021/09/07-16:40:15  ... thread 2: (10000000,10000000) ops and ( 584380.9,584380.9 ) ops/second in (17.1121,17.1121) seconds
2021/09/07-16:40:15  ... thread 0: (10000000,10000000) ops and ( 584310.8,584310.8 ) ops/second in (17.1142,17.1142) seconds
2021/09/07-16:40:15  ... thread 1: (10000000,10000000) ops and ( 583099.6,583099.6 ) ops/second in (17.1497,17.1497) seconds
2021/09/07-16:40:15  ... thread 4: (10000000,10000000) ops and ( 582874.7,582874.7 ) ops/second in (17.1563,17.1563) seconds
2021/09/07-16:40:17  ... thread 7: (10000000,10000000) ops and ( 501168.2,501168.2 ) ops/second in (19.9534,19.9534) seconds
2021/09/07-16:40:17  ... thread 9: (10000000,10000000) ops and ( 501038.1,501038.1 ) ops/second in (19.9586,19.9586) seconds
2021/09/07-16:40:18  ... thread 5: (10000000,10000000) ops and ( 499688.4,499688.4 ) ops/second in (20.0125,20.0125) seconds
2021/09/07-16:40:18  ... thread 8: (10000000,10000000) ops and ( 499670.5,499670.5 ) ops/second in (20.0132,20.0132) seconds
thread  9 num: 12000000, not find: 1
readall      :       0.188 micros/op 5.072061 Mops/s; (num: 12000000, not find: 0)
DIMM0 | Read from IMC | Write from IMC |  Read DIMM  |  Write DIMM  |   RA   |   WA   |
  MB  |      19937.21 |        5917.68 |    53540.11 |     24115.07 |   2.69 |   4.08 |
DIMM1 | Read from IMC | Write from IMC |  Read DIMM  |  Write DIMM  |   RA   |   WA   |
  MB  |      11256.29 |           3.34 |    21503.27 |        26.44 |   1.91 |   7.92 |
*SUM* | DIMM-R:  3292.5 MB/s. User-R:  1368.6 MB/s   | DIMM-W:  1059.2 MB/s, User-W:   259.8 MB/s. Time:  22.79s
[32mDestroy IPMWatcher.
[0m
