key trace size: 120000000
Randomize the trace...------------------------------------------------
HashType:              CCEH buflog
Init Capacity:         16777216
Entries:               120000000
Trace size:            120000000
Read:                  120000000 
Write:                 1000000 
Thread:                6 
Report interval:       0 s
Stats interval:        10000000 records
benchmarks:            load,readall
------------------------------------------------
[32mStart IPMWatcher for load
[0m2021/09/07-16:36:09  ... thread 2: (10000000,10000000) ops and ( 1197149.0,1197149.0 ) ops/second in (8.3532,8.3532) seconds
2021/09/07-16:36:09  ... thread 5: (10000000,10000000) ops and ( 1195881.0,1195881.0 ) ops/second in (8.3620,8.3620) seconds
2021/09/07-16:36:09  ... thread 4: (10000000,10000000) ops and ( 1192446.1,1192446.1 ) ops/second in (8.3861,8.3861) seconds
2021/09/07-16:36:09  ... thread 3: (10000000,10000000) ops and ( 1188162.4,1188162.4 ) ops/second in (8.4164,8.4164) seconds
2021/09/07-16:36:10  ... thread 1: (10000000,10000000) ops and ( 1184872.3,1184872.3 ) ops/second in (8.4397,8.4397) seconds
2021/09/07-16:36:10  ... thread 0: (10000000,10000000) ops and ( 1182966.6,1182966.6 ) ops/second in (8.4533,8.4533) seconds
2021/09/07-16:36:20  ... thread 5: (10000000,20000000) ops and ( 930451.8,1046599.7 ) ops/second in (10.7475,19.1095) seconds
2021/09/07-16:36:20  ... thread 2: (10000000,20000000) ops and ( 929623.3,1046560.2 ) ops/second in (10.7570,19.1102) seconds
2021/09/07-16:36:20  ... thread 4: (10000000,20000000) ops and ( 926807.4,1042978.5 ) ops/second in (10.7897,19.1759) seconds
2021/09/07-16:36:20  ... thread 3: (10000000,20000000) ops and ( 928895.7,1042653.4 ) ops/second in (10.7655,19.1818) seconds
2021/09/07-16:36:20  ... thread 1: (10000000,20000000) ops and ( 924549.5,1038647.8 ) ops/second in (10.8161,19.2558) seconds
2021/09/07-16:36:20  ... thread 0: (10000000,20000000) ops and ( 923942.6,1037532.4 ) ops/second in (10.8232,19.2765) seconds
load         :       0.161 micros/op 5.936801 Mops/s;
DIMM0 | Read from IMC | Write from IMC |  Read DIMM  |  Write DIMM  |   RA   |   WA   |
  MB  |      13746.99 |        7928.98 |    39340.96 |      8268.55 |   2.86 |   1.04 |
DIMM1 | Read from IMC | Write from IMC |  Read DIMM  |  Write DIMM  |   RA   |   WA   |
  MB  |       3191.36 |        7814.28 |     5852.92 |      8066.32 |   1.83 |   1.03 |
*SUM* | DIMM-R:  2318.7 MB/s. User-R:   869.0 MB/s   | DIMM-W:   838.1 MB/s, User-W:   807.7 MB/s. Time:  19.49s
[32mDestroy IPMWatcher.
[0m
Randomize the trace...[32mStart IPMWatcher for readall
[0m2021/09/07-16:36:39  ... thread 4: (10000000,10000000) ops and ( 765659.0,765659.0 ) ops/second in (13.0606,13.0606) seconds
2021/09/07-16:36:39  ... thread 0: (10000000,10000000) ops and ( 764068.5,764068.5 ) ops/second in (13.0878,13.0878) seconds
2021/09/07-16:36:39  ... thread 5: (10000000,10000000) ops and ( 763344.8,763344.8 ) ops/second in (13.1002,13.1002) seconds
2021/09/07-16:36:39  ... thread 3: (10000000,10000000) ops and ( 761733.8,761733.8 ) ops/second in (13.1279,13.1279) seconds
2021/09/07-16:36:39  ... thread 2: (10000000,10000000) ops and ( 760952.1,760952.1 ) ops/second in (13.1414,13.1414) seconds
2021/09/07-16:36:39  ... thread 1: (10000000,10000000) ops and ( 760631.2,760631.2 ) ops/second in (13.1470,13.1470) seconds
2021/09/07-16:36:52  ... thread 4: (10000000,20000000) ops and ( 763956.1,764806.6 ) ops/second in (13.0898,26.1504) seconds
2021/09/07-16:36:52  ... thread 0: (10000000,20000000) ops and ( 763379.7,763724.0 ) ops/second in (13.0996,26.1875) seconds
2021/09/07-16:36:53  ... thread 5: (10000000,20000000) ops and ( 761949.9,762646.7 ) ops/second in (13.1242,26.2245) seconds
2021/09/07-16:36:53  ... thread 3: (10000000,20000000) ops and ( 762114.4,761924.1 ) ops/second in (13.1214,26.2493) seconds
2021/09/07-16:36:53  ... thread 2: (10000000,20000000) ops and ( 761538.1,761245.0 ) ops/second in (13.1313,26.2728) seconds
2021/09/07-16:36:53  ... thread 1: (10000000,20000000) ops and ( 761345.8,760988.4 ) ops/second in (13.1346,26.2816) seconds
thread  1 num: 20000000, not find: 1
readall      :       0.219 micros/op 4.354405 Mops/s; (num: 20000000, not find: 0)
DIMM0 | Read from IMC | Write from IMC |  Read DIMM  |  Write DIMM  |   RA   |   WA   |
  MB  |      20906.78 |        5927.54 |    54832.52 |     24029.83 |   2.62 |   4.05 |
DIMM1 | Read from IMC | Write from IMC |  Read DIMM  |  Write DIMM  |   RA   |   WA   |
  MB  |      11559.59 |           3.36 |    21649.15 |        29.15 |   1.87 |   8.68 |
*SUM* | DIMM-R:  2888.0 MB/s. User-R:  1225.9 MB/s   | DIMM-W:   908.5 MB/s, User-W:   224.0 MB/s. Time:  26.48s
[32mDestroy IPMWatcher.
[0m
