key trace size: 120000000
Randomize the trace...------------------------------------------------
HashType:              CCEH buflog
Init Capacity:         16777216
Entries:               120000000
Trace size:            120000000
Read:                  120000000 
Write:                 1000000 
Thread:                2 
Report interval:       0 s
Stats interval:        10000000 records
benchmarks:            load,readall
------------------------------------------------
[32mStart IPMWatcher for load
[0m2021/09/07-16:30:07  ... thread 1: (10000000,10000000) ops and ( 1819933.3,1819933.3 ) ops/second in (5.4947,5.4947) seconds
2021/09/07-16:30:07  ... thread 0: (10000000,10000000) ops and ( 1806738.9,1806738.9 ) ops/second in (5.5348,5.5348) seconds
2021/09/07-16:30:14  ... thread 1: (10000000,20000000) ops and ( 1342588.1,1545235.9 ) ops/second in (7.4483,12.9430) seconds
2021/09/07-16:30:14  ... thread 0: (10000000,20000000) ops and ( 1340697.0,1539214.5 ) ops/second in (7.4588,12.9936) seconds
2021/09/07-16:30:23  ... thread 1: (10000000,30000000) ops and ( 1070727.0,1346350.6 ) ops/second in (9.3394,22.2825) seconds
2021/09/07-16:30:24  ... thread 0: (10000000,30000000) ops and ( 1061484.4,1338424.6 ) ops/second in (9.4208,22.4144) seconds
2021/09/07-16:30:31  ... thread 1: (10000000,40000000) ops and ( 1326493.8,1341330.9 ) ops/second in (7.5387,29.8211) seconds
2021/09/07-16:30:31  ... thread 0: (10000000,40000000) ops and ( 1334337.3,1337400.5 ) ops/second in (7.4944,29.9088) seconds
2021/09/07-16:30:40  ... thread 1: (10000000,50000000) ops and ( 1139887.8,1295540.8 ) ops/second in (8.7728,38.5939) seconds
2021/09/07-16:30:40  ... thread 0: (10000000,50000000) ops and ( 1122926.5,1288192.7 ) ops/second in (8.9053,38.8141) seconds
2021/09/07-16:30:52  ... thread 1: (10000000,60000000) ops and ( 798457.3,1173753.2 ) ops/second in (12.5242,51.1181) seconds
2021/09/07-16:30:52  ... thread 0: (10000000,60000000) ops and ( 801401.4,1169768.2 ) ops/second in (12.4781,51.2922) seconds
load         :       0.427 micros/op 2.231155 Mops/s;
DIMM0 | Read from IMC | Write from IMC |  Read DIMM  |  Write DIMM  |   RA   |   WA   |
  MB  |      14274.08 |        7918.82 |    41110.32 |      8232.41 |   2.88 |   1.04 |
DIMM1 | Read from IMC | Write from IMC |  Read DIMM  |  Write DIMM  |   RA   |   WA   |
  MB  |       3353.12 |        7806.47 |     6512.86 |      8069.61 |   1.94 |   1.03 |
*SUM* | DIMM-R:   924.7 MB/s. User-R:   342.3 MB/s   | DIMM-W:   316.5 MB/s, User-W:   305.3 MB/s. Time:  51.50s
[32mDestroy IPMWatcher.
[0m
Randomize the trace...[32mStart IPMWatcher for readall
[0m2021/09/07-16:31:09  ... thread 1: (10000000,10000000) ops and ( 958430.9,958430.9 ) ops/second in (10.4337,10.4337) seconds
2021/09/07-16:31:09  ... thread 0: (10000000,10000000) ops and ( 955836.3,955836.3 ) ops/second in (10.4620,10.4620) seconds
2021/09/07-16:31:19  ... thread 1: (10000000,20000000) ops and ( 964451.2,961431.6 ) ops/second in (10.3686,20.8023) seconds
2021/09/07-16:31:19  ... thread 0: (10000000,20000000) ops and ( 961883.1,958850.1 ) ops/second in (10.3963,20.8583) seconds
2021/09/07-16:31:30  ... thread 1: (10000000,30000000) ops and ( 965068.4,962640.8 ) ops/second in (10.3620,31.1643) seconds
2021/09/07-16:31:30  ... thread 0: (10000000,30000000) ops and ( 962760.2,960150.0 ) ops/second in (10.3868,31.2451) seconds
2021/09/07-16:31:40  ... thread 1: (10000000,40000000) ops and ( 960939.4,962214.9 ) ops/second in (10.4065,41.5708) seconds
2021/09/07-16:31:40  ... thread 0: (10000000,40000000) ops and ( 956198.1,959158.9 ) ops/second in (10.4581,41.7032) seconds
2021/09/07-16:31:50  ... thread 1: (10000000,50000000) ops and ( 966226.4,963014.5 ) ops/second in (10.3495,51.9203) seconds
2021/09/07-16:31:51  ... thread 0: (10000000,50000000) ops and ( 961693.6,959664.8 ) ops/second in (10.3983,52.1015) seconds
2021/09/07-16:32:01  ... thread 1: (10000000,60000000) ops and ( 966612.5,963612.3 ) ops/second in (10.3454,62.2657) seconds
2021/09/07-16:32:01  ... thread 0: (10000000,60000000) ops and ( 962506.2,960137.2 ) ops/second in (10.3895,62.4911) seconds
readall      :       0.521 micros/op 1.831315 Mops/s; (num: 60000000, not find: 0)
DIMM0 | Read from IMC | Write from IMC |  Read DIMM  |  Write DIMM  |   RA   |   WA   |
  MB  |      21463.30 |        5994.34 |    57032.77 |     24363.99 |   2.66 |   4.06 |
DIMM1 | Read from IMC | Write from IMC |  Read DIMM  |  Write DIMM  |   RA   |   WA   |
  MB  |      12141.11 |           0.01 |    23872.15 |        53.81 |   1.97 | 3883.72 |
*SUM* | DIMM-R:  1290.0 MB/s. User-R:   535.8 MB/s   | DIMM-W:   389.3 MB/s, User-W:    95.6 MB/s. Time:  62.72s
[32mDestroy IPMWatcher.
[0m
