key trace size: 120000000
Randomize the trace...------------------------------------------------
HashType:              CCEH buflog
Init Capacity:         16777216
Entries:               120000000
Trace size:            120000000
Read:                  120000000 
Write:                 1000000 
Thread:                4 
Report interval:       0 s
Stats interval:        10000000 records
benchmarks:            load,readall
------------------------------------------------
[32mStart IPMWatcher for load
[0m2021/09/07-16:33:47  ... thread 0: (10000000,10000000) ops and ( 1472095.8,1472095.8 ) ops/second in (6.7930,6.7930) seconds
2021/09/07-16:33:47  ... thread 1: (10000000,10000000) ops and ( 1470398.4,1470398.4 ) ops/second in (6.8009,6.8009) seconds
2021/09/07-16:33:47  ... thread 3: (10000000,10000000) ops and ( 1468426.0,1468426.0 ) ops/second in (6.8100,6.8100) seconds
2021/09/07-16:33:47  ... thread 2: (10000000,10000000) ops and ( 1466604.9,1466604.9 ) ops/second in (6.8185,6.8185) seconds
2021/09/07-16:33:56  ... thread 0: (10000000,20000000) ops and ( 1125956.0,1275967.7 ) ops/second in (8.8813,15.6744) seconds
2021/09/07-16:33:56  ... thread 1: (10000000,20000000) ops and ( 1126867.5,1275914.1 ) ops/second in (8.8742,15.6750) seconds
2021/09/07-16:33:56  ... thread 3: (10000000,20000000) ops and ( 1126313.8,1274816.5 ) ops/second in (8.8785,15.6885) seconds
2021/09/07-16:33:56  ... thread 2: (10000000,20000000) ops and ( 1124844.0,1273188.7 ) ops/second in (8.8901,15.7086) seconds
2021/09/07-16:34:07  ... thread 0: (10000000,30000000) ops and ( 883182.7,1111232.0 ) ops/second in (11.3227,26.9971) seconds
2021/09/07-16:34:07  ... thread 1: (10000000,30000000) ops and ( 883022.2,1111120.2 ) ops/second in (11.3247,26.9998) seconds
2021/09/07-16:34:07  ... thread 3: (10000000,30000000) ops and ( 882463.1,1110270.1 ) ops/second in (11.3319,27.0205) seconds
2021/09/07-16:34:07  ... thread 2: (10000000,30000000) ops and ( 880297.7,1108304.1 ) ops/second in (11.3598,27.0684) seconds
load         :       0.226 micros/op 4.227840 Mops/s;
DIMM0 | Read from IMC | Write from IMC |  Read DIMM  |  Write DIMM  |   RA   |   WA   |
  MB  |      13955.93 |        7938.85 |    39992.83 |      8258.04 |   2.87 |   1.04 |
DIMM1 | Read from IMC | Write from IMC |  Read DIMM  |  Write DIMM  |   RA   |   WA   |
  MB  |       3239.07 |        7825.72 |     6040.43 |      8078.58 |   1.86 |   1.03 |
*SUM* | DIMM-R:  1686.6 MB/s. User-R:   630.0 MB/s   | DIMM-W:   598.6 MB/s, User-W:   577.6 MB/s. Time:  27.29s
[32mDestroy IPMWatcher.
[0m
Randomize the trace...[32mStart IPMWatcher for readall
[0m2021/09/07-16:34:25  ... thread 1: (10000000,10000000) ops and ( 869591.6,869591.6 ) ops/second in (11.4997,11.4997) seconds
2021/09/07-16:34:25  ... thread 0: (10000000,10000000) ops and ( 867595.1,867595.1 ) ops/second in (11.5261,11.5261) seconds
2021/09/07-16:34:25  ... thread 3: (10000000,10000000) ops and ( 866886.5,866886.5 ) ops/second in (11.5355,11.5355) seconds
2021/09/07-16:34:25  ... thread 2: (10000000,10000000) ops and ( 863894.5,863894.5 ) ops/second in (11.5755,11.5755) seconds
2021/09/07-16:34:36  ... thread 1: (10000000,20000000) ops and ( 873335.9,871459.7 ) ops/second in (11.4503,22.9500) seconds
2021/09/07-16:34:37  ... thread 0: (10000000,20000000) ops and ( 871624.8,869605.3 ) ops/second in (11.4728,22.9989) seconds
2021/09/07-16:34:37  ... thread 3: (10000000,20000000) ops and ( 871675.1,869274.2 ) ops/second in (11.4722,23.0077) seconds
2021/09/07-16:34:37  ... thread 2: (10000000,20000000) ops and ( 866842.9,865366.2 ) ops/second in (11.5361,23.1116) seconds
2021/09/07-16:34:48  ... thread 1: (10000000,30000000) ops and ( 871991.7,871637.0 ) ops/second in (11.4680,34.4180) seconds
2021/09/07-16:34:48  ... thread 0: (10000000,30000000) ops and ( 870634.1,869947.9 ) ops/second in (11.4859,34.4848) seconds
2021/09/07-16:34:48  ... thread 3: (10000000,30000000) ops and ( 868595.7,869047.9 ) ops/second in (11.5128,34.5205) seconds
thread  3 num: 30000000, not find: 1
2021/09/07-16:34:48  ... thread 2: (10000000,30000000) ops and ( 867984.3,866237.1 ) ops/second in (11.5209,34.6326) seconds
readall      :       0.289 micros/op 3.304428 Mops/s; (num: 30000000, not find: 0)
DIMM0 | Read from IMC | Write from IMC |  Read DIMM  |  Write DIMM  |   RA   |   WA   |
  MB  |      20967.47 |        5955.95 |    54919.91 |     24166.95 |   2.62 |   4.06 |
DIMM1 | Read from IMC | Write from IMC |  Read DIMM  |  Write DIMM  |   RA   |   WA   |
  MB  |      11714.68 |           0.01 |    21884.94 |        32.22 |   1.87 | 2367.00 |
*SUM* | DIMM-R:  2204.3 MB/s. User-R:   938.0 MB/s   | DIMM-W:   694.5 MB/s, User-W:   170.9 MB/s. Time:  34.84s
[32mDestroy IPMWatcher.
[0m
