key trace size: 120000000
Randomize the trace...------------------------------------------------
HashType:              CCEH
Init Capacity:         16777216
Entries:               120000000
Trace size:            120000000
Read:                  1000000 
Write:                 1000000 
Thread:                16 
Report interval:       0 s
Stats interval:        10000000 records
benchmarks:            load,readall
------------------------------------------------
[32mStart IPMWatcher for load
[0mload         :       0.261 micros/op 3.659311 Mops/s;
DIMM0 | Read from IMC | Write from IMC |  Read DIMM  |  Write DIMM  |   RA   |   WA   |
  MB  |      24428.87 |       13285.63 |    55425.34 |     42969.83 |   2.27 |   3.23 |
DIMM1 | Read from IMC | Write from IMC |  Read DIMM  |  Write DIMM  |   RA   |   WA   |
  MB  |      17161.52 |        7362.11 |    28813.06 |     18637.44 |   1.68 |   2.53 |
*SUM* | DIMM-R:  2672.5 MB/s. User-R:  1319.4 MB/s   | DIMM-W:  1954.5 MB/s, User-W:   655.0 MB/s. Time:  31.52s
[32mDestroy IPMWatcher.
[0m
Randomize the trace...[32mStart IPMWatcher for readall
[0mthread  4, between 30000000 - 37500000
thread 14, between 105000000 - 112500000
thread  3, between 22500000 - 30000000
thread  5, between 37500000 - 45000000
thread  7, between 52500000 - 60000000
thread  8, between 60000000 - 67500000
thread 13, between 97500000 - 105000000
thread 10, between 75000000 - 82500000
thread 11, between 82500000 - 90000000
thread  6, between 45000000 - 52500000
thread  0, between 0 - 7500000
thread  1, between 7500000 - 15000000
thread  9, between 67500000 - 75000000
thread 15, between 112500000 - 120000000
thread  2, between 15000000 - 22500000
thread 12, between 90000000 - 97500000
readall      :       0.201 micros/op 4.738138 Mops/s; (num: 7500000, not find: 0)
DIMM0 | Read from IMC | Write from IMC |  Read DIMM  |  Write DIMM  |   RA   |   WA   |
  MB  |       2668.97 |         926.79 |     7370.80 |      3781.14 |   2.76 |   4.08 |
DIMM1 | Read from IMC | Write from IMC |  Read DIMM  |  Write DIMM  |   RA   |   WA   |
  MB  |       1416.39 |           0.01 |     2926.27 |         3.27 |   2.07 | 338.94 |
*SUM* | DIMM-R:  3011.7 MB/s. User-R:  1194.9 MB/s   | DIMM-W:  1106.9 MB/s, User-W:   271.1 MB/s. Time:   3.42s
[32mDestroy IPMWatcher.
[0m
