key trace size: 120000000
Randomize the trace...------------------------------------------------
HashType:              CCEH
Init Capacity:         16777216
Entries:               120000000
Trace size:            120000000
Read:                  1000000 
Write:                 1000000 
Thread:                5 
Report interval:       0 s
Stats interval:        10000000 records
benchmarks:            load,readall
------------------------------------------------
[32mStart IPMWatcher for load
[0m2021/09/07-11:42:21  ... thread 0: (10000000,10000000) ops and ( 708220.7,708220.7 ) ops/second in (14.1199,14.1199) seconds
2021/09/07-11:42:21  ... thread 2: (10000000,10000000) ops and ( 707853.8,707853.8 ) ops/second in (14.1272,14.1272) seconds
2021/09/07-11:42:21  ... thread 3: (10000000,10000000) ops and ( 706573.2,706573.2 ) ops/second in (14.1528,14.1528) seconds
2021/09/07-11:42:21  ... thread 1: (10000000,10000000) ops and ( 705188.6,705188.6 ) ops/second in (14.1806,14.1806) seconds
2021/09/07-11:42:21  ... thread 4: (10000000,10000000) ops and ( 704775.5,704775.5 ) ops/second in (14.1889,14.1889) seconds
2021/09/07-11:42:37  ... thread 0: (10000000,20000000) ops and ( 616464.9,659165.0 ) ops/second in (16.2215,30.3414) seconds
2021/09/07-11:42:37  ... thread 2: (10000000,20000000) ops and ( 616370.0,658951.8 ) ops/second in (16.2240,30.3512) seconds
2021/09/07-11:42:37  ... thread 3: (10000000,20000000) ops and ( 615639.0,657979.1 ) ops/second in (16.2433,30.3961) seconds
2021/09/07-11:42:37  ... thread 4: (10000000,20000000) ops and ( 615429.5,657079.2 ) ops/second in (16.2488,30.4377) seconds
2021/09/07-11:42:37  ... thread 1: (10000000,20000000) ops and ( 613262.8,656021.0 ) ops/second in (16.3062,30.4868) seconds
load         :       0.319 micros/op 2.986136 Mops/s;
DIMM0 | Read from IMC | Write from IMC |  Read DIMM  |  Write DIMM  |   RA   |   WA   |
  MB  |      29510.51 |       13435.77 |    64573.86 |     43271.41 |   2.19 |   3.22 |
DIMM1 | Read from IMC | Write from IMC |  Read DIMM  |  Write DIMM  |   RA   |   WA   |
  MB  |      18440.32 |        7348.05 |    30248.75 |     18622.46 |   1.64 |   2.53 |
*SUM* | DIMM-R:  2460.9 MB/s. User-R:  1244.5 MB/s   | DIMM-W:  1606.3 MB/s, User-W:   539.4 MB/s. Time:  38.53s
[32mDestroy IPMWatcher.
[0m
Randomize the trace...[32mStart IPMWatcher for readall
[0mthread  0, between 0 - 24000000
thread  1, between 24000000 - 48000000
thread  4, between 96000000 - 120000000
thread  3, between 72000000 - 96000000
thread  2, between 48000000 - 72000000
readall      :       0.218 micros/op 4.381172 Mops/s; (num: 24000000, not find: 0)
DIMM0 | Read from IMC | Write from IMC |  Read DIMM  |  Write DIMM  |   RA   |   WA   |
  MB  |       1047.11 |         292.08 |     2654.72 |      1183.55 |   2.54 |   4.05 |
DIMM1 | Read from IMC | Write from IMC |  Read DIMM  |  Write DIMM  |   RA   |   WA   |
  MB  |        507.93 |           0.01 |      998.98 |         1.17 |   1.97 | 122.34 |
*SUM* | DIMM-R:  2838.9 MB/s. User-R:  1208.3 MB/s   | DIMM-W:   920.5 MB/s, User-W:   227.0 MB/s. Time:   1.29s
[32mDestroy IPMWatcher.
[0m
