key trace size: 120000000
Randomize the trace...------------------------------------------------
HashType:              CCEH
Init Capacity:         16777216
Entries:               120000000
Trace size:            120000000
Read:                  1000000 
Write:                 1000000 
Thread:                14 
Report interval:       0 s
Stats interval:        10000000 records
benchmarks:            load,readall
------------------------------------------------
[32mStart IPMWatcher for load
[0mload         :       0.257 micros/op 3.706954 Mops/s;
DIMM0 | Read from IMC | Write from IMC |  Read DIMM  |  Write DIMM  |   RA   |   WA   |
  MB  |      25114.38 |       13273.43 |    56451.66 |     42758.08 |   2.25 |   3.22 |
DIMM1 | Read from IMC | Write from IMC |  Read DIMM  |  Write DIMM  |   RA   |   WA   |
  MB  |      17448.15 |        7360.28 |    29190.62 |     18637.64 |   1.67 |   2.53 |
*SUM* | DIMM-R:  2753.9 MB/s. User-R:  1368.6 MB/s   | DIMM-W:  1974.2 MB/s, User-W:   663.5 MB/s. Time:  31.10s
[32mDestroy IPMWatcher.
[0m
Randomize the trace...[32mStart IPMWatcher for readall
[0mthread 13, between 111428564 - 119999992
thread 10, between 85714280 - 94285708
thread  1, between 8571428 - 17142856
thread  3, between 25714284 - 34285712
thread  5, between 42857140 - 51428568
thread  8, between 68571424 - 77142852
thread  7, between 59999996 - 68571424
thread 11, between 94285708 - 102857136
thread  0, between 0 - 8571428
thread  2, between 17142856 - 25714284
thread  9, between 77142852 - 85714280
thread  4, between 34285712 - 42857140
thread 12, between 102857136 - 111428564
thread  6, between 51428568 - 59999996
thread 10 num: 8571428, not find: 1
thread  5 num: 8571428, not find: 1
readall      :       0.200 micros/op 4.763970 Mops/s; (num: 8571428, not find: 0)
DIMM0 | Read from IMC | Write from IMC |  Read DIMM  |  Write DIMM  |   RA   |   WA   |
  MB  |       2447.76 |         811.72 |     6636.27 |      3303.65 |   2.71 |   4.07 |
DIMM1 | Read from IMC | Write from IMC |  Read DIMM  |  Write DIMM  |   RA   |   WA   |
  MB  |       1259.73 |           0.01 |     2582.89 |         2.88 |   2.05 | 300.92 |
*SUM* | DIMM-R:  3065.9 MB/s. User-R:  1233.0 MB/s   | DIMM-W:  1099.6 MB/s, User-W:   269.9 MB/s. Time:   3.01s
[32mDestroy IPMWatcher.
[0m
