key trace size: 120000000
Randomize the trace...------------------------------------------------
HashType:              CCEH
Init Capacity:         16777216
Entries:               120000000
Trace size:            120000000
Read:                  1000000 
Write:                 1000000 
Thread:                13 
Report interval:       0 s
Stats interval:        10000000 records
benchmarks:            load,readall
------------------------------------------------
[32mStart IPMWatcher for load
[0mload         :       0.258 micros/op 3.692231 Mops/s;
DIMM0 | Read from IMC | Write from IMC |  Read DIMM  |  Write DIMM  |   RA   |   WA   |
  MB  |      25529.51 |       13281.22 |    57194.39 |     42761.53 |   2.24 |   3.22 |
DIMM1 | Read from IMC | Write from IMC |  Read DIMM  |  Write DIMM  |   RA   |   WA   |
  MB  |      17567.33 |        7358.85 |    29322.83 |     18641.80 |   1.67 |   2.53 |
*SUM* | DIMM-R:  2771.5 MB/s. User-R:  1380.6 MB/s   | DIMM-W:  1967.0 MB/s, User-W:   661.2 MB/s. Time:  31.22s
[32mDestroy IPMWatcher.
[0m
Randomize the trace...[32mStart IPMWatcher for readall
[0mthread 12, between 110769228 - 119999997
thread  2, between 18461538 - 27692307
thread  5, between 46153845 - 55384614
thread  7, between 64615383 - 73846152
thread  4, between 36923076 - 46153845
thread  3, between 27692307 - 36923076
thread  8, between 73846152 - 83076921
thread  9, between 83076921 - 92307690
thread 11, between 101538459 - 110769228
thread  6, between 55384614 - 64615383
thread  1, between 9230769 - 18461538
thread  0, between 0 - 9230769
thread 10, between 92307690 - 101538459
readall      :       0.198 micros/op 4.821518 Mops/s; (num: 9230769, not find: 0)
DIMM0 | Read from IMC | Write from IMC |  Read DIMM  |  Write DIMM  |   RA   |   WA   |
  MB  |       2334.13 |         754.02 |     6257.50 |      3058.47 |   2.68 |   4.06 |
DIMM1 | Read from IMC | Write from IMC |  Read DIMM  |  Write DIMM  |   RA   |   WA   |
  MB  |       1188.41 |           0.01 |     2427.47 |         2.68 |   2.04 | 279.16 |
*SUM* | DIMM-R:  3119.6 MB/s. User-R:  1265.3 MB/s   | DIMM-W:  1099.5 MB/s, User-W:   270.8 MB/s. Time:   2.78s
[32mDestroy IPMWatcher.
[0m
