key trace size: 120000000
Randomize the trace...------------------------------------------------
HashType:              CCEH
Init Capacity:         16777216
Entries:               120000000
Trace size:            120000000
Read:                  1000000 
Write:                 1000000 
Thread:                6 
Report interval:       0 s
Stats interval:        10000000 records
benchmarks:            load,readall
------------------------------------------------
[32mStart IPMWatcher for load
[0m2021/09/07-11:43:19  ... thread 0: (10000000,10000000) ops and ( 604281.9,604281.9 ) ops/second in (16.5486,16.5486) seconds
2021/09/07-11:43:19  ... thread 3: (10000000,10000000) ops and ( 603390.2,603390.2 ) ops/second in (16.5730,16.5730) seconds
2021/09/07-11:43:19  ... thread 4: (10000000,10000000) ops and ( 602749.0,602749.0 ) ops/second in (16.5907,16.5907) seconds
2021/09/07-11:43:19  ... thread 1: (10000000,10000000) ops and ( 602303.9,602303.9 ) ops/second in (16.6029,16.6029) seconds
2021/09/07-11:43:19  ... thread 2: (10000000,10000000) ops and ( 601979.0,601979.0 ) ops/second in (16.6119,16.6119) seconds
2021/09/07-11:43:19  ... thread 5: (10000000,10000000) ops and ( 600877.3,600877.3 ) ops/second in (16.6423,16.6423) seconds
2021/09/07-11:43:38  ... thread 0: (10000000,20000000) ops and ( 526733.4,562849.1 ) ops/second in (18.9849,35.5335) seconds
2021/09/07-11:43:38  ... thread 3: (10000000,20000000) ops and ( 524635.4,561263.6 ) ops/second in (19.0609,35.6339) seconds
2021/09/07-11:43:38  ... thread 4: (10000000,20000000) ops and ( 524894.9,561134.4 ) ops/second in (19.0514,35.6421) seconds
2021/09/07-11:43:38  ... thread 2: (10000000,20000000) ops and ( 525460.2,561123.0 ) ops/second in (19.0309,35.6428) seconds
2021/09/07-11:43:38  ... thread 1: (10000000,20000000) ops and ( 524771.9,560871.2 ) ops/second in (19.0559,35.6588) seconds
2021/09/07-11:43:38  ... thread 5: (10000000,20000000) ops and ( 524577.2,560140.9 ) ops/second in (19.0630,35.7053) seconds
load         :       0.298 micros/op 3.205149 Mops/s;
DIMM0 | Read from IMC | Write from IMC |  Read DIMM  |  Write DIMM  |   RA   |   WA   |
  MB  |      29414.25 |       13346.15 |    64372.36 |     43057.71 |   2.19 |   3.23 |
DIMM1 | Read from IMC | Write from IMC |  Read DIMM  |  Write DIMM  |   RA   |   WA   |
  MB  |      18458.42 |        7347.13 |    30272.89 |     18627.39 |   1.64 |   2.54 |
*SUM* | DIMM-R:  2635.6 MB/s. User-R:  1333.1 MB/s   | DIMM-W:  1717.8 MB/s, User-W:   576.3 MB/s. Time:  35.91s
[32mDestroy IPMWatcher.
[0m
Randomize the trace...[32mStart IPMWatcher for readall
[0mthread  4, between 80000000 - 100000000
thread  1, between 20000000 - 40000000
thread  2, between 40000000 - 60000000
thread  0, between 0 - 20000000
thread  5, between 100000000 - 120000000
thread  3, between 60000000 - 80000000
readall      :       0.213 micros/op 4.479942 Mops/s; (num: 20000000, not find: 0)
DIMM0 | Read from IMC | Write from IMC |  Read DIMM  |  Write DIMM  |   RA   |   WA   |
  MB  |       1248.57 |         349.13 |     3187.90 |      1425.44 |   2.55 |   4.08 |
DIMM1 | Read from IMC | Write from IMC |  Read DIMM  |  Write DIMM  |   RA   |   WA   |
  MB  |        593.79 |           0.01 |     1175.67 |         1.35 |   1.98 |  99.37 |
*SUM* | DIMM-R:  2984.7 MB/s. User-R:  1260.2 MB/s   | DIMM-W:   975.9 MB/s, User-W:   238.8 MB/s. Time:   1.46s
[32mDestroy IPMWatcher.
[0m
