key trace size: 120000000
Randomize the trace...------------------------------------------------
HashType:              CCEH
Init Capacity:         16777216
Entries:               120000000
Trace size:            120000000
Read:                  1000000 
Write:                 1000000 
Thread:                2 
Report interval:       0 s
Stats interval:        10000000 records
benchmarks:            load,readall
------------------------------------------------
[32mStart IPMWatcher for load
[0m2021/09/07-11:38:38  ... thread 0: (10000000,10000000) ops and ( 1007836.2,1007836.2 ) ops/second in (9.9222,9.9222) seconds
2021/09/07-11:38:38  ... thread 1: (10000000,10000000) ops and ( 1003667.9,1003667.9 ) ops/second in (9.9635,9.9635) seconds
2021/09/07-11:38:50  ... thread 0: (10000000,20000000) ops and ( 876750.5,937734.4 ) ops/second in (11.4058,21.3280) seconds
2021/09/07-11:38:50  ... thread 1: (10000000,20000000) ops and ( 871573.9,932968.5 ) ops/second in (11.4735,21.4370) seconds
2021/09/07-11:39:02  ... thread 0: (10000000,30000000) ops and ( 793996.9,884368.5 ) ops/second in (12.5945,33.9225) seconds
2021/09/07-11:39:03  ... thread 1: (10000000,30000000) ops and ( 786762.5,878547.6 ) ops/second in (12.7103,34.1473) seconds
2021/09/07-11:39:13  ... thread 0: (10000000,40000000) ops and ( 916267.3,892133.2 ) ops/second in (10.9138,44.8364) seconds
2021/09/07-11:39:13  ... thread 1: (10000000,40000000) ops and ( 912891.7,886889.1 ) ops/second in (10.9542,45.1015) seconds
2021/09/07-11:39:25  ... thread 0: (10000000,50000000) ops and ( 850991.5,883589.6 ) ops/second in (11.7510,56.5874) seconds
2021/09/07-11:39:25  ... thread 1: (10000000,50000000) ops and ( 841529.9,877430.2 ) ops/second in (11.8831,56.9846) seconds
2021/09/07-11:39:39  ... thread 0: (10000000,60000000) ops and ( 696331.4,845685.8 ) ops/second in (14.3610,70.9483) seconds
2021/09/07-11:39:40  ... thread 1: (10000000,60000000) ops and ( 695130.7,840685.0 ) ops/second in (14.3858,71.3704) seconds
load         :       0.595 micros/op 1.603479 Mops/s;
DIMM0 | Read from IMC | Write from IMC |  Read DIMM  |  Write DIMM  |   RA   |   WA   |
  MB  |      30004.36 |       13770.73 |    66301.98 |     44689.30 |   2.21 |   3.25 |
DIMM1 | Read from IMC | Write from IMC |  Read DIMM  |  Write DIMM  |   RA   |   WA   |
  MB  |      18715.60 |        7348.35 |    30907.97 |     18625.36 |   1.65 |   2.53 |
*SUM* | DIMM-R:  1358.1 MB/s. User-R:   680.7 MB/s   | DIMM-W:   884.6 MB/s, User-W:   295.0 MB/s. Time:  71.58s
[32mDestroy IPMWatcher.
[0m
Randomize the trace...[32mStart IPMWatcher for readall
[0mthread  1, between 60000000 - 120000000
thread  0, between 0 - 60000000
readall      :       0.406 micros/op 2.349953 Mops/s; (num: 60000000, not find: 0)
DIMM0 | Read from IMC | Write from IMC |  Read DIMM  |  Write DIMM  |   RA   |   WA   |
  MB  |        430.69 |         119.26 |     1122.48 |       485.81 |   2.61 |   4.07 |
DIMM1 | Read from IMC | Write from IMC |  Read DIMM  |  Write DIMM  |   RA   |   WA   |
  MB  |        238.90 |           0.01 |      491.76 |         0.83 |   2.06 |  86.90 |
*SUM* | DIMM-R:  1524.3 MB/s. User-R:   632.3 MB/s   | DIMM-W:   459.5 MB/s, User-W:   112.6 MB/s. Time:   1.06s
[32mDestroy IPMWatcher.
[0m
