key trace size: 120000000
Randomize the trace...------------------------------------------------
HashType:              CCEH
Init Capacity:         16777216
Entries:               120000000
Trace size:            120000000
Read:                  1000000 
Write:                 1000000 
Thread:                11 
Report interval:       0 s
Stats interval:        10000000 records
benchmarks:            load,readall
------------------------------------------------
[32mStart IPMWatcher for load
[0m2021/09/07-11:47:42  ... thread 6: (10000000,10000000) ops and ( 402916.9,402916.9 ) ops/second in (24.8190,24.8190) seconds
2021/09/07-11:47:42  ... thread 10: (10000000,10000000) ops and ( 402635.2,402635.2 ) ops/second in (24.8364,24.8364) seconds
2021/09/07-11:47:42  ... thread 0: (10000000,10000000) ops and ( 402396.7,402396.7 ) ops/second in (24.8511,24.8511) seconds
2021/09/07-11:47:42  ... thread 7: (10000000,10000000) ops and ( 400163.5,400163.5 ) ops/second in (24.9898,24.9898) seconds
2021/09/07-11:47:43  ... thread 9: (10000000,10000000) ops and ( 391700.5,391700.5 ) ops/second in (25.5297,25.5297) seconds
2021/09/07-11:47:46  ... thread 2: (10000000,10000000) ops and ( 347967.5,347967.5 ) ops/second in (28.7383,28.7383) seconds
2021/09/07-11:47:47  ... thread 4: (10000000,10000000) ops and ( 342548.8,342548.8 ) ops/second in (29.1929,29.1929) seconds
2021/09/07-11:47:47  ... thread 3: (10000000,10000000) ops and ( 340314.2,340314.2 ) ops/second in (29.3846,29.3846) seconds
2021/09/07-11:47:47  ... thread 1: (10000000,10000000) ops and ( 340262.8,340262.8 ) ops/second in (29.3891,29.3891) seconds
2021/09/07-11:47:47  ... thread 8: (10000000,10000000) ops and ( 340050.8,340050.8 ) ops/second in (29.4074,29.4074) seconds
2021/09/07-11:47:47  ... thread 5: (10000000,10000000) ops and ( 339794.4,339794.4 ) ops/second in (29.4296,29.4296) seconds
load         :       0.261 micros/op 3.654684 Mops/s;
DIMM0 | Read from IMC | Write from IMC |  Read DIMM  |  Write DIMM  |   RA   |   WA   |
  MB  |      26655.18 |       13279.47 |    59088.61 |     42688.48 |   2.22 |   3.21 |
DIMM1 | Read from IMC | Write from IMC |  Read DIMM  |  Write DIMM  |   RA   |   WA   |
  MB  |      17867.19 |        7349.25 |    29603.38 |     18644.49 |   1.66 |   2.54 |
*SUM* | DIMM-R:  2814.6 MB/s. User-R:  1412.9 MB/s   | DIMM-W:  1946.4 MB/s, User-W:   654.7 MB/s. Time:  31.51s
[32mDestroy IPMWatcher.
[0m
Randomize the trace...[32mStart IPMWatcher for readall
[0mthread 10, between 109090900 - 119999990
thread  1, between 10909090 - 21818180
thread  5, between 54545450 - 65454540
thread  4, between 43636360 - 54545450
thread  2, between 21818180 - 32727270
thread  9, between 98181810 - 109090900
thread  0, between 0 - 10909090
thread  7, between 76363630 - 87272720
thread  3, between 32727270 - 43636360
thread  8, between 87272720 - 98181810
thread  6, between 65454540 - 76363630
readall      :       0.203 micros/op 4.687131 Mops/s; (num: 10909090, not find: 0)
DIMM0 | Read from IMC | Write from IMC |  Read DIMM  |  Write DIMM  |   RA   |   WA   |
  MB  |       2081.36 |         638.10 |     5475.40 |      2596.49 |   2.63 |   4.07 |
DIMM1 | Read from IMC | Write from IMC |  Read DIMM  |  Write DIMM  |   RA   |   WA   |
  MB  |       1027.96 |           0.01 |     2074.40 |         2.32 |   2.02 | 242.11 |
*SUM* | DIMM-R:  3114.6 MB/s. User-R:  1282.7 MB/s   | DIMM-W:  1072.1 MB/s, User-W:   263.2 MB/s. Time:   2.42s
[32mDestroy IPMWatcher.
[0m
