key trace size: 120000000
Randomize the trace...------------------------------------------------
HashType:              CCEH
Init Capacity:         16777216
Entries:               120000000
Trace size:            120000000
Read:                  1000000 
Write:                 1000000 
Thread:                12 
Report interval:       0 s
Stats interval:        10000000 records
benchmarks:            load,readall
------------------------------------------------
[32mStart IPMWatcher for load
[0m2021/09/07-11:48:34  ... thread 3: (10000000,10000000) ops and ( 369731.4,369731.4 ) ops/second in (27.0467,27.0467) seconds
2021/09/07-11:48:35  ... thread 11: (10000000,10000000) ops and ( 361582.1,361582.1 ) ops/second in (27.6562,27.6562) seconds
2021/09/07-11:48:36  ... thread 8: (10000000,10000000) ops and ( 342749.1,342749.1 ) ops/second in (29.1759,29.1759) seconds
2021/09/07-11:48:36  ... thread 2: (10000000,10000000) ops and ( 338999.8,338999.8 ) ops/second in (29.4985,29.4985) seconds
2021/09/07-11:48:37  ... thread 0: (10000000,10000000) ops and ( 335813.7,335813.7 ) ops/second in (29.7784,29.7784) seconds
2021/09/07-11:48:37  ... thread 5: (10000000,10000000) ops and ( 334649.4,334649.4 ) ops/second in (29.8820,29.8820) seconds
2021/09/07-11:48:37  ... thread 1: (10000000,10000000) ops and ( 328709.1,328709.1 ) ops/second in (30.4220,30.4220) seconds
2021/09/07-11:48:38  ... thread 6: (10000000,10000000) ops and ( 324618.7,324618.7 ) ops/second in (30.8054,30.8054) seconds
2021/09/07-11:48:38  ... thread 4: (10000000,10000000) ops and ( 324088.1,324088.1 ) ops/second in (30.8558,30.8558) seconds
2021/09/07-11:48:38  ... thread 10: (10000000,10000000) ops and ( 323230.1,323230.1 ) ops/second in (30.9377,30.9377) seconds
2021/09/07-11:48:38  ... thread 7: (10000000,10000000) ops and ( 322789.9,322789.9 ) ops/second in (30.9799,30.9799) seconds
2021/09/07-11:48:38  ... thread 9: (10000000,10000000) ops and ( 322625.1,322625.1 ) ops/second in (30.9957,30.9957) seconds
load         :       0.258 micros/op 3.692150 Mops/s;
DIMM0 | Read from IMC | Write from IMC |  Read DIMM  |  Write DIMM  |   RA   |   WA   |
  MB  |      26071.69 |       13289.25 |    58066.34 |     42712.88 |   2.23 |   3.21 |
DIMM1 | Read from IMC | Write from IMC |  Read DIMM  |  Write DIMM  |   RA   |   WA   |
  MB  |      17721.24 |        7354.18 |    29463.69 |     18637.35 |   1.66 |   2.53 |
*SUM* | DIMM-R:  2805.7 MB/s. User-R:  1403.8 MB/s   | DIMM-W:  1966.5 MB/s, User-W:   661.7 MB/s. Time:  31.20s
[32mDestroy IPMWatcher.
[0m
Randomize the trace...[32mStart IPMWatcher for readall
[0mthread 11, between 110000000 - 120000000
thread  0, between 0 - 10000000
thread  3, between 30000000 - 40000000
thread  4, between 40000000 - 50000000
thread  5, between 50000000 - 60000000
thread  7, between 70000000 - 80000000
thread  6, between 60000000 - 70000000
thread  2, between 20000000 - 30000000
thread  8, between 80000000 - 90000000
thread  1, between 10000000 - 20000000
thread 10, between 100000000 - 110000000
thread  9, between 90000000 - 100000000
readall      :       0.197 micros/op 4.842066 Mops/s; (num: 10000000, not find: 0)
DIMM0 | Read from IMC | Write from IMC |  Read DIMM  |  Write DIMM  |   RA   |   WA   |
  MB  |       2221.05 |         696.02 |     5883.80 |      2819.51 |   2.65 |   4.05 |
DIMM1 | Read from IMC | Write from IMC |  Read DIMM  |  Write DIMM  |   RA   |   WA   |
  MB  |       1112.24 |           0.01 |     2257.82 |         2.45 |   2.03 | 255.41 |
*SUM* | DIMM-R:  3166.7 MB/s. User-R:  1296.5 MB/s   | DIMM-W:  1097.6 MB/s, User-W:   270.7 MB/s. Time:   2.57s
[32mDestroy IPMWatcher.
[0m
