key trace size: 120000000
Randomize the trace...------------------------------------------------
HashType:              CCEH
Init Capacity:         16777216
Entries:               120000000
Trace size:            120000000
Read:                  1000000 
Write:                 1000000 
Thread:                3 
Report interval:       0 s
Stats interval:        10000000 records
benchmarks:            load,readall
------------------------------------------------
[32mStart IPMWatcher for load
[0m2021/09/07-11:40:08  ... thread 2: (10000000,10000000) ops and ( 862136.4,862136.4 ) ops/second in (11.5991,11.5991) seconds
2021/09/07-11:40:08  ... thread 1: (10000000,10000000) ops and ( 861715.1,861715.1 ) ops/second in (11.6048,11.6048) seconds
2021/09/07-11:40:08  ... thread 0: (10000000,10000000) ops and ( 859500.3,859500.3 ) ops/second in (11.6347,11.6347) seconds
2021/09/07-11:40:21  ... thread 2: (10000000,20000000) ops and ( 755858.1,805506.8 ) ops/second in (13.2300,24.8291) seconds
2021/09/07-11:40:22  ... thread 1: (10000000,20000000) ops and ( 753783.6,804143.9 ) ops/second in (13.2664,24.8712) seconds
2021/09/07-11:40:22  ... thread 0: (10000000,20000000) ops and ( 750213.8,801147.2 ) ops/second in (13.3295,24.9642) seconds
2021/09/07-11:40:34  ... thread 2: (10000000,30000000) ops and ( 811607.3,807530.1 ) ops/second in (12.3212,37.1503) seconds
2021/09/07-11:40:34  ... thread 1: (10000000,30000000) ops and ( 810153.6,806137.2 ) ops/second in (12.3433,37.2145) seconds
2021/09/07-11:40:34  ... thread 0: (10000000,30000000) ops and ( 806150.3,802808.0 ) ops/second in (12.4046,37.3688) seconds
2021/09/07-11:40:49  ... thread 2: (10000000,40000000) ops and ( 663486.8,765957.7 ) ops/second in (15.0719,52.2222) seconds
2021/09/07-11:40:49  ... thread 1: (10000000,40000000) ops and ( 661693.0,764420.0 ) ops/second in (15.1127,52.3273) seconds
2021/09/07-11:40:49  ... thread 0: (10000000,40000000) ops and ( 661415.8,762080.1 ) ops/second in (15.1191,52.4879) seconds
load         :       0.437 micros/op 2.180328 Mops/s;
DIMM0 | Read from IMC | Write from IMC |  Read DIMM  |  Write DIMM  |   RA   |   WA   |
  MB  |      29472.54 |       13633.78 |    64929.78 |     44106.73 |   2.20 |   3.24 |
DIMM1 | Read from IMC | Write from IMC |  Read DIMM  |  Write DIMM  |   RA   |   WA   |
  MB  |      18495.21 |        7345.48 |    30444.52 |     18619.14 |   1.65 |   2.53 |
*SUM* | DIMM-R:  1809.5 MB/s. User-R:   910.1 MB/s   | DIMM-W:  1190.1 MB/s, User-W:   398.0 MB/s. Time:  52.71s
[32mDestroy IPMWatcher.
[0m
Randomize the trace...[32mStart IPMWatcher for readall
[0mthread  1, between 40000000 - 80000000
thread  0, between 0 - 40000000
thread  2, between 80000000 - 120000000
readall      :       0.294 micros/op 3.246728 Mops/s; (num: 40000000, not find: 0)
DIMM0 | Read from IMC | Write from IMC |  Read DIMM  |  Write DIMM  |   RA   |   WA   |
  MB  |        634.48 |         177.04 |     1634.80 |       719.71 |   2.58 |   4.07 |
DIMM1 | Read from IMC | Write from IMC |  Read DIMM  |  Write DIMM  |   RA   |   WA   |
  MB  |        332.57 |           0.01 |      673.92 |         0.95 |   2.03 |  98.85 |
*SUM* | DIMM-R:  2125.9 MB/s. User-R:   890.5 MB/s   | DIMM-W:   663.6 MB/s, User-W:   163.0 MB/s. Time:   1.09s
[32mDestroy IPMWatcher.
[0m
