key trace size: 120000000
Randomize the trace...------------------------------------------------
HashType:              CCEH
Init Capacity:         16777216
Entries:               120000000
Trace size:            120000000
Read:                  1000000 
Write:                 1000000 
Thread:                4 
Report interval:       0 s
Stats interval:        10000000 records
benchmarks:            load,readall
------------------------------------------------
[32mStart IPMWatcher for load
[0m2021/09/07-11:41:19  ... thread 3: (10000000,10000000) ops and ( 783529.5,783529.5 ) ops/second in (12.7628,12.7628) seconds
2021/09/07-11:41:19  ... thread 2: (10000000,10000000) ops and ( 783069.9,783069.9 ) ops/second in (12.7703,12.7703) seconds
2021/09/07-11:41:19  ... thread 1: (10000000,10000000) ops and ( 782701.9,782701.9 ) ops/second in (12.7763,12.7763) seconds
2021/09/07-11:41:19  ... thread 0: (10000000,10000000) ops and ( 781160.6,781160.6 ) ops/second in (12.8015,12.8015) seconds
2021/09/07-11:41:33  ... thread 3: (10000000,20000000) ops and ( 685069.6,730999.0 ) ops/second in (14.5971,27.3598) seconds
2021/09/07-11:41:33  ... thread 1: (10000000,20000000) ops and ( 684472.7,730299.0 ) ops/second in (14.6098,27.3860) seconds
2021/09/07-11:41:33  ... thread 2: (10000000,20000000) ops and ( 684133.1,730265.7 ) ops/second in (14.6170,27.3873) seconds
2021/09/07-11:41:33  ... thread 0: (10000000,20000000) ops and ( 683804.7,729247.7 ) ops/second in (14.6241,27.4255) seconds
2021/09/07-11:41:49  ... thread 3: (10000000,30000000) ops and ( 619917.6,689798.0 ) ops/second in (16.1312,43.4910) seconds
2021/09/07-11:41:50  ... thread 1: (10000000,30000000) ops and ( 619790.6,689329.9 ) ops/second in (16.1345,43.5205) seconds
2021/09/07-11:41:50  ... thread 2: (10000000,30000000) ops and ( 619604.8,689233.6 ) ops/second in (16.1393,43.5266) seconds
2021/09/07-11:41:50  ... thread 0: (10000000,30000000) ops and ( 618767.0,688283.4 ) ops/second in (16.1612,43.5867) seconds
load         :       0.363 micros/op 2.625591 Mops/s;
DIMM0 | Read from IMC | Write from IMC |  Read DIMM  |  Write DIMM  |   RA   |   WA   |
  MB  |      29625.88 |       13521.34 |    64947.07 |     43665.00 |   2.19 |   3.23 |
DIMM1 | Read from IMC | Write from IMC |  Read DIMM  |  Write DIMM  |   RA   |   WA   |
  MB  |      18576.45 |        7348.14 |    30520.77 |     18619.36 |   1.64 |   2.53 |
*SUM* | DIMM-R:  2180.9 MB/s. User-R:  1101.2 MB/s   | DIMM-W:  1422.9 MB/s, User-W:   476.8 MB/s. Time:  43.77s
[32mDestroy IPMWatcher.
[0m
Randomize the trace...[32mStart IPMWatcher for readall
[0mthread  2, between 60000000 - 90000000
thread  1, between 30000000 - 60000000
thread  0, between 0 - 30000000
thread  3, between 90000000 - 120000000
readall      :       0.246 micros/op 3.878901 Mops/s; (num: 30000000, not find: 0)
DIMM0 | Read from IMC | Write from IMC |  Read DIMM  |  Write DIMM  |   RA   |   WA   |
  MB  |        835.74 |         233.97 |     2133.22 |       955.31 |   2.55 |   4.08 |
DIMM1 | Read from IMC | Write from IMC |  Read DIMM  |  Write DIMM  |   RA   |   WA   |
  MB  |        414.45 |           0.01 |      815.86 |         1.04 |   1.97 | 108.18 |
*SUM* | DIMM-R:  2478.2 MB/s. User-R:  1050.6 MB/s   | DIMM-W:   803.7 MB/s, User-W:   196.6 MB/s. Time:   1.19s
[32mDestroy IPMWatcher.
[0m
