key trace size: 120000000
Randomize the trace...------------------------------------------------
HashType:              CCEH
Init Capacity:         16777216
Entries:               120000000
Trace size:            120000000
Read:                  1000000 
Write:                 1000000 
Thread:                9 
Report interval:       0 s
Stats interval:        10000000 records
benchmarks:            load,readall
------------------------------------------------
[32mStart IPMWatcher for load
[0m2021/09/07-11:45:58  ... thread 4: (10000000,10000000) ops and ( 456518.4,456518.4 ) ops/second in (21.9049,21.9049) seconds
2021/09/07-11:45:58  ... thread 3: (10000000,10000000) ops and ( 453971.5,453971.5 ) ops/second in (22.0278,22.0278) seconds
2021/09/07-11:45:58  ... thread 8: (10000000,10000000) ops and ( 453906.0,453906.0 ) ops/second in (22.0310,22.0310) seconds
2021/09/07-11:45:58  ... thread 1: (10000000,10000000) ops and ( 453539.9,453539.9 ) ops/second in (22.0488,22.0488) seconds
2021/09/07-11:45:59  ... thread 5: (10000000,10000000) ops and ( 443830.1,443830.1 ) ops/second in (22.5311,22.5311) seconds
2021/09/07-11:45:59  ... thread 7: (10000000,10000000) ops and ( 443713.5,443713.5 ) ops/second in (22.5371,22.5371) seconds
2021/09/07-11:45:59  ... thread 2: (10000000,10000000) ops and ( 437242.9,437242.9 ) ops/second in (22.8706,22.8706) seconds
2021/09/07-11:45:59  ... thread 0: (10000000,10000000) ops and ( 432379.7,432379.7 ) ops/second in (23.1278,23.1278) seconds
2021/09/07-11:46:00  ... thread 6: (10000000,10000000) ops and ( 413608.2,413608.2 ) ops/second in (24.1775,24.1775) seconds
load         :       0.273 micros/op 3.492074 Mops/s;
DIMM0 | Read from IMC | Write from IMC |  Read DIMM  |  Write DIMM  |   RA   |   WA   |
  MB  |      28046.94 |       13270.41 |    61764.49 |     42765.33 |   2.20 |   3.22 |
DIMM1 | Read from IMC | Write from IMC |  Read DIMM  |  Write DIMM  |   RA   |   WA   |
  MB  |      18180.83 |        7347.04 |    29966.75 |     18635.58 |   1.65 |   2.54 |
*SUM* | DIMM-R:  2780.9 MB/s. User-R:  1401.4 MB/s   | DIMM-W:  1861.4 MB/s, User-W:   625.0 MB/s. Time:  32.99s
[32mDestroy IPMWatcher.
[0m
Randomize the trace...[32mStart IPMWatcher for readall
[0mthread  8, between 106666664 - 119999997
thread  0, between 0 - 13333333
thread  3, between 39999999 - 53333332
thread  2, between 26666666 - 39999999
thread  6, between 79999998 - 93333331
thread  7, between 93333331 - 106666664
thread  4, between 53333332 - 66666665
thread  5, between 66666665 - 79999998
thread  1, between 13333333 - 26666666
thread  5 num: 13333333, not find: 1
readall      :       0.217 micros/op 4.385655 Mops/s; (num: 13333333, not find: 0)
DIMM0 | Read from IMC | Write from IMC |  Read DIMM  |  Write DIMM  |   RA   |   WA   |
  MB  |       1802.94 |         522.26 |     4659.56 |      2134.47 |   2.58 |   4.09 |
DIMM1 | Read from IMC | Write from IMC |  Read DIMM  |  Write DIMM  |   RA   |   WA   |
  MB  |        863.16 |           0.01 |     1724.84 |         2.03 |   2.00 | 212.15 |
*SUM* | DIMM-R:  2959.9 MB/s. User-R:  1236.0 MB/s   | DIMM-W:   990.5 MB/s, User-W:   242.1 MB/s. Time:   2.16s
[32mDestroy IPMWatcher.
[0m
