key trace size: 120000000
Randomize the trace...------------------------------------------------
HashType:              CCEH
Init Capacity:         16777216
Entries:               120000000
Trace size:            120000000
Read:                  1000000 
Write:                 1000000 
Thread:                15 
Report interval:       0 s
Stats interval:        10000000 records
benchmarks:            load,readall
------------------------------------------------
[32mStart IPMWatcher for load
[0mload         :       0.257 micros/op 3.704725 Mops/s;
DIMM0 | Read from IMC | Write from IMC |  Read DIMM  |  Write DIMM  |   RA   |   WA   |
  MB  |      24736.33 |       13286.37 |    55798.38 |     42841.60 |   2.26 |   3.22 |
DIMM1 | Read from IMC | Write from IMC |  Read DIMM  |  Write DIMM  |   RA   |   WA   |
  MB  |      17289.19 |        7359.71 |    28965.77 |     18642.48 |   1.68 |   2.53 |
*SUM* | DIMM-R:  2724.2 MB/s. User-R:  1350.7 MB/s   | DIMM-W:  1976.0 MB/s, User-W:   663.5 MB/s. Time:  31.11s
[32mDestroy IPMWatcher.
[0m
Randomize the trace...[32mStart IPMWatcher for readall
[0mthread 14, between 112000000 - 120000000
thread 12, between 96000000 - 104000000
thread  1, between 8000000 - 16000000
thread  8, between 64000000 - 72000000
thread  4, between 32000000 - 40000000
thread  6, between 48000000 - 56000000
thread  7, between 56000000 - 64000000
thread  9, between 72000000 - 80000000
thread 11, between 88000000 - 96000000
thread 10, between 80000000 - 88000000
thread  3, between 24000000 - 32000000
thread  5, between 40000000 - 48000000
thread  0, between 0 - 8000000
thread  2, between 16000000 - 24000000
thread 13, between 104000000 - 112000000
readall      :       0.197 micros/op 4.851927 Mops/s; (num: 8000000, not find: 0)
DIMM0 | Read from IMC | Write from IMC |  Read DIMM  |  Write DIMM  |   RA   |   WA   |
  MB  |       2552.23 |         869.56 |     6974.85 |      3531.87 |   2.73 |   4.06 |
DIMM1 | Read from IMC | Write from IMC |  Read DIMM  |  Write DIMM  |   RA   |   WA   |
  MB  |       1343.14 |           0.01 |     2759.43 |         3.06 |   2.05 | 318.90 |
*SUM* | DIMM-R:  3078.5 MB/s. User-R:  1231.9 MB/s   | DIMM-W:  1117.9 MB/s, User-W:   275.0 MB/s. Time:   3.16s
[32mDestroy IPMWatcher.
[0m
