key trace size: 120000000
Randomize the trace...------------------------------------------------
HashType:              CCEH buflog
Init Capacity:         16777216
Entries:               120000000
Trace size:            120000000
Read:                  120000000 
Write:                 1000000 
Thread:                3 
Report interval:       0 s
Stats interval:        10000000 records
benchmarks:            load,readall
------------------------------------------------
[32mStart IPMWatcher for load
[0m2021/09/10-17:03:09  ... thread 1: (10000000,10000000) ops and ( 1259747.9,1259747.9 ) ops/second in (7.9381,7.9381) seconds
2021/09/10-17:03:09  ... thread 2: (10000000,10000000) ops and ( 1242101.5,1242101.5 ) ops/second in (8.0509,8.0509) seconds
2021/09/10-17:03:09  ... thread 0: (10000000,10000000) ops and ( 1241849.4,1241849.4 ) ops/second in (8.0525,8.0525) seconds
2021/09/10-17:03:19  ... thread 1: (10000000,20000000) ops and ( 990982.0,1109317.9 ) ops/second in (10.0910,18.0291) seconds
2021/09/10-17:03:20  ... thread 2: (10000000,20000000) ops and ( 977539.3,1094053.6 ) ops/second in (10.2298,18.2806) seconds
2021/09/10-17:03:20  ... thread 0: (10000000,20000000) ops and ( 977034.2,1093639.5 ) ops/second in (10.2351,18.2876) seconds
2021/09/10-17:03:30  ... thread 1: (10000000,30000000) ops and ( 976419.9,1061173.4 ) ops/second in (10.2415,28.2706) seconds
2021/09/10-17:03:30  ... thread 2: (10000000,30000000) ops and ( 975124.3,1051313.1 ) ops/second in (10.2551,28.5357) seconds
2021/09/10-17:03:30  ... thread 0: (10000000,30000000) ops and ( 973864.4,1050569.8 ) ops/second in (10.2684,28.5559) seconds
2021/09/10-17:03:42  ... thread 1: (10000000,40000000) ops and ( 824799.3,990227.6 ) ops/second in (12.1242,40.3948) seconds
2021/09/10-17:03:42  ... thread 2: (10000000,40000000) ops and ( 812379.2,979305.7 ) ops/second in (12.3095,40.8453) seconds
2021/09/10-17:03:42  ... thread 0: (10000000,40000000) ops and ( 809851.0,977902.3 ) ops/second in (12.3480,40.9039) seconds
Average Load Factor : 0.68 
# of key left : 7906783 
load         :       0.341 micros/op 2.797798 Mops/s;
120000000 operations, 40.90 real_elapsed 
DIMM0 | Read from IMC | Write from IMC |  Read DIMM  |  Write DIMM  |   RA   |   WA   |
  MB  |      21056.50 |       19842.22 |    47610.20 |     20619.91 |   2.26 |   1.04 |
DIMM1 | Read from IMC | Write from IMC |  Read DIMM  |  Write DIMM  |   RA   |   WA   |
  MB  |       9463.34 |       19560.22 |    12776.79 |     20214.98 |   1.35 |   1.03 |
*SUM* | DIMM-R:  1366.0 MB/s. User-R:   690.4 MB/s   | DIMM-W:   923.7 MB/s, User-W:   891.3 MB/s. Time:  44.21s
[32mDestroy IPMWatcher.
[0m
Randomize the trace...[32mStart IPMWatcher for readall
[0m2021/09/10-17:04:03  ... thread 0: (10000000,10000000) ops and ( 874218.9,874218.9 ) ops/second in (11.4388,11.4388) seconds
2021/09/10-17:04:03  ... thread 2: (10000000,10000000) ops and ( 871925.3,871925.3 ) ops/second in (11.4689,11.4689) seconds
2021/09/10-17:04:03  ... thread 1: (10000000,10000000) ops and ( 870169.4,870169.4 ) ops/second in (11.4920,11.4920) seconds
2021/09/10-17:04:14  ... thread 0: (10000000,20000000) ops and ( 874242.7,874230.8 ) ops/second in (11.4385,22.8773) seconds
2021/09/10-17:04:14  ... thread 2: (10000000,20000000) ops and ( 871911.3,871918.3 ) ops/second in (11.4691,22.9379) seconds
2021/09/10-17:04:14  ... thread 1: (10000000,20000000) ops and ( 870331.7,870250.6 ) ops/second in (11.4899,22.9819) seconds
2021/09/10-17:04:26  ... thread 0: (10000000,30000000) ops and ( 865978.1,871462.5 ) ops/second in (11.5476,34.4249) seconds
2021/09/10-17:04:26  ... thread 2: (10000000,30000000) ops and ( 864642.0,869479.3 ) ops/second in (11.5655,34.5034) seconds
2021/09/10-17:04:26  ... thread 1: (10000000,30000000) ops and ( 860765.1,867065.6 ) ops/second in (11.6176,34.5995) seconds
2021/09/10-17:04:38  ... thread 0: (10000000,40000000) ops and ( 826907.2,859879.5 ) ops/second in (12.0933,46.5181) seconds
2021/09/10-17:04:38  ... thread 2: (10000000,40000000) ops and ( 823022.0,857380.1 ) ops/second in (12.1503,46.6538) seconds
2021/09/10-17:04:38  ... thread 1: (10000000,40000000) ops and ( 821607.2,855235.8 ) ops/second in (12.1713,46.7707) seconds
readall      :       0.390 micros/op 2.446846 Mops/s; (num: 40000000, not find: 0)
120000000 operations, 46.77 real_elapsed 
DIMM0 | Read from IMC | Write from IMC |  Read DIMM  |  Write DIMM  |   RA   |   WA   |
  MB  |      23975.19 |        6570.43 |    59354.54 |     26652.46 |   2.48 |   4.06 |
DIMM1 | Read from IMC | Write from IMC |  Read DIMM  |  Write DIMM  |   RA   |   WA   |
  MB  |      14751.55 |           0.01 |    26421.63 |        42.76 |   1.79 | 3127.66 |
*SUM* | DIMM-R:  1825.2 MB/s. User-R:   824.1 MB/s   | DIMM-W:   568.0 MB/s, User-W:   139.8 MB/s. Time:  46.99s
[32mDestroy IPMWatcher.
[0m
