key trace size: 120000000
Randomize the trace...------------------------------------------------
HashType:              CCEH buflog
Init Capacity:         16777216
Entries:               120000000
Trace size:            120000000
Read:                  120000000 
Write:                 1000000 
Thread:                14 
Report interval:       0 s
Stats interval:        10000000 records
benchmarks:            load,readall
------------------------------------------------
[32mStart IPMWatcher for load
[0mAverage Load Factor : 0.68 
# of key left : 7876078 
load         :       0.148 micros/op 6.448743 Mops/s;
119999992 operations, 17.75 real_elapsed 
DIMM0 | Read from IMC | Write from IMC |  Read DIMM  |  Write DIMM  |   RA   |   WA   |
  MB  |      19927.38 |       19995.01 |    44783.64 |     21217.70 |   2.25 |   1.06 |
DIMM1 | Read from IMC | Write from IMC |  Read DIMM  |  Write DIMM  |   RA   |   WA   |
  MB  |       9466.09 |       19626.77 |    12458.92 |     20252.04 |   1.32 |   1.03 |
*SUM* | DIMM-R:  2731.0 MB/s. User-R:  1402.4 MB/s   | DIMM-W:  1978.5 MB/s, User-W:  1890.4 MB/s. Time:  20.96s
[32mDestroy IPMWatcher.
[0m
Randomize the trace...[32mStart IPMWatcher for readall
[0mthread  7 num: 8571428, not find: 1
thread  5 num: 8571428, not find: 1
thread 11 num: 8571428, not find: 1
thread  1 num: 8571428, not find: 1
thread  4 num: 8571428, not find: 2
thread 13 num: 8571428, not find: 1
thread 10 num: 8571428, not find: 1
readall      :       0.179 micros/op 5.338940 Mops/s; (num: 8571428, not find: 0)
119999992 operations, 21.44 real_elapsed 
DIMM0 | Read from IMC | Write from IMC |  Read DIMM  |  Write DIMM  |   RA   |   WA   |
  MB  |      20606.31 |        6467.89 |    53388.38 |     26125.17 |   2.59 |   4.04 |
DIMM1 | Read from IMC | Write from IMC |  Read DIMM  |  Write DIMM  |   RA   |   WA   |
  MB  |      12995.87 |           0.01 |    23874.84 |        22.78 |   1.84 | 2377.45 |
*SUM* | DIMM-R:  3573.4 MB/s. User-R:  1554.1 MB/s   | DIMM-W:  1209.3 MB/s, User-W:   299.1 MB/s. Time:  21.62s
[32mDestroy IPMWatcher.
[0m
