key trace size: 120000000
Randomize the trace...------------------------------------------------
HashType:              CCEH buflog
Init Capacity:         16777216
Entries:               120000000
Trace size:            120000000
Read:                  120000000 
Write:                 1000000 
Thread:                6 
Report interval:       0 s
Stats interval:        10000000 records
benchmarks:            load,readall
------------------------------------------------
[32mStart IPMWatcher for load
[0m2021/09/10-17:07:39  ... thread 5: (10000000,10000000) ops and ( 911233.6,911233.6 ) ops/second in (10.9741,10.9741) seconds
2021/09/10-17:07:39  ... thread 2: (10000000,10000000) ops and ( 902094.3,902094.3 ) ops/second in (11.0853,11.0853) seconds
2021/09/10-17:07:39  ... thread 1: (10000000,10000000) ops and ( 901844.7,901844.7 ) ops/second in (11.0884,11.0884) seconds
2021/09/10-17:07:39  ... thread 4: (10000000,10000000) ops and ( 900701.6,900701.6 ) ops/second in (11.1025,11.1025) seconds
2021/09/10-17:07:39  ... thread 0: (10000000,10000000) ops and ( 900390.7,900390.7 ) ops/second in (11.1063,11.1063) seconds
2021/09/10-17:07:39  ... thread 3: (10000000,10000000) ops and ( 896747.0,896747.0 ) ops/second in (11.1514,11.1514) seconds
2021/09/10-17:07:52  ... thread 5: (10000000,20000000) ops and ( 748923.6,822144.2 ) ops/second in (13.3525,24.3266) seconds
2021/09/10-17:07:53  ... thread 1: (10000000,20000000) ops and ( 746117.9,816623.5 ) ops/second in (13.4027,24.4911) seconds
2021/09/10-17:07:53  ... thread 4: (10000000,20000000) ops and ( 745470.3,815766.9 ) ops/second in (13.4144,24.5168) seconds
2021/09/10-17:07:53  ... thread 0: (10000000,20000000) ops and ( 744856.7,815271.9 ) ops/second in (13.4254,24.5317) seconds
2021/09/10-17:07:53  ... thread 2: (10000000,20000000) ops and ( 743114.0,814922.8 ) ops/second in (13.4569,24.5422) seconds
2021/09/10-17:07:53  ... thread 3: (10000000,20000000) ops and ( 743351.6,812875.9 ) ops/second in (13.4526,24.6040) seconds
Average Load Factor : 0.68 
# of key left : 7915534 
load         :       0.205 micros/op 4.651306 Mops/s;
120000000 operations, 24.60 real_elapsed 
DIMM0 | Read from IMC | Write from IMC |  Read DIMM  |  Write DIMM  |   RA   |   WA   |
  MB  |      20782.50 |       19858.66 |    46765.48 |     20767.59 |   2.25 |   1.05 |
DIMM1 | Read from IMC | Write from IMC |  Read DIMM  |  Write DIMM  |   RA   |   WA   |
  MB  |       9315.44 |       19565.73 |    12142.53 |     20200.39 |   1.30 |   1.03 |
*SUM* | DIMM-R:  2114.4 MB/s. User-R:  1080.3 MB/s   | DIMM-W:  1470.4 MB/s, User-W:  1415.0 MB/s. Time:  27.86s
[32mDestroy IPMWatcher.
[0m
Randomize the trace...[32mStart IPMWatcher for readall
[0m2021/09/10-17:08:16  ... thread 0: (10000000,10000000) ops and ( 708787.1,708787.1 ) ops/second in (14.1086,14.1086) seconds
2021/09/10-17:08:16  ... thread 2: (10000000,10000000) ops and ( 708309.6,708309.6 ) ops/second in (14.1181,14.1181) seconds
2021/09/10-17:08:16  ... thread 1: (10000000,10000000) ops and ( 707844.0,707844.0 ) ops/second in (14.1274,14.1274) seconds
2021/09/10-17:08:16  ... thread 5: (10000000,10000000) ops and ( 705910.8,705910.8 ) ops/second in (14.1661,14.1661) seconds
2021/09/10-17:08:16  ... thread 4: (10000000,10000000) ops and ( 705201.1,705201.1 ) ops/second in (14.1804,14.1804) seconds
2021/09/10-17:08:16  ... thread 3: (10000000,10000000) ops and ( 705121.8,705121.8 ) ops/second in (14.1819,14.1819) seconds
2021/09/10-17:08:30  ... thread 0: (10000000,20000000) ops and ( 706459.5,707621.4 ) ops/second in (14.1551,28.2637) seconds
2021/09/10-17:08:30  ... thread 2: (10000000,20000000) ops and ( 705361.4,706832.4 ) ops/second in (14.1771,28.2952) seconds
2021/09/10-17:08:30  ... thread 1: (10000000,20000000) ops and ( 705250.5,706544.9 ) ops/second in (14.1794,28.3068) seconds
2021/09/10-17:08:30  ... thread 5: (10000000,20000000) ops and ( 703953.7,704930.9 ) ops/second in (14.2055,28.3716) seconds
2021/09/10-17:08:30  ... thread 3: (10000000,20000000) ops and ( 703582.1,704351.1 ) ops/second in (14.2130,28.3949) seconds
2021/09/10-17:08:30  ... thread 4: (10000000,20000000) ops and ( 703467.1,704333.1 ) ops/second in (14.2153,28.3957) seconds
readall      :       0.237 micros/op 4.030220 Mops/s; (num: 20000000, not find: 0)
120000000 operations, 28.40 real_elapsed 
DIMM0 | Read from IMC | Write from IMC |  Read DIMM  |  Write DIMM  |   RA   |   WA   |
  MB  |      23591.23 |        6495.63 |    58101.77 |     26377.19 |   2.46 |   4.06 |
DIMM1 | Read from IMC | Write from IMC |  Read DIMM  |  Write DIMM  |   RA   |   WA   |
  MB  |      14337.75 |           0.01 |    25098.81 |        28.23 |   1.75 | 2083.12 |
*SUM* | DIMM-R:  2904.3 MB/s. User-R:  1324.0 MB/s   | DIMM-W:   921.8 MB/s, User-W:   226.7 MB/s. Time:  28.65s
[32mDestroy IPMWatcher.
[0m
