key trace size: 120000000
Randomize the trace...------------------------------------------------
HashType:              CCEH buflog
Init Capacity:         16777216
Entries:               120000000
Trace size:            120000000
Read:                  120000000 
Write:                 1000000 
Thread:                16 
Report interval:       0 s
Stats interval:        10000000 records
benchmarks:            load,readall
------------------------------------------------
[32mStart IPMWatcher for load
[0mAverage Load Factor : 0.68 
# of key left : 7893239 
load         :       0.145 micros/op 6.555331 Mops/s;
120000000 operations, 17.46 real_elapsed 
DIMM0 | Read from IMC | Write from IMC |  Read DIMM  |  Write DIMM  |   RA   |   WA   |
  MB  |      19838.89 |       20033.47 |    44588.98 |     21311.80 |   2.25 |   1.06 |
DIMM1 | Read from IMC | Write from IMC |  Read DIMM  |  Write DIMM  |   RA   |   WA   |
  MB  |       9496.65 |       19640.29 |    12543.66 |     20273.84 |   1.32 |   1.03 |
*SUM* | DIMM-R:  2761.0 MB/s. User-R:  1417.7 MB/s   | DIMM-W:  2009.6 MB/s, User-W:  1917.3 MB/s. Time:  20.69s
[32mDestroy IPMWatcher.
[0m
Randomize the trace...[32mStart IPMWatcher for readall
[0mreadall      :       0.181 micros/op 5.282329 Mops/s; (num: 7500000, not find: 0)
120000000 operations, 21.66 real_elapsed 
DIMM0 | Read from IMC | Write from IMC |  Read DIMM  |  Write DIMM  |   RA   |   WA   |
  MB  |      19918.37 |        6466.27 |    52399.02 |     26192.63 |   2.63 |   4.05 |
DIMM1 | Read from IMC | Write from IMC |  Read DIMM  |  Write DIMM  |   RA   |   WA   |
  MB  |      12652.87 |           3.34 |    23527.96 |        26.11 |   1.86 |   7.82 |
*SUM* | DIMM-R:  3468.4 MB/s. User-R:  1487.9 MB/s   | DIMM-W:  1197.7 MB/s, User-W:   295.5 MB/s. Time:  21.89s
[32mDestroy IPMWatcher.
[0m
