key trace size: 120000000
Randomize the trace...------------------------------------------------
HashType:              CCEH buflog
Init Capacity:         16777216
Entries:               120000000
Trace size:            120000000
Read:                  120000000 
Write:                 1000000 
Thread:                13 
Report interval:       0 s
Stats interval:        10000000 records
benchmarks:            load,readall
------------------------------------------------
[32mStart IPMWatcher for load
[0mAverage Load Factor : 0.68 
# of key left : 7883783 
load         :       0.151 micros/op 6.316202 Mops/s;
119999997 operations, 18.12 real_elapsed 
DIMM0 | Read from IMC | Write from IMC |  Read DIMM  |  Write DIMM  |   RA   |   WA   |
  MB  |      20084.91 |       19975.66 |    45180.87 |     21153.31 |   2.25 |   1.06 |
DIMM1 | Read from IMC | Write from IMC |  Read DIMM  |  Write DIMM  |   RA   |   WA   |
  MB  |       9482.93 |       19622.53 |    12546.99 |     20245.11 |   1.32 |   1.03 |
*SUM* | DIMM-R:  2707.7 MB/s. User-R:  1386.9 MB/s   | DIMM-W:  1941.8 MB/s, User-W:  1857.3 MB/s. Time:  21.32s
[32mDestroy IPMWatcher.
[0m
Randomize the trace...[32mStart IPMWatcher for readall
[0mthread  7 num: 9230769, not find: 1
thread  1 num: 9230769, not find: 1
thread  4 num: 9230769, not find: 1
readall      :       0.184 micros/op 5.173026 Mops/s; (num: 9230769, not find: 0)
119999997 operations, 22.12 real_elapsed 
DIMM0 | Read from IMC | Write from IMC |  Read DIMM  |  Write DIMM  |   RA   |   WA   |
  MB  |      21051.50 |        6470.71 |    54199.63 |     26243.21 |   2.57 |   4.06 |
DIMM1 | Read from IMC | Write from IMC |  Read DIMM  |  Write DIMM  |   RA   |   WA   |
  MB  |      13261.71 |           0.01 |    24225.28 |        23.27 |   1.83 | 2428.03 |
*SUM* | DIMM-R:  3513.2 MB/s. User-R:  1537.1 MB/s   | DIMM-W:  1176.7 MB/s, User-W:   289.9 MB/s. Time:  22.32s
[32mDestroy IPMWatcher.
[0m
