key trace size: 120000000
Randomize the trace...------------------------------------------------
HashType:              CCEH buflog
Init Capacity:         16777216
Entries:               120000000
Trace size:            120000000
Read:                  120000000 
Write:                 1000000 
Thread:                5 
Report interval:       0 s
Stats interval:        10000000 records
benchmarks:            load,readall
------------------------------------------------
[32mStart IPMWatcher for load
[0m2021/09/10-17:06:22  ... thread 1: (10000000,10000000) ops and ( 1027239.9,1027239.9 ) ops/second in (9.7348,9.7348) seconds
2021/09/10-17:06:22  ... thread 4: (10000000,10000000) ops and ( 1027164.6,1027164.6 ) ops/second in (9.7355,9.7355) seconds
2021/09/10-17:06:22  ... thread 0: (10000000,10000000) ops and ( 1021490.9,1021490.9 ) ops/second in (9.7896,9.7896) seconds
2021/09/10-17:06:22  ... thread 3: (10000000,10000000) ops and ( 1019423.4,1019423.4 ) ops/second in (9.8095,9.8095) seconds
2021/09/10-17:06:22  ... thread 2: (10000000,10000000) ops and ( 1018329.2,1018329.2 ) ops/second in (9.8200,9.8200) seconds
2021/09/10-17:06:33  ... thread 1: (10000000,20000000) ops and ( 847298.6,928632.8 ) ops/second in (11.8022,21.5370) seconds
2021/09/10-17:06:33  ... thread 4: (10000000,20000000) ops and ( 846738.0,928265.2 ) ops/second in (11.8100,21.5456) seconds
2021/09/10-17:06:34  ... thread 3: (10000000,20000000) ops and ( 842321.3,922448.8 ) ops/second in (11.8720,21.6814) seconds
2021/09/10-17:06:34  ... thread 0: (10000000,20000000) ops and ( 839969.5,921879.6 ) ops/second in (11.9052,21.6948) seconds
2021/09/10-17:06:34  ... thread 2: (10000000,20000000) ops and ( 838070.2,919448.0 ) ops/second in (11.9322,21.7522) seconds
Average Load Factor : 0.68 
# of key left : 7871865 
load         :       0.232 micros/op 4.118370 Mops/s;
120000000 operations, 27.79 real_elapsed 
DIMM0 | Read from IMC | Write from IMC |  Read DIMM  |  Write DIMM  |   RA   |   WA   |
  MB  |      20818.42 |       19859.21 |    46864.61 |     20716.64 |   2.25 |   1.04 |
DIMM1 | Read from IMC | Write from IMC |  Read DIMM  |  Write DIMM  |   RA   |   WA   |
  MB  |       9341.99 |       19572.73 |    12247.77 |     20213.98 |   1.31 |   1.03 |
*SUM* | DIMM-R:  1902.9 MB/s. User-R:   970.9 MB/s   | DIMM-W:  1317.6 MB/s, User-W:  1269.3 MB/s. Time:  31.07s
[32mDestroy IPMWatcher.
[0m
Randomize the trace...[32mStart IPMWatcher for readall
[0m2021/09/10-17:07:02  ... thread 2: (10000000,10000000) ops and ( 759971.2,759971.2 ) ops/second in (13.1584,13.1584) seconds
2021/09/10-17:07:02  ... thread 4: (10000000,10000000) ops and ( 759940.5,759940.5 ) ops/second in (13.1589,13.1589) seconds
2021/09/10-17:07:02  ... thread 1: (10000000,10000000) ops and ( 759179.6,759179.6 ) ops/second in (13.1721,13.1721) seconds
2021/09/10-17:07:02  ... thread 3: (10000000,10000000) ops and ( 757977.5,757977.5 ) ops/second in (13.1930,13.1930) seconds
2021/09/10-17:07:02  ... thread 0: (10000000,10000000) ops and ( 757068.8,757068.8 ) ops/second in (13.2088,13.2088) seconds
2021/09/10-17:07:15  ... thread 2: (10000000,20000000) ops and ( 757053.4,758509.5 ) ops/second in (13.2091,26.3675) seconds
2021/09/10-17:07:15  ... thread 4: (10000000,20000000) ops and ( 757061.8,758498.4 ) ops/second in (13.2090,26.3679) seconds
2021/09/10-17:07:15  ... thread 1: (10000000,20000000) ops and ( 756154.1,757663.8 ) ops/second in (13.2248,26.3969) seconds
2021/09/10-17:07:15  ... thread 3: (10000000,20000000) ops and ( 755114.5,756543.3 ) ops/second in (13.2430,26.4360) seconds
2021/09/10-17:07:15  ... thread 0: (10000000,20000000) ops and ( 753055.2,755056.7 ) ops/second in (13.2792,26.4881) seconds
thread  4 num: 24000000, not find: 157
thread  2 num: 24000000, not find: 160
thread  1 num: 24000000, not find: 132
thread  3 num: 24000000, not find: 143
thread  0 num: 24000000, not find: 153
readall      :       0.265 micros/op 3.593155 Mops/s; (num: 24000000, not find: 153)
120000000 operations, 31.85 real_elapsed 
DIMM0 | Read from IMC | Write from IMC |  Read DIMM  |  Write DIMM  |   RA   |   WA   |
  MB  |      23615.36 |        6517.54 |    58192.15 |     26436.69 |   2.46 |   4.06 |
DIMM1 | Read from IMC | Write from IMC |  Read DIMM  |  Write DIMM  |   RA   |   WA   |
  MB  |      14457.22 |           0.01 |    25424.39 |        30.85 |   1.76 | 2226.89 |
*SUM* | DIMM-R:  2607.9 MB/s. User-R:  1187.4 MB/s   | DIMM-W:   825.5 MB/s, User-W:   203.3 MB/s. Time:  32.06s
[32mDestroy IPMWatcher.
[0m
