key trace size: 120000000
Randomize the trace...------------------------------------------------
HashType:              CCEH buflog
Init Capacity:         16777216
Entries:               120000000
Trace size:            120000000
Read:                  120000000 
Write:                 1000000 
Thread:                10 
Report interval:       0 s
Stats interval:        10000000 records
benchmarks:            load,readall
------------------------------------------------
[32mStart IPMWatcher for load
[0m2021/09/10-17:12:00  ... thread 8: (10000000,10000000) ops and ( 681853.5,681853.5 ) ops/second in (14.6659,14.6659) seconds
2021/09/10-17:12:00  ... thread 4: (10000000,10000000) ops and ( 680700.3,680700.3 ) ops/second in (14.6908,14.6908) seconds
2021/09/10-17:12:00  ... thread 6: (10000000,10000000) ops and ( 680062.7,680062.7 ) ops/second in (14.7045,14.7045) seconds
2021/09/10-17:12:00  ... thread 1: (10000000,10000000) ops and ( 678012.1,678012.1 ) ops/second in (14.7490,14.7490) seconds
2021/09/10-17:12:00  ... thread 5: (10000000,10000000) ops and ( 676815.7,676815.7 ) ops/second in (14.7751,14.7751) seconds
2021/09/10-17:12:00  ... thread 3: (10000000,10000000) ops and ( 676184.2,676184.2 ) ops/second in (14.7889,14.7889) seconds
2021/09/10-17:12:01  ... thread 7: (10000000,10000000) ops and ( 628259.5,628259.5 ) ops/second in (15.9170,15.9170) seconds
2021/09/10-17:12:02  ... thread 0: (10000000,10000000) ops and ( 627472.2,627472.2 ) ops/second in (15.9370,15.9370) seconds
2021/09/10-17:12:02  ... thread 2: (10000000,10000000) ops and ( 622459.0,622459.0 ) ops/second in (16.0653,16.0653) seconds
2021/09/10-17:12:02  ... thread 9: (10000000,10000000) ops and ( 621484.5,621484.5 ) ops/second in (16.0905,16.0905) seconds
Average Load Factor : 0.68 
# of key left : 7883470 
load         :       0.166 micros/op 5.757895 Mops/s;
120000000 operations, 19.88 real_elapsed 
DIMM0 | Read from IMC | Write from IMC |  Read DIMM  |  Write DIMM  |   RA   |   WA   |
  MB  |      20379.52 |       19918.28 |    45816.62 |     20973.58 |   2.25 |   1.05 |
DIMM1 | Read from IMC | Write from IMC |  Read DIMM  |  Write DIMM  |   RA   |   WA   |
  MB  |       9430.06 |       19597.33 |    12446.09 |     20222.82 |   1.32 |   1.03 |
*SUM* | DIMM-R:  2523.8 MB/s. User-R:  1291.3 MB/s   | DIMM-W:  1784.6 MB/s, User-W:  1711.7 MB/s. Time:  23.09s
[32mDestroy IPMWatcher.
[0m
Randomize the trace...[32mStart IPMWatcher for readall
[0m2021/09/10-17:12:33  ... thread 1: (10000000,10000000) ops and ( 543241.1,543241.1 ) ops/second in (18.4080,18.4080) seconds
2021/09/10-17:12:33  ... thread 3: (10000000,10000000) ops and ( 542991.0,542991.0 ) ops/second in (18.4165,18.4165) seconds
2021/09/10-17:12:33  ... thread 6: (10000000,10000000) ops and ( 541908.8,541908.8 ) ops/second in (18.4533,18.4533) seconds
2021/09/10-17:12:33  ... thread 0: (10000000,10000000) ops and ( 541673.1,541673.1 ) ops/second in (18.4613,18.4613) seconds
2021/09/10-17:12:33  ... thread 2: (10000000,10000000) ops and ( 541119.1,541119.1 ) ops/second in (18.4802,18.4802) seconds
2021/09/10-17:12:33  ... thread 4: (10000000,10000000) ops and ( 540928.7,540928.7 ) ops/second in (18.4867,18.4867) seconds
2021/09/10-17:12:35  ... thread 9: (10000000,10000000) ops and ( 492654.7,492654.7 ) ops/second in (20.2982,20.2982) seconds
2021/09/10-17:12:35  ... thread 7: (10000000,10000000) ops and ( 492606.8,492606.8 ) ops/second in (20.3002,20.3002) seconds
2021/09/10-17:12:35  ... thread 5: (10000000,10000000) ops and ( 491193.0,491193.0 ) ops/second in (20.3586,20.3586) seconds
2021/09/10-17:12:35  ... thread 8: (10000000,10000000) ops and ( 491170.1,491170.1 ) ops/second in (20.3595,20.3595) seconds
thread  1 num: 12000000, not find: 19
thread  3 num: 12000000, not find: 23
thread  6 num: 12000000, not find: 23
thread  0 num: 12000000, not find: 21
thread  2 num: 12000000, not find: 27
thread  4 num: 12000000, not find: 15
thread  7 num: 12000000, not find: 27
thread  9 num: 12000000, not find: 23
thread  5 num: 12000000, not find: 21
thread  8 num: 12000000, not find: 17
readall      :       0.196 micros/op 4.853800 Mops/s; (num: 12000000, not find: 21)
120000000 operations, 23.58 real_elapsed 
DIMM0 | Read from IMC | Write from IMC |  Read DIMM  |  Write DIMM  |   RA   |   WA   |
  MB  |      22350.67 |        6469.52 |    56332.83 |     26291.59 |   2.52 |   4.06 |
DIMM1 | Read from IMC | Write from IMC |  Read DIMM  |  Write DIMM  |   RA   |   WA   |
  MB  |      13812.79 |           0.01 |    24719.88 |        24.58 |   1.79 | 2564.74 |
*SUM* | DIMM-R:  3408.6 MB/s. User-R:  1520.8 MB/s   | DIMM-W:  1106.7 MB/s, User-W:   272.1 MB/s. Time:  23.78s
[32mDestroy IPMWatcher.
[0m
