key trace size: 120000000
Randomize the trace...------------------------------------------------
HashType:              CCEH buflog
Init Capacity:         16777216
Entries:               120000000
Trace size:            120000000
Read:                  120000000 
Write:                 1000000 
Thread:                9 
Report interval:       0 s
Stats interval:        10000000 records
benchmarks:            load,readall
------------------------------------------------
[32mStart IPMWatcher for load
[0m2021/09/10-17:10:58  ... thread 7: (10000000,10000000) ops and ( 725751.8,725751.8 ) ops/second in (13.7788,13.7788) seconds
2021/09/10-17:10:58  ... thread 3: (10000000,10000000) ops and ( 722142.4,722142.4 ) ops/second in (13.8477,13.8477) seconds
2021/09/10-17:10:58  ... thread 1: (10000000,10000000) ops and ( 721091.7,721091.7 ) ops/second in (13.8679,13.8679) seconds
2021/09/10-17:10:58  ... thread 2: (10000000,10000000) ops and ( 720338.1,720338.1 ) ops/second in (13.8824,13.8824) seconds
2021/09/10-17:10:58  ... thread 8: (10000000,10000000) ops and ( 717766.1,717766.1 ) ops/second in (13.9321,13.9321) seconds
2021/09/10-17:10:58  ... thread 4: (10000000,10000000) ops and ( 716938.0,716938.0 ) ops/second in (13.9482,13.9482) seconds
2021/09/10-17:10:59  ... thread 5: (10000000,10000000) ops and ( 701765.8,701765.8 ) ops/second in (14.2498,14.2498) seconds
2021/09/10-17:10:59  ... thread 0: (10000000,10000000) ops and ( 688003.3,688003.3 ) ops/second in (14.5348,14.5348) seconds
2021/09/10-17:10:59  ... thread 6: (10000000,10000000) ops and ( 681680.6,681680.6 ) ops/second in (14.6696,14.6696) seconds
Average Load Factor : 0.68 
# of key left : 7903343 
load         :       0.172 micros/op 5.557401 Mops/s;
119999997 operations, 20.59 real_elapsed 
DIMM0 | Read from IMC | Write from IMC |  Read DIMM  |  Write DIMM  |   RA   |   WA   |
  MB  |      20506.83 |       19866.04 |    46036.96 |     20891.79 |   2.24 |   1.05 |
DIMM1 | Read from IMC | Write from IMC |  Read DIMM  |  Write DIMM  |   RA   |   WA   |
  MB  |       9366.35 |       19614.26 |    12251.37 |     20244.53 |   1.31 |   1.03 |
*SUM* | DIMM-R:  2446.3 MB/s. User-R:  1253.8 MB/s   | DIMM-W:  1726.5 MB/s, User-W:  1657.0 MB/s. Time:  23.83s
[32mDestroy IPMWatcher.
[0m
Randomize the trace...[32mStart IPMWatcher for readall
[0m2021/09/10-17:11:31  ... thread 0: (10000000,10000000) ops and ( 587622.5,587622.5 ) ops/second in (17.0177,17.0177) seconds
2021/09/10-17:11:31  ... thread 4: (10000000,10000000) ops and ( 586901.0,586901.0 ) ops/second in (17.0387,17.0387) seconds
2021/09/10-17:11:31  ... thread 7: (10000000,10000000) ops and ( 586789.0,586789.0 ) ops/second in (17.0419,17.0419) seconds
2021/09/10-17:11:31  ... thread 2: (10000000,10000000) ops and ( 586518.0,586518.0 ) ops/second in (17.0498,17.0498) seconds
2021/09/10-17:11:31  ... thread 5: (10000000,10000000) ops and ( 585007.8,585007.8 ) ops/second in (17.0938,17.0938) seconds
2021/09/10-17:11:31  ... thread 3: (10000000,10000000) ops and ( 584874.3,584874.3 ) ops/second in (17.0977,17.0977) seconds
2021/09/10-17:11:31  ... thread 1: (10000000,10000000) ops and ( 584550.8,584550.8 ) ops/second in (17.1072,17.1072) seconds
2021/09/10-17:11:33  ... thread 6: (10000000,10000000) ops and ( 527919.2,527919.2 ) ops/second in (18.9423,18.9423) seconds
2021/09/10-17:11:33  ... thread 8: (10000000,10000000) ops and ( 527780.7,527780.7 ) ops/second in (18.9473,18.9473) seconds
thread  3 num: 13333333, not find: 1
thread  5 num: 13333333, not find: 1
thread  1 num: 13333333, not find: 1
readall      :       0.202 micros/op 4.721000 Mops/s; (num: 13333333, not find: 0)
119999997 operations, 24.24 real_elapsed 
DIMM0 | Read from IMC | Write from IMC |  Read DIMM  |  Write DIMM  |   RA   |   WA   |
  MB  |      22978.93 |        6470.35 |    57245.79 |     26166.48 |   2.49 |   4.04 |
DIMM1 | Read from IMC | Write from IMC |  Read DIMM  |  Write DIMM  |   RA   |   WA   |
  MB  |      14077.06 |           0.01 |    25007.02 |        25.02 |   1.78 | 2561.82 |
*SUM* | DIMM-R:  3364.1 MB/s. User-R:  1515.6 MB/s   | DIMM-W:  1071.2 MB/s, User-W:   264.6 MB/s. Time:  24.45s
[32mDestroy IPMWatcher.
[0m
