key trace size: 120000000
Randomize the trace...------------------------------------------------
HashType:              CCEH buflog
Init Capacity:         16777216
Entries:               120000000
Trace size:            120000000
Read:                  120000000 
Write:                 1000000 
Thread:                12 
Report interval:       0 s
Stats interval:        10000000 records
benchmarks:            load,readall
------------------------------------------------
[32mStart IPMWatcher for load
[0m2021/09/10-17:14:00  ... thread 3: (10000000,10000000) ops and ( 586855.8,586855.8 ) ops/second in (17.0400,17.0400) seconds
2021/09/10-17:14:00  ... thread 8: (10000000,10000000) ops and ( 582092.9,582092.9 ) ops/second in (17.1794,17.1794) seconds
2021/09/10-17:14:00  ... thread 7: (10000000,10000000) ops and ( 581694.7,581694.7 ) ops/second in (17.1911,17.1911) seconds
2021/09/10-17:14:00  ... thread 1: (10000000,10000000) ops and ( 579319.3,579319.3 ) ops/second in (17.2616,17.2616) seconds
2021/09/10-17:14:01  ... thread 10: (10000000,10000000) ops and ( 548949.8,548949.8 ) ops/second in (18.2166,18.2166) seconds
2021/09/10-17:14:01  ... thread 11: (10000000,10000000) ops and ( 546190.8,546190.8 ) ops/second in (18.3086,18.3086) seconds
2021/09/10-17:14:01  ... thread 0: (10000000,10000000) ops and ( 545549.1,545549.1 ) ops/second in (18.3302,18.3302) seconds
2021/09/10-17:14:01  ... thread 6: (10000000,10000000) ops and ( 545327.8,545327.8 ) ops/second in (18.3376,18.3376) seconds
2021/09/10-17:14:01  ... thread 2: (10000000,10000000) ops and ( 543832.4,543832.4 ) ops/second in (18.3880,18.3880) seconds
2021/09/10-17:14:01  ... thread 9: (10000000,10000000) ops and ( 542825.2,542825.2 ) ops/second in (18.4221,18.4221) seconds
2021/09/10-17:14:01  ... thread 4: (10000000,10000000) ops and ( 541785.3,541785.3 ) ops/second in (18.4575,18.4575) seconds
2021/09/10-17:14:01  ... thread 5: (10000000,10000000) ops and ( 540979.5,540979.5 ) ops/second in (18.4850,18.4850) seconds
Average Load Factor : 0.68 
# of key left : 7879737 
load         :       0.154 micros/op 6.191006 Mops/s;
120000000 operations, 18.49 real_elapsed 
DIMM0 | Read from IMC | Write from IMC |  Read DIMM  |  Write DIMM  |   RA   |   WA   |
  MB  |      20127.83 |       19950.35 |    45228.12 |     21089.14 |   2.25 |   1.06 |
DIMM1 | Read from IMC | Write from IMC |  Read DIMM  |  Write DIMM  |   RA   |   WA   |
  MB  |       9452.97 |       19624.50 |    12464.99 |     20250.35 |   1.32 |   1.03 |
*SUM* | DIMM-R:  2659.8 MB/s. User-R:  1363.7 MB/s   | DIMM-W:  1905.8 MB/s, User-W:  1824.5 MB/s. Time:  21.69s
[32mDestroy IPMWatcher.
[0m
Randomize the trace...[32mStart IPMWatcher for readall
[0m2021/09/10-17:14:31  ... thread 0: (10000000,10000000) ops and ( 481655.8,481655.8 ) ops/second in (20.7617,20.7617) seconds
thread  0 num: 10000000, not find: 47
2021/09/10-17:14:31  ... thread 5: (10000000,10000000) ops and ( 481377.0,481377.0 ) ops/second in (20.7737,20.7737) seconds
thread  5 num: 10000000, not find: 53
2021/09/10-17:14:31  ... thread 8: (10000000,10000000) ops and ( 479468.3,479468.3 ) ops/second in (20.8564,20.8564) seconds
thread  8 num: 10000000, not find: 39
2021/09/10-17:14:31  ... thread 10: (10000000,10000000) ops and ( 478947.9,478947.9 ) ops/second in (20.8791,20.8791) seconds
thread 10 num: 10000000, not find: 53
2021/09/10-17:14:33  ... thread 4: (10000000,10000000) ops and ( 448625.8,448625.8 ) ops/second in (22.2903,22.2903) seconds
thread  4 num: 10000000, not find: 60
2021/09/10-17:14:33  ... thread 7: (10000000,10000000) ops and ( 448588.1,448588.1 ) ops/second in (22.2922,22.2922) seconds
thread  7 num: 10000000, not find: 44
2021/09/10-17:14:33  ... thread 3: (10000000,10000000) ops and ( 448181.8,448181.8 ) ops/second in (22.3124,22.3124) seconds
thread  3 num: 10000000, not find: 48
2021/09/10-17:14:33  ... thread 6: (10000000,10000000) ops and ( 448164.3,448164.3 ) ops/second in (22.3132,22.3132) seconds
thread  6 num: 10000000, not find: 38
2021/09/10-17:14:33  ... thread 11: (10000000,10000000) ops and ( 448102.1,448102.1 ) ops/second in (22.3163,22.3163) seconds
thread 11 num: 10000000, not find: 46
2021/09/10-17:14:33  ... thread 9: (10000000,10000000) ops and ( 448049.9,448049.9 ) ops/second in (22.3189,22.3189) seconds
thread  9 num: 10000000, not find: 41
2021/09/10-17:14:33  ... thread 1: (10000000,10000000) ops and ( 447971.5,447971.5 ) ops/second in (22.3229,22.3229) seconds
thread  1 num: 10000000, not find: 49
2021/09/10-17:14:33  ... thread 2: (10000000,10000000) ops and ( 447962.7,447962.7 ) ops/second in (22.3233,22.3233) seconds
thread  2 num: 10000000, not find: 43
readall      :       0.186 micros/op 5.126514 Mops/s; (num: 10000000, not find: 47)
120000000 operations, 22.32 real_elapsed 
DIMM0 | Read from IMC | Write from IMC |  Read DIMM  |  Write DIMM  |   RA   |   WA   |
  MB  |      21438.99 |        6472.70 |    54828.37 |     26264.55 |   2.56 |   4.06 |
DIMM1 | Read from IMC | Write from IMC |  Read DIMM  |  Write DIMM  |   RA   |   WA   |
  MB  |      13425.61 |           3.34 |    24394.43 |        26.95 |   1.82 |   8.08 |
*SUM* | DIMM-R:  3516.8 MB/s. User-R:  1547.7 MB/s   | DIMM-W:  1167.1 MB/s, User-W:   287.5 MB/s. Time:  22.53s
[32mDestroy IPMWatcher.
[0m
