key trace size: 120000000
Randomize the trace...------------------------------------------------
HashType:              CCEH buflog
Init Capacity:         16777216
Entries:               120000000
Trace size:            120000000
Read:                  120000000 
Write:                 1000000 
Thread:                5 
Report interval:       0 s
Stats interval:        10000000 records
benchmarks:            load,readall
------------------------------------------------
[32mStart IPMWatcher for load
[0m2021/09/07-15:51:44  ... thread 0: (10000000,10000000) ops and ( 867035.4,867035.4 ) ops/second in (11.5336,11.5336) seconds
2021/09/07-15:51:44  ... thread 2: (10000000,10000000) ops and ( 866493.1,866493.1 ) ops/second in (11.5408,11.5408) seconds
2021/09/07-15:51:44  ... thread 4: (10000000,10000000) ops and ( 860185.0,860185.0 ) ops/second in (11.6254,11.6254) seconds
2021/09/07-15:51:44  ... thread 1: (10000000,10000000) ops and ( 855816.9,855816.9 ) ops/second in (11.6847,11.6847) seconds
2021/09/07-15:51:44  ... thread 3: (10000000,10000000) ops and ( 855044.0,855044.0 ) ops/second in (11.6953,11.6953) seconds
2021/09/07-15:51:58  ... thread 0: (10000000,20000000) ops and ( 712978.1,782496.2 ) ops/second in (14.0257,25.5592) seconds
2021/09/07-15:51:58  ... thread 2: (10000000,20000000) ops and ( 710682.0,780891.2 ) ops/second in (14.0710,25.6118) seconds
2021/09/07-15:51:58  ... thread 4: (10000000,20000000) ops and ( 709516.7,777619.9 ) ops/second in (14.0941,25.7195) seconds
2021/09/07-15:51:59  ... thread 1: (10000000,20000000) ops and ( 706820.0,774215.1 ) ops/second in (14.1479,25.8326) seconds
2021/09/07-15:51:59  ... thread 3: (10000000,20000000) ops and ( 706095.4,773464.1 ) ops/second in (14.1624,25.8577) seconds
load         :       0.268 micros/op 3.554488 Mops/s;
DIMM0 | Read from IMC | Write from IMC |  Read DIMM  |  Write DIMM  |   RA   |   WA   |
  MB  |      24621.83 |       24721.07 |    53407.20 |     25803.02 |   2.17 |   1.04 |
DIMM1 | Read from IMC | Write from IMC |  Read DIMM  |  Write DIMM  |   RA   |   WA   |
  MB  |      11964.66 |       24362.93 |    16692.65 |     25175.62 |   1.40 |   1.03 |
*SUM* | DIMM-R:  2163.8 MB/s. User-R:  1129.3 MB/s   | DIMM-W:  1573.6 MB/s, User-W:  1515.1 MB/s. Time:  32.40s
[32mDestroy IPMWatcher.
[0m
Randomize the trace...[32mStart IPMWatcher for readall
[0m2021/09/07-15:52:24  ... thread 0: (10000000,10000000) ops and ( 772943.8,772943.8 ) ops/second in (12.9376,12.9376) seconds
2021/09/07-15:52:24  ... thread 4: (10000000,10000000) ops and ( 769495.7,769495.7 ) ops/second in (12.9955,12.9955) seconds
2021/09/07-15:52:24  ... thread 1: (10000000,10000000) ops and ( 769264.9,769264.9 ) ops/second in (12.9994,12.9994) seconds
2021/09/07-15:52:24  ... thread 3: (10000000,10000000) ops and ( 767811.4,767811.4 ) ops/second in (13.0240,13.0240) seconds
2021/09/07-15:52:24  ... thread 2: (10000000,10000000) ops and ( 763880.4,763880.4 ) ops/second in (13.0911,13.0911) seconds
2021/09/07-15:52:37  ... thread 1: (10000000,20000000) ops and ( 770520.0,769891.9 ) ops/second in (12.9782,25.9777) seconds
2021/09/07-15:52:37  ... thread 4: (10000000,20000000) ops and ( 767926.1,768710.1 ) ops/second in (13.0221,26.0176) seconds
2021/09/07-15:52:37  ... thread 0: (10000000,20000000) ops and ( 764482.2,768689.7 ) ops/second in (13.0808,26.0183) seconds
2021/09/07-15:52:37  ... thread 3: (10000000,20000000) ops and ( 769155.3,768482.7 ) ops/second in (13.0013,26.0253) seconds
2021/09/07-15:52:37  ... thread 2: (10000000,20000000) ops and ( 764320.8,764100.5 ) ops/second in (13.0835,26.1746) seconds
thread  1 num: 24000000, not find: 91914
thread  4 num: 24000000, not find: 91674
thread  3 num: 24000000, not find: 92377
thread  0 num: 24000000, not find: 91681
thread  2 num: 24000000, not find: 91629
readall      :       0.262 micros/op 3.646655 Mops/s; (num: 24000000, not find: 91681)
DIMM0 | Read from IMC | Write from IMC |  Read DIMM  |  Write DIMM  |   RA   |   WA   |
  MB  |      21644.05 |        6411.01 |    59060.68 |     25988.67 |   2.73 |   4.05 |
DIMM1 | Read from IMC | Write from IMC |  Read DIMM  |  Write DIMM  |   RA   |   WA   |
  MB  |      12100.15 |           0.01 |    25434.83 |        30.74 |   2.10 | 2248.09 |
*SUM* | DIMM-R:  2675.3 MB/s. User-R:  1068.4 MB/s   | DIMM-W:   823.8 MB/s, User-W:   203.0 MB/s. Time:  31.58s
[32mDestroy IPMWatcher.
[0m
