key trace size: 120000000
Randomize the trace...------------------------------------------------
HashType:              CCEH buflog
Init Capacity:         16777216
Entries:               120000000
Trace size:            120000000
Read:                  120000000 
Write:                 1000000 
Thread:                12 
Report interval:       0 s
Stats interval:        10000000 records
benchmarks:            load,readall
------------------------------------------------
[32mStart IPMWatcher for load
[0m2021/09/07-15:59:30  ... thread 10: (10000000,10000000) ops and ( 478734.9,478734.9 ) ops/second in (20.8884,20.8884) seconds
2021/09/07-15:59:30  ... thread 0: (10000000,10000000) ops and ( 476440.7,476440.7 ) ops/second in (20.9890,20.9890) seconds
2021/09/07-15:59:30  ... thread 5: (10000000,10000000) ops and ( 471521.4,471521.4 ) ops/second in (21.2079,21.2079) seconds
2021/09/07-15:59:30  ... thread 7: (10000000,10000000) ops and ( 470643.1,470643.1 ) ops/second in (21.2475,21.2475) seconds
2021/09/07-15:59:30  ... thread 2: (10000000,10000000) ops and ( 463281.3,463281.3 ) ops/second in (21.5852,21.5852) seconds
2021/09/07-15:59:31  ... thread 6: (10000000,10000000) ops and ( 456907.9,456907.9 ) ops/second in (21.8863,21.8863) seconds
2021/09/07-15:59:31  ... thread 4: (10000000,10000000) ops and ( 455954.6,455954.6 ) ops/second in (21.9320,21.9320) seconds
2021/09/07-15:59:31  ... thread 1: (10000000,10000000) ops and ( 455700.1,455700.1 ) ops/second in (21.9443,21.9443) seconds
2021/09/07-15:59:31  ... thread 9: (10000000,10000000) ops and ( 455640.6,455640.6 ) ops/second in (21.9471,21.9471) seconds
2021/09/07-15:59:31  ... thread 11: (10000000,10000000) ops and ( 455454.0,455454.0 ) ops/second in (21.9561,21.9561) seconds
2021/09/07-15:59:31  ... thread 3: (10000000,10000000) ops and ( 455157.7,455157.7 ) ops/second in (21.9704,21.9704) seconds
2021/09/07-15:59:31  ... thread 8: (10000000,10000000) ops and ( 453376.3,453376.3 ) ops/second in (22.0567,22.0567) seconds
load         :       0.184 micros/op 5.188467 Mops/s;
DIMM0 | Read from IMC | Write from IMC |  Read DIMM  |  Write DIMM  |   RA   |   WA   |
  MB  |      24534.38 |       24866.05 |    52906.89 |     26328.06 |   2.16 |   1.06 |
DIMM1 | Read from IMC | Write from IMC |  Read DIMM  |  Write DIMM  |   RA   |   WA   |
  MB  |      12062.01 |       24426.87 |    16755.47 |     25204.76 |   1.39 |   1.03 |
*SUM* | DIMM-R:  3125.3 MB/s. User-R:  1641.8 MB/s   | DIMM-W:  2311.9 MB/s, User-W:  2211.4 MB/s. Time:  22.29s
[32mDestroy IPMWatcher.
[0m
Randomize the trace...[32mStart IPMWatcher for readall
[0m2021/09/07-15:59:57  ... thread 7: (10000000,10000000) ops and ( 503081.8,503081.8 ) ops/second in (19.8775,19.8775) seconds
thread  7 num: 10000000, not find: 58662
2021/09/07-15:59:57  ... thread 1: (10000000,10000000) ops and ( 502311.1,502311.1 ) ops/second in (19.9080,19.9080) seconds
thread  1 num: 10000000, not find: 58700
2021/09/07-15:59:57  ... thread 6: (10000000,10000000) ops and ( 501240.3,501240.3 ) ops/second in (19.9505,19.9505) seconds
thread  6 num: 10000000, not find: 58597
2021/09/07-15:59:57  ... thread 0: (10000000,10000000) ops and ( 501137.3,501137.3 ) ops/second in (19.9546,19.9546) seconds
thread  0 num: 10000000, not find: 58828
2021/09/07-15:59:59  ... thread 9: (10000000,10000000) ops and ( 445222.3,445222.3 ) ops/second in (22.4607,22.4607) seconds
thread  9 num: 10000000, not find: 58743
2021/09/07-15:59:59  ... thread 5: (10000000,10000000) ops and ( 445091.4,445091.4 ) ops/second in (22.4673,22.4673) seconds
thread  5 num: 10000000, not find: 58672
2021/09/07-15:59:59  ... thread 10: (10000000,10000000) ops and ( 445054.2,445054.2 ) ops/second in (22.4692,22.4692) seconds
thread 10 num: 10000000, not find: 58340
2021/09/07-15:59:59  ... thread 8: (10000000,10000000) ops and ( 444849.2,444849.2 ) ops/second in (22.4795,22.4795) seconds
thread  8 num: 10000000, not find: 59313
2021/09/07-15:59:59  ... thread 11: (10000000,10000000) ops and ( 444826.1,444826.1 ) ops/second in (22.4807,22.4807) seconds
thread 11 num: 10000000, not find: 58302
2021/09/07-15:59:59  ... thread 4: (10000000,10000000) ops and ( 444765.0,444765.0 ) ops/second in (22.4838,22.4838) seconds
thread  4 num: 10000000, not find: 58819
2021/09/07-15:59:59  ... thread 3: (10000000,10000000) ops and ( 444721.7,444721.7 ) ops/second in (22.4860,22.4860) seconds
thread  3 num: 10000000, not find: 58841
2021/09/07-15:59:59  ... thread 2: (10000000,10000000) ops and ( 444716.6,444716.6 ) ops/second in (22.4862,22.4862) seconds
thread  2 num: 10000000, not find: 58868
readall      :       0.187 micros/op 5.089367 Mops/s; (num: 10000000, not find: 58828)
DIMM0 | Read from IMC | Write from IMC |  Read DIMM  |  Write DIMM  |   RA   |   WA   |
  MB  |      20221.00 |        6380.69 |    56439.89 |     25904.88 |   2.79 |   4.06 |
DIMM1 | Read from IMC | Write from IMC |  Read DIMM  |  Write DIMM  |   RA   |   WA   |
  MB  |      12014.74 |           0.01 |    25523.20 |        23.81 |   2.12 | 2484.99 |
*SUM* | DIMM-R:  3611.3 MB/s. User-R:  1420.3 MB/s   | DIMM-W:  1142.4 MB/s, User-W:   281.1 MB/s. Time:  22.70s
[32mDestroy IPMWatcher.
[0m
