key trace size: 120000000
Randomize the trace...------------------------------------------------
HashType:              CCEH buflog
Init Capacity:         16777216
Entries:               120000000
Trace size:            120000000
Read:                  120000000 
Write:                 1000000 
Thread:                3 
Report interval:       0 s
Stats interval:        10000000 records
benchmarks:            load,readall
------------------------------------------------
[32mStart IPMWatcher for load
[0m2021/09/07-15:48:26  ... thread 0: (10000000,10000000) ops and ( 1100853.5,1100853.5 ) ops/second in (9.0839,9.0839) seconds
2021/09/07-15:48:26  ... thread 2: (10000000,10000000) ops and ( 1096567.2,1096567.2 ) ops/second in (9.1194,9.1194) seconds
2021/09/07-15:48:26  ... thread 1: (10000000,10000000) ops and ( 1093657.7,1093657.7 ) ops/second in (9.1436,9.1436) seconds
2021/09/07-15:48:38  ... thread 0: (10000000,20000000) ops and ( 869892.8,971839.4 ) ops/second in (11.4957,20.5795) seconds
2021/09/07-15:48:38  ... thread 2: (10000000,20000000) ops and ( 867394.3,968609.8 ) ops/second in (11.5288,20.6482) seconds
2021/09/07-15:48:38  ... thread 1: (10000000,20000000) ops and ( 865225.7,966122.6 ) ops/second in (11.5577,20.7013) seconds
2021/09/07-15:48:49  ... thread 0: (10000000,30000000) ops and ( 866737.0,934083.1 ) ops/second in (11.5375,32.1171) seconds
2021/09/07-15:48:50  ... thread 2: (10000000,30000000) ops and ( 859998.0,929480.8 ) ops/second in (11.6279,32.2761) seconds
2021/09/07-15:48:50  ... thread 1: (10000000,30000000) ops and ( 863300.4,929231.0 ) ops/second in (11.5835,32.2848) seconds
2021/09/07-15:49:04  ... thread 0: (10000000,40000000) ops and ( 706674.2,864531.2 ) ops/second in (14.1508,46.2678) seconds
2021/09/07-15:49:04  ... thread 1: (10000000,40000000) ops and ( 706731.3,861430.1 ) ops/second in (14.1496,46.4344) seconds
2021/09/07-15:49:04  ... thread 2: (10000000,40000000) ops and ( 705564.6,861157.1 ) ops/second in (14.1730,46.4491) seconds
load         :       0.387 micros/op 2.463789 Mops/s;
DIMM0 | Read from IMC | Write from IMC |  Read DIMM  |  Write DIMM  |   RA   |   WA   |
  MB  |      25105.67 |       24613.69 |    54580.20 |     25588.57 |   2.17 |   1.04 |
DIMM1 | Read from IMC | Write from IMC |  Read DIMM  |  Write DIMM  |   RA   |   WA   |
  MB  |      12107.93 |       24261.19 |    17262.35 |     25086.55 |   1.43 |   1.03 |
*SUM* | DIMM-R:  1540.1 MB/s. User-R:   797.8 MB/s   | DIMM-W:  1086.3 MB/s, User-W:  1047.7 MB/s. Time:  46.65s
[32mDestroy IPMWatcher.
[0m
Randomize the trace...[32mStart IPMWatcher for readall
[0m2021/09/07-15:49:21  ... thread 0: (10000000,10000000) ops and ( 853306.5,853306.5 ) ops/second in (11.7191,11.7191) seconds
2021/09/07-15:49:22  ... thread 1: (10000000,10000000) ops and ( 846548.4,846548.4 ) ops/second in (11.8127,11.8127) seconds
2021/09/07-15:49:22  ... thread 2: (10000000,10000000) ops and ( 845429.4,845429.4 ) ops/second in (11.8283,11.8283) seconds
2021/09/07-15:49:33  ... thread 0: (10000000,20000000) ops and ( 854914.4,854109.7 ) ops/second in (11.6971,23.4162) seconds
2021/09/07-15:49:33  ... thread 2: (10000000,20000000) ops and ( 849711.7,847565.1 ) ops/second in (11.7687,23.5970) seconds
2021/09/07-15:49:33  ... thread 1: (10000000,20000000) ops and ( 845737.5,846142.8 ) ops/second in (11.8240,23.6367) seconds
2021/09/07-15:49:45  ... thread 0: (10000000,30000000) ops and ( 855760.2,854659.2 ) ops/second in (11.6855,35.1017) seconds
2021/09/07-15:49:45  ... thread 2: (10000000,30000000) ops and ( 845939.2,847022.5 ) ops/second in (11.8212,35.4182) seconds
2021/09/07-15:49:45  ... thread 1: (10000000,30000000) ops and ( 847144.3,846476.3 ) ops/second in (11.8044,35.4410) seconds
2021/09/07-15:49:57  ... thread 0: (10000000,40000000) ops and ( 852765.3,854184.9 ) ops/second in (11.7266,46.8283) seconds
thread  0 num: 40000000, not find: 775051
2021/09/07-15:49:57  ... thread 2: (10000000,40000000) ops and ( 849935.1,847748.8 ) ops/second in (11.7656,47.1838) seconds
thread  2 num: 40000000, not find: 771110
2021/09/07-15:49:57  ... thread 1: (10000000,40000000) ops and ( 848010.6,846859.4 ) ops/second in (11.7923,47.2333) seconds
thread  1 num: 40000000, not find: 773914
readall      :       0.394 micros/op 2.422883 Mops/s; (num: 40000000, not find: 775051)
DIMM0 | Read from IMC | Write from IMC |  Read DIMM  |  Write DIMM  |   RA   |   WA   |
  MB  |      23871.87 |        6470.43 |    62654.93 |     26196.52 |   2.62 |   4.05 |
DIMM1 | Read from IMC | Write from IMC |  Read DIMM  |  Write DIMM  |   RA   |   WA   |
  MB  |      14385.84 |           0.01 |    29144.29 |        43.75 |   2.03 | 3200.29 |
*SUM* | DIMM-R:  1935.2 MB/s. User-R:   806.5 MB/s   | DIMM-W:   553.2 MB/s, User-W:   136.4 MB/s. Time:  47.44s
[32mDestroy IPMWatcher.
[0m
