key trace size: 120000000
Randomize the trace...------------------------------------------------
HashType:              CCEH buflog
Init Capacity:         16777216
Entries:               120000000
Trace size:            120000000
Read:                  120000000 
Write:                 1000000 
Thread:                8 
Report interval:       0 s
Stats interval:        10000000 records
benchmarks:            load,readall
------------------------------------------------
[32mStart IPMWatcher for load
[0m2021/09/07-15:55:21  ... thread 4: (10000000,10000000) ops and ( 660378.8,660378.8 ) ops/second in (15.1428,15.1428) seconds
2021/09/07-15:55:21  ... thread 2: (10000000,10000000) ops and ( 659541.2,659541.2 ) ops/second in (15.1621,15.1621) seconds
2021/09/07-15:55:21  ... thread 3: (10000000,10000000) ops and ( 659420.6,659420.6 ) ops/second in (15.1648,15.1648) seconds
2021/09/07-15:55:21  ... thread 0: (10000000,10000000) ops and ( 659102.8,659102.8 ) ops/second in (15.1721,15.1721) seconds
2021/09/07-15:55:21  ... thread 6: (10000000,10000000) ops and ( 658467.0,658467.0 ) ops/second in (15.1868,15.1868) seconds
2021/09/07-15:55:21  ... thread 5: (10000000,10000000) ops and ( 656580.9,656580.9 ) ops/second in (15.2304,15.2304) seconds
2021/09/07-15:55:21  ... thread 1: (10000000,10000000) ops and ( 656154.5,656154.5 ) ops/second in (15.2403,15.2403) seconds
2021/09/07-15:55:21  ... thread 7: (10000000,10000000) ops and ( 656037.8,656037.8 ) ops/second in (15.2430,15.2430) seconds
load         :       0.204 micros/op 4.666449 Mops/s;
DIMM0 | Read from IMC | Write from IMC |  Read DIMM  |  Write DIMM  |   RA   |   WA   |
  MB  |      24584.62 |       24765.89 |    53016.16 |     26044.95 |   2.16 |   1.05 |
DIMM1 | Read from IMC | Write from IMC |  Read DIMM  |  Write DIMM  |   RA   |   WA   |
  MB  |      11836.25 |       24376.96 |    16180.75 |     25177.79 |   1.37 |   1.03 |
*SUM* | DIMM-R:  2795.9 MB/s. User-R:  1471.6 MB/s   | DIMM-W:  2069.7 MB/s, User-W:  1985.6 MB/s. Time:  24.75s
[32mDestroy IPMWatcher.
[0m
Randomize the trace...[32mStart IPMWatcher for readall
[0m2021/09/07-15:55:52  ... thread 6: (10000000,10000000) ops and ( 621482.7,621482.7 ) ops/second in (16.0906,16.0906) seconds
2021/09/07-15:55:52  ... thread 2: (10000000,10000000) ops and ( 620529.8,620529.8 ) ops/second in (16.1153,16.1153) seconds
2021/09/07-15:55:52  ... thread 1: (10000000,10000000) ops and ( 620046.6,620046.6 ) ops/second in (16.1278,16.1278) seconds
2021/09/07-15:55:52  ... thread 7: (10000000,10000000) ops and ( 619615.3,619615.3 ) ops/second in (16.1390,16.1390) seconds
2021/09/07-15:55:52  ... thread 4: (10000000,10000000) ops and ( 619165.3,619165.3 ) ops/second in (16.1508,16.1508) seconds
2021/09/07-15:55:52  ... thread 5: (10000000,10000000) ops and ( 618567.4,618567.4 ) ops/second in (16.1664,16.1664) seconds
2021/09/07-15:55:52  ... thread 3: (10000000,10000000) ops and ( 618507.3,618507.3 ) ops/second in (16.1680,16.1680) seconds
2021/09/07-15:55:52  ... thread 0: (10000000,10000000) ops and ( 617036.4,617036.4 ) ops/second in (16.2065,16.2065) seconds
thread  6 num: 15000000, not find: 13352
thread  2 num: 15000000, not find: 13626
thread  1 num: 15000000, not find: 13187
thread  7 num: 15000000, not find: 13467
thread  4 num: 15000000, not find: 13527
thread  5 num: 15000000, not find: 13329
thread  3 num: 15000000, not find: 13286
thread  0 num: 15000000, not find: 13701
readall      :       0.202 micros/op 4.712779 Mops/s; (num: 15000000, not find: 13701)
DIMM0 | Read from IMC | Write from IMC |  Read DIMM  |  Write DIMM  |   RA   |   WA   |
  MB  |      21175.97 |        6372.45 |    58155.84 |     25873.45 |   2.75 |   4.06 |
DIMM1 | Read from IMC | Write from IMC |  Read DIMM  |  Write DIMM  |   RA   |   WA   |
  MB  |      11649.23 |           0.01 |    24623.95 |        24.97 |   2.11 | 2589.09 |
*SUM* | DIMM-R:  3378.9 MB/s. User-R:  1339.9 MB/s   | DIMM-W:  1057.1 MB/s, User-W:   260.1 MB/s. Time:  24.50s
[32mDestroy IPMWatcher.
[0m
