key trace size: 120000000
Randomize the trace...------------------------------------------------
HashType:              CCEH buflog
Init Capacity:         16777216
Entries:               120000000
Trace size:            120000000
Read:                  120000000 
Write:                 1000000 
Thread:                6 
Report interval:       0 s
Stats interval:        10000000 records
benchmarks:            load,readall
------------------------------------------------
[32mStart IPMWatcher for load
[0m2021/09/07-15:53:03  ... thread 5: (10000000,10000000) ops and ( 775350.4,775350.4 ) ops/second in (12.8974,12.8974) seconds
2021/09/07-15:53:03  ... thread 0: (10000000,10000000) ops and ( 775138.4,775138.4 ) ops/second in (12.9009,12.9009) seconds
2021/09/07-15:53:03  ... thread 2: (10000000,10000000) ops and ( 772078.3,772078.3 ) ops/second in (12.9521,12.9521) seconds
2021/09/07-15:53:03  ... thread 4: (10000000,10000000) ops and ( 771601.6,771601.6 ) ops/second in (12.9601,12.9601) seconds
2021/09/07-15:53:03  ... thread 3: (10000000,10000000) ops and ( 769733.0,769733.0 ) ops/second in (12.9915,12.9915) seconds
2021/09/07-15:53:03  ... thread 1: (10000000,10000000) ops and ( 769547.1,769547.1 ) ops/second in (12.9947,12.9947) seconds
2021/09/07-15:53:18  ... thread 5: (10000000,20000000) ops and ( 644747.9,704043.6 ) ops/second in (15.5099,28.4073) seconds
2021/09/07-15:53:18  ... thread 0: (10000000,20000000) ops and ( 644737.5,703950.0 ) ops/second in (15.5102,28.4111) seconds
2021/09/07-15:53:18  ... thread 4: (10000000,20000000) ops and ( 644954.8,702616.8 ) ops/second in (15.5050,28.4650) seconds
2021/09/07-15:53:18  ... thread 2: (10000000,20000000) ops and ( 643690.6,702063.1 ) ops/second in (15.5354,28.4875) seconds
2021/09/07-15:53:18  ... thread 3: (10000000,20000000) ops and ( 644937.4,701830.7 ) ops/second in (15.5054,28.4969) seconds
2021/09/07-15:53:18  ... thread 1: (10000000,20000000) ops and ( 643349.1,700812.2 ) ops/second in (15.5437,28.5383) seconds
load         :       0.238 micros/op 4.010075 Mops/s;
DIMM0 | Read from IMC | Write from IMC |  Read DIMM  |  Write DIMM  |   RA   |   WA   |
  MB  |      24717.25 |       24746.97 |    53488.81 |     25894.29 |   2.16 |   1.05 |
DIMM1 | Read from IMC | Write from IMC |  Read DIMM  |  Write DIMM  |   RA   |   WA   |
  MB  |      11900.08 |       24379.66 |    16437.40 |     25184.22 |   1.38 |   1.03 |
*SUM* | DIMM-R:  2433.2 MB/s. User-R:  1274.2 MB/s   | DIMM-W:  1777.4 MB/s, User-W:  1709.5 MB/s. Time:  28.74s
[32mDestroy IPMWatcher.
[0m
Randomize the trace...[32mStart IPMWatcher for readall
[0m2021/09/07-15:53:38  ... thread 0: (10000000,10000000) ops and ( 721244.4,721244.4 ) ops/second in (13.8649,13.8649) seconds
2021/09/07-15:53:38  ... thread 2: (10000000,10000000) ops and ( 721188.1,721188.1 ) ops/second in (13.8660,13.8660) seconds
2021/09/07-15:53:38  ... thread 5: (10000000,10000000) ops and ( 719124.2,719124.2 ) ops/second in (13.9058,13.9058) seconds
2021/09/07-15:53:38  ... thread 3: (10000000,10000000) ops and ( 718079.6,718079.6 ) ops/second in (13.9260,13.9260) seconds
2021/09/07-15:53:38  ... thread 1: (10000000,10000000) ops and ( 717945.0,717945.0 ) ops/second in (13.9286,13.9286) seconds
2021/09/07-15:53:38  ... thread 4: (10000000,10000000) ops and ( 715931.9,715931.9 ) ops/second in (13.9678,13.9678) seconds
2021/09/07-15:53:52  ... thread 0: (10000000,20000000) ops and ( 714356.6,717784.0 ) ops/second in (13.9986,27.8635) seconds
thread  0 num: 20000000, not find: 16226
2021/09/07-15:53:52  ... thread 2: (10000000,20000000) ops and ( 712781.2,716960.0 ) ops/second in (14.0296,27.8956) seconds
thread  2 num: 20000000, not find: 16132
2021/09/07-15:53:52  ... thread 5: (10000000,20000000) ops and ( 712605.8,715850.2 ) ops/second in (14.0330,27.9388) seconds
thread  5 num: 20000000, not find: 16138
2021/09/07-15:53:52  ... thread 3: (10000000,20000000) ops and ( 711746.6,714899.1 ) ops/second in (14.0499,27.9760) seconds
thread  3 num: 20000000, not find: 16616
2021/09/07-15:53:52  ... thread 1: (10000000,20000000) ops and ( 711657.5,714787.4 ) ops/second in (14.0517,27.9803) seconds
thread  1 num: 20000000, not find: 16345
2021/09/07-15:53:52  ... thread 4: (10000000,20000000) ops and ( 713082.2,714504.3 ) ops/second in (14.0236,27.9914) seconds
thread  4 num: 20000000, not find: 16269
readall      :       0.233 micros/op 4.088416 Mops/s; (num: 20000000, not find: 16226)
DIMM0 | Read from IMC | Write from IMC |  Read DIMM  |  Write DIMM  |   RA   |   WA   |
  MB  |      21159.57 |        6392.73 |    58229.41 |     26001.92 |   2.75 |   4.07 |
DIMM1 | Read from IMC | Write from IMC |  Read DIMM  |  Write DIMM  |   RA   |   WA   |
  MB  |      11531.11 |           0.01 |    24260.75 |        27.75 |   2.10 | 2029.88 |
*SUM* | DIMM-R:  2923.9 MB/s. User-R:  1158.8 MB/s   | DIMM-W:   922.6 MB/s, User-W:   226.6 MB/s. Time:  28.21s
[32mDestroy IPMWatcher.
[0m
