key trace size: 120000000
Randomize the trace...------------------------------------------------
HashType:              CCEH buflog
Init Capacity:         16777216
Entries:               120000000
Trace size:            120000000
Read:                  120000000 
Write:                 1000000 
Thread:                1 
Report interval:       0 s
Stats interval:        10000000 records
benchmarks:            load,readall
------------------------------------------------
[32mStart IPMWatcher for load
[0m2021/09/07-15:41:34  ... thread 0: (10000000,10000000) ops and ( 1617959.6,1617959.6 ) ops/second in (6.1806,6.1806) seconds
2021/09/07-15:41:42  ... thread 0: (10000000,20000000) ops and ( 1257948.7,1415420.8 ) ops/second in (7.9494,14.1301) seconds
2021/09/07-15:41:51  ... thread 0: (10000000,30000000) ops and ( 1057912.0,1272121.3 ) ops/second in (9.4526,23.5827) seconds
2021/09/07-15:42:00  ... thread 0: (10000000,40000000) ops and ( 1132387.5,1234051.6 ) ops/second in (8.8309,32.4136) seconds
2021/09/07-15:42:10  ... thread 0: (10000000,50000000) ops and ( 979537.2,1173090.5 ) ops/second in (10.2089,42.6225) seconds
2021/09/07-15:42:22  ... thread 0: (10000000,60000000) ops and ( 879303.5,1111212.0 ) ops/second in (11.3726,53.9951) seconds
2021/09/07-15:42:32  ... thread 0: (10000000,70000000) ops and ( 989919.5,1092096.0 ) ops/second in (10.1018,64.0969) seconds
2021/09/07-15:42:42  ... thread 0: (10000000,80000000) ops and ( 993092.5,1078654.4 ) ops/second in (10.0696,74.1665) seconds
2021/09/07-15:42:53  ... thread 0: (10000000,90000000) ops and ( 917648.3,1058028.1 ) ops/second in (10.8974,85.0639) seconds
2021/09/07-15:43:05  ... thread 0: (10000000,100000000) ops and ( 807962.2,1026265.0 ) ops/second in (12.3768,97.4407) seconds
2021/09/07-15:43:18  ... thread 0: (10000000,110000000) ops and ( 770345.5,996179.1 ) ops/second in (12.9812,110.4219) seconds
2021/09/07-15:43:30  ... thread 0: (10000000,120000000) ops and ( 839677.1,980943.1 ) ops/second in (11.9093,122.3312) seconds
load         :       1.019 micros/op 0.935500 Mops/s;
DIMM0 | Read from IMC | Write from IMC |  Read DIMM  |  Write DIMM  |   RA   |   WA   |
  MB  |      25334.88 |       24673.46 |    55537.65 |     25650.02 |   2.19 |   1.04 |
DIMM1 | Read from IMC | Write from IMC |  Read DIMM  |  Write DIMM  |   RA   |   WA   |
  MB  |      12235.62 |       24325.12 |    17862.25 |     25223.96 |   1.46 |   1.04 |
*SUM* | DIMM-R:   598.8 MB/s. User-R:   306.5 MB/s   | DIMM-W:   415.0 MB/s, User-W:   399.7 MB/s. Time: 122.59s
[32mDestroy IPMWatcher.
[0m
Randomize the trace...[32mStart IPMWatcher for readall
[0m2021/09/07-15:43:47  ... thread 0: (10000000,10000000) ops and ( 936346.9,936346.9 ) ops/second in (10.6798,10.6798) seconds
2021/09/07-15:43:57  ... thread 0: (10000000,20000000) ops and ( 941640.9,938986.4 ) ops/second in (10.6198,21.2996) seconds
2021/09/07-15:44:08  ... thread 0: (10000000,30000000) ops and ( 938701.0,938891.3 ) ops/second in (10.6530,31.9526) seconds
2021/09/07-15:44:19  ... thread 0: (10000000,40000000) ops and ( 933510.2,937540.2 ) ops/second in (10.7123,42.6648) seconds
2021/09/07-15:44:29  ... thread 0: (10000000,50000000) ops and ( 939448.6,937921.3 ) ops/second in (10.6445,53.3094) seconds
2021/09/07-15:44:40  ... thread 0: (10000000,60000000) ops and ( 941185.2,938463.7 ) ops/second in (10.6249,63.9343) seconds
2021/09/07-15:44:51  ... thread 0: (10000000,70000000) ops and ( 938215.2,938428.2 ) ops/second in (10.6585,74.5928) seconds
2021/09/07-15:45:02  ... thread 0: (10000000,80000000) ops and ( 923793.9,936573.6 ) ops/second in (10.8249,85.4177) seconds
2021/09/07-15:45:12  ... thread 0: (10000000,90000000) ops and ( 930664.1,935913.3 ) ops/second in (10.7450,96.1628) seconds
2021/09/07-15:45:23  ... thread 0: (10000000,100000000) ops and ( 934610.4,935782.8 ) ops/second in (10.6996,106.8624) seconds
2021/09/07-15:45:34  ... thread 0: (10000000,110000000) ops and ( 940924.8,936248.0 ) ops/second in (10.6278,117.4902) seconds
2021/09/07-15:45:44  ... thread 0: (10000000,120000000) ops and ( 937342.1,936339.0 ) ops/second in (10.6685,128.1587) seconds
thread  0 num: 120000000, not find: 919658
readall      :       1.068 micros/op 0.892962 Mops/s; (num: 120000000, not find: 919658)
DIMM0 | Read from IMC | Write from IMC |  Read DIMM  |  Write DIMM  |   RA   |   WA   |
  MB  |      23725.01 |        6536.18 |    64934.21 |     26702.79 |   2.74 |   4.09 |
DIMM1 | Read from IMC | Write from IMC |  Read DIMM  |  Write DIMM  |   RA   |   WA   |
  MB  |      14213.32 |           0.01 |    31346.78 |       106.04 |   2.21 | 7653.34 |
*SUM* | DIMM-R:   749.9 MB/s. User-R:   295.5 MB/s   | DIMM-W:   208.8 MB/s, User-W:    50.9 MB/s. Time: 128.39s
[32mDestroy IPMWatcher.
[0m
