key trace size: 120000000
Randomize the trace...------------------------------------------------
HashType:              CCEH buflog
Init Capacity:         16777216
Entries:               120000000
Trace size:            120000000
Read:                  120000000 
Write:                 1000000 
Thread:                10 
Report interval:       0 s
Stats interval:        10000000 records
benchmarks:            load,readall
------------------------------------------------
[32mStart IPMWatcher for load
[0m2021/09/07-15:57:28  ... thread 1: (10000000,10000000) ops and ( 561941.6,561941.6 ) ops/second in (17.7954,17.7954) seconds
2021/09/07-15:57:28  ... thread 0: (10000000,10000000) ops and ( 554995.8,554995.8 ) ops/second in (18.0182,18.0182) seconds
2021/09/07-15:57:28  ... thread 3: (10000000,10000000) ops and ( 554244.8,554244.8 ) ops/second in (18.0426,18.0426) seconds
2021/09/07-15:57:28  ... thread 5: (10000000,10000000) ops and ( 551111.3,551111.3 ) ops/second in (18.1452,18.1452) seconds
2021/09/07-15:57:28  ... thread 9: (10000000,10000000) ops and ( 536076.8,536076.8 ) ops/second in (18.6540,18.6540) seconds
2021/09/07-15:57:28  ... thread 6: (10000000,10000000) ops and ( 535943.9,535943.9 ) ops/second in (18.6587,18.6587) seconds
2021/09/07-15:57:29  ... thread 8: (10000000,10000000) ops and ( 531436.4,531436.4 ) ops/second in (18.8169,18.8169) seconds
2021/09/07-15:57:29  ... thread 4: (10000000,10000000) ops and ( 528453.6,528453.6 ) ops/second in (18.9231,18.9231) seconds
2021/09/07-15:57:29  ... thread 7: (10000000,10000000) ops and ( 525221.3,525221.3 ) ops/second in (19.0396,19.0396) seconds
2021/09/07-15:57:29  ... thread 2: (10000000,10000000) ops and ( 519186.6,519186.6 ) ops/second in (19.2609,19.2609) seconds
load         :       0.192 micros/op 4.959199 Mops/s;
DIMM0 | Read from IMC | Write from IMC |  Read DIMM  |  Write DIMM  |   RA   |   WA   |
  MB  |      24544.07 |       24814.64 |    52929.90 |     26173.98 |   2.16 |   1.05 |
DIMM1 | Read from IMC | Write from IMC |  Read DIMM  |  Write DIMM  |   RA   |   WA   |
  MB  |      11965.84 |       24404.62 |    16519.43 |     25187.22 |   1.38 |   1.03 |
*SUM* | DIMM-R:  2979.3 MB/s. User-R:  1566.2 MB/s   | DIMM-W:  2203.3 MB/s, User-W:  2111.4 MB/s. Time:  23.31s
[32mDestroy IPMWatcher.
[0m
Randomize the trace...[32mStart IPMWatcher for readall
[0m2021/09/07-15:57:57  ... thread 2: (10000000,10000000) ops and ( 562884.8,562884.8 ) ops/second in (17.7656,17.7656) seconds
2021/09/07-15:57:57  ... thread 6: (10000000,10000000) ops and ( 562456.5,562456.5 ) ops/second in (17.7792,17.7792) seconds
2021/09/07-15:57:57  ... thread 0: (10000000,10000000) ops and ( 560150.6,560150.6 ) ops/second in (17.8523,17.8523) seconds
2021/09/07-15:57:57  ... thread 3: (10000000,10000000) ops and ( 560069.7,560069.7 ) ops/second in (17.8549,17.8549) seconds
2021/09/07-15:57:57  ... thread 7: (10000000,10000000) ops and ( 559835.8,559835.8 ) ops/second in (17.8624,17.8624) seconds
2021/09/07-15:57:57  ... thread 1: (10000000,10000000) ops and ( 559372.6,559372.6 ) ops/second in (17.8772,17.8772) seconds
2021/09/07-15:58:00  ... thread 4: (10000000,10000000) ops and ( 472938.5,472938.5 ) ops/second in (21.1444,21.1444) seconds
2021/09/07-15:58:00  ... thread 9: (10000000,10000000) ops and ( 472770.4,472770.4 ) ops/second in (21.1519,21.1519) seconds
2021/09/07-15:58:00  ... thread 5: (10000000,10000000) ops and ( 472327.9,472327.9 ) ops/second in (21.1717,21.1717) seconds
2021/09/07-15:58:00  ... thread 8: (10000000,10000000) ops and ( 472207.9,472207.9 ) ops/second in (21.1771,21.1771) seconds
thread  2 num: 12000000, not find: 12681
thread  6 num: 12000000, not find: 12839
thread  0 num: 12000000, not find: 12757
thread  3 num: 12000000, not find: 12789
thread  7 num: 12000000, not find: 12857
thread  1 num: 12000000, not find: 12630
thread  4 num: 12000000, not find: 13005
thread  9 num: 12000000, not find: 13076
thread  8 num: 12000000, not find: 13087
thread  5 num: 12000000, not find: 12815
readall      :       0.198 micros/op 4.827346 Mops/s; (num: 12000000, not find: 12757)
DIMM0 | Read from IMC | Write from IMC |  Read DIMM  |  Write DIMM  |   RA   |   WA   |
  MB  |      20348.71 |        6374.85 |    56899.11 |     25857.12 |   2.80 |   4.06 |
DIMM1 | Read from IMC | Write from IMC |  Read DIMM  |  Write DIMM  |   RA   |   WA   |
  MB  |      11601.61 |           0.01 |    24951.69 |        24.62 |   2.15 | 2569.66 |
*SUM* | DIMM-R:  3421.0 MB/s. User-R:  1335.4 MB/s   | DIMM-W:  1081.7 MB/s, User-W:   266.4 MB/s. Time:  23.93s
[32mDestroy IPMWatcher.
[0m
